[0.009s] Invoking command in '/home/keisoku/ros2_studies/build/minimal_timer': CMAKE_PREFIX_PATH=${CMAKE_PREFIX_PATH}:/opt/ros/humble /usr/bin/cmake /home/keisoku/ros2_studies/src/minimal_timer -DCMAKE_INSTALL_PREFIX=/home/keisoku/ros2_studies/install/minimal_timer
[0.040s] -- The C compiler identification is GNU 11.3.0
[0.074s] -- The CXX compiler identification is GNU 11.3.0
[0.078s] -- Detecting C compiler ABI info
[0.116s] -- Detecting C compiler ABI info - done
[0.121s] -- Check for working C compiler: /usr/bin/cc - skipped
[0.121s] -- Detecting C compile features
[0.121s] -- Detecting C compile features - done
[0.123s] -- Detecting CXX compiler ABI info
[0.167s] -- Detecting CXX compiler ABI info - done
[0.173s] -- Check for working CXX compiler: /usr/bin/c++ - skipped
[0.173s] -- Detecting CXX compile features
[0.173s] -- Detecting CXX compile features - done
[0.175s] -- Found ament_cmake: 1.3.3 (/opt/ros/humble/share/ament_cmake/cmake)
[0.280s] -- Found Python3: /usr/bin/python3.10 (found version "3.10.6") found components: Interpreter 
[0.333s] -- Found rclcpp: 16.0.3 (/opt/ros/humble/share/rclcpp/cmake)
[0.360s] -- Found rosidl_generator_c: 3.1.4 (/opt/ros/humble/share/rosidl_generator_c/cmake)
[0.363s] -- Found rosidl_adapter: 3.1.4 (/opt/ros/humble/share/rosidl_adapter/cmake)
[0.368s] -- Found rosidl_generator_cpp: 3.1.4 (/opt/ros/humble/share/rosidl_generator_cpp/cmake)
[0.377s] -- Using all available rosidl_typesupport_c: rosidl_typesupport_fastrtps_c;rosidl_typesupport_introspection_c
[0.390s] -- Using all available rosidl_typesupport_cpp: rosidl_typesupport_fastrtps_cpp;rosidl_typesupport_introspection_cpp
[0.439s] -- Found rmw_implementation_cmake: 6.1.1 (/opt/ros/humble/share/rmw_implementation_cmake/cmake)
[0.440s] -- Found rmw_fastrtps_cpp: 6.2.2 (/opt/ros/humble/share/rmw_fastrtps_cpp/cmake)
[0.495s] -- Found OpenSSL: /usr/lib/x86_64-linux-gnu/libcrypto.so (found version "3.0.2")  
[0.511s] -- Found FastRTPS: /opt/ros/humble/include  
[0.541s] -- Using RMW implementation 'rmw_fastrtps_cpp' as default
[0.547s] -- Looking for pthread.h
[0.586s] -- Looking for pthread.h - found
[0.587s] -- Performing Test CMAKE_HAVE_LIBC_PTHREAD
[0.628s] -- Performing Test CMAKE_HAVE_LIBC_PTHREAD - Success
[0.629s] -- Found Threads: TRUE  
[0.787s] -- Configuring done
[0.792s] -- Generating done
[0.793s] -- Build files have been written to: /home/keisoku/ros2_studies/build/minimal_timer
[0.798s] Invoked command in '/home/keisoku/ros2_studies/build/minimal_timer' returned '0': CMAKE_PREFIX_PATH=${CMAKE_PREFIX_PATH}:/opt/ros/humble /usr/bin/cmake /home/keisoku/ros2_studies/src/minimal_timer -DCMAKE_INSTALL_PREFIX=/home/keisoku/ros2_studies/install/minimal_timer
[0.799s] Invoking command in '/home/keisoku/ros2_studies/build/minimal_timer': CMAKE_PREFIX_PATH=${CMAKE_PREFIX_PATH}:/opt/ros/humble /usr/bin/cmake --build /home/keisoku/ros2_studies/build/minimal_timer -- -j20 -l20
[0.825s] [ 50%] [32mBuilding CXX object CMakeFiles/timer_test.dir/src/main.cpp.o[0m
[2.766s] [100%] [32m[1mLinking CXX executable timer_test[0m
[2.831s] [100%] Built target timer_test
[2.837s] Invoked command in '/home/keisoku/ros2_studies/build/minimal_timer' returned '0': CMAKE_PREFIX_PATH=${CMAKE_PREFIX_PATH}:/opt/ros/humble /usr/bin/cmake --build /home/keisoku/ros2_studies/build/minimal_timer -- -j20 -l20
[2.849s] Invoking command in '/home/keisoku/ros2_studies/build/minimal_timer': CMAKE_PREFIX_PATH=${CMAKE_PREFIX_PATH}:/opt/ros/humble /usr/bin/cmake --install /home/keisoku/ros2_studies/build/minimal_timer
[2.852s] -- Install configuration: ""
[2.853s] -- Installing: /home/keisoku/ros2_studies/install/minimal_timer/lib/minimal_timer/timer_test
[2.853s] -- Set runtime path of "/home/keisoku/ros2_studies/install/minimal_timer/lib/minimal_timer/timer_test" to ""
[2.853s] -- Installing: /home/keisoku/ros2_studies/install/minimal_timer/share/ament_index/resource_index/package_run_dependencies/minimal_timer
[2.853s] -- Installing: /home/keisoku/ros2_studies/install/minimal_timer/share/ament_index/resource_index/parent_prefix_path/minimal_timer
[2.853s] -- Installing: /home/keisoku/ros2_studies/install/minimal_timer/share/minimal_timer/environment/ament_prefix_path.sh
[2.854s] -- Installing: /home/keisoku/ros2_studies/install/minimal_timer/share/minimal_timer/environment/ament_prefix_path.dsv
[2.854s] -- Installing: /home/keisoku/ros2_studies/install/minimal_timer/share/minimal_timer/environment/path.sh
[2.854s] -- Installing: /home/keisoku/ros2_studies/install/minimal_timer/share/minimal_timer/environment/path.dsv
[2.854s] -- Installing: /home/keisoku/ros2_studies/install/minimal_timer/share/minimal_timer/local_setup.bash
[2.854s] -- Installing: /home/keisoku/ros2_studies/install/minimal_timer/share/minimal_timer/local_setup.sh
[2.854s] -- Installing: /home/keisoku/ros2_studies/install/minimal_timer/share/minimal_timer/local_setup.zsh
[2.854s] -- Installing: /home/keisoku/ros2_studies/install/minimal_timer/share/minimal_timer/local_setup.dsv
[2.854s] -- Installing: /home/keisoku/ros2_studies/install/minimal_timer/share/minimal_timer/package.dsv
[2.854s] -- Installing: /home/keisoku/ros2_studies/install/minimal_timer/share/ament_index/resource_index/packages/minimal_timer
[2.854s] -- Installing: /home/keisoku/ros2_studies/install/minimal_timer/share/minimal_timer/cmake/minimal_timerConfig.cmake
[2.854s] -- Installing: /home/keisoku/ros2_studies/install/minimal_timer/share/minimal_timer/cmake/minimal_timerConfig-version.cmake
[2.854s] -- Installing: /home/keisoku/ros2_studies/install/minimal_timer/share/minimal_timer/package.xml
[2.857s] Invoked command in '/home/keisoku/ros2_studies/build/minimal_timer' returned '0': CMAKE_PREFIX_PATH=${CMAKE_PREFIX_PATH}:/opt/ros/humble /usr/bin/cmake --install /home/keisoku/ros2_studies/build/minimal_timer
