[0.208s] DEBUG:colcon:Command line arguments: ['/usr/bin/colcon', 'build']
[0.208s] DEBUG:colcon:Parsed command line arguments: Namespace(log_base=None, log_level=None, verb_name='build', build_base='build', install_base='install', merge_install=False, symlink_install=False, test_result_base=None, continue_on_error=False, executor='parallel', parallel_workers=20, event_handlers=None, ignore_user_meta=False, metas=['./colcon.meta'], base_paths=['.'], packages_ignore=None, packages_ignore_regex=None, paths=None, packages_up_to=None, packages_up_to_regex=None, packages_above=None, packages_above_and_dependencies=None, packages_above_depth=None, packages_select_by_dep=None, packages_skip_by_dep=None, packages_skip_up_to=None, packages_select_build_failed=False, packages_skip_build_finished=False, packages_select_test_failures=False, packages_skip_test_passed=False, packages_select=None, packages_skip=None, packages_select_regex=None, packages_skip_regex=None, packages_start=None, packages_end=None, allow_overriding=[], cmake_args=None, cmake_target=None, cmake_target_skip_unavailable=False, cmake_clean_cache=False, cmake_clean_first=False, cmake_force_configure=False, ament_cmake_args=None, catkin_cmake_args=None, catkin_skip_building_tests=False, verb_parser=<colcon_defaults.argument_parser.defaults.DefaultArgumentsDecorator object at 0x7fe8750aada0>, verb_extension=<colcon_core.verb.build.BuildVerb object at 0x7fe87592c6d0>, main=<bound method BuildVerb.main of <colcon_core.verb.build.BuildVerb object at 0x7fe87592c6d0>>)
[0.227s] Level 1:colcon.colcon_core.package_discovery:discover_packages(colcon_meta) check parameters
[0.227s] Level 1:colcon.colcon_core.package_discovery:discover_packages(recursive) check parameters
[0.227s] Level 1:colcon.colcon_core.package_discovery:discover_packages(ignore) check parameters
[0.227s] Level 1:colcon.colcon_core.package_discovery:discover_packages(path) check parameters
[0.227s] Level 1:colcon.colcon_core.package_discovery:discover_packages(colcon_meta) discover
[0.227s] Level 1:colcon.colcon_core.package_discovery:discover_packages(recursive) discover
[0.227s] INFO:colcon.colcon_core.package_discovery:Crawling recursively for packages in '/home/keisoku/ros2_studies'
[0.227s] Level 1:colcon.colcon_core.package_identification:_identify(.) by extensions ['ignore', 'ignore_ament_install']
[0.227s] Level 1:colcon.colcon_core.package_identification:_identify(.) by extension 'ignore'
[0.227s] Level 1:colcon.colcon_core.package_identification:_identify(.) by extension 'ignore_ament_install'
[0.227s] Level 1:colcon.colcon_core.package_identification:_identify(.) by extensions ['colcon_pkg']
[0.227s] Level 1:colcon.colcon_core.package_identification:_identify(.) by extension 'colcon_pkg'
[0.227s] Level 1:colcon.colcon_core.package_identification:_identify(.) by extensions ['colcon_meta']
[0.227s] Level 1:colcon.colcon_core.package_identification:_identify(.) by extension 'colcon_meta'
[0.227s] Level 1:colcon.colcon_core.package_identification:_identify(.) by extensions ['ros']
[0.227s] Level 1:colcon.colcon_core.package_identification:_identify(.) by extension 'ros'
[0.234s] Level 1:colcon.colcon_core.package_identification:_identify(.) by extensions ['cmake', 'python']
[0.235s] Level 1:colcon.colcon_core.package_identification:_identify(.) by extension 'cmake'
[0.235s] Level 1:colcon.colcon_core.package_identification:_identify(.) by extension 'python'
[0.235s] Level 1:colcon.colcon_core.package_identification:_identify(.) by extensions ['python_setup_py']
[0.235s] Level 1:colcon.colcon_core.package_identification:_identify(.) by extension 'python_setup_py'
[0.235s] Level 1:colcon.colcon_core.package_identification:_identify(build) by extensions ['ignore', 'ignore_ament_install']
[0.235s] Level 1:colcon.colcon_core.package_identification:_identify(build) by extension 'ignore'
[0.235s] Level 1:colcon.colcon_core.package_identification:_identify(build) ignored
[0.235s] Level 1:colcon.colcon_core.package_identification:_identify(install) by extensions ['ignore', 'ignore_ament_install']
[0.235s] Level 1:colcon.colcon_core.package_identification:_identify(install) by extension 'ignore'
[0.235s] Level 1:colcon.colcon_core.package_identification:_identify(install) ignored
[0.235s] Level 1:colcon.colcon_core.package_identification:_identify(log) by extensions ['ignore', 'ignore_ament_install']
[0.235s] Level 1:colcon.colcon_core.package_identification:_identify(log) by extension 'ignore'
[0.235s] Level 1:colcon.colcon_core.package_identification:_identify(log) ignored
[0.235s] Level 1:colcon.colcon_core.package_identification:_identify(src) by extensions ['ignore', 'ignore_ament_install']
[0.235s] Level 1:colcon.colcon_core.package_identification:_identify(src) by extension 'ignore'
[0.235s] Level 1:colcon.colcon_core.package_identification:_identify(src) by extension 'ignore_ament_install'
[0.235s] Level 1:colcon.colcon_core.package_identification:_identify(src) by extensions ['colcon_pkg']
[0.235s] Level 1:colcon.colcon_core.package_identification:_identify(src) by extension 'colcon_pkg'
[0.235s] Level 1:colcon.colcon_core.package_identification:_identify(src) by extensions ['colcon_meta']
[0.235s] Level 1:colcon.colcon_core.package_identification:_identify(src) by extension 'colcon_meta'
[0.235s] Level 1:colcon.colcon_core.package_identification:_identify(src) by extensions ['ros']
[0.235s] Level 1:colcon.colcon_core.package_identification:_identify(src) by extension 'ros'
[0.235s] Level 1:colcon.colcon_core.package_identification:_identify(src) by extensions ['cmake', 'python']
[0.235s] Level 1:colcon.colcon_core.package_identification:_identify(src) by extension 'cmake'
[0.235s] Level 1:colcon.colcon_core.package_identification:_identify(src) by extension 'python'
[0.236s] Level 1:colcon.colcon_core.package_identification:_identify(src) by extensions ['python_setup_py']
[0.236s] Level 1:colcon.colcon_core.package_identification:_identify(src) by extension 'python_setup_py'
[0.236s] Level 1:colcon.colcon_core.package_identification:_identify(src/minimal_class_node) by extensions ['ignore', 'ignore_ament_install']
[0.236s] Level 1:colcon.colcon_core.package_identification:_identify(src/minimal_class_node) by extension 'ignore'
[0.236s] Level 1:colcon.colcon_core.package_identification:_identify(src/minimal_class_node) by extension 'ignore_ament_install'
[0.236s] Level 1:colcon.colcon_core.package_identification:_identify(src/minimal_class_node) by extensions ['colcon_pkg']
[0.236s] Level 1:colcon.colcon_core.package_identification:_identify(src/minimal_class_node) by extension 'colcon_pkg'
[0.236s] Level 1:colcon.colcon_core.package_identification:_identify(src/minimal_class_node) by extensions ['colcon_meta']
[0.236s] Level 1:colcon.colcon_core.package_identification:_identify(src/minimal_class_node) by extension 'colcon_meta'
[0.236s] Level 1:colcon.colcon_core.package_identification:_identify(src/minimal_class_node) by extensions ['ros']
[0.236s] Level 1:colcon.colcon_core.package_identification:_identify(src/minimal_class_node) by extension 'ros'
[0.237s] DEBUG:colcon.colcon_core.package_identification:Package 'src/minimal_class_node' with type 'ros.ament_cmake' and name 'minimal_class_node'
[0.237s] Level 1:colcon.colcon_core.package_identification:_identify(src/minimal_subscriber_class_node) by extensions ['ignore', 'ignore_ament_install']
[0.237s] Level 1:colcon.colcon_core.package_identification:_identify(src/minimal_subscriber_class_node) by extension 'ignore'
[0.238s] Level 1:colcon.colcon_core.package_identification:_identify(src/minimal_subscriber_class_node) by extension 'ignore_ament_install'
[0.238s] Level 1:colcon.colcon_core.package_identification:_identify(src/minimal_subscriber_class_node) by extensions ['colcon_pkg']
[0.238s] Level 1:colcon.colcon_core.package_identification:_identify(src/minimal_subscriber_class_node) by extension 'colcon_pkg'
[0.238s] Level 1:colcon.colcon_core.package_identification:_identify(src/minimal_subscriber_class_node) by extensions ['colcon_meta']
[0.238s] Level 1:colcon.colcon_core.package_identification:_identify(src/minimal_subscriber_class_node) by extension 'colcon_meta'
[0.238s] Level 1:colcon.colcon_core.package_identification:_identify(src/minimal_subscriber_class_node) by extensions ['ros']
[0.238s] Level 1:colcon.colcon_core.package_identification:_identify(src/minimal_subscriber_class_node) by extension 'ros'
[0.238s] DEBUG:colcon.colcon_core.package_identification:Package 'src/minimal_subscriber_class_node' with type 'ros.ament_cmake' and name 'minimal_subscriber_class_node'
[0.238s] Level 1:colcon.colcon_core.package_discovery:discover_packages(recursive) using defaults
[0.238s] Level 1:colcon.colcon_core.package_discovery:discover_packages(ignore) discover
[0.238s] Level 1:colcon.colcon_core.package_discovery:discover_packages(ignore) using defaults
[0.238s] Level 1:colcon.colcon_core.package_discovery:discover_packages(path) discover
[0.238s] Level 1:colcon.colcon_core.package_discovery:discover_packages(path) using defaults
[0.253s] Level 1:colcon.colcon_core.package_discovery:discover_packages(prefix_path) check parameters
[0.253s] Level 1:colcon.colcon_core.package_discovery:discover_packages(prefix_path) discover
[0.254s] DEBUG:colcon.colcon_installed_package_information.package_discovery:Found 2 installed packages in /home/keisoku/ros2_studies/install
[0.255s] DEBUG:colcon.colcon_installed_package_information.package_discovery:Found 326 installed packages in /opt/ros/humble
[0.256s] Level 1:colcon.colcon_core.package_discovery:discover_packages(prefix_path) using defaults
[0.301s] Level 5:colcon.colcon_core.verb:set package 'minimal_class_node' build argument 'cmake_args' from command line to 'None'
[0.301s] Level 5:colcon.colcon_core.verb:set package 'minimal_class_node' build argument 'cmake_target' from command line to 'None'
[0.301s] Level 5:colcon.colcon_core.verb:set package 'minimal_class_node' build argument 'cmake_target_skip_unavailable' from command line to 'False'
[0.301s] Level 5:colcon.colcon_core.verb:set package 'minimal_class_node' build argument 'cmake_clean_cache' from command line to 'False'
[0.301s] Level 5:colcon.colcon_core.verb:set package 'minimal_class_node' build argument 'cmake_clean_first' from command line to 'False'
[0.301s] Level 5:colcon.colcon_core.verb:set package 'minimal_class_node' build argument 'cmake_force_configure' from command line to 'False'
[0.301s] Level 5:colcon.colcon_core.verb:set package 'minimal_class_node' build argument 'ament_cmake_args' from command line to 'None'
[0.301s] Level 5:colcon.colcon_core.verb:set package 'minimal_class_node' build argument 'catkin_cmake_args' from command line to 'None'
[0.301s] Level 5:colcon.colcon_core.verb:set package 'minimal_class_node' build argument 'catkin_skip_building_tests' from command line to 'False'
[0.301s] DEBUG:colcon.colcon_core.verb:Building package 'minimal_class_node' with the following arguments: {'ament_cmake_args': None, 'build_base': '/home/keisoku/ros2_studies/build/minimal_class_node', 'catkin_cmake_args': None, 'catkin_skip_building_tests': False, 'cmake_args': None, 'cmake_clean_cache': False, 'cmake_clean_first': False, 'cmake_force_configure': False, 'cmake_target': None, 'cmake_target_skip_unavailable': False, 'install_base': '/home/keisoku/ros2_studies/install/minimal_class_node', 'merge_install': False, 'path': '/home/keisoku/ros2_studies/src/minimal_class_node', 'symlink_install': False, 'test_result_base': None}
[0.302s] Level 5:colcon.colcon_core.verb:set package 'minimal_subscriber_class_node' build argument 'cmake_args' from command line to 'None'
[0.302s] Level 5:colcon.colcon_core.verb:set package 'minimal_subscriber_class_node' build argument 'cmake_target' from command line to 'None'
[0.302s] Level 5:colcon.colcon_core.verb:set package 'minimal_subscriber_class_node' build argument 'cmake_target_skip_unavailable' from command line to 'False'
[0.302s] Level 5:colcon.colcon_core.verb:set package 'minimal_subscriber_class_node' build argument 'cmake_clean_cache' from command line to 'False'
[0.302s] Level 5:colcon.colcon_core.verb:set package 'minimal_subscriber_class_node' build argument 'cmake_clean_first' from command line to 'False'
[0.302s] Level 5:colcon.colcon_core.verb:set package 'minimal_subscriber_class_node' build argument 'cmake_force_configure' from command line to 'False'
[0.302s] Level 5:colcon.colcon_core.verb:set package 'minimal_subscriber_class_node' build argument 'ament_cmake_args' from command line to 'None'
[0.302s] Level 5:colcon.colcon_core.verb:set package 'minimal_subscriber_class_node' build argument 'catkin_cmake_args' from command line to 'None'
[0.302s] Level 5:colcon.colcon_core.verb:set package 'minimal_subscriber_class_node' build argument 'catkin_skip_building_tests' from command line to 'False'
[0.302s] DEBUG:colcon.colcon_core.verb:Building package 'minimal_subscriber_class_node' with the following arguments: {'ament_cmake_args': None, 'build_base': '/home/keisoku/ros2_studies/build/minimal_subscriber_class_node', 'catkin_cmake_args': None, 'catkin_skip_building_tests': False, 'cmake_args': None, 'cmake_clean_cache': False, 'cmake_clean_first': False, 'cmake_force_configure': False, 'cmake_target': None, 'cmake_target_skip_unavailable': False, 'install_base': '/home/keisoku/ros2_studies/install/minimal_subscriber_class_node', 'merge_install': False, 'path': '/home/keisoku/ros2_studies/src/minimal_subscriber_class_node', 'symlink_install': False, 'test_result_base': None}
[0.302s] INFO:colcon.colcon_core.executor:Executing jobs using 'parallel' executor
[0.304s] DEBUG:colcon.colcon_parallel_executor.executor.parallel:run_until_complete
[0.305s] INFO:colcon.colcon_ros.task.ament_cmake.build:Building ROS package in '/home/keisoku/ros2_studies/src/minimal_class_node' with build type 'ament_cmake'
[0.305s] INFO:colcon.colcon_cmake.task.cmake.build:Building CMake package in '/home/keisoku/ros2_studies/src/minimal_class_node'
[0.307s] INFO:colcon.colcon_core.plugin_system:Skipping extension 'colcon_core.shell.bat': Not used on non-Windows systems
[0.307s] INFO:colcon.colcon_core.shell:Skip shell extension 'powershell' for command environment: Not usable outside of PowerShell
[0.307s] DEBUG:colcon.colcon_core.shell:Skip shell extension 'dsv' for command environment
[0.310s] INFO:colcon.colcon_ros.task.ament_cmake.build:Building ROS package in '/home/keisoku/ros2_studies/src/minimal_subscriber_class_node' with build type 'ament_cmake'
[0.310s] INFO:colcon.colcon_cmake.task.cmake.build:Building CMake package in '/home/keisoku/ros2_studies/src/minimal_subscriber_class_node'
[0.311s] INFO:colcon.colcon_core.shell:Skip shell extension 'powershell' for command environment: Not usable outside of PowerShell
[0.311s] DEBUG:colcon.colcon_core.shell:Skip shell extension 'dsv' for command environment
[0.316s] DEBUG:colcon.colcon_core.event_handler.log_command:Invoking command in '/home/keisoku/ros2_studies/build/minimal_class_node': CMAKE_PREFIX_PATH=${CMAKE_PREFIX_PATH}:/opt/ros/humble /usr/bin/cmake --build /home/keisoku/ros2_studies/build/minimal_class_node -- -j20 -l20
[0.319s] DEBUG:colcon.colcon_core.event_handler.log_command:Invoking command in '/home/keisoku/ros2_studies/build/minimal_subscriber_class_node': CMAKE_PREFIX_PATH=${CMAKE_PREFIX_PATH}:/opt/ros/humble /usr/bin/cmake --build /home/keisoku/ros2_studies/build/minimal_subscriber_class_node -- -j20 -l20
[0.350s] DEBUG:colcon.colcon_core.event_handler.log_command:Invoked command in '/home/keisoku/ros2_studies/build/minimal_class_node' returned '0': CMAKE_PREFIX_PATH=${CMAKE_PREFIX_PATH}:/opt/ros/humble /usr/bin/cmake --build /home/keisoku/ros2_studies/build/minimal_class_node -- -j20 -l20
[0.367s] DEBUG:colcon.colcon_core.event_handler.log_command:Invoking command in '/home/keisoku/ros2_studies/build/minimal_class_node': CMAKE_PREFIX_PATH=${CMAKE_PREFIX_PATH}:/opt/ros/humble /usr/bin/cmake --install /home/keisoku/ros2_studies/build/minimal_class_node
[0.372s] Level 1:colcon.colcon_core.environment:create_environment_scripts_only(minimal_class_node)
[0.373s] DEBUG:colcon.colcon_core.event_handler.log_command:Invoked command in '/home/keisoku/ros2_studies/build/minimal_class_node' returned '0': CMAKE_PREFIX_PATH=${CMAKE_PREFIX_PATH}:/opt/ros/humble /usr/bin/cmake --install /home/keisoku/ros2_studies/build/minimal_class_node
[0.375s] Level 1:colcon.colcon_core.environment:checking '/home/keisoku/ros2_studies/install/minimal_class_node' for CMake module files
[0.375s] Level 1:colcon.colcon_core.environment:checking '/home/keisoku/ros2_studies/install/minimal_class_node' for CMake config files
[0.376s] Level 1:colcon.colcon_core.shell:create_environment_hook('minimal_class_node', 'cmake_prefix_path')
[0.377s] INFO:colcon.colcon_core.shell:Creating environment hook '/home/keisoku/ros2_studies/install/minimal_class_node/share/minimal_class_node/hook/cmake_prefix_path.ps1'
[0.377s] INFO:colcon.colcon_core.shell:Creating environment descriptor '/home/keisoku/ros2_studies/install/minimal_class_node/share/minimal_class_node/hook/cmake_prefix_path.dsv'
[0.377s] INFO:colcon.colcon_core.shell:Creating environment hook '/home/keisoku/ros2_studies/install/minimal_class_node/share/minimal_class_node/hook/cmake_prefix_path.sh'
[0.378s] Level 1:colcon.colcon_core.environment:checking '/home/keisoku/ros2_studies/install/minimal_class_node/lib'
[0.378s] Level 1:colcon.colcon_core.environment:checking '/home/keisoku/ros2_studies/install/minimal_class_node/bin'
[0.378s] Level 1:colcon.colcon_core.environment:checking '/home/keisoku/ros2_studies/install/minimal_class_node/lib/pkgconfig/minimal_class_node.pc'
[0.378s] Level 1:colcon.colcon_core.environment:checking '/home/keisoku/ros2_studies/install/minimal_class_node/lib/python3.10/site-packages'
[0.378s] Level 1:colcon.colcon_core.environment:checking '/home/keisoku/ros2_studies/install/minimal_class_node/bin'
[0.379s] INFO:colcon.colcon_core.shell:Creating package script '/home/keisoku/ros2_studies/install/minimal_class_node/share/minimal_class_node/package.ps1'
[0.380s] INFO:colcon.colcon_core.shell:Creating package descriptor '/home/keisoku/ros2_studies/install/minimal_class_node/share/minimal_class_node/package.dsv'
[0.380s] INFO:colcon.colcon_core.shell:Creating package script '/home/keisoku/ros2_studies/install/minimal_class_node/share/minimal_class_node/package.sh'
[0.380s] INFO:colcon.colcon_core.shell:Creating package script '/home/keisoku/ros2_studies/install/minimal_class_node/share/minimal_class_node/package.bash'
[0.381s] INFO:colcon.colcon_core.shell:Creating package script '/home/keisoku/ros2_studies/install/minimal_class_node/share/minimal_class_node/package.zsh'
[0.381s] Level 1:colcon.colcon_core.environment:create_file_with_runtime_dependencies(/home/keisoku/ros2_studies/install/minimal_class_node/share/colcon-core/packages/minimal_class_node)
[0.395s] Level 1:colcon.colcon_core.environment:create_environment_scripts_only(minimal_class_node)
[0.396s] Level 1:colcon.colcon_core.environment:checking '/home/keisoku/ros2_studies/install/minimal_class_node' for CMake module files
[0.396s] Level 1:colcon.colcon_core.environment:checking '/home/keisoku/ros2_studies/install/minimal_class_node' for CMake config files
[0.397s] Level 1:colcon.colcon_core.shell:create_environment_hook('minimal_class_node', 'cmake_prefix_path')
[0.397s] INFO:colcon.colcon_core.shell:Creating environment hook '/home/keisoku/ros2_studies/install/minimal_class_node/share/minimal_class_node/hook/cmake_prefix_path.ps1'
[0.398s] INFO:colcon.colcon_core.shell:Creating environment descriptor '/home/keisoku/ros2_studies/install/minimal_class_node/share/minimal_class_node/hook/cmake_prefix_path.dsv'
[0.398s] INFO:colcon.colcon_core.shell:Creating environment hook '/home/keisoku/ros2_studies/install/minimal_class_node/share/minimal_class_node/hook/cmake_prefix_path.sh'
[0.398s] Level 1:colcon.colcon_core.environment:checking '/home/keisoku/ros2_studies/install/minimal_class_node/lib'
[0.398s] Level 1:colcon.colcon_core.environment:checking '/home/keisoku/ros2_studies/install/minimal_class_node/bin'
[0.398s] Level 1:colcon.colcon_core.environment:checking '/home/keisoku/ros2_studies/install/minimal_class_node/lib/pkgconfig/minimal_class_node.pc'
[0.398s] Level 1:colcon.colcon_core.environment:checking '/home/keisoku/ros2_studies/install/minimal_class_node/lib/python3.10/site-packages'
[0.398s] Level 1:colcon.colcon_core.environment:checking '/home/keisoku/ros2_studies/install/minimal_class_node/bin'
[0.399s] INFO:colcon.colcon_core.shell:Creating package script '/home/keisoku/ros2_studies/install/minimal_class_node/share/minimal_class_node/package.ps1'
[0.400s] INFO:colcon.colcon_core.shell:Creating package descriptor '/home/keisoku/ros2_studies/install/minimal_class_node/share/minimal_class_node/package.dsv'
[0.400s] INFO:colcon.colcon_core.shell:Creating package script '/home/keisoku/ros2_studies/install/minimal_class_node/share/minimal_class_node/package.sh'
[0.400s] INFO:colcon.colcon_core.shell:Creating package script '/home/keisoku/ros2_studies/install/minimal_class_node/share/minimal_class_node/package.bash'
[0.401s] INFO:colcon.colcon_core.shell:Creating package script '/home/keisoku/ros2_studies/install/minimal_class_node/share/minimal_class_node/package.zsh'
[0.401s] Level 1:colcon.colcon_core.environment:create_file_with_runtime_dependencies(/home/keisoku/ros2_studies/install/minimal_class_node/share/colcon-core/packages/minimal_class_node)
[2.366s] DEBUG:colcon.colcon_core.event_handler.log_command:Invoked command in '/home/keisoku/ros2_studies/build/minimal_subscriber_class_node' returned '0': CMAKE_PREFIX_PATH=${CMAKE_PREFIX_PATH}:/opt/ros/humble /usr/bin/cmake --build /home/keisoku/ros2_studies/build/minimal_subscriber_class_node -- -j20 -l20
[2.379s] DEBUG:colcon.colcon_core.event_handler.log_command:Invoking command in '/home/keisoku/ros2_studies/build/minimal_subscriber_class_node': CMAKE_PREFIX_PATH=${CMAKE_PREFIX_PATH}:/opt/ros/humble /usr/bin/cmake --install /home/keisoku/ros2_studies/build/minimal_subscriber_class_node
[2.386s] Level 1:colcon.colcon_core.environment:create_environment_scripts_only(minimal_subscriber_class_node)
[2.388s] Level 1:colcon.colcon_core.environment:checking '/home/keisoku/ros2_studies/install/minimal_subscriber_class_node' for CMake module files
[2.388s] DEBUG:colcon.colcon_core.event_handler.log_command:Invoked command in '/home/keisoku/ros2_studies/build/minimal_subscriber_class_node' returned '0': CMAKE_PREFIX_PATH=${CMAKE_PREFIX_PATH}:/opt/ros/humble /usr/bin/cmake --install /home/keisoku/ros2_studies/build/minimal_subscriber_class_node
[2.388s] Level 1:colcon.colcon_core.environment:checking '/home/keisoku/ros2_studies/install/minimal_subscriber_class_node' for CMake config files
[2.388s] Level 1:colcon.colcon_core.shell:create_environment_hook('minimal_subscriber_class_node', 'cmake_prefix_path')
[2.389s] INFO:colcon.colcon_core.shell:Creating environment hook '/home/keisoku/ros2_studies/install/minimal_subscriber_class_node/share/minimal_subscriber_class_node/hook/cmake_prefix_path.ps1'
[2.389s] INFO:colcon.colcon_core.shell:Creating environment descriptor '/home/keisoku/ros2_studies/install/minimal_subscriber_class_node/share/minimal_subscriber_class_node/hook/cmake_prefix_path.dsv'
[2.389s] INFO:colcon.colcon_core.shell:Creating environment hook '/home/keisoku/ros2_studies/install/minimal_subscriber_class_node/share/minimal_subscriber_class_node/hook/cmake_prefix_path.sh'
[2.390s] Level 1:colcon.colcon_core.environment:checking '/home/keisoku/ros2_studies/install/minimal_subscriber_class_node/lib'
[2.390s] Level 1:colcon.colcon_core.environment:checking '/home/keisoku/ros2_studies/install/minimal_subscriber_class_node/bin'
[2.390s] Level 1:colcon.colcon_core.environment:checking '/home/keisoku/ros2_studies/install/minimal_subscriber_class_node/lib/pkgconfig/minimal_subscriber_class_node.pc'
[2.390s] Level 1:colcon.colcon_core.environment:checking '/home/keisoku/ros2_studies/install/minimal_subscriber_class_node/lib/python3.10/site-packages'
[2.390s] Level 1:colcon.colcon_core.environment:checking '/home/keisoku/ros2_studies/install/minimal_subscriber_class_node/bin'
[2.391s] INFO:colcon.colcon_core.shell:Creating package script '/home/keisoku/ros2_studies/install/minimal_subscriber_class_node/share/minimal_subscriber_class_node/package.ps1'
[2.391s] INFO:colcon.colcon_core.shell:Creating package descriptor '/home/keisoku/ros2_studies/install/minimal_subscriber_class_node/share/minimal_subscriber_class_node/package.dsv'
[2.391s] INFO:colcon.colcon_core.shell:Creating package script '/home/keisoku/ros2_studies/install/minimal_subscriber_class_node/share/minimal_subscriber_class_node/package.sh'
[2.392s] INFO:colcon.colcon_core.shell:Creating package script '/home/keisoku/ros2_studies/install/minimal_subscriber_class_node/share/minimal_subscriber_class_node/package.bash'
[2.392s] INFO:colcon.colcon_core.shell:Creating package script '/home/keisoku/ros2_studies/install/minimal_subscriber_class_node/share/minimal_subscriber_class_node/package.zsh'
[2.392s] Level 1:colcon.colcon_core.environment:create_file_with_runtime_dependencies(/home/keisoku/ros2_studies/install/minimal_subscriber_class_node/share/colcon-core/packages/minimal_subscriber_class_node)
[2.406s] Level 1:colcon.colcon_core.environment:create_environment_scripts_only(minimal_subscriber_class_node)
[2.407s] Level 1:colcon.colcon_core.environment:checking '/home/keisoku/ros2_studies/install/minimal_subscriber_class_node' for CMake module files
[2.407s] Level 1:colcon.colcon_core.environment:checking '/home/keisoku/ros2_studies/install/minimal_subscriber_class_node' for CMake config files
[2.407s] Level 1:colcon.colcon_core.shell:create_environment_hook('minimal_subscriber_class_node', 'cmake_prefix_path')
[2.408s] INFO:colcon.colcon_core.shell:Creating environment hook '/home/keisoku/ros2_studies/install/minimal_subscriber_class_node/share/minimal_subscriber_class_node/hook/cmake_prefix_path.ps1'
[2.408s] INFO:colcon.colcon_core.shell:Creating environment descriptor '/home/keisoku/ros2_studies/install/minimal_subscriber_class_node/share/minimal_subscriber_class_node/hook/cmake_prefix_path.dsv'
[2.408s] INFO:colcon.colcon_core.shell:Creating environment hook '/home/keisoku/ros2_studies/install/minimal_subscriber_class_node/share/minimal_subscriber_class_node/hook/cmake_prefix_path.sh'
[2.409s] Level 1:colcon.colcon_core.environment:checking '/home/keisoku/ros2_studies/install/minimal_subscriber_class_node/lib'
[2.409s] Level 1:colcon.colcon_core.environment:checking '/home/keisoku/ros2_studies/install/minimal_subscriber_class_node/bin'
[2.409s] Level 1:colcon.colcon_core.environment:checking '/home/keisoku/ros2_studies/install/minimal_subscriber_class_node/lib/pkgconfig/minimal_subscriber_class_node.pc'
[2.409s] Level 1:colcon.colcon_core.environment:checking '/home/keisoku/ros2_studies/install/minimal_subscriber_class_node/lib/python3.10/site-packages'
[2.409s] Level 1:colcon.colcon_core.environment:checking '/home/keisoku/ros2_studies/install/minimal_subscriber_class_node/bin'
[2.410s] INFO:colcon.colcon_core.shell:Creating package script '/home/keisoku/ros2_studies/install/minimal_subscriber_class_node/share/minimal_subscriber_class_node/package.ps1'
[2.410s] INFO:colcon.colcon_core.shell:Creating package descriptor '/home/keisoku/ros2_studies/install/minimal_subscriber_class_node/share/minimal_subscriber_class_node/package.dsv'
[2.410s] INFO:colcon.colcon_core.shell:Creating package script '/home/keisoku/ros2_studies/install/minimal_subscriber_class_node/share/minimal_subscriber_class_node/package.sh'
[2.411s] INFO:colcon.colcon_core.shell:Creating package script '/home/keisoku/ros2_studies/install/minimal_subscriber_class_node/share/minimal_subscriber_class_node/package.bash'
[2.411s] INFO:colcon.colcon_core.shell:Creating package script '/home/keisoku/ros2_studies/install/minimal_subscriber_class_node/share/minimal_subscriber_class_node/package.zsh'
[2.411s] Level 1:colcon.colcon_core.environment:create_file_with_runtime_dependencies(/home/keisoku/ros2_studies/install/minimal_subscriber_class_node/share/colcon-core/packages/minimal_subscriber_class_node)
[2.411s] DEBUG:colcon.colcon_parallel_executor.executor.parallel:closing loop
[2.411s] DEBUG:colcon.colcon_parallel_executor.executor.parallel:loop closed
[2.412s] DEBUG:colcon.colcon_parallel_executor.executor.parallel:run_until_complete finished with '0'
[2.412s] DEBUG:colcon.colcon_core.event_reactor:joining thread
[2.415s] INFO:colcon.colcon_core.plugin_system:Skipping extension 'colcon_notification.desktop_notification.terminal_notifier': Not used on non-Darwin systems
[2.415s] INFO:colcon.colcon_core.plugin_system:Skipping extension 'colcon_notification.desktop_notification.win32': Not used on non-Windows systems
[2.415s] INFO:colcon.colcon_notification.desktop_notification:Sending desktop notification using 'notify2'
[2.422s] DEBUG:colcon.colcon_core.event_reactor:joined thread
[2.423s] INFO:colcon.colcon_core.shell:Creating prefix script '/home/keisoku/ros2_studies/install/local_setup.ps1'
[2.424s] INFO:colcon.colcon_core.shell:Creating prefix util module '/home/keisoku/ros2_studies/install/_local_setup_util_ps1.py'
[2.425s] INFO:colcon.colcon_core.shell:Creating prefix chain script '/home/keisoku/ros2_studies/install/setup.ps1'
[2.426s] INFO:colcon.colcon_core.shell:Creating prefix script '/home/keisoku/ros2_studies/install/local_setup.sh'
[2.426s] INFO:colcon.colcon_core.shell:Creating prefix util module '/home/keisoku/ros2_studies/install/_local_setup_util_sh.py'
[2.426s] INFO:colcon.colcon_core.shell:Creating prefix chain script '/home/keisoku/ros2_studies/install/setup.sh'
[2.427s] INFO:colcon.colcon_core.shell:Creating prefix script '/home/keisoku/ros2_studies/install/local_setup.bash'
[2.427s] INFO:colcon.colcon_core.shell:Creating prefix chain script '/home/keisoku/ros2_studies/install/setup.bash'
[2.428s] INFO:colcon.colcon_core.shell:Creating prefix script '/home/keisoku/ros2_studies/install/local_setup.zsh'
[2.428s] INFO:colcon.colcon_core.shell:Creating prefix chain script '/home/keisoku/ros2_studies/install/setup.zsh'
