[0.011s] Invoking command in '/home/keisoku/ros2_studies/build/minimal_class_node': CMAKE_PREFIX_PATH=${CMAKE_PREFIX_PATH}:/opt/ros/humble /usr/bin/cmake --build /home/keisoku/ros2_studies/build/minimal_class_node -- -j20 -l20
[0.033s] [35m[1mConsolidate compiler generated dependencies of target minimal_node_test[0m
[0.043s] [100%] Built target minimal_node_test
[0.049s] Invoked command in '/home/keisoku/ros2_studies/build/minimal_class_node' returned '0': CMAKE_PREFIX_PATH=${CMAKE_PREFIX_PATH}:/opt/ros/humble /usr/bin/cmake --build /home/keisoku/ros2_studies/build/minimal_class_node -- -j20 -l20
[0.067s] Invoking command in '/home/keisoku/ros2_studies/build/minimal_class_node': CMAKE_PREFIX_PATH=${CMAKE_PREFIX_PATH}:/opt/ros/humble /usr/bin/cmake --install /home/keisoku/ros2_studies/build/minimal_class_node
[0.070s] -- Install configuration: ""
[0.071s] -- Up-to-date: /home/keisoku/ros2_studies/install/minimal_class_node/lib/minimal_class_node/minimal_node_test
[0.071s] -- Up-to-date: /home/keisoku/ros2_studies/install/minimal_class_node/share/ament_index/resource_index/package_run_dependencies/minimal_class_node
[0.071s] -- Up-to-date: /home/keisoku/ros2_studies/install/minimal_class_node/share/ament_index/resource_index/parent_prefix_path/minimal_class_node
[0.071s] -- Up-to-date: /home/keisoku/ros2_studies/install/minimal_class_node/share/minimal_class_node/environment/ament_prefix_path.sh
[0.071s] -- Up-to-date: /home/keisoku/ros2_studies/install/minimal_class_node/share/minimal_class_node/environment/ament_prefix_path.dsv
[0.071s] -- Up-to-date: /home/keisoku/ros2_studies/install/minimal_class_node/share/minimal_class_node/environment/path.sh
[0.071s] -- Up-to-date: /home/keisoku/ros2_studies/install/minimal_class_node/share/minimal_class_node/environment/path.dsv
[0.071s] -- Up-to-date: /home/keisoku/ros2_studies/install/minimal_class_node/share/minimal_class_node/local_setup.bash
[0.071s] -- Up-to-date: /home/keisoku/ros2_studies/install/minimal_class_node/share/minimal_class_node/local_setup.sh
[0.071s] -- Up-to-date: /home/keisoku/ros2_studies/install/minimal_class_node/share/minimal_class_node/local_setup.zsh
[0.071s] -- Up-to-date: /home/keisoku/ros2_studies/install/minimal_class_node/share/minimal_class_node/local_setup.dsv
[0.071s] -- Installing: /home/keisoku/ros2_studies/install/minimal_class_node/share/minimal_class_node/package.dsv
[0.071s] -- Up-to-date: /home/keisoku/ros2_studies/install/minimal_class_node/share/ament_index/resource_index/packages/minimal_class_node
[0.071s] -- Up-to-date: /home/keisoku/ros2_studies/install/minimal_class_node/share/minimal_class_node/cmake/minimal_class_nodeConfig.cmake
[0.072s] -- Up-to-date: /home/keisoku/ros2_studies/install/minimal_class_node/share/minimal_class_node/cmake/minimal_class_nodeConfig-version.cmake
[0.072s] -- Up-to-date: /home/keisoku/ros2_studies/install/minimal_class_node/share/minimal_class_node/package.xml
[0.073s] Invoked command in '/home/keisoku/ros2_studies/build/minimal_class_node' returned '0': CMAKE_PREFIX_PATH=${CMAKE_PREFIX_PATH}:/opt/ros/humble /usr/bin/cmake --install /home/keisoku/ros2_studies/build/minimal_class_node
