-- Found ament_cmake: 1.3.3 (/opt/ros/humble/share/ament_cmake/cmake)
-- Found rclcpp: 16.0.3 (/opt/ros/humble/share/rclcpp/cmake)
-- Found rosidl_generator_c: 3.1.4 (/opt/ros/humble/share/rosidl_generator_c/cmake)
-- Found rosidl_adapter: 3.1.4 (/opt/ros/humble/share/rosidl_adapter/cmake)
-- Found rosidl_generator_cpp: 3.1.4 (/opt/ros/humble/share/rosidl_generator_cpp/cmake)
-- Using all available rosidl_typesupport_c: rosidl_typesupport_fastrtps_c;rosidl_typesupport_introspection_c
-- Using all available rosidl_typesupport_cpp: rosidl_typesupport_fastrtps_cpp;rosidl_typesupport_introspection_cpp
-- Found rmw_implementation_cmake: 6.1.1 (/opt/ros/humble/share/rmw_implementation_cmake/cmake)
-- Found rmw_fastrtps_cpp: 6.2.2 (/opt/ros/humble/share/rmw_fastrtps_cpp/cmake)
-- Using RMW implementation 'rmw_fastrtps_cpp' as default
-- Found example_interfaces: 0.9.3 (/opt/ros/humble/share/example_interfaces/cmake)
-- Configuring done
-- Generating done
-- Build files have been written to: /home/keisoku/ros2_studies/build/minimal_publisher_class
[ 66%] [32mBuilding CXX object CMakeFiles/minimal_publisher_test.dir/src/minimal_publisher.cpp.o[0m
[ 66%] [32mBuilding CXX object CMakeFiles/minimal_publisher_test.dir/src/minimal_publisher_main.cpp.o[0m
[100%] [32m[1mLinking CXX executable minimal_publisher_test[0m
[100%] Built target minimal_publisher_test
-- Install configuration: ""
-- Installing: /home/keisoku/ros2_studies/install/minimal_publisher_class/lib/minimal_publisher_class/minimal_publisher_test
-- Set runtime path of "/home/keisoku/ros2_studies/install/minimal_publisher_class/lib/minimal_publisher_class/minimal_publisher_test" to ""
-- Installing: /home/keisoku/ros2_studies/install/minimal_publisher_class/share/ament_index/resource_index/package_run_dependencies/minimal_publisher_class
-- Installing: /home/keisoku/ros2_studies/install/minimal_publisher_class/share/ament_index/resource_index/parent_prefix_path/minimal_publisher_class
-- Installing: /home/keisoku/ros2_studies/install/minimal_publisher_class/share/minimal_publisher_class/environment/ament_prefix_path.sh
-- Installing: /home/keisoku/ros2_studies/install/minimal_publisher_class/share/minimal_publisher_class/environment/ament_prefix_path.dsv
-- Installing: /home/keisoku/ros2_studies/install/minimal_publisher_class/share/minimal_publisher_class/environment/path.sh
-- Installing: /home/keisoku/ros2_studies/install/minimal_publisher_class/share/minimal_publisher_class/environment/path.dsv
-- Installing: /home/keisoku/ros2_studies/install/minimal_publisher_class/share/minimal_publisher_class/local_setup.bash
-- Installing: /home/keisoku/ros2_studies/install/minimal_publisher_class/share/minimal_publisher_class/local_setup.sh
-- Installing: /home/keisoku/ros2_studies/install/minimal_publisher_class/share/minimal_publisher_class/local_setup.zsh
-- Installing: /home/keisoku/ros2_studies/install/minimal_publisher_class/share/minimal_publisher_class/local_setup.dsv
-- Installing: /home/keisoku/ros2_studies/install/minimal_publisher_class/share/minimal_publisher_class/package.dsv
-- Installing: /home/keisoku/ros2_studies/install/minimal_publisher_class/share/ament_index/resource_index/packages/minimal_publisher_class
-- Installing: /home/keisoku/ros2_studies/install/minimal_publisher_class/share/minimal_publisher_class/cmake/minimal_publisher_classConfig.cmake
-- Installing: /home/keisoku/ros2_studies/install/minimal_publisher_class/share/minimal_publisher_class/cmake/minimal_publisher_classConfig-version.cmake
-- Installing: /home/keisoku/ros2_studies/install/minimal_publisher_class/share/minimal_publisher_class/package.xml
