[0.014s] Invoking command in '/home/keisoku/ros2_studies/build/minimal_publisher_class': CMAKE_PREFIX_PATH=${CMAKE_PREFIX_PATH}:/opt/ros/humble /usr/bin/cmake /home/keisoku/ros2_studies/src/minimal_publisher_class -DCMAKE_INSTALL_PREFIX=/home/keisoku/ros2_studies/install/minimal_publisher_class
[0.021s] -- Found ament_cmake: 1.3.3 (/opt/ros/humble/share/ament_cmake/cmake)
[0.118s] -- Found rclcpp: 16.0.3 (/opt/ros/humble/share/rclcpp/cmake)
[0.138s] -- Found rosidl_generator_c: 3.1.4 (/opt/ros/humble/share/rosidl_generator_c/cmake)
[0.140s] -- Found rosidl_adapter: 3.1.4 (/opt/ros/humble/share/rosidl_adapter/cmake)
[0.144s] -- Found rosidl_generator_cpp: 3.1.4 (/opt/ros/humble/share/rosidl_generator_cpp/cmake)
[0.152s] -- Using all available rosidl_typesupport_c: rosidl_typesupport_fastrtps_c;rosidl_typesupport_introspection_c
[0.164s] -- Using all available rosidl_typesupport_cpp: rosidl_typesupport_fastrtps_cpp;rosidl_typesupport_introspection_cpp
[0.207s] -- Found rmw_implementation_cmake: 6.1.1 (/opt/ros/humble/share/rmw_implementation_cmake/cmake)
[0.208s] -- Found rmw_fastrtps_cpp: 6.2.2 (/opt/ros/humble/share/rmw_fastrtps_cpp/cmake)
[0.285s] -- Using RMW implementation 'rmw_fastrtps_cpp' as default
[0.402s] -- Found example_interfaces: 0.9.3 (/opt/ros/humble/share/example_interfaces/cmake)
[0.546s] -- Configuring done
[0.552s] -- Generating done
[0.553s] -- Build files have been written to: /home/keisoku/ros2_studies/build/minimal_publisher_class
[0.558s] Invoked command in '/home/keisoku/ros2_studies/build/minimal_publisher_class' returned '0': CMAKE_PREFIX_PATH=${CMAKE_PREFIX_PATH}:/opt/ros/humble /usr/bin/cmake /home/keisoku/ros2_studies/src/minimal_publisher_class -DCMAKE_INSTALL_PREFIX=/home/keisoku/ros2_studies/install/minimal_publisher_class
[0.559s] Invoking command in '/home/keisoku/ros2_studies/build/minimal_publisher_class': CMAKE_PREFIX_PATH=${CMAKE_PREFIX_PATH}:/opt/ros/humble /usr/bin/cmake --build /home/keisoku/ros2_studies/build/minimal_publisher_class -- -j20 -l20
[0.585s] [ 66%] [32mBuilding CXX object CMakeFiles/minimal_publisher_test.dir/src/minimal_publisher.cpp.o[0m
[0.585s] [ 66%] [32mBuilding CXX object CMakeFiles/minimal_publisher_test.dir/src/minimal_publisher_main.cpp.o[0m
[3.446s] [100%] [32m[1mLinking CXX executable minimal_publisher_test[0m
[3.557s] [100%] Built target minimal_publisher_test
[3.562s] Invoked command in '/home/keisoku/ros2_studies/build/minimal_publisher_class' returned '0': CMAKE_PREFIX_PATH=${CMAKE_PREFIX_PATH}:/opt/ros/humble /usr/bin/cmake --build /home/keisoku/ros2_studies/build/minimal_publisher_class -- -j20 -l20
[3.577s] Invoking command in '/home/keisoku/ros2_studies/build/minimal_publisher_class': CMAKE_PREFIX_PATH=${CMAKE_PREFIX_PATH}:/opt/ros/humble /usr/bin/cmake --install /home/keisoku/ros2_studies/build/minimal_publisher_class
[3.580s] -- Install configuration: ""
[3.580s] -- Installing: /home/keisoku/ros2_studies/install/minimal_publisher_class/lib/minimal_publisher_class/minimal_publisher_test
[3.581s] -- Set runtime path of "/home/keisoku/ros2_studies/install/minimal_publisher_class/lib/minimal_publisher_class/minimal_publisher_test" to ""
[3.581s] -- Installing: /home/keisoku/ros2_studies/install/minimal_publisher_class/share/ament_index/resource_index/package_run_dependencies/minimal_publisher_class
[3.581s] -- Installing: /home/keisoku/ros2_studies/install/minimal_publisher_class/share/ament_index/resource_index/parent_prefix_path/minimal_publisher_class
[3.581s] -- Installing: /home/keisoku/ros2_studies/install/minimal_publisher_class/share/minimal_publisher_class/environment/ament_prefix_path.sh
[3.581s] -- Installing: /home/keisoku/ros2_studies/install/minimal_publisher_class/share/minimal_publisher_class/environment/ament_prefix_path.dsv
[3.581s] -- Installing: /home/keisoku/ros2_studies/install/minimal_publisher_class/share/minimal_publisher_class/environment/path.sh
[3.581s] -- Installing: /home/keisoku/ros2_studies/install/minimal_publisher_class/share/minimal_publisher_class/environment/path.dsv
[3.582s] -- Installing: /home/keisoku/ros2_studies/install/minimal_publisher_class/share/minimal_publisher_class/local_setup.bash
[3.582s] -- Installing: /home/keisoku/ros2_studies/install/minimal_publisher_class/share/minimal_publisher_class/local_setup.sh
[3.582s] -- Installing: /home/keisoku/ros2_studies/install/minimal_publisher_class/share/minimal_publisher_class/local_setup.zsh
[3.582s] -- Installing: /home/keisoku/ros2_studies/install/minimal_publisher_class/share/minimal_publisher_class/local_setup.dsv
[3.582s] -- Installing: /home/keisoku/ros2_studies/install/minimal_publisher_class/share/minimal_publisher_class/package.dsv
[3.582s] -- Installing: /home/keisoku/ros2_studies/install/minimal_publisher_class/share/ament_index/resource_index/packages/minimal_publisher_class
[3.582s] -- Installing: /home/keisoku/ros2_studies/install/minimal_publisher_class/share/minimal_publisher_class/cmake/minimal_publisher_classConfig.cmake
[3.582s] -- Installing: /home/keisoku/ros2_studies/install/minimal_publisher_class/share/minimal_publisher_class/cmake/minimal_publisher_classConfig-version.cmake
[3.582s] -- Installing: /home/keisoku/ros2_studies/install/minimal_publisher_class/share/minimal_publisher_class/package.xml
[3.585s] Invoked command in '/home/keisoku/ros2_studies/build/minimal_publisher_class' returned '0': CMAKE_PREFIX_PATH=${CMAKE_PREFIX_PATH}:/opt/ros/humble /usr/bin/cmake --install /home/keisoku/ros2_studies/build/minimal_publisher_class
