-- Found ament_cmake: 1.3.3 (/opt/ros/humble/share/ament_cmake/cmake)
-- Found rclcpp: 16.0.3 (/opt/ros/humble/share/rclcpp/cmake)
-- Found rosidl_generator_c: 3.1.4 (/opt/ros/humble/share/rosidl_generator_c/cmake)
-- Found rosidl_adapter: 3.1.4 (/opt/ros/humble/share/rosidl_adapter/cmake)
-- Found rosidl_generator_cpp: 3.1.4 (/opt/ros/humble/share/rosidl_generator_cpp/cmake)
-- Using all available rosidl_typesupport_c: rosidl_typesupport_fastrtps_c;rosidl_typesupport_introspection_c
-- Using all available rosidl_typesupport_cpp: rosidl_typesupport_fastrtps_cpp;rosidl_typesupport_introspection_cpp
-- Found rmw_implementation_cmake: 6.1.1 (/opt/ros/humble/share/rmw_implementation_cmake/cmake)
-- Found rmw_fastrtps_cpp: 6.2.2 (/opt/ros/humble/share/rmw_fastrtps_cpp/cmake)
-- Using RMW implementation 'rmw_fastrtps_cpp' as default
-- Found my_messages: 0.0.0 (/home/keisoku/ros2_studies/install/my_messages/share/my_messages/cmake)
-- Configuring done
-- Generating done
-- Build files have been written to: /home/keisoku/ros2_studies/build/my_msg_class
[35m[1mConsolidate compiler generated dependencies of target my_pub_test[0m
[ 33%] [32mBuilding CXX object CMakeFiles/my_sub_test.dir/src/my_sub.cpp.o[0m
[ 33%] [32mBuilding CXX object CMakeFiles/my_sub_test.dir/src/my_sub_main.cpp.o[0m
[ 50%] [32mBuilding CXX object CMakeFiles/my_pub_test.dir/src/my_pub_main.cpp.o[0m
[ 66%] [32mBuilding CXX object CMakeFiles/my_pub_test.dir/src/my_pub.cpp.o[0m
[ 83%] [32m[1mLinking CXX executable my_pub_test[0m
[ 83%] Built target my_pub_test
[100%] [32m[1mLinking CXX executable my_sub_test[0m
[100%] Built target my_sub_test
-- Install configuration: ""
-- Installing: /home/keisoku/ros2_studies/install/my_msg_class/lib/my_msg_class/my_pub_test
-- Set runtime path of "/home/keisoku/ros2_studies/install/my_msg_class/lib/my_msg_class/my_pub_test" to ""
-- Installing: /home/keisoku/ros2_studies/install/my_msg_class/lib/my_msg_class/my_sub_test
-- Set runtime path of "/home/keisoku/ros2_studies/install/my_msg_class/lib/my_msg_class/my_sub_test" to ""
-- Up-to-date: /home/keisoku/ros2_studies/install/my_msg_class/share/ament_index/resource_index/package_run_dependencies/my_msg_class
-- Up-to-date: /home/keisoku/ros2_studies/install/my_msg_class/share/ament_index/resource_index/parent_prefix_path/my_msg_class
-- Up-to-date: /home/keisoku/ros2_studies/install/my_msg_class/share/my_msg_class/environment/ament_prefix_path.sh
-- Installing: /home/keisoku/ros2_studies/install/my_msg_class/share/my_msg_class/environment/ament_prefix_path.dsv
-- Up-to-date: /home/keisoku/ros2_studies/install/my_msg_class/share/my_msg_class/environment/path.sh
-- Installing: /home/keisoku/ros2_studies/install/my_msg_class/share/my_msg_class/environment/path.dsv
-- Up-to-date: /home/keisoku/ros2_studies/install/my_msg_class/share/my_msg_class/local_setup.bash
-- Up-to-date: /home/keisoku/ros2_studies/install/my_msg_class/share/my_msg_class/local_setup.sh
-- Up-to-date: /home/keisoku/ros2_studies/install/my_msg_class/share/my_msg_class/local_setup.zsh
-- Installing: /home/keisoku/ros2_studies/install/my_msg_class/share/my_msg_class/local_setup.dsv
-- Installing: /home/keisoku/ros2_studies/install/my_msg_class/share/my_msg_class/package.dsv
-- Up-to-date: /home/keisoku/ros2_studies/install/my_msg_class/share/ament_index/resource_index/packages/my_msg_class
-- Up-to-date: /home/keisoku/ros2_studies/install/my_msg_class/share/my_msg_class/cmake/my_msg_classConfig.cmake
-- Up-to-date: /home/keisoku/ros2_studies/install/my_msg_class/share/my_msg_class/cmake/my_msg_classConfig-version.cmake
-- Up-to-date: /home/keisoku/ros2_studies/install/my_msg_class/share/my_msg_class/package.xml
