[0.005s] Invoking command in '/home/keisoku/ros2_studies/build/my_msg_class': AMENT_PREFIX_PATH=/home/keisoku/ros2_studies/install/my_messages:${AMENT_PREFIX_PATH} CMAKE_PREFIX_PATH=/home/keisoku/ros2_studies/install/my_messages:/opt/ros/humble LD_LIBRARY_PATH=/home/keisoku/ros2_studies/install/my_messages/lib:${LD_LIBRARY_PATH} PYTHONPATH=/home/keisoku/ros2_studies/install/my_messages/local/lib/python3.10/dist-packages:${PYTHONPATH} /usr/bin/cmake --build /home/keisoku/ros2_studies/build/my_msg_class -- -j20 -l20
[0.018s] -- Found ament_cmake: 1.3.3 (/opt/ros/humble/share/ament_cmake/cmake)
[0.113s] -- Found rclcpp: 16.0.3 (/opt/ros/humble/share/rclcpp/cmake)
[0.133s] -- Found rosidl_generator_c: 3.1.4 (/opt/ros/humble/share/rosidl_generator_c/cmake)
[0.134s] -- Found rosidl_adapter: 3.1.4 (/opt/ros/humble/share/rosidl_adapter/cmake)
[0.138s] -- Found rosidl_generator_cpp: 3.1.4 (/opt/ros/humble/share/rosidl_generator_cpp/cmake)
[0.146s] -- Using all available rosidl_typesupport_c: rosidl_typesupport_fastrtps_c;rosidl_typesupport_introspection_c
[0.157s] -- Using all available rosidl_typesupport_cpp: rosidl_typesupport_fastrtps_cpp;rosidl_typesupport_introspection_cpp
[0.197s] -- Found rmw_implementation_cmake: 6.1.1 (/opt/ros/humble/share/rmw_implementation_cmake/cmake)
[0.198s] -- Found rmw_fastrtps_cpp: 6.2.2 (/opt/ros/humble/share/rmw_fastrtps_cpp/cmake)
[0.271s] -- Using RMW implementation 'rmw_fastrtps_cpp' as default
[0.383s] -- Found my_messages: 0.0.0 (/home/keisoku/ros2_studies/install/my_messages/share/my_messages/cmake)
[0.452s] -- Configuring done
[0.460s] -- Generating done
[0.461s] -- Build files have been written to: /home/keisoku/ros2_studies/build/my_msg_class
[0.475s] [35m[1mConsolidate compiler generated dependencies of target my_pub_test[0m
[0.480s] [ 33%] [32mBuilding CXX object CMakeFiles/my_sub_test.dir/src/my_sub.cpp.o[0m
[0.480s] [ 33%] [32mBuilding CXX object CMakeFiles/my_sub_test.dir/src/my_sub_main.cpp.o[0m
[0.486s] [ 50%] [32mBuilding CXX object CMakeFiles/my_pub_test.dir/src/my_pub_main.cpp.o[0m
[0.486s] [ 66%] [32mBuilding CXX object CMakeFiles/my_pub_test.dir/src/my_pub.cpp.o[0m
[3.331s] [ 83%] [32m[1mLinking CXX executable my_pub_test[0m
[3.440s] [ 83%] Built target my_pub_test
[6.021s] [100%] [32m[1mLinking CXX executable my_sub_test[0m
[6.232s] [100%] Built target my_sub_test
[6.238s] Invoked command in '/home/keisoku/ros2_studies/build/my_msg_class' returned '0': AMENT_PREFIX_PATH=/home/keisoku/ros2_studies/install/my_messages:${AMENT_PREFIX_PATH} CMAKE_PREFIX_PATH=/home/keisoku/ros2_studies/install/my_messages:/opt/ros/humble LD_LIBRARY_PATH=/home/keisoku/ros2_studies/install/my_messages/lib:${LD_LIBRARY_PATH} PYTHONPATH=/home/keisoku/ros2_studies/install/my_messages/local/lib/python3.10/dist-packages:${PYTHONPATH} /usr/bin/cmake --build /home/keisoku/ros2_studies/build/my_msg_class -- -j20 -l20
[6.254s] Invoking command in '/home/keisoku/ros2_studies/build/my_msg_class': AMENT_PREFIX_PATH=/home/keisoku/ros2_studies/install/my_messages:${AMENT_PREFIX_PATH} CMAKE_PREFIX_PATH=/home/keisoku/ros2_studies/install/my_messages:/opt/ros/humble LD_LIBRARY_PATH=/home/keisoku/ros2_studies/install/my_messages/lib:${LD_LIBRARY_PATH} PYTHONPATH=/home/keisoku/ros2_studies/install/my_messages/local/lib/python3.10/dist-packages:${PYTHONPATH} /usr/bin/cmake --install /home/keisoku/ros2_studies/build/my_msg_class
[6.257s] -- Install configuration: ""
[6.257s] -- Installing: /home/keisoku/ros2_studies/install/my_msg_class/lib/my_msg_class/my_pub_test
[6.258s] -- Set runtime path of "/home/keisoku/ros2_studies/install/my_msg_class/lib/my_msg_class/my_pub_test" to ""
[6.258s] -- Installing: /home/keisoku/ros2_studies/install/my_msg_class/lib/my_msg_class/my_sub_test
[6.260s] -- Set runtime path of "/home/keisoku/ros2_studies/install/my_msg_class/lib/my_msg_class/my_sub_test" to ""
[6.260s] -- Up-to-date: /home/keisoku/ros2_studies/install/my_msg_class/share/ament_index/resource_index/package_run_dependencies/my_msg_class
[6.260s] -- Up-to-date: /home/keisoku/ros2_studies/install/my_msg_class/share/ament_index/resource_index/parent_prefix_path/my_msg_class
[6.260s] -- Up-to-date: /home/keisoku/ros2_studies/install/my_msg_class/share/my_msg_class/environment/ament_prefix_path.sh
[6.261s] -- Installing: /home/keisoku/ros2_studies/install/my_msg_class/share/my_msg_class/environment/ament_prefix_path.dsv
[6.261s] -- Up-to-date: /home/keisoku/ros2_studies/install/my_msg_class/share/my_msg_class/environment/path.sh
[6.261s] -- Installing: /home/keisoku/ros2_studies/install/my_msg_class/share/my_msg_class/environment/path.dsv
[6.261s] -- Up-to-date: /home/keisoku/ros2_studies/install/my_msg_class/share/my_msg_class/local_setup.bash
[6.261s] -- Up-to-date: /home/keisoku/ros2_studies/install/my_msg_class/share/my_msg_class/local_setup.sh
[6.261s] -- Up-to-date: /home/keisoku/ros2_studies/install/my_msg_class/share/my_msg_class/local_setup.zsh
[6.261s] -- Installing: /home/keisoku/ros2_studies/install/my_msg_class/share/my_msg_class/local_setup.dsv
[6.261s] -- Installing: /home/keisoku/ros2_studies/install/my_msg_class/share/my_msg_class/package.dsv
[6.261s] -- Up-to-date: /home/keisoku/ros2_studies/install/my_msg_class/share/ament_index/resource_index/packages/my_msg_class
[6.261s] -- Up-to-date: /home/keisoku/ros2_studies/install/my_msg_class/share/my_msg_class/cmake/my_msg_classConfig.cmake
[6.261s] -- Up-to-date: /home/keisoku/ros2_studies/install/my_msg_class/share/my_msg_class/cmake/my_msg_classConfig-version.cmake
[6.261s] -- Up-to-date: /home/keisoku/ros2_studies/install/my_msg_class/share/my_msg_class/package.xml
[6.263s] Invoked command in '/home/keisoku/ros2_studies/build/my_msg_class' returned '0': AMENT_PREFIX_PATH=/home/keisoku/ros2_studies/install/my_messages:${AMENT_PREFIX_PATH} CMAKE_PREFIX_PATH=/home/keisoku/ros2_studies/install/my_messages:/opt/ros/humble LD_LIBRARY_PATH=/home/keisoku/ros2_studies/install/my_messages/lib:${LD_LIBRARY_PATH} PYTHONPATH=/home/keisoku/ros2_studies/install/my_messages/local/lib/python3.10/dist-packages:${PYTHONPATH} /usr/bin/cmake --install /home/keisoku/ros2_studies/build/my_msg_class
