-- Found ament_cmake: 1.3.3 (/opt/ros/humble/share/ament_cmake/cmake)
-- Found rosidl_default_generators: 1.2.0 (/opt/ros/humble/share/rosidl_default_generators/cmake)
-- Using all available rosidl_typesupport_c: rosidl_typesupport_fastrtps_c;rosidl_typesupport_introspection_c
-- Found rosidl_adapter: 3.1.4 (/opt/ros/humble/share/rosidl_adapter/cmake)
-- Using all available rosidl_typesupport_cpp: rosidl_typesupport_fastrtps_cpp;rosidl_typesupport_introspection_cpp
-- Found ament_cmake_ros: 0.10.0 (/opt/ros/humble/share/ament_cmake_ros/cmake)
-- Using all available rosidl_typesupport_c: rosidl_typesupport_fastrtps_c;rosidl_typesupport_introspection_c
-- Using all available rosidl_typesupport_cpp: rosidl_typesupport_fastrtps_cpp;rosidl_typesupport_introspection_cpp
-- Found PythonInterp: /usr/bin/python3 (found suitable version "3.10.6", minimum required is "3.6") 
-- Found python_cmake_module: 0.10.0 (/opt/ros/humble/share/python_cmake_module/cmake)
-- Found PythonLibs: /usr/lib/x86_64-linux-gnu/libpython3.10.so (found suitable version "3.10.6", minimum required is "3.5") 
-- Using PYTHON_EXECUTABLE: /usr/bin/python3
-- Using PYTHON_INCLUDE_DIRS: /usr/include/python3.10
-- Using PYTHON_LIBRARIES: /usr/lib/x86_64-linux-gnu/libpython3.10.so
-- Found PythonExtra: .so  
-- Configuring done
-- Generating done
-- Build files have been written to: /home/keisoku/ros2_studies/build/my_messages
[  2%] [34m[1mGenerating C code for ROS interfaces[0m
[  5%] [34m[1mGenerating C++ code for ROS interfaces[0m
[  5%] Built target ament_cmake_python_copy_my_messages
running egg_info
creating my_messages.egg-info
writing my_messages.egg-info/PKG-INFO
writing dependency_links to my_messages.egg-info/dependency_links.txt
writing top-level names to my_messages.egg-info/top_level.txt
writing manifest file 'my_messages.egg-info/SOURCES.txt'
reading manifest file 'my_messages.egg-info/SOURCES.txt'
writing manifest file 'my_messages.egg-info/SOURCES.txt'
[  5%] Built target ament_cmake_python_build_my_messages_egg
[  5%] Built target my_messages__cpp
[  7%] [34m[1mGenerating C++ type support for eProsima Fast-RTPS[0m
[ 10%] [34m[1mGenerating C++ introspection for ROS interfaces[0m
[ 12%] [34m[1mGenerating C++ type support dispatch for ROS interfaces[0m
[ 17%] [32mBuilding C object CMakeFiles/my_messages__rosidl_generator_c.dir/rosidl_generator_c/my_messages/msg/detail/two_ints__functions.c.o[0m
[ 17%] [32mBuilding C object CMakeFiles/my_messages__rosidl_generator_c.dir/rosidl_generator_c/my_messages/srv/detail/calc_two_floats__functions.c.o[0m
[ 20%] [32m[1mLinking C shared library libmy_messages__rosidl_generator_c.so[0m
[ 20%] Built target my_messages__rosidl_generator_c
[ 28%] [34m[1mGenerating C type support dispatch for ROS interfaces[0m
[ 28%] [34m[1mGenerating C introspection for ROS interfaces[0m
[ 28%] [34m[1mGenerating C type support for eProsima Fast-RTPS[0m
[ 33%] [32mBuilding CXX object CMakeFiles/my_messages__rosidl_typesupport_cpp.dir/rosidl_typesupport_cpp/my_messages/msg/two_ints__type_support.cpp.o[0m
[ 33%] [32mBuilding CXX object CMakeFiles/my_messages__rosidl_typesupport_cpp.dir/rosidl_typesupport_cpp/my_messages/srv/calc_two_floats__type_support.cpp.o[0m
[ 38%] [32mBuilding CXX object CMakeFiles/my_messages__rosidl_typesupport_introspection_cpp.dir/rosidl_typesupport_introspection_cpp/my_messages/msg/detail/two_ints__type_support.cpp.o[0m
[ 38%] [32mBuilding CXX object CMakeFiles/my_messages__rosidl_typesupport_introspection_cpp.dir/rosidl_typesupport_introspection_cpp/my_messages/srv/detail/calc_two_floats__type_support.cpp.o[0m
[ 43%] [32mBuilding CXX object CMakeFiles/my_messages__rosidl_typesupport_fastrtps_cpp.dir/rosidl_typesupport_fastrtps_cpp/my_messages/msg/detail/dds_fastrtps/two_ints__type_support.cpp.o[0m
[ 43%] [32mBuilding CXX object CMakeFiles/my_messages__rosidl_typesupport_fastrtps_cpp.dir/rosidl_typesupport_fastrtps_cpp/my_messages/srv/detail/dds_fastrtps/calc_two_floats__type_support.cpp.o[0m
[ 48%] [32mBuilding CXX object CMakeFiles/my_messages__rosidl_typesupport_c.dir/rosidl_typesupport_c/my_messages/msg/two_ints__type_support.cpp.o[0m
[ 48%] [32mBuilding CXX object CMakeFiles/my_messages__rosidl_typesupport_c.dir/rosidl_typesupport_c/my_messages/srv/calc_two_floats__type_support.cpp.o[0m
[ 51%] [32m[1mLinking CXX shared library libmy_messages__rosidl_typesupport_c.so[0m
[ 56%] [32mBuilding C object CMakeFiles/my_messages__rosidl_typesupport_introspection_c.dir/rosidl_typesupport_introspection_c/my_messages/srv/detail/calc_two_floats__type_support.c.o[0m
[ 56%] [32mBuilding C object CMakeFiles/my_messages__rosidl_typesupport_introspection_c.dir/rosidl_typesupport_introspection_c/my_messages/msg/detail/two_ints__type_support.c.o[0m
[ 61%] [32mBuilding CXX object CMakeFiles/my_messages__rosidl_typesupport_fastrtps_c.dir/rosidl_typesupport_fastrtps_c/my_messages/msg/detail/two_ints__type_support_c.cpp.o[0m
[ 61%] [32mBuilding CXX object CMakeFiles/my_messages__rosidl_typesupport_fastrtps_c.dir/rosidl_typesupport_fastrtps_c/my_messages/srv/detail/calc_two_floats__type_support_c.cpp.o[0m
[ 61%] Built target my_messages__rosidl_typesupport_c
[ 64%] [32m[1mLinking C shared library libmy_messages__rosidl_typesupport_introspection_c.so[0m
[ 64%] Built target my_messages__rosidl_typesupport_introspection_c
[ 66%] [32m[1mLinking CXX shared library libmy_messages__rosidl_typesupport_cpp.so[0m
[ 66%] Built target my_messages__rosidl_typesupport_cpp
[ 69%] [32m[1mLinking CXX shared library libmy_messages__rosidl_typesupport_introspection_cpp.so[0m
[ 69%] Built target my_messages__rosidl_typesupport_introspection_cpp
[ 71%] [32m[1mLinking CXX shared library libmy_messages__rosidl_typesupport_fastrtps_c.so[0m
[ 74%] [32m[1mLinking CXX shared library libmy_messages__rosidl_typesupport_fastrtps_cpp.so[0m
[ 74%] Built target my_messages__rosidl_typesupport_fastrtps_c
[ 74%] Built target my_messages__rosidl_typesupport_fastrtps_cpp
[ 74%] Built target my_messages
[ 76%] [34m[1mGenerating Python code for ROS interfaces[0m
[ 76%] Built target my_messages__py
[ 79%] [32mBuilding C object CMakeFiles/my_messages__rosidl_generator_py.dir/rosidl_generator_py/my_messages/msg/_two_ints_s.c.o[0m
[ 82%] [32mBuilding C object CMakeFiles/my_messages__rosidl_generator_py.dir/rosidl_generator_py/my_messages/srv/_calc_two_floats_s.c.o[0m
[ 84%] [32m[1mLinking C shared library rosidl_generator_py/my_messages/libmy_messages__rosidl_generator_py.so[0m
[ 84%] Built target my_messages__rosidl_generator_py
[ 92%] [32mBuilding C object CMakeFiles/my_messages__rosidl_typesupport_introspection_c__pyext.dir/rosidl_generator_py/my_messages/_my_messages_s.ep.rosidl_typesupport_introspection_c.c.o[0m
[ 92%] [32mBuilding C object CMakeFiles/my_messages__rosidl_typesupport_c__pyext.dir/rosidl_generator_py/my_messages/_my_messages_s.ep.rosidl_typesupport_c.c.o[0m
[ 92%] [32mBuilding C object CMakeFiles/my_messages__rosidl_typesupport_fastrtps_c__pyext.dir/rosidl_generator_py/my_messages/_my_messages_s.ep.rosidl_typesupport_fastrtps_c.c.o[0m
[ 94%] [32m[1mLinking C shared library rosidl_generator_py/my_messages/my_messages_s__rosidl_typesupport_c.cpython-310-x86_64-linux-gnu.so[0m
[ 97%] [32m[1mLinking C shared library rosidl_generator_py/my_messages/my_messages_s__rosidl_typesupport_introspection_c.cpython-310-x86_64-linux-gnu.so[0m
[100%] [32m[1mLinking C shared library rosidl_generator_py/my_messages/my_messages_s__rosidl_typesupport_fastrtps_c.cpython-310-x86_64-linux-gnu.so[0m
[100%] Built target my_messages__rosidl_typesupport_c__pyext
[100%] Built target my_messages__rosidl_typesupport_introspection_c__pyext
[100%] Built target my_messages__rosidl_typesupport_fastrtps_c__pyext
-- Install configuration: ""
-- Installing: /home/keisoku/ros2_studies/install/my_messages/share/ament_index/resource_index/rosidl_interfaces/my_messages
-- Installing: /home/keisoku/ros2_studies/install/my_messages/include/my_messages/my_messages
-- Installing: /home/keisoku/ros2_studies/install/my_messages/include/my_messages/my_messages/msg
-- Installing: /home/keisoku/ros2_studies/install/my_messages/include/my_messages/my_messages/msg/detail
-- Installing: /home/keisoku/ros2_studies/install/my_messages/include/my_messages/my_messages/msg/detail/two_ints__type_support.h
-- Installing: /home/keisoku/ros2_studies/install/my_messages/include/my_messages/my_messages/msg/detail/two_ints__functions.h
-- Installing: /home/keisoku/ros2_studies/install/my_messages/include/my_messages/my_messages/msg/detail/two_ints__functions.c
-- Installing: /home/keisoku/ros2_studies/install/my_messages/include/my_messages/my_messages/msg/detail/two_ints__struct.h
-- Installing: /home/keisoku/ros2_studies/install/my_messages/include/my_messages/my_messages/msg/two_ints.h
-- Installing: /home/keisoku/ros2_studies/install/my_messages/include/my_messages/my_messages/msg/rosidl_generator_c__visibility_control.h
-- Installing: /home/keisoku/ros2_studies/install/my_messages/include/my_messages/my_messages/srv
-- Installing: /home/keisoku/ros2_studies/install/my_messages/include/my_messages/my_messages/srv/detail
-- Installing: /home/keisoku/ros2_studies/install/my_messages/include/my_messages/my_messages/srv/detail/calc_two_floats__functions.c
-- Installing: /home/keisoku/ros2_studies/install/my_messages/include/my_messages/my_messages/srv/detail/calc_two_floats__struct.h
-- Installing: /home/keisoku/ros2_studies/install/my_messages/include/my_messages/my_messages/srv/detail/calc_two_floats__functions.h
-- Installing: /home/keisoku/ros2_studies/install/my_messages/include/my_messages/my_messages/srv/detail/calc_two_floats__type_support.h
-- Installing: /home/keisoku/ros2_studies/install/my_messages/include/my_messages/my_messages/srv/calc_two_floats.h
-- Installing: /home/keisoku/ros2_studies/install/my_messages/share/my_messages/environment/library_path.sh
-- Installing: /home/keisoku/ros2_studies/install/my_messages/share/my_messages/environment/library_path.dsv
-- Installing: /home/keisoku/ros2_studies/install/my_messages/lib/libmy_messages__rosidl_generator_c.so
-- Set runtime path of "/home/keisoku/ros2_studies/install/my_messages/lib/libmy_messages__rosidl_generator_c.so" to ""
-- Up-to-date: /home/keisoku/ros2_studies/install/my_messages/include/my_messages/my_messages
-- Up-to-date: /home/keisoku/ros2_studies/install/my_messages/include/my_messages/my_messages/msg
-- Installing: /home/keisoku/ros2_studies/install/my_messages/include/my_messages/my_messages/msg/rosidl_typesupport_fastrtps_c__visibility_control.h
-- Up-to-date: /home/keisoku/ros2_studies/install/my_messages/include/my_messages/my_messages/msg/detail
-- Installing: /home/keisoku/ros2_studies/install/my_messages/include/my_messages/my_messages/msg/detail/two_ints__rosidl_typesupport_fastrtps_c.h
-- Up-to-date: /home/keisoku/ros2_studies/install/my_messages/include/my_messages/my_messages/srv
-- Up-to-date: /home/keisoku/ros2_studies/install/my_messages/include/my_messages/my_messages/srv/detail
-- Installing: /home/keisoku/ros2_studies/install/my_messages/include/my_messages/my_messages/srv/detail/calc_two_floats__rosidl_typesupport_fastrtps_c.h
-- Installing: /home/keisoku/ros2_studies/install/my_messages/lib/libmy_messages__rosidl_typesupport_fastrtps_c.so
-- Set runtime path of "/home/keisoku/ros2_studies/install/my_messages/lib/libmy_messages__rosidl_typesupport_fastrtps_c.so" to ""
-- Up-to-date: /home/keisoku/ros2_studies/install/my_messages/include/my_messages/my_messages
-- Up-to-date: /home/keisoku/ros2_studies/install/my_messages/include/my_messages/my_messages/msg
-- Up-to-date: /home/keisoku/ros2_studies/install/my_messages/include/my_messages/my_messages/msg/detail
-- Installing: /home/keisoku/ros2_studies/install/my_messages/include/my_messages/my_messages/msg/detail/two_ints__rosidl_typesupport_introspection_c.h
-- Installing: /home/keisoku/ros2_studies/install/my_messages/include/my_messages/my_messages/msg/detail/two_ints__type_support.c
-- Installing: /home/keisoku/ros2_studies/install/my_messages/include/my_messages/my_messages/msg/rosidl_typesupport_introspection_c__visibility_control.h
-- Up-to-date: /home/keisoku/ros2_studies/install/my_messages/include/my_messages/my_messages/srv
-- Up-to-date: /home/keisoku/ros2_studies/install/my_messages/include/my_messages/my_messages/srv/detail
-- Installing: /home/keisoku/ros2_studies/install/my_messages/include/my_messages/my_messages/srv/detail/calc_two_floats__rosidl_typesupport_introspection_c.h
-- Installing: /home/keisoku/ros2_studies/install/my_messages/include/my_messages/my_messages/srv/detail/calc_two_floats__type_support.c
-- Installing: /home/keisoku/ros2_studies/install/my_messages/lib/libmy_messages__rosidl_typesupport_introspection_c.so
-- Set runtime path of "/home/keisoku/ros2_studies/install/my_messages/lib/libmy_messages__rosidl_typesupport_introspection_c.so" to ""
-- Installing: /home/keisoku/ros2_studies/install/my_messages/lib/libmy_messages__rosidl_typesupport_c.so
-- Set runtime path of "/home/keisoku/ros2_studies/install/my_messages/lib/libmy_messages__rosidl_typesupport_c.so" to ""
-- Up-to-date: /home/keisoku/ros2_studies/install/my_messages/include/my_messages/my_messages
-- Up-to-date: /home/keisoku/ros2_studies/install/my_messages/include/my_messages/my_messages/msg
-- Up-to-date: /home/keisoku/ros2_studies/install/my_messages/include/my_messages/my_messages/msg/detail
-- Installing: /home/keisoku/ros2_studies/install/my_messages/include/my_messages/my_messages/msg/detail/two_ints__struct.hpp
-- Installing: /home/keisoku/ros2_studies/install/my_messages/include/my_messages/my_messages/msg/detail/two_ints__traits.hpp
-- Installing: /home/keisoku/ros2_studies/install/my_messages/include/my_messages/my_messages/msg/detail/two_ints__builder.hpp
-- Installing: /home/keisoku/ros2_studies/install/my_messages/include/my_messages/my_messages/msg/two_ints.hpp
-- Up-to-date: /home/keisoku/ros2_studies/install/my_messages/include/my_messages/my_messages/srv
-- Up-to-date: /home/keisoku/ros2_studies/install/my_messages/include/my_messages/my_messages/srv/detail
-- Installing: /home/keisoku/ros2_studies/install/my_messages/include/my_messages/my_messages/srv/detail/calc_two_floats__builder.hpp
-- Installing: /home/keisoku/ros2_studies/install/my_messages/include/my_messages/my_messages/srv/detail/calc_two_floats__struct.hpp
-- Installing: /home/keisoku/ros2_studies/install/my_messages/include/my_messages/my_messages/srv/detail/calc_two_floats__traits.hpp
-- Installing: /home/keisoku/ros2_studies/install/my_messages/include/my_messages/my_messages/srv/calc_two_floats.hpp
-- Up-to-date: /home/keisoku/ros2_studies/install/my_messages/include/my_messages/my_messages
-- Up-to-date: /home/keisoku/ros2_studies/install/my_messages/include/my_messages/my_messages/msg
-- Up-to-date: /home/keisoku/ros2_studies/install/my_messages/include/my_messages/my_messages/msg/detail
-- Installing: /home/keisoku/ros2_studies/install/my_messages/include/my_messages/my_messages/msg/detail/two_ints__rosidl_typesupport_fastrtps_cpp.hpp
-- Installing: /home/keisoku/ros2_studies/install/my_messages/include/my_messages/my_messages/msg/detail/dds_fastrtps
-- Installing: /home/keisoku/ros2_studies/install/my_messages/include/my_messages/my_messages/msg/rosidl_typesupport_fastrtps_cpp__visibility_control.h
-- Up-to-date: /home/keisoku/ros2_studies/install/my_messages/include/my_messages/my_messages/srv
-- Up-to-date: /home/keisoku/ros2_studies/install/my_messages/include/my_messages/my_messages/srv/detail
-- Installing: /home/keisoku/ros2_studies/install/my_messages/include/my_messages/my_messages/srv/detail/calc_two_floats__rosidl_typesupport_fastrtps_cpp.hpp
-- Installing: /home/keisoku/ros2_studies/install/my_messages/include/my_messages/my_messages/srv/detail/dds_fastrtps
-- Installing: /home/keisoku/ros2_studies/install/my_messages/lib/libmy_messages__rosidl_typesupport_fastrtps_cpp.so
-- Set runtime path of "/home/keisoku/ros2_studies/install/my_messages/lib/libmy_messages__rosidl_typesupport_fastrtps_cpp.so" to ""
-- Up-to-date: /home/keisoku/ros2_studies/install/my_messages/include/my_messages/my_messages
-- Up-to-date: /home/keisoku/ros2_studies/install/my_messages/include/my_messages/my_messages/msg
-- Up-to-date: /home/keisoku/ros2_studies/install/my_messages/include/my_messages/my_messages/msg/detail
-- Installing: /home/keisoku/ros2_studies/install/my_messages/include/my_messages/my_messages/msg/detail/two_ints__type_support.cpp
-- Installing: /home/keisoku/ros2_studies/install/my_messages/include/my_messages/my_messages/msg/detail/two_ints__rosidl_typesupport_introspection_cpp.hpp
-- Up-to-date: /home/keisoku/ros2_studies/install/my_messages/include/my_messages/my_messages/srv
-- Up-to-date: /home/keisoku/ros2_studies/install/my_messages/include/my_messages/my_messages/srv/detail
-- Installing: /home/keisoku/ros2_studies/install/my_messages/include/my_messages/my_messages/srv/detail/calc_two_floats__type_support.cpp
-- Installing: /home/keisoku/ros2_studies/install/my_messages/include/my_messages/my_messages/srv/detail/calc_two_floats__rosidl_typesupport_introspection_cpp.hpp
-- Installing: /home/keisoku/ros2_studies/install/my_messages/lib/libmy_messages__rosidl_typesupport_introspection_cpp.so
-- Set runtime path of "/home/keisoku/ros2_studies/install/my_messages/lib/libmy_messages__rosidl_typesupport_introspection_cpp.so" to ""
-- Installing: /home/keisoku/ros2_studies/install/my_messages/lib/libmy_messages__rosidl_typesupport_cpp.so
-- Set runtime path of "/home/keisoku/ros2_studies/install/my_messages/lib/libmy_messages__rosidl_typesupport_cpp.so" to ""
-- Installing: /home/keisoku/ros2_studies/install/my_messages/share/my_messages/environment/pythonpath.sh
-- Installing: /home/keisoku/ros2_studies/install/my_messages/share/my_messages/environment/pythonpath.dsv
-- Installing: /home/keisoku/ros2_studies/install/my_messages/local/lib/python3.10/dist-packages/my_messages-0.0.0-py3.10.egg-info
-- Installing: /home/keisoku/ros2_studies/install/my_messages/local/lib/python3.10/dist-packages/my_messages-0.0.0-py3.10.egg-info/dependency_links.txt
-- Installing: /home/keisoku/ros2_studies/install/my_messages/local/lib/python3.10/dist-packages/my_messages-0.0.0-py3.10.egg-info/PKG-INFO
-- Installing: /home/keisoku/ros2_studies/install/my_messages/local/lib/python3.10/dist-packages/my_messages-0.0.0-py3.10.egg-info/top_level.txt
-- Installing: /home/keisoku/ros2_studies/install/my_messages/local/lib/python3.10/dist-packages/my_messages-0.0.0-py3.10.egg-info/SOURCES.txt
-- Installing: /home/keisoku/ros2_studies/install/my_messages/local/lib/python3.10/dist-packages/my_messages
-- Installing: /home/keisoku/ros2_studies/install/my_messages/local/lib/python3.10/dist-packages/my_messages/_my_messages_s.ep.rosidl_typesupport_c.c
-- Installing: /home/keisoku/ros2_studies/install/my_messages/local/lib/python3.10/dist-packages/my_messages/__init__.py
-- Installing: /home/keisoku/ros2_studies/install/my_messages/local/lib/python3.10/dist-packages/my_messages/msg
-- Installing: /home/keisoku/ros2_studies/install/my_messages/local/lib/python3.10/dist-packages/my_messages/msg/__init__.py
-- Installing: /home/keisoku/ros2_studies/install/my_messages/local/lib/python3.10/dist-packages/my_messages/msg/_two_ints_s.c
-- Installing: /home/keisoku/ros2_studies/install/my_messages/local/lib/python3.10/dist-packages/my_messages/msg/_two_ints.py
-- Installing: /home/keisoku/ros2_studies/install/my_messages/local/lib/python3.10/dist-packages/my_messages/libmy_messages__rosidl_generator_py.so
-- Installing: /home/keisoku/ros2_studies/install/my_messages/local/lib/python3.10/dist-packages/my_messages/_my_messages_s.ep.rosidl_typesupport_fastrtps_c.c
-- Installing: /home/keisoku/ros2_studies/install/my_messages/local/lib/python3.10/dist-packages/my_messages/my_messages_s__rosidl_typesupport_fastrtps_c.cpython-310-x86_64-linux-gnu.so
-- Installing: /home/keisoku/ros2_studies/install/my_messages/local/lib/python3.10/dist-packages/my_messages/_my_messages_s.ep.rosidl_typesupport_introspection_c.c
-- Installing: /home/keisoku/ros2_studies/install/my_messages/local/lib/python3.10/dist-packages/my_messages/srv
-- Installing: /home/keisoku/ros2_studies/install/my_messages/local/lib/python3.10/dist-packages/my_messages/srv/_calc_two_floats.py
-- Installing: /home/keisoku/ros2_studies/install/my_messages/local/lib/python3.10/dist-packages/my_messages/srv/__init__.py
-- Installing: /home/keisoku/ros2_studies/install/my_messages/local/lib/python3.10/dist-packages/my_messages/srv/_calc_two_floats_s.c
-- Installing: /home/keisoku/ros2_studies/install/my_messages/local/lib/python3.10/dist-packages/my_messages/my_messages_s__rosidl_typesupport_introspection_c.cpython-310-x86_64-linux-gnu.so
-- Installing: /home/keisoku/ros2_studies/install/my_messages/local/lib/python3.10/dist-packages/my_messages/my_messages_s__rosidl_typesupport_c.cpython-310-x86_64-linux-gnu.so
Listing '/home/keisoku/ros2_studies/install/my_messages/local/lib/python3.10/dist-packages/my_messages'...
Compiling '/home/keisoku/ros2_studies/install/my_messages/local/lib/python3.10/dist-packages/my_messages/__init__.py'...
Listing '/home/keisoku/ros2_studies/install/my_messages/local/lib/python3.10/dist-packages/my_messages/msg'...
Compiling '/home/keisoku/ros2_studies/install/my_messages/local/lib/python3.10/dist-packages/my_messages/msg/__init__.py'...
Compiling '/home/keisoku/ros2_studies/install/my_messages/local/lib/python3.10/dist-packages/my_messages/msg/_two_ints.py'...
Listing '/home/keisoku/ros2_studies/install/my_messages/local/lib/python3.10/dist-packages/my_messages/srv'...
Compiling '/home/keisoku/ros2_studies/install/my_messages/local/lib/python3.10/dist-packages/my_messages/srv/__init__.py'...
Compiling '/home/keisoku/ros2_studies/install/my_messages/local/lib/python3.10/dist-packages/my_messages/srv/_calc_two_floats.py'...
-- Installing: /home/keisoku/ros2_studies/install/my_messages/local/lib/python3.10/dist-packages/my_messages/my_messages_s__rosidl_typesupport_fastrtps_c.cpython-310-x86_64-linux-gnu.so
-- Set runtime path of "/home/keisoku/ros2_studies/install/my_messages/local/lib/python3.10/dist-packages/my_messages/my_messages_s__rosidl_typesupport_fastrtps_c.cpython-310-x86_64-linux-gnu.so" to ""
-- Installing: /home/keisoku/ros2_studies/install/my_messages/local/lib/python3.10/dist-packages/my_messages/my_messages_s__rosidl_typesupport_introspection_c.cpython-310-x86_64-linux-gnu.so
-- Set runtime path of "/home/keisoku/ros2_studies/install/my_messages/local/lib/python3.10/dist-packages/my_messages/my_messages_s__rosidl_typesupport_introspection_c.cpython-310-x86_64-linux-gnu.so" to ""
-- Installing: /home/keisoku/ros2_studies/install/my_messages/local/lib/python3.10/dist-packages/my_messages/my_messages_s__rosidl_typesupport_c.cpython-310-x86_64-linux-gnu.so
-- Set runtime path of "/home/keisoku/ros2_studies/install/my_messages/local/lib/python3.10/dist-packages/my_messages/my_messages_s__rosidl_typesupport_c.cpython-310-x86_64-linux-gnu.so" to ""
-- Installing: /home/keisoku/ros2_studies/install/my_messages/lib/libmy_messages__rosidl_generator_py.so
-- Set runtime path of "/home/keisoku/ros2_studies/install/my_messages/lib/libmy_messages__rosidl_generator_py.so" to ""
-- Installing: /home/keisoku/ros2_studies/install/my_messages/share/my_messages/msg/TwoInts.idl
-- Installing: /home/keisoku/ros2_studies/install/my_messages/share/my_messages/srv/CalcTwoFloats.idl
-- Installing: /home/keisoku/ros2_studies/install/my_messages/share/my_messages/msg/TwoInts.msg
-- Installing: /home/keisoku/ros2_studies/install/my_messages/share/my_messages/srv/CalcTwoFloats.srv
-- Installing: /home/keisoku/ros2_studies/install/my_messages/share/my_messages/srv/CalcTwoFloats_Request.msg
-- Installing: /home/keisoku/ros2_studies/install/my_messages/share/my_messages/srv/CalcTwoFloats_Response.msg
-- Installing: /home/keisoku/ros2_studies/install/my_messages/share/ament_index/resource_index/package_run_dependencies/my_messages
-- Installing: /home/keisoku/ros2_studies/install/my_messages/share/ament_index/resource_index/parent_prefix_path/my_messages
-- Installing: /home/keisoku/ros2_studies/install/my_messages/share/my_messages/environment/ament_prefix_path.sh
-- Installing: /home/keisoku/ros2_studies/install/my_messages/share/my_messages/environment/ament_prefix_path.dsv
-- Installing: /home/keisoku/ros2_studies/install/my_messages/share/my_messages/environment/path.sh
-- Installing: /home/keisoku/ros2_studies/install/my_messages/share/my_messages/environment/path.dsv
-- Installing: /home/keisoku/ros2_studies/install/my_messages/share/my_messages/local_setup.bash
-- Installing: /home/keisoku/ros2_studies/install/my_messages/share/my_messages/local_setup.sh
-- Installing: /home/keisoku/ros2_studies/install/my_messages/share/my_messages/local_setup.zsh
-- Installing: /home/keisoku/ros2_studies/install/my_messages/share/my_messages/local_setup.dsv
-- Installing: /home/keisoku/ros2_studies/install/my_messages/share/my_messages/package.dsv
-- Installing: /home/keisoku/ros2_studies/install/my_messages/share/ament_index/resource_index/packages/my_messages
-- Installing: /home/keisoku/ros2_studies/install/my_messages/share/my_messages/cmake/export_my_messages__rosidl_generator_cExport.cmake
-- Installing: /home/keisoku/ros2_studies/install/my_messages/share/my_messages/cmake/export_my_messages__rosidl_generator_cExport-noconfig.cmake
-- Installing: /home/keisoku/ros2_studies/install/my_messages/share/my_messages/cmake/export_my_messages__rosidl_typesupport_fastrtps_cExport.cmake
-- Installing: /home/keisoku/ros2_studies/install/my_messages/share/my_messages/cmake/export_my_messages__rosidl_typesupport_fastrtps_cExport-noconfig.cmake
-- Installing: /home/keisoku/ros2_studies/install/my_messages/share/my_messages/cmake/my_messages__rosidl_typesupport_introspection_cExport.cmake
-- Installing: /home/keisoku/ros2_studies/install/my_messages/share/my_messages/cmake/my_messages__rosidl_typesupport_introspection_cExport-noconfig.cmake
-- Installing: /home/keisoku/ros2_studies/install/my_messages/share/my_messages/cmake/my_messages__rosidl_typesupport_cExport.cmake
-- Installing: /home/keisoku/ros2_studies/install/my_messages/share/my_messages/cmake/my_messages__rosidl_typesupport_cExport-noconfig.cmake
-- Installing: /home/keisoku/ros2_studies/install/my_messages/share/my_messages/cmake/export_my_messages__rosidl_generator_cppExport.cmake
-- Installing: /home/keisoku/ros2_studies/install/my_messages/share/my_messages/cmake/export_my_messages__rosidl_typesupport_fastrtps_cppExport.cmake
-- Installing: /home/keisoku/ros2_studies/install/my_messages/share/my_messages/cmake/export_my_messages__rosidl_typesupport_fastrtps_cppExport-noconfig.cmake
-- Installing: /home/keisoku/ros2_studies/install/my_messages/share/my_messages/cmake/my_messages__rosidl_typesupport_introspection_cppExport.cmake
-- Installing: /home/keisoku/ros2_studies/install/my_messages/share/my_messages/cmake/my_messages__rosidl_typesupport_introspection_cppExport-noconfig.cmake
-- Installing: /home/keisoku/ros2_studies/install/my_messages/share/my_messages/cmake/my_messages__rosidl_typesupport_cppExport.cmake
-- Installing: /home/keisoku/ros2_studies/install/my_messages/share/my_messages/cmake/my_messages__rosidl_typesupport_cppExport-noconfig.cmake
-- Installing: /home/keisoku/ros2_studies/install/my_messages/share/my_messages/cmake/export_my_messages__rosidl_generator_pyExport.cmake
-- Installing: /home/keisoku/ros2_studies/install/my_messages/share/my_messages/cmake/export_my_messages__rosidl_generator_pyExport-noconfig.cmake
-- Installing: /home/keisoku/ros2_studies/install/my_messages/share/my_messages/cmake/rosidl_cmake-extras.cmake
-- Installing: /home/keisoku/ros2_studies/install/my_messages/share/my_messages/cmake/ament_cmake_export_include_directories-extras.cmake
-- Installing: /home/keisoku/ros2_studies/install/my_messages/share/my_messages/cmake/ament_cmake_export_libraries-extras.cmake
-- Installing: /home/keisoku/ros2_studies/install/my_messages/share/my_messages/cmake/ament_cmake_export_targets-extras.cmake
-- Installing: /home/keisoku/ros2_studies/install/my_messages/share/my_messages/cmake/rosidl_cmake_export_typesupport_targets-extras.cmake
-- Installing: /home/keisoku/ros2_studies/install/my_messages/share/my_messages/cmake/ament_cmake_export_dependencies-extras.cmake
-- Installing: /home/keisoku/ros2_studies/install/my_messages/share/my_messages/cmake/rosidl_cmake_export_typesupport_libraries-extras.cmake
-- Installing: /home/keisoku/ros2_studies/install/my_messages/share/my_messages/cmake/my_messagesConfig.cmake
-- Installing: /home/keisoku/ros2_studies/install/my_messages/share/my_messages/cmake/my_messagesConfig-version.cmake
-- Installing: /home/keisoku/ros2_studies/install/my_messages/share/my_messages/package.xml
