[0.014s] Invoking command in '/home/keisoku/ros2_studies/build/my_messages': CMAKE_PREFIX_PATH=/opt/ros/humble /usr/bin/cmake /home/keisoku/ros2_studies/src/my_messages -DCMAKE_INSTALL_PREFIX=/home/keisoku/ros2_studies/install/my_messages
[0.021s] -- Found ament_cmake: 1.3.3 (/opt/ros/humble/share/ament_cmake/cmake)
[0.117s] -- Found rosidl_default_generators: 1.2.0 (/opt/ros/humble/share/rosidl_default_generators/cmake)
[0.120s] -- Using all available rosidl_typesupport_c: rosidl_typesupport_fastrtps_c;rosidl_typesupport_introspection_c
[0.120s] -- Found rosidl_adapter: 3.1.4 (/opt/ros/humble/share/rosidl_adapter/cmake)
[0.141s] -- Using all available rosidl_typesupport_cpp: rosidl_typesupport_fastrtps_cpp;rosidl_typesupport_introspection_cpp
[0.314s] -- Found ament_cmake_ros: 0.10.0 (/opt/ros/humble/share/ament_cmake_ros/cmake)
[0.431s] -- Using all available rosidl_typesupport_c: rosidl_typesupport_fastrtps_c;rosidl_typesupport_introspection_c
[0.575s] -- Using all available rosidl_typesupport_cpp: rosidl_typesupport_fastrtps_cpp;rosidl_typesupport_introspection_cpp
[0.589s] -- Found PythonInterp: /usr/bin/python3 (found suitable version "3.10.6", minimum required is "3.6") 
[0.590s] -- Found python_cmake_module: 0.10.0 (/opt/ros/humble/share/python_cmake_module/cmake)
[0.606s] -- Found PythonLibs: /usr/lib/x86_64-linux-gnu/libpython3.10.so (found suitable version "3.10.6", minimum required is "3.5") 
[0.606s] -- Using PYTHON_EXECUTABLE: /usr/bin/python3
[0.606s] -- Using PYTHON_INCLUDE_DIRS: /usr/include/python3.10
[0.606s] -- Using PYTHON_LIBRARIES: /usr/lib/x86_64-linux-gnu/libpython3.10.so
[0.619s] -- Found PythonExtra: .so  
[0.644s] -- Configuring done
[0.661s] -- Generating done
[0.662s] -- Build files have been written to: /home/keisoku/ros2_studies/build/my_messages
[0.665s] Invoked command in '/home/keisoku/ros2_studies/build/my_messages' returned '0': CMAKE_PREFIX_PATH=/opt/ros/humble /usr/bin/cmake /home/keisoku/ros2_studies/src/my_messages -DCMAKE_INSTALL_PREFIX=/home/keisoku/ros2_studies/install/my_messages
[0.666s] Invoking command in '/home/keisoku/ros2_studies/build/my_messages': CMAKE_PREFIX_PATH=/opt/ros/humble /usr/bin/cmake --build /home/keisoku/ros2_studies/build/my_messages -- -j20 -l20
[0.685s] [  2%] [34m[1mGenerating C code for ROS interfaces[0m
[0.690s] [  5%] [34m[1mGenerating C++ code for ROS interfaces[0m
[0.694s] [  5%] Built target ament_cmake_python_copy_my_messages
[0.853s] running egg_info
[0.854s] creating my_messages.egg-info
[0.854s] writing my_messages.egg-info/PKG-INFO
[0.854s] writing dependency_links to my_messages.egg-info/dependency_links.txt
[0.854s] writing top-level names to my_messages.egg-info/top_level.txt
[0.854s] writing manifest file 'my_messages.egg-info/SOURCES.txt'
[0.856s] reading manifest file 'my_messages.egg-info/SOURCES.txt'
[0.856s] writing manifest file 'my_messages.egg-info/SOURCES.txt'
[0.871s] [  5%] Built target ament_cmake_python_build_my_messages_egg
[0.889s] [  5%] Built target my_messages__cpp
[0.894s] [  7%] [34m[1mGenerating C++ type support for eProsima Fast-RTPS[0m
[0.895s] [ 10%] [34m[1mGenerating C++ introspection for ROS interfaces[0m
[0.895s] [ 12%] [34m[1mGenerating C++ type support dispatch for ROS interfaces[0m
[0.900s] [ 17%] [32mBuilding C object CMakeFiles/my_messages__rosidl_generator_c.dir/rosidl_generator_c/my_messages/msg/detail/two_ints__functions.c.o[0m
[0.900s] [ 17%] [32mBuilding C object CMakeFiles/my_messages__rosidl_generator_c.dir/rosidl_generator_c/my_messages/srv/detail/calc_two_floats__functions.c.o[0m
[0.938s] [ 20%] [32m[1mLinking C shared library libmy_messages__rosidl_generator_c.so[0m
[0.958s] [ 20%] Built target my_messages__rosidl_generator_c
[0.963s] [ 28%] [34m[1mGenerating C type support dispatch for ROS interfaces[0m
[0.964s] [ 28%] [34m[1mGenerating C introspection for ROS interfaces[0m
[0.964s] [ 28%] [34m[1mGenerating C type support for eProsima Fast-RTPS[0m
[1.066s] [ 33%] [32mBuilding CXX object CMakeFiles/my_messages__rosidl_typesupport_cpp.dir/rosidl_typesupport_cpp/my_messages/msg/two_ints__type_support.cpp.o[0m
[1.066s] [ 33%] [32mBuilding CXX object CMakeFiles/my_messages__rosidl_typesupport_cpp.dir/rosidl_typesupport_cpp/my_messages/srv/calc_two_floats__type_support.cpp.o[0m
[1.083s] [ 38%] [32mBuilding CXX object CMakeFiles/my_messages__rosidl_typesupport_introspection_cpp.dir/rosidl_typesupport_introspection_cpp/my_messages/msg/detail/two_ints__type_support.cpp.o[0m
[1.083s] [ 38%] [32mBuilding CXX object CMakeFiles/my_messages__rosidl_typesupport_introspection_cpp.dir/rosidl_typesupport_introspection_cpp/my_messages/srv/detail/calc_two_floats__type_support.cpp.o[0m
[1.098s] [ 43%] [32mBuilding CXX object CMakeFiles/my_messages__rosidl_typesupport_fastrtps_cpp.dir/rosidl_typesupport_fastrtps_cpp/my_messages/msg/detail/dds_fastrtps/two_ints__type_support.cpp.o[0m
[1.098s] [ 43%] [32mBuilding CXX object CMakeFiles/my_messages__rosidl_typesupport_fastrtps_cpp.dir/rosidl_typesupport_fastrtps_cpp/my_messages/srv/detail/dds_fastrtps/calc_two_floats__type_support.cpp.o[0m
[1.137s] [ 48%] [32mBuilding CXX object CMakeFiles/my_messages__rosidl_typesupport_c.dir/rosidl_typesupport_c/my_messages/msg/two_ints__type_support.cpp.o[0m
[1.137s] [ 48%] [32mBuilding CXX object CMakeFiles/my_messages__rosidl_typesupport_c.dir/rosidl_typesupport_c/my_messages/srv/calc_two_floats__type_support.cpp.o[0m
[1.156s] [ 51%] [32m[1mLinking CXX shared library libmy_messages__rosidl_typesupport_c.so[0m
[1.163s] [ 56%] [32mBuilding C object CMakeFiles/my_messages__rosidl_typesupport_introspection_c.dir/rosidl_typesupport_introspection_c/my_messages/srv/detail/calc_two_floats__type_support.c.o[0m
[1.164s] [ 56%] [32mBuilding C object CMakeFiles/my_messages__rosidl_typesupport_introspection_c.dir/rosidl_typesupport_introspection_c/my_messages/msg/detail/two_ints__type_support.c.o[0m
[1.170s] [ 61%] [32mBuilding CXX object CMakeFiles/my_messages__rosidl_typesupport_fastrtps_c.dir/rosidl_typesupport_fastrtps_c/my_messages/msg/detail/two_ints__type_support_c.cpp.o[0m
[1.170s] [ 61%] [32mBuilding CXX object CMakeFiles/my_messages__rosidl_typesupport_fastrtps_c.dir/rosidl_typesupport_fastrtps_c/my_messages/srv/detail/calc_two_floats__type_support_c.cpp.o[0m
[1.183s] [ 61%] Built target my_messages__rosidl_typesupport_c
[1.184s] [ 64%] [32m[1mLinking C shared library libmy_messages__rosidl_typesupport_introspection_c.so[0m
[1.203s] [ 64%] Built target my_messages__rosidl_typesupport_introspection_c
[1.302s] [ 66%] [32m[1mLinking CXX shared library libmy_messages__rosidl_typesupport_cpp.so[0m
[1.327s] [ 66%] Built target my_messages__rosidl_typesupport_cpp
[1.344s] [ 69%] [32m[1mLinking CXX shared library libmy_messages__rosidl_typesupport_introspection_cpp.so[0m
[1.369s] [ 69%] Built target my_messages__rosidl_typesupport_introspection_cpp
[1.406s] [ 71%] [32m[1mLinking CXX shared library libmy_messages__rosidl_typesupport_fastrtps_c.so[0m
[1.428s] [ 74%] [32m[1mLinking CXX shared library libmy_messages__rosidl_typesupport_fastrtps_cpp.so[0m
[1.447s] [ 74%] Built target my_messages__rosidl_typesupport_fastrtps_c
[1.470s] [ 74%] Built target my_messages__rosidl_typesupport_fastrtps_cpp
[1.479s] [ 74%] Built target my_messages
[1.488s] [ 76%] [34m[1mGenerating Python code for ROS interfaces[0m
[1.768s] [ 76%] Built target my_messages__py
[1.777s] [ 79%] [32mBuilding C object CMakeFiles/my_messages__rosidl_generator_py.dir/rosidl_generator_py/my_messages/msg/_two_ints_s.c.o[0m
[1.777s] [ 82%] [32mBuilding C object CMakeFiles/my_messages__rosidl_generator_py.dir/rosidl_generator_py/my_messages/srv/_calc_two_floats_s.c.o[0m
[1.841s] [ 84%] [32m[1mLinking C shared library rosidl_generator_py/my_messages/libmy_messages__rosidl_generator_py.so[0m
[1.862s] [ 84%] Built target my_messages__rosidl_generator_py
[1.872s] [ 92%] [32mBuilding C object CMakeFiles/my_messages__rosidl_typesupport_introspection_c__pyext.dir/rosidl_generator_py/my_messages/_my_messages_s.ep.rosidl_typesupport_introspection_c.c.o[0m
[1.872s] [ 92%] [32mBuilding C object CMakeFiles/my_messages__rosidl_typesupport_c__pyext.dir/rosidl_generator_py/my_messages/_my_messages_s.ep.rosidl_typesupport_c.c.o[0m
[1.872s] [ 92%] [32mBuilding C object CMakeFiles/my_messages__rosidl_typesupport_fastrtps_c__pyext.dir/rosidl_generator_py/my_messages/_my_messages_s.ep.rosidl_typesupport_fastrtps_c.c.o[0m
[1.930s] [ 94%] [32m[1mLinking C shared library rosidl_generator_py/my_messages/my_messages_s__rosidl_typesupport_c.cpython-310-x86_64-linux-gnu.so[0m
[1.930s] [ 97%] [32m[1mLinking C shared library rosidl_generator_py/my_messages/my_messages_s__rosidl_typesupport_introspection_c.cpython-310-x86_64-linux-gnu.so[0m
[1.931s] [100%] [32m[1mLinking C shared library rosidl_generator_py/my_messages/my_messages_s__rosidl_typesupport_fastrtps_c.cpython-310-x86_64-linux-gnu.so[0m
[1.947s] [100%] Built target my_messages__rosidl_typesupport_c__pyext
[1.947s] [100%] Built target my_messages__rosidl_typesupport_introspection_c__pyext
[1.949s] [100%] Built target my_messages__rosidl_typesupport_fastrtps_c__pyext
[1.955s] Invoked command in '/home/keisoku/ros2_studies/build/my_messages' returned '0': CMAKE_PREFIX_PATH=/opt/ros/humble /usr/bin/cmake --build /home/keisoku/ros2_studies/build/my_messages -- -j20 -l20
[1.989s] Invoking command in '/home/keisoku/ros2_studies/build/my_messages': CMAKE_PREFIX_PATH=/opt/ros/humble /usr/bin/cmake --install /home/keisoku/ros2_studies/build/my_messages
[1.993s] -- Install configuration: ""
[1.993s] -- Installing: /home/keisoku/ros2_studies/install/my_messages/share/ament_index/resource_index/rosidl_interfaces/my_messages
[1.993s] -- Installing: /home/keisoku/ros2_studies/install/my_messages/include/my_messages/my_messages
[1.993s] -- Installing: /home/keisoku/ros2_studies/install/my_messages/include/my_messages/my_messages/msg
[1.994s] -- Installing: /home/keisoku/ros2_studies/install/my_messages/include/my_messages/my_messages/msg/detail
[1.994s] -- Installing: /home/keisoku/ros2_studies/install/my_messages/include/my_messages/my_messages/msg/detail/two_ints__type_support.h
[1.994s] -- Installing: /home/keisoku/ros2_studies/install/my_messages/include/my_messages/my_messages/msg/detail/two_ints__functions.h
[1.994s] -- Installing: /home/keisoku/ros2_studies/install/my_messages/include/my_messages/my_messages/msg/detail/two_ints__functions.c
[1.994s] -- Installing: /home/keisoku/ros2_studies/install/my_messages/include/my_messages/my_messages/msg/detail/two_ints__struct.h
[1.994s] -- Installing: /home/keisoku/ros2_studies/install/my_messages/include/my_messages/my_messages/msg/two_ints.h
[1.994s] -- Installing: /home/keisoku/ros2_studies/install/my_messages/include/my_messages/my_messages/msg/rosidl_generator_c__visibility_control.h
[1.994s] -- Installing: /home/keisoku/ros2_studies/install/my_messages/include/my_messages/my_messages/srv
[1.994s] -- Installing: /home/keisoku/ros2_studies/install/my_messages/include/my_messages/my_messages/srv/detail
[1.994s] -- Installing: /home/keisoku/ros2_studies/install/my_messages/include/my_messages/my_messages/srv/detail/calc_two_floats__functions.c
[1.994s] -- Installing: /home/keisoku/ros2_studies/install/my_messages/include/my_messages/my_messages/srv/detail/calc_two_floats__struct.h
[1.994s] -- Installing: /home/keisoku/ros2_studies/install/my_messages/include/my_messages/my_messages/srv/detail/calc_two_floats__functions.h
[1.994s] -- Installing: /home/keisoku/ros2_studies/install/my_messages/include/my_messages/my_messages/srv/detail/calc_two_floats__type_support.h
[1.994s] -- Installing: /home/keisoku/ros2_studies/install/my_messages/include/my_messages/my_messages/srv/calc_two_floats.h
[1.994s] -- Installing: /home/keisoku/ros2_studies/install/my_messages/share/my_messages/environment/library_path.sh
[1.994s] -- Installing: /home/keisoku/ros2_studies/install/my_messages/share/my_messages/environment/library_path.dsv
[1.994s] -- Installing: /home/keisoku/ros2_studies/install/my_messages/lib/libmy_messages__rosidl_generator_c.so
[1.994s] -- Set runtime path of "/home/keisoku/ros2_studies/install/my_messages/lib/libmy_messages__rosidl_generator_c.so" to ""
[1.995s] -- Up-to-date: /home/keisoku/ros2_studies/install/my_messages/include/my_messages/my_messages
[1.995s] -- Up-to-date: /home/keisoku/ros2_studies/install/my_messages/include/my_messages/my_messages/msg
[1.995s] -- Installing: /home/keisoku/ros2_studies/install/my_messages/include/my_messages/my_messages/msg/rosidl_typesupport_fastrtps_c__visibility_control.h
[1.995s] -- Up-to-date: /home/keisoku/ros2_studies/install/my_messages/include/my_messages/my_messages/msg/detail
[1.995s] -- Installing: /home/keisoku/ros2_studies/install/my_messages/include/my_messages/my_messages/msg/detail/two_ints__rosidl_typesupport_fastrtps_c.h
[1.995s] -- Up-to-date: /home/keisoku/ros2_studies/install/my_messages/include/my_messages/my_messages/srv
[1.995s] -- Up-to-date: /home/keisoku/ros2_studies/install/my_messages/include/my_messages/my_messages/srv/detail
[1.995s] -- Installing: /home/keisoku/ros2_studies/install/my_messages/include/my_messages/my_messages/srv/detail/calc_two_floats__rosidl_typesupport_fastrtps_c.h
[1.995s] -- Installing: /home/keisoku/ros2_studies/install/my_messages/lib/libmy_messages__rosidl_typesupport_fastrtps_c.so
[1.995s] -- Set runtime path of "/home/keisoku/ros2_studies/install/my_messages/lib/libmy_messages__rosidl_typesupport_fastrtps_c.so" to ""
[1.995s] -- Up-to-date: /home/keisoku/ros2_studies/install/my_messages/include/my_messages/my_messages
[1.995s] -- Up-to-date: /home/keisoku/ros2_studies/install/my_messages/include/my_messages/my_messages/msg
[1.995s] -- Up-to-date: /home/keisoku/ros2_studies/install/my_messages/include/my_messages/my_messages/msg/detail
[1.995s] -- Installing: /home/keisoku/ros2_studies/install/my_messages/include/my_messages/my_messages/msg/detail/two_ints__rosidl_typesupport_introspection_c.h
[1.995s] -- Installing: /home/keisoku/ros2_studies/install/my_messages/include/my_messages/my_messages/msg/detail/two_ints__type_support.c
[1.995s] -- Installing: /home/keisoku/ros2_studies/install/my_messages/include/my_messages/my_messages/msg/rosidl_typesupport_introspection_c__visibility_control.h
[1.995s] -- Up-to-date: /home/keisoku/ros2_studies/install/my_messages/include/my_messages/my_messages/srv
[1.995s] -- Up-to-date: /home/keisoku/ros2_studies/install/my_messages/include/my_messages/my_messages/srv/detail
[1.995s] -- Installing: /home/keisoku/ros2_studies/install/my_messages/include/my_messages/my_messages/srv/detail/calc_two_floats__rosidl_typesupport_introspection_c.h
[1.996s] -- Installing: /home/keisoku/ros2_studies/install/my_messages/include/my_messages/my_messages/srv/detail/calc_two_floats__type_support.c
[1.996s] -- Installing: /home/keisoku/ros2_studies/install/my_messages/lib/libmy_messages__rosidl_typesupport_introspection_c.so
[1.996s] -- Set runtime path of "/home/keisoku/ros2_studies/install/my_messages/lib/libmy_messages__rosidl_typesupport_introspection_c.so" to ""
[1.996s] -- Installing: /home/keisoku/ros2_studies/install/my_messages/lib/libmy_messages__rosidl_typesupport_c.so
[1.996s] -- Set runtime path of "/home/keisoku/ros2_studies/install/my_messages/lib/libmy_messages__rosidl_typesupport_c.so" to ""
[1.996s] -- Up-to-date: /home/keisoku/ros2_studies/install/my_messages/include/my_messages/my_messages
[1.996s] -- Up-to-date: /home/keisoku/ros2_studies/install/my_messages/include/my_messages/my_messages/msg
[1.996s] -- Up-to-date: /home/keisoku/ros2_studies/install/my_messages/include/my_messages/my_messages/msg/detail
[1.996s] -- Installing: /home/keisoku/ros2_studies/install/my_messages/include/my_messages/my_messages/msg/detail/two_ints__struct.hpp
[1.996s] -- Installing: /home/keisoku/ros2_studies/install/my_messages/include/my_messages/my_messages/msg/detail/two_ints__traits.hpp
[1.996s] -- Installing: /home/keisoku/ros2_studies/install/my_messages/include/my_messages/my_messages/msg/detail/two_ints__builder.hpp
[1.996s] -- Installing: /home/keisoku/ros2_studies/install/my_messages/include/my_messages/my_messages/msg/two_ints.hpp
[1.996s] -- Up-to-date: /home/keisoku/ros2_studies/install/my_messages/include/my_messages/my_messages/srv
[1.996s] -- Up-to-date: /home/keisoku/ros2_studies/install/my_messages/include/my_messages/my_messages/srv/detail
[1.996s] -- Installing: /home/keisoku/ros2_studies/install/my_messages/include/my_messages/my_messages/srv/detail/calc_two_floats__builder.hpp
[1.996s] -- Installing: /home/keisoku/ros2_studies/install/my_messages/include/my_messages/my_messages/srv/detail/calc_two_floats__struct.hpp
[1.996s] -- Installing: /home/keisoku/ros2_studies/install/my_messages/include/my_messages/my_messages/srv/detail/calc_two_floats__traits.hpp
[1.997s] -- Installing: /home/keisoku/ros2_studies/install/my_messages/include/my_messages/my_messages/srv/calc_two_floats.hpp
[1.997s] -- Up-to-date: /home/keisoku/ros2_studies/install/my_messages/include/my_messages/my_messages
[1.997s] -- Up-to-date: /home/keisoku/ros2_studies/install/my_messages/include/my_messages/my_messages/msg
[1.997s] -- Up-to-date: /home/keisoku/ros2_studies/install/my_messages/include/my_messages/my_messages/msg/detail
[1.997s] -- Installing: /home/keisoku/ros2_studies/install/my_messages/include/my_messages/my_messages/msg/detail/two_ints__rosidl_typesupport_fastrtps_cpp.hpp
[1.997s] -- Installing: /home/keisoku/ros2_studies/install/my_messages/include/my_messages/my_messages/msg/detail/dds_fastrtps
[1.997s] -- Installing: /home/keisoku/ros2_studies/install/my_messages/include/my_messages/my_messages/msg/rosidl_typesupport_fastrtps_cpp__visibility_control.h
[1.997s] -- Up-to-date: /home/keisoku/ros2_studies/install/my_messages/include/my_messages/my_messages/srv
[1.997s] -- Up-to-date: /home/keisoku/ros2_studies/install/my_messages/include/my_messages/my_messages/srv/detail
[1.997s] -- Installing: /home/keisoku/ros2_studies/install/my_messages/include/my_messages/my_messages/srv/detail/calc_two_floats__rosidl_typesupport_fastrtps_cpp.hpp
[1.997s] -- Installing: /home/keisoku/ros2_studies/install/my_messages/include/my_messages/my_messages/srv/detail/dds_fastrtps
[1.997s] -- Installing: /home/keisoku/ros2_studies/install/my_messages/lib/libmy_messages__rosidl_typesupport_fastrtps_cpp.so
[1.997s] -- Set runtime path of "/home/keisoku/ros2_studies/install/my_messages/lib/libmy_messages__rosidl_typesupport_fastrtps_cpp.so" to ""
[1.997s] -- Up-to-date: /home/keisoku/ros2_studies/install/my_messages/include/my_messages/my_messages
[1.997s] -- Up-to-date: /home/keisoku/ros2_studies/install/my_messages/include/my_messages/my_messages/msg
[1.997s] -- Up-to-date: /home/keisoku/ros2_studies/install/my_messages/include/my_messages/my_messages/msg/detail
[1.997s] -- Installing: /home/keisoku/ros2_studies/install/my_messages/include/my_messages/my_messages/msg/detail/two_ints__type_support.cpp
[1.997s] -- Installing: /home/keisoku/ros2_studies/install/my_messages/include/my_messages/my_messages/msg/detail/two_ints__rosidl_typesupport_introspection_cpp.hpp
[1.997s] -- Up-to-date: /home/keisoku/ros2_studies/install/my_messages/include/my_messages/my_messages/srv
[1.998s] -- Up-to-date: /home/keisoku/ros2_studies/install/my_messages/include/my_messages/my_messages/srv/detail
[1.998s] -- Installing: /home/keisoku/ros2_studies/install/my_messages/include/my_messages/my_messages/srv/detail/calc_two_floats__type_support.cpp
[1.998s] -- Installing: /home/keisoku/ros2_studies/install/my_messages/include/my_messages/my_messages/srv/detail/calc_two_floats__rosidl_typesupport_introspection_cpp.hpp
[1.998s] -- Installing: /home/keisoku/ros2_studies/install/my_messages/lib/libmy_messages__rosidl_typesupport_introspection_cpp.so
[1.998s] -- Set runtime path of "/home/keisoku/ros2_studies/install/my_messages/lib/libmy_messages__rosidl_typesupport_introspection_cpp.so" to ""
[1.998s] -- Installing: /home/keisoku/ros2_studies/install/my_messages/lib/libmy_messages__rosidl_typesupport_cpp.so
[1.998s] -- Set runtime path of "/home/keisoku/ros2_studies/install/my_messages/lib/libmy_messages__rosidl_typesupport_cpp.so" to ""
[1.998s] -- Installing: /home/keisoku/ros2_studies/install/my_messages/share/my_messages/environment/pythonpath.sh
[1.998s] -- Installing: /home/keisoku/ros2_studies/install/my_messages/share/my_messages/environment/pythonpath.dsv
[1.998s] -- Installing: /home/keisoku/ros2_studies/install/my_messages/local/lib/python3.10/dist-packages/my_messages-0.0.0-py3.10.egg-info
[1.998s] -- Installing: /home/keisoku/ros2_studies/install/my_messages/local/lib/python3.10/dist-packages/my_messages-0.0.0-py3.10.egg-info/dependency_links.txt
[1.998s] -- Installing: /home/keisoku/ros2_studies/install/my_messages/local/lib/python3.10/dist-packages/my_messages-0.0.0-py3.10.egg-info/PKG-INFO
[1.998s] -- Installing: /home/keisoku/ros2_studies/install/my_messages/local/lib/python3.10/dist-packages/my_messages-0.0.0-py3.10.egg-info/top_level.txt
[1.998s] -- Installing: /home/keisoku/ros2_studies/install/my_messages/local/lib/python3.10/dist-packages/my_messages-0.0.0-py3.10.egg-info/SOURCES.txt
[1.998s] -- Installing: /home/keisoku/ros2_studies/install/my_messages/local/lib/python3.10/dist-packages/my_messages
[1.998s] -- Installing: /home/keisoku/ros2_studies/install/my_messages/local/lib/python3.10/dist-packages/my_messages/_my_messages_s.ep.rosidl_typesupport_c.c
[1.998s] -- Installing: /home/keisoku/ros2_studies/install/my_messages/local/lib/python3.10/dist-packages/my_messages/__init__.py
[1.998s] -- Installing: /home/keisoku/ros2_studies/install/my_messages/local/lib/python3.10/dist-packages/my_messages/msg
[1.999s] -- Installing: /home/keisoku/ros2_studies/install/my_messages/local/lib/python3.10/dist-packages/my_messages/msg/__init__.py
[1.999s] -- Installing: /home/keisoku/ros2_studies/install/my_messages/local/lib/python3.10/dist-packages/my_messages/msg/_two_ints_s.c
[1.999s] -- Installing: /home/keisoku/ros2_studies/install/my_messages/local/lib/python3.10/dist-packages/my_messages/msg/_two_ints.py
[1.999s] -- Installing: /home/keisoku/ros2_studies/install/my_messages/local/lib/python3.10/dist-packages/my_messages/libmy_messages__rosidl_generator_py.so
[1.999s] -- Installing: /home/keisoku/ros2_studies/install/my_messages/local/lib/python3.10/dist-packages/my_messages/_my_messages_s.ep.rosidl_typesupport_fastrtps_c.c
[1.999s] -- Installing: /home/keisoku/ros2_studies/install/my_messages/local/lib/python3.10/dist-packages/my_messages/my_messages_s__rosidl_typesupport_fastrtps_c.cpython-310-x86_64-linux-gnu.so
[1.999s] -- Installing: /home/keisoku/ros2_studies/install/my_messages/local/lib/python3.10/dist-packages/my_messages/_my_messages_s.ep.rosidl_typesupport_introspection_c.c
[1.999s] -- Installing: /home/keisoku/ros2_studies/install/my_messages/local/lib/python3.10/dist-packages/my_messages/srv
[1.999s] -- Installing: /home/keisoku/ros2_studies/install/my_messages/local/lib/python3.10/dist-packages/my_messages/srv/_calc_two_floats.py
[1.999s] -- Installing: /home/keisoku/ros2_studies/install/my_messages/local/lib/python3.10/dist-packages/my_messages/srv/__init__.py
[1.999s] -- Installing: /home/keisoku/ros2_studies/install/my_messages/local/lib/python3.10/dist-packages/my_messages/srv/_calc_two_floats_s.c
[1.999s] -- Installing: /home/keisoku/ros2_studies/install/my_messages/local/lib/python3.10/dist-packages/my_messages/my_messages_s__rosidl_typesupport_introspection_c.cpython-310-x86_64-linux-gnu.so
[1.999s] -- Installing: /home/keisoku/ros2_studies/install/my_messages/local/lib/python3.10/dist-packages/my_messages/my_messages_s__rosidl_typesupport_c.cpython-310-x86_64-linux-gnu.so
[2.021s] Listing '/home/keisoku/ros2_studies/install/my_messages/local/lib/python3.10/dist-packages/my_messages'...
[2.021s] Compiling '/home/keisoku/ros2_studies/install/my_messages/local/lib/python3.10/dist-packages/my_messages/__init__.py'...
[2.021s] Listing '/home/keisoku/ros2_studies/install/my_messages/local/lib/python3.10/dist-packages/my_messages/msg'...
[2.021s] Compiling '/home/keisoku/ros2_studies/install/my_messages/local/lib/python3.10/dist-packages/my_messages/msg/__init__.py'...
[2.021s] Compiling '/home/keisoku/ros2_studies/install/my_messages/local/lib/python3.10/dist-packages/my_messages/msg/_two_ints.py'...
[2.021s] Listing '/home/keisoku/ros2_studies/install/my_messages/local/lib/python3.10/dist-packages/my_messages/srv'...
[2.021s] Compiling '/home/keisoku/ros2_studies/install/my_messages/local/lib/python3.10/dist-packages/my_messages/srv/__init__.py'...
[2.021s] Compiling '/home/keisoku/ros2_studies/install/my_messages/local/lib/python3.10/dist-packages/my_messages/srv/_calc_two_floats.py'...
[2.024s] -- Installing: /home/keisoku/ros2_studies/install/my_messages/local/lib/python3.10/dist-packages/my_messages/my_messages_s__rosidl_typesupport_fastrtps_c.cpython-310-x86_64-linux-gnu.so
[2.024s] -- Set runtime path of "/home/keisoku/ros2_studies/install/my_messages/local/lib/python3.10/dist-packages/my_messages/my_messages_s__rosidl_typesupport_fastrtps_c.cpython-310-x86_64-linux-gnu.so" to ""
[2.024s] -- Installing: /home/keisoku/ros2_studies/install/my_messages/local/lib/python3.10/dist-packages/my_messages/my_messages_s__rosidl_typesupport_introspection_c.cpython-310-x86_64-linux-gnu.so
[2.024s] -- Set runtime path of "/home/keisoku/ros2_studies/install/my_messages/local/lib/python3.10/dist-packages/my_messages/my_messages_s__rosidl_typesupport_introspection_c.cpython-310-x86_64-linux-gnu.so" to ""
[2.024s] -- Installing: /home/keisoku/ros2_studies/install/my_messages/local/lib/python3.10/dist-packages/my_messages/my_messages_s__rosidl_typesupport_c.cpython-310-x86_64-linux-gnu.so
[2.024s] -- Set runtime path of "/home/keisoku/ros2_studies/install/my_messages/local/lib/python3.10/dist-packages/my_messages/my_messages_s__rosidl_typesupport_c.cpython-310-x86_64-linux-gnu.so" to ""
[2.024s] -- Installing: /home/keisoku/ros2_studies/install/my_messages/lib/libmy_messages__rosidl_generator_py.so
[2.025s] -- Set runtime path of "/home/keisoku/ros2_studies/install/my_messages/lib/libmy_messages__rosidl_generator_py.so" to ""
[2.025s] -- Installing: /home/keisoku/ros2_studies/install/my_messages/share/my_messages/msg/TwoInts.idl
[2.025s] -- Installing: /home/keisoku/ros2_studies/install/my_messages/share/my_messages/srv/CalcTwoFloats.idl
[2.025s] -- Installing: /home/keisoku/ros2_studies/install/my_messages/share/my_messages/msg/TwoInts.msg
[2.025s] -- Installing: /home/keisoku/ros2_studies/install/my_messages/share/my_messages/srv/CalcTwoFloats.srv
[2.025s] -- Installing: /home/keisoku/ros2_studies/install/my_messages/share/my_messages/srv/CalcTwoFloats_Request.msg
[2.025s] -- Installing: /home/keisoku/ros2_studies/install/my_messages/share/my_messages/srv/CalcTwoFloats_Response.msg
[2.025s] -- Installing: /home/keisoku/ros2_studies/install/my_messages/share/ament_index/resource_index/package_run_dependencies/my_messages
[2.025s] -- Installing: /home/keisoku/ros2_studies/install/my_messages/share/ament_index/resource_index/parent_prefix_path/my_messages
[2.025s] -- Installing: /home/keisoku/ros2_studies/install/my_messages/share/my_messages/environment/ament_prefix_path.sh
[2.025s] -- Installing: /home/keisoku/ros2_studies/install/my_messages/share/my_messages/environment/ament_prefix_path.dsv
[2.025s] -- Installing: /home/keisoku/ros2_studies/install/my_messages/share/my_messages/environment/path.sh
[2.025s] -- Installing: /home/keisoku/ros2_studies/install/my_messages/share/my_messages/environment/path.dsv
[2.025s] -- Installing: /home/keisoku/ros2_studies/install/my_messages/share/my_messages/local_setup.bash
[2.026s] -- Installing: /home/keisoku/ros2_studies/install/my_messages/share/my_messages/local_setup.sh
[2.026s] -- Installing: /home/keisoku/ros2_studies/install/my_messages/share/my_messages/local_setup.zsh
[2.026s] -- Installing: /home/keisoku/ros2_studies/install/my_messages/share/my_messages/local_setup.dsv
[2.026s] -- Installing: /home/keisoku/ros2_studies/install/my_messages/share/my_messages/package.dsv
[2.026s] -- Installing: /home/keisoku/ros2_studies/install/my_messages/share/ament_index/resource_index/packages/my_messages
[2.026s] -- Installing: /home/keisoku/ros2_studies/install/my_messages/share/my_messages/cmake/export_my_messages__rosidl_generator_cExport.cmake
[2.026s] -- Installing: /home/keisoku/ros2_studies/install/my_messages/share/my_messages/cmake/export_my_messages__rosidl_generator_cExport-noconfig.cmake
[2.026s] -- Installing: /home/keisoku/ros2_studies/install/my_messages/share/my_messages/cmake/export_my_messages__rosidl_typesupport_fastrtps_cExport.cmake
[2.026s] -- Installing: /home/keisoku/ros2_studies/install/my_messages/share/my_messages/cmake/export_my_messages__rosidl_typesupport_fastrtps_cExport-noconfig.cmake
[2.026s] -- Installing: /home/keisoku/ros2_studies/install/my_messages/share/my_messages/cmake/my_messages__rosidl_typesupport_introspection_cExport.cmake
[2.026s] -- Installing: /home/keisoku/ros2_studies/install/my_messages/share/my_messages/cmake/my_messages__rosidl_typesupport_introspection_cExport-noconfig.cmake
[2.026s] -- Installing: /home/keisoku/ros2_studies/install/my_messages/share/my_messages/cmake/my_messages__rosidl_typesupport_cExport.cmake
[2.026s] -- Installing: /home/keisoku/ros2_studies/install/my_messages/share/my_messages/cmake/my_messages__rosidl_typesupport_cExport-noconfig.cmake
[2.027s] -- Installing: /home/keisoku/ros2_studies/install/my_messages/share/my_messages/cmake/export_my_messages__rosidl_generator_cppExport.cmake
[2.027s] -- Installing: /home/keisoku/ros2_studies/install/my_messages/share/my_messages/cmake/export_my_messages__rosidl_typesupport_fastrtps_cppExport.cmake
[2.027s] -- Installing: /home/keisoku/ros2_studies/install/my_messages/share/my_messages/cmake/export_my_messages__rosidl_typesupport_fastrtps_cppExport-noconfig.cmake
[2.027s] -- Installing: /home/keisoku/ros2_studies/install/my_messages/share/my_messages/cmake/my_messages__rosidl_typesupport_introspection_cppExport.cmake
[2.027s] -- Installing: /home/keisoku/ros2_studies/install/my_messages/share/my_messages/cmake/my_messages__rosidl_typesupport_introspection_cppExport-noconfig.cmake
[2.027s] -- Installing: /home/keisoku/ros2_studies/install/my_messages/share/my_messages/cmake/my_messages__rosidl_typesupport_cppExport.cmake
[2.027s] -- Installing: /home/keisoku/ros2_studies/install/my_messages/share/my_messages/cmake/my_messages__rosidl_typesupport_cppExport-noconfig.cmake
[2.027s] -- Installing: /home/keisoku/ros2_studies/install/my_messages/share/my_messages/cmake/export_my_messages__rosidl_generator_pyExport.cmake
[2.027s] -- Installing: /home/keisoku/ros2_studies/install/my_messages/share/my_messages/cmake/export_my_messages__rosidl_generator_pyExport-noconfig.cmake
[2.027s] -- Installing: /home/keisoku/ros2_studies/install/my_messages/share/my_messages/cmake/rosidl_cmake-extras.cmake
[2.027s] -- Installing: /home/keisoku/ros2_studies/install/my_messages/share/my_messages/cmake/ament_cmake_export_include_directories-extras.cmake
[2.027s] -- Installing: /home/keisoku/ros2_studies/install/my_messages/share/my_messages/cmake/ament_cmake_export_libraries-extras.cmake
[2.027s] -- Installing: /home/keisoku/ros2_studies/install/my_messages/share/my_messages/cmake/ament_cmake_export_targets-extras.cmake
[2.027s] -- Installing: /home/keisoku/ros2_studies/install/my_messages/share/my_messages/cmake/rosidl_cmake_export_typesupport_targets-extras.cmake
[2.028s] -- Installing: /home/keisoku/ros2_studies/install/my_messages/share/my_messages/cmake/ament_cmake_export_dependencies-extras.cmake
[2.028s] -- Installing: /home/keisoku/ros2_studies/install/my_messages/share/my_messages/cmake/rosidl_cmake_export_typesupport_libraries-extras.cmake
[2.028s] -- Installing: /home/keisoku/ros2_studies/install/my_messages/share/my_messages/cmake/my_messagesConfig.cmake
[2.028s] -- Installing: /home/keisoku/ros2_studies/install/my_messages/share/my_messages/cmake/my_messagesConfig-version.cmake
[2.028s] -- Installing: /home/keisoku/ros2_studies/install/my_messages/share/my_messages/package.xml
[2.029s] Invoked command in '/home/keisoku/ros2_studies/build/my_messages' returned '0': CMAKE_PREFIX_PATH=/opt/ros/humble /usr/bin/cmake --install /home/keisoku/ros2_studies/build/my_messages
