In file included from [01m[K/opt/ros/humble/include/rclcpp/rclcpp/logging.hpp:24[m[K,
                 from [01m[K/opt/ros/humble/include/rclcpp/rclcpp/client.hpp:40[m[K,
                 from [01m[K/opt/ros/humble/include/rclcpp/rclcpp/callback_group.hpp:24[m[K,
                 from [01m[K/opt/ros/humble/include/rclcpp/rclcpp/any_executable.hpp:20[m[K,
                 from [01m[K/opt/ros/humble/include/rclcpp/rclcpp/memory_strategy.hpp:25[m[K,
                 from [01m[K/opt/ros/humble/include/rclcpp/rclcpp/memory_strategies.hpp:18[m[K,
                 from [01m[K/opt/ros/humble/include/rclcpp/rclcpp/executor_options.hpp:20[m[K,
                 from [01m[K/opt/ros/humble/include/rclcpp/rclcpp/executor.hpp:37[m[K,
                 from [01m[K/opt/ros/humble/include/rclcpp/rclcpp/executors/multi_threaded_executor.hpp:25[m[K,
                 from [01m[K/opt/ros/humble/include/rclcpp/rclcpp/executors.hpp:21[m[K,
                 from [01m[K/opt/ros/humble/include/rclcpp/rclcpp/rclcpp.hpp:155[m[K,
                 from [01m[K/home/keisoku/ros2_studies/src/my_msg_class/src/my_pub.cpp:1[m[K:
[01m[K/home/keisoku/ros2_studies/src/my_msg_class/src/my_pub.cpp:[m[K In lambda function:
[01m[K/home/keisoku/ros2_studies/src/my_msg_class/src/my_pub.cpp:18:45:[m[K [01;35m[Kwarning: [m[Kformat ‘[01m[K%d[m[K’ expects argument of type ‘[01m[Kint[m[K’, but argument 5 has type ‘[01m[Kmy_messages::msg::TwoInts_<std::allocator<void> >::_a_type[m[K’ {aka ‘[01m[Klong int[m[K’} [[01;35m[K]8;;https://gcc.gnu.org/onlinedocs/gcc/Warning-Options.html#index-Wformat=-Wformat=]8;;[m[K]
   18 |             RCLCPP_INFO(this->get_logger(), [01;35m[K"Pub: %d, %d"[m[K, [32m[Kmsg->a[m[K, msg->b);
      |                                             [01;35m[K^~~~~~~~~~~~~[m[K  [32m[K~~~~~~[m[K
      |                                                                 [32m[K|[m[K
      |                                                                 [32m[Kmy_messages::msg::TwoInts_<std::allocator<void> >::_a_type {aka long int}[m[K
[01m[K/home/keisoku/ros2_studies/src/my_msg_class/src/my_pub.cpp:18:52:[m[K [01;36m[Knote: [m[Kformat string is defined here
   18 |             RCLCPP_INFO(this->get_logger(), "Pub: [01;36m[K%d[m[K, %d", msg->a, msg->b);
      |                                                   [01;36m[K~^[m[K
      |                                                    [01;36m[K|[m[K
      |                                                    [01;36m[Kint[m[K
      |                                                   [32m[K%ld[m[K
In file included from [01m[K/opt/ros/humble/include/rclcpp/rclcpp/logging.hpp:24[m[K,
                 from [01m[K/opt/ros/humble/include/rclcpp/rclcpp/client.hpp:40[m[K,
                 from [01m[K/opt/ros/humble/include/rclcpp/rclcpp/callback_group.hpp:24[m[K,
                 from [01m[K/opt/ros/humble/include/rclcpp/rclcpp/any_executable.hpp:20[m[K,
                 from [01m[K/opt/ros/humble/include/rclcpp/rclcpp/memory_strategy.hpp:25[m[K,
                 from [01m[K/opt/ros/humble/include/rclcpp/rclcpp/memory_strategies.hpp:18[m[K,
                 from [01m[K/opt/ros/humble/include/rclcpp/rclcpp/executor_options.hpp:20[m[K,
                 from [01m[K/opt/ros/humble/include/rclcpp/rclcpp/executor.hpp:37[m[K,
                 from [01m[K/opt/ros/humble/include/rclcpp/rclcpp/executors/multi_threaded_executor.hpp:25[m[K,
                 from [01m[K/opt/ros/humble/include/rclcpp/rclcpp/executors.hpp:21[m[K,
                 from [01m[K/opt/ros/humble/include/rclcpp/rclcpp/rclcpp.hpp:155[m[K,
                 from [01m[K/home/keisoku/ros2_studies/src/my_msg_class/src/my_pub.cpp:1[m[K:
[01m[K/home/keisoku/ros2_studies/src/my_msg_class/src/my_pub.cpp:18:45:[m[K [01;35m[Kwarning: [m[Kformat ‘[01m[K%d[m[K’ expects argument of type ‘[01m[Kint[m[K’, but argument 6 has type ‘[01m[Kmy_messages::msg::TwoInts_<std::allocator<void> >::_b_type[m[K’ {aka ‘[01m[Klong int[m[K’} [[01;35m[K]8;;https://gcc.gnu.org/onlinedocs/gcc/Warning-Options.html#index-Wformat=-Wformat=]8;;[m[K]
   18 |             RCLCPP_INFO(this->get_logger(), [01;35m[K"Pub: %d, %d"[m[K, msg->a, [32m[Kmsg->b[m[K);
      |                                             [01;35m[K^~~~~~~~~~~~~[m[K          [32m[K~~~~~~[m[K
      |                                                                         [32m[K|[m[K
      |                                                                         [32m[Kmy_messages::msg::TwoInts_<std::allocator<void> >::_b_type {aka long int}[m[K
[01m[K/home/keisoku/ros2_studies/src/my_msg_class/src/my_pub.cpp:18:56:[m[K [01;36m[Knote: [m[Kformat string is defined here
   18 |             RCLCPP_INFO(this->get_logger(), "Pub: %d, [01;36m[K%d[m[K", msg->a, msg->b);
      |                                                       [01;36m[K~^[m[K
      |                                                        [01;36m[K|[m[K
      |                                                        [01;36m[Kint[m[K
      |                                                       [32m[K%ld[m[K
