-- Found ament_cmake: 1.3.3 (/opt/ros/humble/share/ament_cmake/cmake)
-- Found rclcpp: 16.0.3 (/opt/ros/humble/share/rclcpp/cmake)
-- Found rosidl_generator_c: 3.1.4 (/opt/ros/humble/share/rosidl_generator_c/cmake)
-- Found rosidl_adapter: 3.1.4 (/opt/ros/humble/share/rosidl_adapter/cmake)
-- Found rosidl_generator_cpp: 3.1.4 (/opt/ros/humble/share/rosidl_generator_cpp/cmake)
-- Using all available rosidl_typesupport_c: rosidl_typesupport_fastrtps_c;rosidl_typesupport_introspection_c
-- Using all available rosidl_typesupport_cpp: rosidl_typesupport_fastrtps_cpp;rosidl_typesupport_introspection_cpp
-- Found rmw_implementation_cmake: 6.1.1 (/opt/ros/humble/share/rmw_implementation_cmake/cmake)
-- Found rmw_fastrtps_cpp: 6.2.2 (/opt/ros/humble/share/rmw_fastrtps_cpp/cmake)
-- Using RMW implementation 'rmw_fastrtps_cpp' as default
-- Found my_messages: 0.0.0 (/home/keisoku/ros2_studies/install/my_messages/share/my_messages/cmake)
-- Configuring done
-- Generating done
-- Build files have been written to: /home/keisoku/ros2_studies/build/my_msg_class
[ 33%] [32mBuilding CXX object CMakeFiles/my_pub_test.dir/src/my_pub_main.cpp.o[0m
[ 66%] [32mBuilding CXX object CMakeFiles/my_pub_test.dir/src/my_pub.cpp.o[0m
In file included from [01m[K/opt/ros/humble/include/rclcpp/rclcpp/logging.hpp:24[m[K,
                 from [01m[K/opt/ros/humble/include/rclcpp/rclcpp/client.hpp:40[m[K,
                 from [01m[K/opt/ros/humble/include/rclcpp/rclcpp/callback_group.hpp:24[m[K,
                 from [01m[K/opt/ros/humble/include/rclcpp/rclcpp/any_executable.hpp:20[m[K,
                 from [01m[K/opt/ros/humble/include/rclcpp/rclcpp/memory_strategy.hpp:25[m[K,
                 from [01m[K/opt/ros/humble/include/rclcpp/rclcpp/memory_strategies.hpp:18[m[K,
                 from [01m[K/opt/ros/humble/include/rclcpp/rclcpp/executor_options.hpp:20[m[K,
                 from [01m[K/opt/ros/humble/include/rclcpp/rclcpp/executor.hpp:37[m[K,
                 from [01m[K/opt/ros/humble/include/rclcpp/rclcpp/executors/multi_threaded_executor.hpp:25[m[K,
                 from [01m[K/opt/ros/humble/include/rclcpp/rclcpp/executors.hpp:21[m[K,
                 from [01m[K/opt/ros/humble/include/rclcpp/rclcpp/rclcpp.hpp:155[m[K,
                 from [01m[K/home/keisoku/ros2_studies/src/my_msg_class/src/my_pub.cpp:1[m[K:
[01m[K/home/keisoku/ros2_studies/src/my_msg_class/src/my_pub.cpp:[m[K In lambda function:
[01m[K/home/keisoku/ros2_studies/src/my_msg_class/src/my_pub.cpp:18:45:[m[K [01;35m[Kwarning: [m[Kformat ‘[01m[K%d[m[K’ expects argument of type ‘[01m[Kint[m[K’, but argument 5 has type ‘[01m[Kmy_messages::msg::TwoInts_<std::allocator<void> >::_a_type[m[K’ {aka ‘[01m[Klong int[m[K’} [[01;35m[K]8;;https://gcc.gnu.org/onlinedocs/gcc/Warning-Options.html#index-Wformat=-Wformat=]8;;[m[K]
   18 |             RCLCPP_INFO(this->get_logger(), [01;35m[K"Pub: %d, %d"[m[K, [32m[Kmsg->a[m[K, msg->b);
      |                                             [01;35m[K^~~~~~~~~~~~~[m[K  [32m[K~~~~~~[m[K
      |                                                                 [32m[K|[m[K
      |                                                                 [32m[Kmy_messages::msg::TwoInts_<std::allocator<void> >::_a_type {aka long int}[m[K
[01m[K/home/keisoku/ros2_studies/src/my_msg_class/src/my_pub.cpp:18:52:[m[K [01;36m[Knote: [m[Kformat string is defined here
   18 |             RCLCPP_INFO(this->get_logger(), "Pub: [01;36m[K%d[m[K, %d", msg->a, msg->b);
      |                                                   [01;36m[K~^[m[K
      |                                                    [01;36m[K|[m[K
      |                                                    [01;36m[Kint[m[K
      |                                                   [32m[K%ld[m[K
In file included from [01m[K/opt/ros/humble/include/rclcpp/rclcpp/logging.hpp:24[m[K,
                 from [01m[K/opt/ros/humble/include/rclcpp/rclcpp/client.hpp:40[m[K,
                 from [01m[K/opt/ros/humble/include/rclcpp/rclcpp/callback_group.hpp:24[m[K,
                 from [01m[K/opt/ros/humble/include/rclcpp/rclcpp/any_executable.hpp:20[m[K,
                 from [01m[K/opt/ros/humble/include/rclcpp/rclcpp/memory_strategy.hpp:25[m[K,
                 from [01m[K/opt/ros/humble/include/rclcpp/rclcpp/memory_strategies.hpp:18[m[K,
                 from [01m[K/opt/ros/humble/include/rclcpp/rclcpp/executor_options.hpp:20[m[K,
                 from [01m[K/opt/ros/humble/include/rclcpp/rclcpp/executor.hpp:37[m[K,
                 from [01m[K/opt/ros/humble/include/rclcpp/rclcpp/executors/multi_threaded_executor.hpp:25[m[K,
                 from [01m[K/opt/ros/humble/include/rclcpp/rclcpp/executors.hpp:21[m[K,
                 from [01m[K/opt/ros/humble/include/rclcpp/rclcpp/rclcpp.hpp:155[m[K,
                 from [01m[K/home/keisoku/ros2_studies/src/my_msg_class/src/my_pub.cpp:1[m[K:
[01m[K/home/keisoku/ros2_studies/src/my_msg_class/src/my_pub.cpp:18:45:[m[K [01;35m[Kwarning: [m[Kformat ‘[01m[K%d[m[K’ expects argument of type ‘[01m[Kint[m[K’, but argument 6 has type ‘[01m[Kmy_messages::msg::TwoInts_<std::allocator<void> >::_b_type[m[K’ {aka ‘[01m[Klong int[m[K’} [[01;35m[K]8;;https://gcc.gnu.org/onlinedocs/gcc/Warning-Options.html#index-Wformat=-Wformat=]8;;[m[K]
   18 |             RCLCPP_INFO(this->get_logger(), [01;35m[K"Pub: %d, %d"[m[K, msg->a, [32m[Kmsg->b[m[K);
      |                                             [01;35m[K^~~~~~~~~~~~~[m[K          [32m[K~~~~~~[m[K
      |                                                                         [32m[K|[m[K
      |                                                                         [32m[Kmy_messages::msg::TwoInts_<std::allocator<void> >::_b_type {aka long int}[m[K
[01m[K/home/keisoku/ros2_studies/src/my_msg_class/src/my_pub.cpp:18:56:[m[K [01;36m[Knote: [m[Kformat string is defined here
   18 |             RCLCPP_INFO(this->get_logger(), "Pub: %d, [01;36m[K%d[m[K", msg->a, msg->b);
      |                                                       [01;36m[K~^[m[K
      |                                                        [01;36m[K|[m[K
      |                                                        [01;36m[Kint[m[K
      |                                                       [32m[K%ld[m[K
[100%] [32m[1mLinking CXX executable my_pub_test[0m
[100%] Built target my_pub_test
-- Install configuration: ""
-- Installing: /home/keisoku/ros2_studies/install/my_msg_class/lib/my_msg_class/my_pub_test
-- Set runtime path of "/home/keisoku/ros2_studies/install/my_msg_class/lib/my_msg_class/my_pub_test" to ""
-- Installing: /home/keisoku/ros2_studies/install/my_msg_class/share/ament_index/resource_index/package_run_dependencies/my_msg_class
-- Installing: /home/keisoku/ros2_studies/install/my_msg_class/share/ament_index/resource_index/parent_prefix_path/my_msg_class
-- Installing: /home/keisoku/ros2_studies/install/my_msg_class/share/my_msg_class/environment/ament_prefix_path.sh
-- Installing: /home/keisoku/ros2_studies/install/my_msg_class/share/my_msg_class/environment/ament_prefix_path.dsv
-- Installing: /home/keisoku/ros2_studies/install/my_msg_class/share/my_msg_class/environment/path.sh
-- Installing: /home/keisoku/ros2_studies/install/my_msg_class/share/my_msg_class/environment/path.dsv
-- Installing: /home/keisoku/ros2_studies/install/my_msg_class/share/my_msg_class/local_setup.bash
-- Installing: /home/keisoku/ros2_studies/install/my_msg_class/share/my_msg_class/local_setup.sh
-- Installing: /home/keisoku/ros2_studies/install/my_msg_class/share/my_msg_class/local_setup.zsh
-- Installing: /home/keisoku/ros2_studies/install/my_msg_class/share/my_msg_class/local_setup.dsv
-- Installing: /home/keisoku/ros2_studies/install/my_msg_class/share/my_msg_class/package.dsv
-- Installing: /home/keisoku/ros2_studies/install/my_msg_class/share/ament_index/resource_index/packages/my_msg_class
-- Installing: /home/keisoku/ros2_studies/install/my_msg_class/share/my_msg_class/cmake/my_msg_classConfig.cmake
-- Installing: /home/keisoku/ros2_studies/install/my_msg_class/share/my_msg_class/cmake/my_msg_classConfig-version.cmake
-- Installing: /home/keisoku/ros2_studies/install/my_msg_class/share/my_msg_class/package.xml
