[0.203s] DEBUG:colcon:Command line arguments: ['/usr/bin/colcon', 'build']
[0.203s] DEBUG:colcon:Parsed command line arguments: Namespace(log_base=None, log_level=None, verb_name='build', build_base='build', install_base='install', merge_install=False, symlink_install=False, test_result_base=None, continue_on_error=False, executor='parallel', parallel_workers=20, event_handlers=None, ignore_user_meta=False, metas=['./colcon.meta'], base_paths=['.'], packages_ignore=None, packages_ignore_regex=None, paths=None, packages_up_to=None, packages_up_to_regex=None, packages_above=None, packages_above_and_dependencies=None, packages_above_depth=None, packages_select_by_dep=None, packages_skip_by_dep=None, packages_skip_up_to=None, packages_select_build_failed=False, packages_skip_build_finished=False, packages_select_test_failures=False, packages_skip_test_passed=False, packages_select=None, packages_skip=None, packages_select_regex=None, packages_skip_regex=None, packages_start=None, packages_end=None, allow_overriding=[], cmake_args=None, cmake_target=None, cmake_target_skip_unavailable=False, cmake_clean_cache=False, cmake_clean_first=False, cmake_force_configure=False, ament_cmake_args=None, catkin_cmake_args=None, catkin_skip_building_tests=False, verb_parser=<colcon_defaults.argument_parser.defaults.DefaultArgumentsDecorator object at 0x7f11a8d7ae60>, verb_extension=<colcon_core.verb.build.BuildVerb object at 0x7f11a95805e0>, main=<bound method BuildVerb.main of <colcon_core.verb.build.BuildVerb object at 0x7f11a95805e0>>)
[0.222s] Level 1:colcon.colcon_core.package_discovery:discover_packages(colcon_meta) check parameters
[0.222s] Level 1:colcon.colcon_core.package_discovery:discover_packages(recursive) check parameters
[0.222s] Level 1:colcon.colcon_core.package_discovery:discover_packages(ignore) check parameters
[0.222s] Level 1:colcon.colcon_core.package_discovery:discover_packages(path) check parameters
[0.222s] Level 1:colcon.colcon_core.package_discovery:discover_packages(colcon_meta) discover
[0.222s] Level 1:colcon.colcon_core.package_discovery:discover_packages(recursive) discover
[0.222s] INFO:colcon.colcon_core.package_discovery:Crawling recursively for packages in '/home/keisoku/ros2_studies'
[0.222s] Level 1:colcon.colcon_core.package_identification:_identify(.) by extensions ['ignore', 'ignore_ament_install']
[0.222s] Level 1:colcon.colcon_core.package_identification:_identify(.) by extension 'ignore'
[0.222s] Level 1:colcon.colcon_core.package_identification:_identify(.) by extension 'ignore_ament_install'
[0.222s] Level 1:colcon.colcon_core.package_identification:_identify(.) by extensions ['colcon_pkg']
[0.222s] Level 1:colcon.colcon_core.package_identification:_identify(.) by extension 'colcon_pkg'
[0.222s] Level 1:colcon.colcon_core.package_identification:_identify(.) by extensions ['colcon_meta']
[0.222s] Level 1:colcon.colcon_core.package_identification:_identify(.) by extension 'colcon_meta'
[0.222s] Level 1:colcon.colcon_core.package_identification:_identify(.) by extensions ['ros']
[0.222s] Level 1:colcon.colcon_core.package_identification:_identify(.) by extension 'ros'
[0.229s] Level 1:colcon.colcon_core.package_identification:_identify(.) by extensions ['cmake', 'python']
[0.229s] Level 1:colcon.colcon_core.package_identification:_identify(.) by extension 'cmake'
[0.229s] Level 1:colcon.colcon_core.package_identification:_identify(.) by extension 'python'
[0.229s] Level 1:colcon.colcon_core.package_identification:_identify(.) by extensions ['python_setup_py']
[0.229s] Level 1:colcon.colcon_core.package_identification:_identify(.) by extension 'python_setup_py'
[0.229s] Level 1:colcon.colcon_core.package_identification:_identify(build) by extensions ['ignore', 'ignore_ament_install']
[0.230s] Level 1:colcon.colcon_core.package_identification:_identify(build) by extension 'ignore'
[0.230s] Level 1:colcon.colcon_core.package_identification:_identify(build) ignored
[0.230s] Level 1:colcon.colcon_core.package_identification:_identify(install) by extensions ['ignore', 'ignore_ament_install']
[0.230s] Level 1:colcon.colcon_core.package_identification:_identify(install) by extension 'ignore'
[0.230s] Level 1:colcon.colcon_core.package_identification:_identify(install) ignored
[0.230s] Level 1:colcon.colcon_core.package_identification:_identify(log) by extensions ['ignore', 'ignore_ament_install']
[0.230s] Level 1:colcon.colcon_core.package_identification:_identify(log) by extension 'ignore'
[0.230s] Level 1:colcon.colcon_core.package_identification:_identify(log) ignored
[0.230s] Level 1:colcon.colcon_core.package_identification:_identify(src) by extensions ['ignore', 'ignore_ament_install']
[0.230s] Level 1:colcon.colcon_core.package_identification:_identify(src) by extension 'ignore'
[0.230s] Level 1:colcon.colcon_core.package_identification:_identify(src) by extension 'ignore_ament_install'
[0.230s] Level 1:colcon.colcon_core.package_identification:_identify(src) by extensions ['colcon_pkg']
[0.230s] Level 1:colcon.colcon_core.package_identification:_identify(src) by extension 'colcon_pkg'
[0.230s] Level 1:colcon.colcon_core.package_identification:_identify(src) by extensions ['colcon_meta']
[0.230s] Level 1:colcon.colcon_core.package_identification:_identify(src) by extension 'colcon_meta'
[0.230s] Level 1:colcon.colcon_core.package_identification:_identify(src) by extensions ['ros']
[0.230s] Level 1:colcon.colcon_core.package_identification:_identify(src) by extension 'ros'
[0.230s] Level 1:colcon.colcon_core.package_identification:_identify(src) by extensions ['cmake', 'python']
[0.230s] Level 1:colcon.colcon_core.package_identification:_identify(src) by extension 'cmake'
[0.230s] Level 1:colcon.colcon_core.package_identification:_identify(src) by extension 'python'
[0.230s] Level 1:colcon.colcon_core.package_identification:_identify(src) by extensions ['python_setup_py']
[0.230s] Level 1:colcon.colcon_core.package_identification:_identify(src) by extension 'python_setup_py'
[0.230s] Level 1:colcon.colcon_core.package_identification:_identify(src/minimal_class_node) by extensions ['ignore', 'ignore_ament_install']
[0.230s] Level 1:colcon.colcon_core.package_identification:_identify(src/minimal_class_node) by extension 'ignore'
[0.230s] Level 1:colcon.colcon_core.package_identification:_identify(src/minimal_class_node) by extension 'ignore_ament_install'
[0.231s] Level 1:colcon.colcon_core.package_identification:_identify(src/minimal_class_node) by extensions ['colcon_pkg']
[0.231s] Level 1:colcon.colcon_core.package_identification:_identify(src/minimal_class_node) by extension 'colcon_pkg'
[0.231s] Level 1:colcon.colcon_core.package_identification:_identify(src/minimal_class_node) by extensions ['colcon_meta']
[0.231s] Level 1:colcon.colcon_core.package_identification:_identify(src/minimal_class_node) by extension 'colcon_meta'
[0.231s] Level 1:colcon.colcon_core.package_identification:_identify(src/minimal_class_node) by extensions ['ros']
[0.231s] Level 1:colcon.colcon_core.package_identification:_identify(src/minimal_class_node) by extension 'ros'
[0.232s] DEBUG:colcon.colcon_core.package_identification:Package 'src/minimal_class_node' with type 'ros.ament_cmake' and name 'minimal_class_node'
[0.232s] Level 1:colcon.colcon_core.package_identification:_identify(src/minimal_publisher_class) by extensions ['ignore', 'ignore_ament_install']
[0.232s] Level 1:colcon.colcon_core.package_identification:_identify(src/minimal_publisher_class) by extension 'ignore'
[0.232s] Level 1:colcon.colcon_core.package_identification:_identify(src/minimal_publisher_class) by extension 'ignore_ament_install'
[0.232s] Level 1:colcon.colcon_core.package_identification:_identify(src/minimal_publisher_class) by extensions ['colcon_pkg']
[0.232s] Level 1:colcon.colcon_core.package_identification:_identify(src/minimal_publisher_class) by extension 'colcon_pkg'
[0.232s] Level 1:colcon.colcon_core.package_identification:_identify(src/minimal_publisher_class) by extensions ['colcon_meta']
[0.232s] Level 1:colcon.colcon_core.package_identification:_identify(src/minimal_publisher_class) by extension 'colcon_meta'
[0.232s] Level 1:colcon.colcon_core.package_identification:_identify(src/minimal_publisher_class) by extensions ['ros']
[0.233s] Level 1:colcon.colcon_core.package_identification:_identify(src/minimal_publisher_class) by extension 'ros'
[0.233s] DEBUG:colcon.colcon_core.package_identification:Package 'src/minimal_publisher_class' with type 'ros.ament_cmake' and name 'minimal_publisher_class'
[0.233s] Level 1:colcon.colcon_core.package_identification:_identify(src/minimal_subscriber_class) by extensions ['ignore', 'ignore_ament_install']
[0.233s] Level 1:colcon.colcon_core.package_identification:_identify(src/minimal_subscriber_class) by extension 'ignore'
[0.233s] Level 1:colcon.colcon_core.package_identification:_identify(src/minimal_subscriber_class) by extension 'ignore_ament_install'
[0.233s] Level 1:colcon.colcon_core.package_identification:_identify(src/minimal_subscriber_class) by extensions ['colcon_pkg']
[0.233s] Level 1:colcon.colcon_core.package_identification:_identify(src/minimal_subscriber_class) by extension 'colcon_pkg'
[0.233s] Level 1:colcon.colcon_core.package_identification:_identify(src/minimal_subscriber_class) by extensions ['colcon_meta']
[0.233s] Level 1:colcon.colcon_core.package_identification:_identify(src/minimal_subscriber_class) by extension 'colcon_meta'
[0.233s] Level 1:colcon.colcon_core.package_identification:_identify(src/minimal_subscriber_class) by extensions ['ros']
[0.233s] Level 1:colcon.colcon_core.package_identification:_identify(src/minimal_subscriber_class) by extension 'ros'
[0.234s] DEBUG:colcon.colcon_core.package_identification:Package 'src/minimal_subscriber_class' with type 'ros.ament_cmake' and name 'minimal_subscriber_class'
[0.234s] Level 1:colcon.colcon_core.package_identification:_identify(src/minimal_timer) by extensions ['ignore', 'ignore_ament_install']
[0.234s] Level 1:colcon.colcon_core.package_identification:_identify(src/minimal_timer) by extension 'ignore'
[0.234s] Level 1:colcon.colcon_core.package_identification:_identify(src/minimal_timer) by extension 'ignore_ament_install'
[0.234s] Level 1:colcon.colcon_core.package_identification:_identify(src/minimal_timer) by extensions ['colcon_pkg']
[0.234s] Level 1:colcon.colcon_core.package_identification:_identify(src/minimal_timer) by extension 'colcon_pkg'
[0.234s] Level 1:colcon.colcon_core.package_identification:_identify(src/minimal_timer) by extensions ['colcon_meta']
[0.234s] Level 1:colcon.colcon_core.package_identification:_identify(src/minimal_timer) by extension 'colcon_meta'
[0.234s] Level 1:colcon.colcon_core.package_identification:_identify(src/minimal_timer) by extensions ['ros']
[0.234s] Level 1:colcon.colcon_core.package_identification:_identify(src/minimal_timer) by extension 'ros'
[0.234s] DEBUG:colcon.colcon_core.package_identification:Package 'src/minimal_timer' with type 'ros.ament_cmake' and name 'minimal_timer'
[0.234s] Level 1:colcon.colcon_core.package_identification:_identify(src/my_messages) by extensions ['ignore', 'ignore_ament_install']
[0.234s] Level 1:colcon.colcon_core.package_identification:_identify(src/my_messages) by extension 'ignore'
[0.234s] Level 1:colcon.colcon_core.package_identification:_identify(src/my_messages) by extension 'ignore_ament_install'
[0.234s] Level 1:colcon.colcon_core.package_identification:_identify(src/my_messages) by extensions ['colcon_pkg']
[0.234s] Level 1:colcon.colcon_core.package_identification:_identify(src/my_messages) by extension 'colcon_pkg'
[0.235s] Level 1:colcon.colcon_core.package_identification:_identify(src/my_messages) by extensions ['colcon_meta']
[0.235s] Level 1:colcon.colcon_core.package_identification:_identify(src/my_messages) by extension 'colcon_meta'
[0.235s] Level 1:colcon.colcon_core.package_identification:_identify(src/my_messages) by extensions ['ros']
[0.235s] Level 1:colcon.colcon_core.package_identification:_identify(src/my_messages) by extension 'ros'
[0.235s] DEBUG:colcon.colcon_core.package_identification:Package 'src/my_messages' with type 'ros.ament_cmake' and name 'my_messages'
[0.235s] Level 1:colcon.colcon_core.package_discovery:discover_packages(recursive) using defaults
[0.235s] Level 1:colcon.colcon_core.package_discovery:discover_packages(ignore) discover
[0.235s] Level 1:colcon.colcon_core.package_discovery:discover_packages(ignore) using defaults
[0.235s] Level 1:colcon.colcon_core.package_discovery:discover_packages(path) discover
[0.235s] Level 1:colcon.colcon_core.package_discovery:discover_packages(path) using defaults
[0.250s] Level 1:colcon.colcon_core.package_discovery:discover_packages(prefix_path) check parameters
[0.250s] Level 1:colcon.colcon_core.package_discovery:discover_packages(prefix_path) discover
[0.252s] DEBUG:colcon.colcon_installed_package_information.package_discovery:Found 326 installed packages in /opt/ros/humble
[0.253s] Level 1:colcon.colcon_core.package_discovery:discover_packages(prefix_path) using defaults
[0.297s] Level 5:colcon.colcon_core.verb:set package 'minimal_class_node' build argument 'cmake_args' from command line to 'None'
[0.297s] Level 5:colcon.colcon_core.verb:set package 'minimal_class_node' build argument 'cmake_target' from command line to 'None'
[0.297s] Level 5:colcon.colcon_core.verb:set package 'minimal_class_node' build argument 'cmake_target_skip_unavailable' from command line to 'False'
[0.297s] Level 5:colcon.colcon_core.verb:set package 'minimal_class_node' build argument 'cmake_clean_cache' from command line to 'False'
[0.297s] Level 5:colcon.colcon_core.verb:set package 'minimal_class_node' build argument 'cmake_clean_first' from command line to 'False'
[0.297s] Level 5:colcon.colcon_core.verb:set package 'minimal_class_node' build argument 'cmake_force_configure' from command line to 'False'
[0.297s] Level 5:colcon.colcon_core.verb:set package 'minimal_class_node' build argument 'ament_cmake_args' from command line to 'None'
[0.297s] Level 5:colcon.colcon_core.verb:set package 'minimal_class_node' build argument 'catkin_cmake_args' from command line to 'None'
[0.297s] Level 5:colcon.colcon_core.verb:set package 'minimal_class_node' build argument 'catkin_skip_building_tests' from command line to 'False'
[0.297s] DEBUG:colcon.colcon_core.verb:Building package 'minimal_class_node' with the following arguments: {'ament_cmake_args': None, 'build_base': '/home/keisoku/ros2_studies/build/minimal_class_node', 'catkin_cmake_args': None, 'catkin_skip_building_tests': False, 'cmake_args': None, 'cmake_clean_cache': False, 'cmake_clean_first': False, 'cmake_force_configure': False, 'cmake_target': None, 'cmake_target_skip_unavailable': False, 'install_base': '/home/keisoku/ros2_studies/install/minimal_class_node', 'merge_install': False, 'path': '/home/keisoku/ros2_studies/src/minimal_class_node', 'symlink_install': False, 'test_result_base': None}
[0.298s] Level 5:colcon.colcon_core.verb:set package 'minimal_publisher_class' build argument 'cmake_args' from command line to 'None'
[0.298s] Level 5:colcon.colcon_core.verb:set package 'minimal_publisher_class' build argument 'cmake_target' from command line to 'None'
[0.298s] Level 5:colcon.colcon_core.verb:set package 'minimal_publisher_class' build argument 'cmake_target_skip_unavailable' from command line to 'False'
[0.298s] Level 5:colcon.colcon_core.verb:set package 'minimal_publisher_class' build argument 'cmake_clean_cache' from command line to 'False'
[0.298s] Level 5:colcon.colcon_core.verb:set package 'minimal_publisher_class' build argument 'cmake_clean_first' from command line to 'False'
[0.298s] Level 5:colcon.colcon_core.verb:set package 'minimal_publisher_class' build argument 'cmake_force_configure' from command line to 'False'
[0.298s] Level 5:colcon.colcon_core.verb:set package 'minimal_publisher_class' build argument 'ament_cmake_args' from command line to 'None'
[0.298s] Level 5:colcon.colcon_core.verb:set package 'minimal_publisher_class' build argument 'catkin_cmake_args' from command line to 'None'
[0.298s] Level 5:colcon.colcon_core.verb:set package 'minimal_publisher_class' build argument 'catkin_skip_building_tests' from command line to 'False'
[0.298s] DEBUG:colcon.colcon_core.verb:Building package 'minimal_publisher_class' with the following arguments: {'ament_cmake_args': None, 'build_base': '/home/keisoku/ros2_studies/build/minimal_publisher_class', 'catkin_cmake_args': None, 'catkin_skip_building_tests': False, 'cmake_args': None, 'cmake_clean_cache': False, 'cmake_clean_first': False, 'cmake_force_configure': False, 'cmake_target': None, 'cmake_target_skip_unavailable': False, 'install_base': '/home/keisoku/ros2_studies/install/minimal_publisher_class', 'merge_install': False, 'path': '/home/keisoku/ros2_studies/src/minimal_publisher_class', 'symlink_install': False, 'test_result_base': None}
[0.298s] Level 5:colcon.colcon_core.verb:set package 'minimal_subscriber_class' build argument 'cmake_args' from command line to 'None'
[0.299s] Level 5:colcon.colcon_core.verb:set package 'minimal_subscriber_class' build argument 'cmake_target' from command line to 'None'
[0.299s] Level 5:colcon.colcon_core.verb:set package 'minimal_subscriber_class' build argument 'cmake_target_skip_unavailable' from command line to 'False'
[0.299s] Level 5:colcon.colcon_core.verb:set package 'minimal_subscriber_class' build argument 'cmake_clean_cache' from command line to 'False'
[0.299s] Level 5:colcon.colcon_core.verb:set package 'minimal_subscriber_class' build argument 'cmake_clean_first' from command line to 'False'
[0.299s] Level 5:colcon.colcon_core.verb:set package 'minimal_subscriber_class' build argument 'cmake_force_configure' from command line to 'False'
[0.299s] Level 5:colcon.colcon_core.verb:set package 'minimal_subscriber_class' build argument 'ament_cmake_args' from command line to 'None'
[0.299s] Level 5:colcon.colcon_core.verb:set package 'minimal_subscriber_class' build argument 'catkin_cmake_args' from command line to 'None'
[0.299s] Level 5:colcon.colcon_core.verb:set package 'minimal_subscriber_class' build argument 'catkin_skip_building_tests' from command line to 'False'
[0.299s] DEBUG:colcon.colcon_core.verb:Building package 'minimal_subscriber_class' with the following arguments: {'ament_cmake_args': None, 'build_base': '/home/keisoku/ros2_studies/build/minimal_subscriber_class', 'catkin_cmake_args': None, 'catkin_skip_building_tests': False, 'cmake_args': None, 'cmake_clean_cache': False, 'cmake_clean_first': False, 'cmake_force_configure': False, 'cmake_target': None, 'cmake_target_skip_unavailable': False, 'install_base': '/home/keisoku/ros2_studies/install/minimal_subscriber_class', 'merge_install': False, 'path': '/home/keisoku/ros2_studies/src/minimal_subscriber_class', 'symlink_install': False, 'test_result_base': None}
[0.299s] Level 5:colcon.colcon_core.verb:set package 'minimal_timer' build argument 'cmake_args' from command line to 'None'
[0.299s] Level 5:colcon.colcon_core.verb:set package 'minimal_timer' build argument 'cmake_target' from command line to 'None'
[0.299s] Level 5:colcon.colcon_core.verb:set package 'minimal_timer' build argument 'cmake_target_skip_unavailable' from command line to 'False'
[0.299s] Level 5:colcon.colcon_core.verb:set package 'minimal_timer' build argument 'cmake_clean_cache' from command line to 'False'
[0.299s] Level 5:colcon.colcon_core.verb:set package 'minimal_timer' build argument 'cmake_clean_first' from command line to 'False'
[0.299s] Level 5:colcon.colcon_core.verb:set package 'minimal_timer' build argument 'cmake_force_configure' from command line to 'False'
[0.299s] Level 5:colcon.colcon_core.verb:set package 'minimal_timer' build argument 'ament_cmake_args' from command line to 'None'
[0.299s] Level 5:colcon.colcon_core.verb:set package 'minimal_timer' build argument 'catkin_cmake_args' from command line to 'None'
[0.299s] Level 5:colcon.colcon_core.verb:set package 'minimal_timer' build argument 'catkin_skip_building_tests' from command line to 'False'
[0.299s] DEBUG:colcon.colcon_core.verb:Building package 'minimal_timer' with the following arguments: {'ament_cmake_args': None, 'build_base': '/home/keisoku/ros2_studies/build/minimal_timer', 'catkin_cmake_args': None, 'catkin_skip_building_tests': False, 'cmake_args': None, 'cmake_clean_cache': False, 'cmake_clean_first': False, 'cmake_force_configure': False, 'cmake_target': None, 'cmake_target_skip_unavailable': False, 'install_base': '/home/keisoku/ros2_studies/install/minimal_timer', 'merge_install': False, 'path': '/home/keisoku/ros2_studies/src/minimal_timer', 'symlink_install': False, 'test_result_base': None}
[0.300s] Level 5:colcon.colcon_core.verb:set package 'my_messages' build argument 'cmake_args' from command line to 'None'
[0.300s] Level 5:colcon.colcon_core.verb:set package 'my_messages' build argument 'cmake_target' from command line to 'None'
[0.300s] Level 5:colcon.colcon_core.verb:set package 'my_messages' build argument 'cmake_target_skip_unavailable' from command line to 'False'
[0.300s] Level 5:colcon.colcon_core.verb:set package 'my_messages' build argument 'cmake_clean_cache' from command line to 'False'
[0.300s] Level 5:colcon.colcon_core.verb:set package 'my_messages' build argument 'cmake_clean_first' from command line to 'False'
[0.300s] Level 5:colcon.colcon_core.verb:set package 'my_messages' build argument 'cmake_force_configure' from command line to 'False'
[0.300s] Level 5:colcon.colcon_core.verb:set package 'my_messages' build argument 'ament_cmake_args' from command line to 'None'
[0.300s] Level 5:colcon.colcon_core.verb:set package 'my_messages' build argument 'catkin_cmake_args' from command line to 'None'
[0.300s] Level 5:colcon.colcon_core.verb:set package 'my_messages' build argument 'catkin_skip_building_tests' from command line to 'False'
[0.300s] DEBUG:colcon.colcon_core.verb:Building package 'my_messages' with the following arguments: {'ament_cmake_args': None, 'build_base': '/home/keisoku/ros2_studies/build/my_messages', 'catkin_cmake_args': None, 'catkin_skip_building_tests': False, 'cmake_args': None, 'cmake_clean_cache': False, 'cmake_clean_first': False, 'cmake_force_configure': False, 'cmake_target': None, 'cmake_target_skip_unavailable': False, 'install_base': '/home/keisoku/ros2_studies/install/my_messages', 'merge_install': False, 'path': '/home/keisoku/ros2_studies/src/my_messages', 'symlink_install': False, 'test_result_base': None}
[0.301s] INFO:colcon.colcon_core.executor:Executing jobs using 'parallel' executor
[0.303s] DEBUG:colcon.colcon_parallel_executor.executor.parallel:run_until_complete
[0.303s] INFO:colcon.colcon_ros.task.ament_cmake.build:Building ROS package in '/home/keisoku/ros2_studies/src/minimal_class_node' with build type 'ament_cmake'
[0.303s] INFO:colcon.colcon_cmake.task.cmake.build:Building CMake package in '/home/keisoku/ros2_studies/src/minimal_class_node'
[0.306s] INFO:colcon.colcon_core.plugin_system:Skipping extension 'colcon_core.shell.bat': Not used on non-Windows systems
[0.306s] INFO:colcon.colcon_core.shell:Skip shell extension 'powershell' for command environment: Not usable outside of PowerShell
[0.306s] DEBUG:colcon.colcon_core.shell:Skip shell extension 'dsv' for command environment
[0.308s] INFO:colcon.colcon_ros.task.ament_cmake.build:Building ROS package in '/home/keisoku/ros2_studies/src/minimal_publisher_class' with build type 'ament_cmake'
[0.308s] INFO:colcon.colcon_cmake.task.cmake.build:Building CMake package in '/home/keisoku/ros2_studies/src/minimal_publisher_class'
[0.309s] INFO:colcon.colcon_core.shell:Skip shell extension 'powershell' for command environment: Not usable outside of PowerShell
[0.309s] DEBUG:colcon.colcon_core.shell:Skip shell extension 'dsv' for command environment
[0.311s] INFO:colcon.colcon_ros.task.ament_cmake.build:Building ROS package in '/home/keisoku/ros2_studies/src/minimal_subscriber_class' with build type 'ament_cmake'
[0.311s] INFO:colcon.colcon_cmake.task.cmake.build:Building CMake package in '/home/keisoku/ros2_studies/src/minimal_subscriber_class'
[0.312s] INFO:colcon.colcon_core.shell:Skip shell extension 'powershell' for command environment: Not usable outside of PowerShell
[0.312s] DEBUG:colcon.colcon_core.shell:Skip shell extension 'dsv' for command environment
[0.314s] INFO:colcon.colcon_ros.task.ament_cmake.build:Building ROS package in '/home/keisoku/ros2_studies/src/minimal_timer' with build type 'ament_cmake'
[0.314s] INFO:colcon.colcon_cmake.task.cmake.build:Building CMake package in '/home/keisoku/ros2_studies/src/minimal_timer'
[0.315s] INFO:colcon.colcon_core.shell:Skip shell extension 'powershell' for command environment: Not usable outside of PowerShell
[0.315s] DEBUG:colcon.colcon_core.shell:Skip shell extension 'dsv' for command environment
[0.317s] INFO:colcon.colcon_ros.task.ament_cmake.build:Building ROS package in '/home/keisoku/ros2_studies/src/my_messages' with build type 'ament_cmake'
[0.317s] INFO:colcon.colcon_cmake.task.cmake.build:Building CMake package in '/home/keisoku/ros2_studies/src/my_messages'
[0.318s] INFO:colcon.colcon_core.shell:Skip shell extension 'powershell' for command environment: Not usable outside of PowerShell
[0.318s] DEBUG:colcon.colcon_core.shell:Skip shell extension 'dsv' for command environment
[0.323s] DEBUG:colcon.colcon_core.event_handler.log_command:Invoking command in '/home/keisoku/ros2_studies/build/minimal_class_node': CMAKE_PREFIX_PATH=/opt/ros/humble /usr/bin/cmake --build /home/keisoku/ros2_studies/build/minimal_class_node -- -j20 -l20
[0.325s] DEBUG:colcon.colcon_core.event_handler.log_command:Invoking command in '/home/keisoku/ros2_studies/build/minimal_publisher_class': CMAKE_PREFIX_PATH=/opt/ros/humble /usr/bin/cmake --build /home/keisoku/ros2_studies/build/minimal_publisher_class -- -j20 -l20
[0.326s] DEBUG:colcon.colcon_core.event_handler.log_command:Invoking command in '/home/keisoku/ros2_studies/build/minimal_subscriber_class': CMAKE_PREFIX_PATH=/opt/ros/humble /usr/bin/cmake --build /home/keisoku/ros2_studies/build/minimal_subscriber_class -- -j20 -l20
[0.328s] DEBUG:colcon.colcon_core.event_handler.log_command:Invoking command in '/home/keisoku/ros2_studies/build/minimal_timer': CMAKE_PREFIX_PATH=/opt/ros/humble /usr/bin/cmake --build /home/keisoku/ros2_studies/build/minimal_timer -- -j20 -l20
[0.331s] DEBUG:colcon.colcon_core.event_handler.log_command:Invoking command in '/home/keisoku/ros2_studies/build/my_messages': CMAKE_PREFIX_PATH=/opt/ros/humble /usr/bin/cmake /home/keisoku/ros2_studies/src/my_messages -DCMAKE_INSTALL_PREFIX=/home/keisoku/ros2_studies/install/my_messages
[0.360s] DEBUG:colcon.colcon_core.event_handler.log_command:Invoked command in '/home/keisoku/ros2_studies/build/minimal_class_node' returned '0': CMAKE_PREFIX_PATH=/opt/ros/humble /usr/bin/cmake --build /home/keisoku/ros2_studies/build/minimal_class_node -- -j20 -l20
[0.362s] DEBUG:colcon.colcon_core.event_handler.log_command:Invoked command in '/home/keisoku/ros2_studies/build/minimal_publisher_class' returned '0': CMAKE_PREFIX_PATH=/opt/ros/humble /usr/bin/cmake --build /home/keisoku/ros2_studies/build/minimal_publisher_class -- -j20 -l20
[0.362s] DEBUG:colcon.colcon_core.event_handler.log_command:Invoked command in '/home/keisoku/ros2_studies/build/minimal_subscriber_class' returned '0': CMAKE_PREFIX_PATH=/opt/ros/humble /usr/bin/cmake --build /home/keisoku/ros2_studies/build/minimal_subscriber_class -- -j20 -l20
[0.363s] DEBUG:colcon.colcon_core.event_handler.log_command:Invoked command in '/home/keisoku/ros2_studies/build/minimal_timer' returned '0': CMAKE_PREFIX_PATH=/opt/ros/humble /usr/bin/cmake --build /home/keisoku/ros2_studies/build/minimal_timer -- -j20 -l20
[0.378s] DEBUG:colcon.colcon_core.event_handler.log_command:Invoking command in '/home/keisoku/ros2_studies/build/minimal_class_node': CMAKE_PREFIX_PATH=/opt/ros/humble /usr/bin/cmake --install /home/keisoku/ros2_studies/build/minimal_class_node
[0.380s] DEBUG:colcon.colcon_core.event_handler.log_command:Invoking command in '/home/keisoku/ros2_studies/build/minimal_timer': CMAKE_PREFIX_PATH=/opt/ros/humble /usr/bin/cmake --install /home/keisoku/ros2_studies/build/minimal_timer
[0.381s] DEBUG:colcon.colcon_core.event_handler.log_command:Invoking command in '/home/keisoku/ros2_studies/build/minimal_subscriber_class': CMAKE_PREFIX_PATH=/opt/ros/humble /usr/bin/cmake --install /home/keisoku/ros2_studies/build/minimal_subscriber_class
[0.381s] DEBUG:colcon.colcon_core.event_handler.log_command:Invoking command in '/home/keisoku/ros2_studies/build/minimal_publisher_class': CMAKE_PREFIX_PATH=/opt/ros/humble /usr/bin/cmake --install /home/keisoku/ros2_studies/build/minimal_publisher_class
[0.383s] Level 1:colcon.colcon_core.environment:create_environment_scripts_only(minimal_class_node)
[0.383s] DEBUG:colcon.colcon_core.event_handler.log_command:Invoked command in '/home/keisoku/ros2_studies/build/minimal_class_node' returned '0': CMAKE_PREFIX_PATH=/opt/ros/humble /usr/bin/cmake --install /home/keisoku/ros2_studies/build/minimal_class_node
[0.389s] Level 1:colcon.colcon_core.environment:checking '/home/keisoku/ros2_studies/install/minimal_class_node' for CMake module files
[0.390s] Level 1:colcon.colcon_core.environment:checking '/home/keisoku/ros2_studies/install/minimal_class_node' for CMake config files
[0.390s] Level 1:colcon.colcon_core.shell:create_environment_hook('minimal_class_node', 'cmake_prefix_path')
[0.391s] INFO:colcon.colcon_core.shell:Creating environment hook '/home/keisoku/ros2_studies/install/minimal_class_node/share/minimal_class_node/hook/cmake_prefix_path.ps1'
[0.391s] INFO:colcon.colcon_core.shell:Creating environment descriptor '/home/keisoku/ros2_studies/install/minimal_class_node/share/minimal_class_node/hook/cmake_prefix_path.dsv'
[0.391s] INFO:colcon.colcon_core.shell:Creating environment hook '/home/keisoku/ros2_studies/install/minimal_class_node/share/minimal_class_node/hook/cmake_prefix_path.sh'
[0.392s] Level 1:colcon.colcon_core.environment:checking '/home/keisoku/ros2_studies/install/minimal_class_node/lib'
[0.392s] Level 1:colcon.colcon_core.environment:checking '/home/keisoku/ros2_studies/install/minimal_class_node/bin'
[0.392s] Level 1:colcon.colcon_core.environment:checking '/home/keisoku/ros2_studies/install/minimal_class_node/lib/pkgconfig/minimal_class_node.pc'
[0.392s] Level 1:colcon.colcon_core.environment:checking '/home/keisoku/ros2_studies/install/minimal_class_node/lib/python3.10/site-packages'
[0.392s] Level 1:colcon.colcon_core.environment:checking '/home/keisoku/ros2_studies/install/minimal_class_node/bin'
[0.393s] INFO:colcon.colcon_core.shell:Creating package script '/home/keisoku/ros2_studies/install/minimal_class_node/share/minimal_class_node/package.ps1'
[0.394s] INFO:colcon.colcon_core.shell:Creating package descriptor '/home/keisoku/ros2_studies/install/minimal_class_node/share/minimal_class_node/package.dsv'
[0.394s] INFO:colcon.colcon_core.shell:Creating package script '/home/keisoku/ros2_studies/install/minimal_class_node/share/minimal_class_node/package.sh'
[0.395s] INFO:colcon.colcon_core.shell:Creating package script '/home/keisoku/ros2_studies/install/minimal_class_node/share/minimal_class_node/package.bash'
[0.395s] INFO:colcon.colcon_core.shell:Creating package script '/home/keisoku/ros2_studies/install/minimal_class_node/share/minimal_class_node/package.zsh'
[0.395s] Level 1:colcon.colcon_core.environment:create_file_with_runtime_dependencies(/home/keisoku/ros2_studies/install/minimal_class_node/share/colcon-core/packages/minimal_class_node)
[0.397s] Level 1:colcon.colcon_core.environment:create_environment_scripts_only(minimal_subscriber_class)
[0.399s] Level 1:colcon.colcon_core.environment:checking '/home/keisoku/ros2_studies/install/minimal_subscriber_class' for CMake module files
[0.399s] DEBUG:colcon.colcon_core.event_handler.log_command:Invoked command in '/home/keisoku/ros2_studies/build/minimal_subscriber_class' returned '0': CMAKE_PREFIX_PATH=/opt/ros/humble /usr/bin/cmake --install /home/keisoku/ros2_studies/build/minimal_subscriber_class
[0.399s] Level 1:colcon.colcon_core.environment:checking '/home/keisoku/ros2_studies/install/minimal_subscriber_class' for CMake config files
[0.399s] Level 1:colcon.colcon_core.shell:create_environment_hook('minimal_subscriber_class', 'cmake_prefix_path')
[0.400s] INFO:colcon.colcon_core.shell:Creating environment hook '/home/keisoku/ros2_studies/install/minimal_subscriber_class/share/minimal_subscriber_class/hook/cmake_prefix_path.ps1'
[0.400s] INFO:colcon.colcon_core.shell:Creating environment descriptor '/home/keisoku/ros2_studies/install/minimal_subscriber_class/share/minimal_subscriber_class/hook/cmake_prefix_path.dsv'
[0.401s] INFO:colcon.colcon_core.shell:Creating environment hook '/home/keisoku/ros2_studies/install/minimal_subscriber_class/share/minimal_subscriber_class/hook/cmake_prefix_path.sh'
[0.401s] Level 1:colcon.colcon_core.environment:checking '/home/keisoku/ros2_studies/install/minimal_subscriber_class/lib'
[0.401s] Level 1:colcon.colcon_core.environment:checking '/home/keisoku/ros2_studies/install/minimal_subscriber_class/bin'
[0.401s] Level 1:colcon.colcon_core.environment:checking '/home/keisoku/ros2_studies/install/minimal_subscriber_class/lib/pkgconfig/minimal_subscriber_class.pc'
[0.401s] Level 1:colcon.colcon_core.environment:checking '/home/keisoku/ros2_studies/install/minimal_subscriber_class/lib/python3.10/site-packages'
[0.401s] Level 1:colcon.colcon_core.environment:checking '/home/keisoku/ros2_studies/install/minimal_subscriber_class/bin'
[0.402s] INFO:colcon.colcon_core.shell:Creating package script '/home/keisoku/ros2_studies/install/minimal_subscriber_class/share/minimal_subscriber_class/package.ps1'
[0.403s] INFO:colcon.colcon_core.shell:Creating package descriptor '/home/keisoku/ros2_studies/install/minimal_subscriber_class/share/minimal_subscriber_class/package.dsv'
[0.403s] INFO:colcon.colcon_core.shell:Creating package script '/home/keisoku/ros2_studies/install/minimal_subscriber_class/share/minimal_subscriber_class/package.sh'
[0.403s] INFO:colcon.colcon_core.shell:Creating package script '/home/keisoku/ros2_studies/install/minimal_subscriber_class/share/minimal_subscriber_class/package.bash'
[0.403s] INFO:colcon.colcon_core.shell:Creating package script '/home/keisoku/ros2_studies/install/minimal_subscriber_class/share/minimal_subscriber_class/package.zsh'
[0.404s] Level 1:colcon.colcon_core.environment:create_file_with_runtime_dependencies(/home/keisoku/ros2_studies/install/minimal_subscriber_class/share/colcon-core/packages/minimal_subscriber_class)
[0.404s] Level 1:colcon.colcon_core.environment:create_environment_scripts_only(minimal_timer)
[0.405s] Level 1:colcon.colcon_core.environment:checking '/home/keisoku/ros2_studies/install/minimal_timer' for CMake module files
[0.406s] DEBUG:colcon.colcon_core.event_handler.log_command:Invoked command in '/home/keisoku/ros2_studies/build/minimal_timer' returned '0': CMAKE_PREFIX_PATH=/opt/ros/humble /usr/bin/cmake --install /home/keisoku/ros2_studies/build/minimal_timer
[0.406s] Level 1:colcon.colcon_core.environment:checking '/home/keisoku/ros2_studies/install/minimal_timer' for CMake config files
[0.406s] Level 1:colcon.colcon_core.shell:create_environment_hook('minimal_timer', 'cmake_prefix_path')
[0.407s] INFO:colcon.colcon_core.shell:Creating environment hook '/home/keisoku/ros2_studies/install/minimal_timer/share/minimal_timer/hook/cmake_prefix_path.ps1'
[0.407s] INFO:colcon.colcon_core.shell:Creating environment descriptor '/home/keisoku/ros2_studies/install/minimal_timer/share/minimal_timer/hook/cmake_prefix_path.dsv'
[0.407s] INFO:colcon.colcon_core.shell:Creating environment hook '/home/keisoku/ros2_studies/install/minimal_timer/share/minimal_timer/hook/cmake_prefix_path.sh'
[0.408s] Level 1:colcon.colcon_core.environment:checking '/home/keisoku/ros2_studies/install/minimal_timer/lib'
[0.408s] Level 1:colcon.colcon_core.environment:checking '/home/keisoku/ros2_studies/install/minimal_timer/bin'
[0.408s] Level 1:colcon.colcon_core.environment:checking '/home/keisoku/ros2_studies/install/minimal_timer/lib/pkgconfig/minimal_timer.pc'
[0.408s] Level 1:colcon.colcon_core.environment:checking '/home/keisoku/ros2_studies/install/minimal_timer/lib/python3.10/site-packages'
[0.408s] Level 1:colcon.colcon_core.environment:checking '/home/keisoku/ros2_studies/install/minimal_timer/bin'
[0.409s] INFO:colcon.colcon_core.shell:Creating package script '/home/keisoku/ros2_studies/install/minimal_timer/share/minimal_timer/package.ps1'
[0.410s] INFO:colcon.colcon_core.shell:Creating package descriptor '/home/keisoku/ros2_studies/install/minimal_timer/share/minimal_timer/package.dsv'
[0.410s] INFO:colcon.colcon_core.shell:Creating package script '/home/keisoku/ros2_studies/install/minimal_timer/share/minimal_timer/package.sh'
[0.410s] INFO:colcon.colcon_core.shell:Creating package script '/home/keisoku/ros2_studies/install/minimal_timer/share/minimal_timer/package.bash'
[0.410s] INFO:colcon.colcon_core.shell:Creating package script '/home/keisoku/ros2_studies/install/minimal_timer/share/minimal_timer/package.zsh'
[0.411s] Level 1:colcon.colcon_core.environment:create_file_with_runtime_dependencies(/home/keisoku/ros2_studies/install/minimal_timer/share/colcon-core/packages/minimal_timer)
[0.411s] Level 1:colcon.colcon_core.environment:create_environment_scripts_only(minimal_publisher_class)
[0.413s] Level 1:colcon.colcon_core.environment:checking '/home/keisoku/ros2_studies/install/minimal_publisher_class' for CMake module files
[0.414s] DEBUG:colcon.colcon_core.event_handler.log_command:Invoked command in '/home/keisoku/ros2_studies/build/minimal_publisher_class' returned '0': CMAKE_PREFIX_PATH=/opt/ros/humble /usr/bin/cmake --install /home/keisoku/ros2_studies/build/minimal_publisher_class
[0.414s] Level 1:colcon.colcon_core.environment:checking '/home/keisoku/ros2_studies/install/minimal_publisher_class' for CMake config files
[0.414s] Level 1:colcon.colcon_core.shell:create_environment_hook('minimal_publisher_class', 'cmake_prefix_path')
[0.415s] INFO:colcon.colcon_core.shell:Creating environment hook '/home/keisoku/ros2_studies/install/minimal_publisher_class/share/minimal_publisher_class/hook/cmake_prefix_path.ps1'
[0.415s] INFO:colcon.colcon_core.shell:Creating environment descriptor '/home/keisoku/ros2_studies/install/minimal_publisher_class/share/minimal_publisher_class/hook/cmake_prefix_path.dsv'
[0.415s] INFO:colcon.colcon_core.shell:Creating environment hook '/home/keisoku/ros2_studies/install/minimal_publisher_class/share/minimal_publisher_class/hook/cmake_prefix_path.sh'
[0.416s] Level 1:colcon.colcon_core.environment:checking '/home/keisoku/ros2_studies/install/minimal_publisher_class/lib'
[0.416s] Level 1:colcon.colcon_core.environment:checking '/home/keisoku/ros2_studies/install/minimal_publisher_class/bin'
[0.416s] Level 1:colcon.colcon_core.environment:checking '/home/keisoku/ros2_studies/install/minimal_publisher_class/lib/pkgconfig/minimal_publisher_class.pc'
[0.416s] Level 1:colcon.colcon_core.environment:checking '/home/keisoku/ros2_studies/install/minimal_publisher_class/lib/python3.10/site-packages'
[0.416s] Level 1:colcon.colcon_core.environment:checking '/home/keisoku/ros2_studies/install/minimal_publisher_class/bin'
[0.417s] INFO:colcon.colcon_core.shell:Creating package script '/home/keisoku/ros2_studies/install/minimal_publisher_class/share/minimal_publisher_class/package.ps1'
[0.417s] INFO:colcon.colcon_core.shell:Creating package descriptor '/home/keisoku/ros2_studies/install/minimal_publisher_class/share/minimal_publisher_class/package.dsv'
[0.418s] INFO:colcon.colcon_core.shell:Creating package script '/home/keisoku/ros2_studies/install/minimal_publisher_class/share/minimal_publisher_class/package.sh'
[0.418s] INFO:colcon.colcon_core.shell:Creating package script '/home/keisoku/ros2_studies/install/minimal_publisher_class/share/minimal_publisher_class/package.bash'
[0.418s] INFO:colcon.colcon_core.shell:Creating package script '/home/keisoku/ros2_studies/install/minimal_publisher_class/share/minimal_publisher_class/package.zsh'
[0.418s] Level 1:colcon.colcon_core.environment:create_file_with_runtime_dependencies(/home/keisoku/ros2_studies/install/minimal_publisher_class/share/colcon-core/packages/minimal_publisher_class)
[0.420s] Level 1:colcon.colcon_core.environment:create_environment_scripts_only(minimal_class_node)
[0.421s] Level 1:colcon.colcon_core.environment:checking '/home/keisoku/ros2_studies/install/minimal_class_node' for CMake module files
[0.422s] Level 1:colcon.colcon_core.environment:checking '/home/keisoku/ros2_studies/install/minimal_class_node' for CMake config files
[0.422s] Level 1:colcon.colcon_core.shell:create_environment_hook('minimal_class_node', 'cmake_prefix_path')
[0.423s] INFO:colcon.colcon_core.shell:Creating environment hook '/home/keisoku/ros2_studies/install/minimal_class_node/share/minimal_class_node/hook/cmake_prefix_path.ps1'
[0.423s] INFO:colcon.colcon_core.shell:Creating environment descriptor '/home/keisoku/ros2_studies/install/minimal_class_node/share/minimal_class_node/hook/cmake_prefix_path.dsv'
[0.423s] INFO:colcon.colcon_core.shell:Creating environment hook '/home/keisoku/ros2_studies/install/minimal_class_node/share/minimal_class_node/hook/cmake_prefix_path.sh'
[0.424s] Level 1:colcon.colcon_core.environment:checking '/home/keisoku/ros2_studies/install/minimal_class_node/lib'
[0.424s] Level 1:colcon.colcon_core.environment:checking '/home/keisoku/ros2_studies/install/minimal_class_node/bin'
[0.424s] Level 1:colcon.colcon_core.environment:checking '/home/keisoku/ros2_studies/install/minimal_class_node/lib/pkgconfig/minimal_class_node.pc'
[0.424s] Level 1:colcon.colcon_core.environment:checking '/home/keisoku/ros2_studies/install/minimal_class_node/lib/python3.10/site-packages'
[0.424s] Level 1:colcon.colcon_core.environment:checking '/home/keisoku/ros2_studies/install/minimal_class_node/bin'
[0.425s] INFO:colcon.colcon_core.shell:Creating package script '/home/keisoku/ros2_studies/install/minimal_class_node/share/minimal_class_node/package.ps1'
[0.425s] INFO:colcon.colcon_core.shell:Creating package descriptor '/home/keisoku/ros2_studies/install/minimal_class_node/share/minimal_class_node/package.dsv'
[0.425s] INFO:colcon.colcon_core.shell:Creating package script '/home/keisoku/ros2_studies/install/minimal_class_node/share/minimal_class_node/package.sh'
[0.426s] INFO:colcon.colcon_core.shell:Creating package script '/home/keisoku/ros2_studies/install/minimal_class_node/share/minimal_class_node/package.bash'
[0.426s] INFO:colcon.colcon_core.shell:Creating package script '/home/keisoku/ros2_studies/install/minimal_class_node/share/minimal_class_node/package.zsh'
[0.426s] Level 1:colcon.colcon_core.environment:create_file_with_runtime_dependencies(/home/keisoku/ros2_studies/install/minimal_class_node/share/colcon-core/packages/minimal_class_node)
[0.427s] Level 1:colcon.colcon_core.environment:create_environment_scripts_only(minimal_subscriber_class)
[0.429s] Level 1:colcon.colcon_core.environment:checking '/home/keisoku/ros2_studies/install/minimal_subscriber_class' for CMake module files
[0.429s] Level 1:colcon.colcon_core.environment:checking '/home/keisoku/ros2_studies/install/minimal_subscriber_class' for CMake config files
[0.429s] Level 1:colcon.colcon_core.shell:create_environment_hook('minimal_subscriber_class', 'cmake_prefix_path')
[0.430s] INFO:colcon.colcon_core.shell:Creating environment hook '/home/keisoku/ros2_studies/install/minimal_subscriber_class/share/minimal_subscriber_class/hook/cmake_prefix_path.ps1'
[0.430s] INFO:colcon.colcon_core.shell:Creating environment descriptor '/home/keisoku/ros2_studies/install/minimal_subscriber_class/share/minimal_subscriber_class/hook/cmake_prefix_path.dsv'
[0.431s] INFO:colcon.colcon_core.shell:Creating environment hook '/home/keisoku/ros2_studies/install/minimal_subscriber_class/share/minimal_subscriber_class/hook/cmake_prefix_path.sh'
[0.431s] Level 1:colcon.colcon_core.environment:checking '/home/keisoku/ros2_studies/install/minimal_subscriber_class/lib'
[0.431s] Level 1:colcon.colcon_core.environment:checking '/home/keisoku/ros2_studies/install/minimal_subscriber_class/bin'
[0.431s] Level 1:colcon.colcon_core.environment:checking '/home/keisoku/ros2_studies/install/minimal_subscriber_class/lib/pkgconfig/minimal_subscriber_class.pc'
[0.431s] Level 1:colcon.colcon_core.environment:checking '/home/keisoku/ros2_studies/install/minimal_subscriber_class/lib/python3.10/site-packages'
[0.431s] Level 1:colcon.colcon_core.environment:checking '/home/keisoku/ros2_studies/install/minimal_subscriber_class/bin'
[0.432s] INFO:colcon.colcon_core.shell:Creating package script '/home/keisoku/ros2_studies/install/minimal_subscriber_class/share/minimal_subscriber_class/package.ps1'
[0.433s] INFO:colcon.colcon_core.shell:Creating package descriptor '/home/keisoku/ros2_studies/install/minimal_subscriber_class/share/minimal_subscriber_class/package.dsv'
[0.433s] INFO:colcon.colcon_core.shell:Creating package script '/home/keisoku/ros2_studies/install/minimal_subscriber_class/share/minimal_subscriber_class/package.sh'
[0.433s] INFO:colcon.colcon_core.shell:Creating package script '/home/keisoku/ros2_studies/install/minimal_subscriber_class/share/minimal_subscriber_class/package.bash'
[0.433s] INFO:colcon.colcon_core.shell:Creating package script '/home/keisoku/ros2_studies/install/minimal_subscriber_class/share/minimal_subscriber_class/package.zsh'
[0.434s] Level 1:colcon.colcon_core.environment:create_file_with_runtime_dependencies(/home/keisoku/ros2_studies/install/minimal_subscriber_class/share/colcon-core/packages/minimal_subscriber_class)
[0.435s] Level 1:colcon.colcon_core.environment:create_environment_scripts_only(minimal_timer)
[0.436s] Level 1:colcon.colcon_core.environment:checking '/home/keisoku/ros2_studies/install/minimal_timer' for CMake module files
[0.437s] Level 1:colcon.colcon_core.environment:checking '/home/keisoku/ros2_studies/install/minimal_timer' for CMake config files
[0.437s] Level 1:colcon.colcon_core.shell:create_environment_hook('minimal_timer', 'cmake_prefix_path')
[0.438s] INFO:colcon.colcon_core.shell:Creating environment hook '/home/keisoku/ros2_studies/install/minimal_timer/share/minimal_timer/hook/cmake_prefix_path.ps1'
[0.438s] INFO:colcon.colcon_core.shell:Creating environment descriptor '/home/keisoku/ros2_studies/install/minimal_timer/share/minimal_timer/hook/cmake_prefix_path.dsv'
[0.438s] INFO:colcon.colcon_core.shell:Creating environment hook '/home/keisoku/ros2_studies/install/minimal_timer/share/minimal_timer/hook/cmake_prefix_path.sh'
[0.438s] Level 1:colcon.colcon_core.environment:checking '/home/keisoku/ros2_studies/install/minimal_timer/lib'
[0.438s] Level 1:colcon.colcon_core.environment:checking '/home/keisoku/ros2_studies/install/minimal_timer/bin'
[0.438s] Level 1:colcon.colcon_core.environment:checking '/home/keisoku/ros2_studies/install/minimal_timer/lib/pkgconfig/minimal_timer.pc'
[0.439s] Level 1:colcon.colcon_core.environment:checking '/home/keisoku/ros2_studies/install/minimal_timer/lib/python3.10/site-packages'
[0.439s] Level 1:colcon.colcon_core.environment:checking '/home/keisoku/ros2_studies/install/minimal_timer/bin'
[0.440s] INFO:colcon.colcon_core.shell:Creating package script '/home/keisoku/ros2_studies/install/minimal_timer/share/minimal_timer/package.ps1'
[0.440s] INFO:colcon.colcon_core.shell:Creating package descriptor '/home/keisoku/ros2_studies/install/minimal_timer/share/minimal_timer/package.dsv'
[0.440s] INFO:colcon.colcon_core.shell:Creating package script '/home/keisoku/ros2_studies/install/minimal_timer/share/minimal_timer/package.sh'
[0.441s] INFO:colcon.colcon_core.shell:Creating package script '/home/keisoku/ros2_studies/install/minimal_timer/share/minimal_timer/package.bash'
[0.441s] INFO:colcon.colcon_core.shell:Creating package script '/home/keisoku/ros2_studies/install/minimal_timer/share/minimal_timer/package.zsh'
[0.441s] Level 1:colcon.colcon_core.environment:create_file_with_runtime_dependencies(/home/keisoku/ros2_studies/install/minimal_timer/share/colcon-core/packages/minimal_timer)
[0.442s] Level 1:colcon.colcon_core.environment:create_environment_scripts_only(minimal_publisher_class)
[0.443s] Level 1:colcon.colcon_core.environment:checking '/home/keisoku/ros2_studies/install/minimal_publisher_class' for CMake module files
[0.444s] Level 1:colcon.colcon_core.environment:checking '/home/keisoku/ros2_studies/install/minimal_publisher_class' for CMake config files
[0.444s] Level 1:colcon.colcon_core.shell:create_environment_hook('minimal_publisher_class', 'cmake_prefix_path')
[0.445s] INFO:colcon.colcon_core.shell:Creating environment hook '/home/keisoku/ros2_studies/install/minimal_publisher_class/share/minimal_publisher_class/hook/cmake_prefix_path.ps1'
[0.445s] INFO:colcon.colcon_core.shell:Creating environment descriptor '/home/keisoku/ros2_studies/install/minimal_publisher_class/share/minimal_publisher_class/hook/cmake_prefix_path.dsv'
[0.445s] INFO:colcon.colcon_core.shell:Creating environment hook '/home/keisoku/ros2_studies/install/minimal_publisher_class/share/minimal_publisher_class/hook/cmake_prefix_path.sh'
[0.446s] Level 1:colcon.colcon_core.environment:checking '/home/keisoku/ros2_studies/install/minimal_publisher_class/lib'
[0.446s] Level 1:colcon.colcon_core.environment:checking '/home/keisoku/ros2_studies/install/minimal_publisher_class/bin'
[0.446s] Level 1:colcon.colcon_core.environment:checking '/home/keisoku/ros2_studies/install/minimal_publisher_class/lib/pkgconfig/minimal_publisher_class.pc'
[0.446s] Level 1:colcon.colcon_core.environment:checking '/home/keisoku/ros2_studies/install/minimal_publisher_class/lib/python3.10/site-packages'
[0.446s] Level 1:colcon.colcon_core.environment:checking '/home/keisoku/ros2_studies/install/minimal_publisher_class/bin'
[0.447s] INFO:colcon.colcon_core.shell:Creating package script '/home/keisoku/ros2_studies/install/minimal_publisher_class/share/minimal_publisher_class/package.ps1'
[0.447s] INFO:colcon.colcon_core.shell:Creating package descriptor '/home/keisoku/ros2_studies/install/minimal_publisher_class/share/minimal_publisher_class/package.dsv'
[0.448s] INFO:colcon.colcon_core.shell:Creating package script '/home/keisoku/ros2_studies/install/minimal_publisher_class/share/minimal_publisher_class/package.sh'
[0.448s] INFO:colcon.colcon_core.shell:Creating package script '/home/keisoku/ros2_studies/install/minimal_publisher_class/share/minimal_publisher_class/package.bash'
[0.448s] INFO:colcon.colcon_core.shell:Creating package script '/home/keisoku/ros2_studies/install/minimal_publisher_class/share/minimal_publisher_class/package.zsh'
[0.448s] Level 1:colcon.colcon_core.environment:create_file_with_runtime_dependencies(/home/keisoku/ros2_studies/install/minimal_publisher_class/share/colcon-core/packages/minimal_publisher_class)
[0.718s] DEBUG:colcon.colcon_core.event_handler.log_command:Invoked command in '/home/keisoku/ros2_studies/build/my_messages' returned '1': CMAKE_PREFIX_PATH=/opt/ros/humble /usr/bin/cmake /home/keisoku/ros2_studies/src/my_messages -DCMAKE_INSTALL_PREFIX=/home/keisoku/ros2_studies/install/my_messages
[0.724s] Level 1:colcon.colcon_core.environment:create_environment_scripts_only(my_messages)
[0.725s] Level 1:colcon.colcon_core.environment:checking '/home/keisoku/ros2_studies/install/my_messages' for CMake module files
[0.726s] Level 1:colcon.colcon_core.environment:checking '/home/keisoku/ros2_studies/install/my_messages' for CMake config files
[0.726s] Level 1:colcon.colcon_core.environment:checking '/home/keisoku/ros2_studies/install/my_messages/bin'
[0.726s] Level 1:colcon.colcon_core.environment:checking '/home/keisoku/ros2_studies/install/my_messages/lib/pkgconfig/my_messages.pc'
[0.726s] Level 1:colcon.colcon_core.environment:checking '/home/keisoku/ros2_studies/install/my_messages/lib/python3.10/site-packages'
[0.726s] Level 1:colcon.colcon_core.environment:checking '/home/keisoku/ros2_studies/install/my_messages/bin'
[0.727s] INFO:colcon.colcon_core.shell:Creating package script '/home/keisoku/ros2_studies/install/my_messages/share/my_messages/package.ps1'
[0.727s] INFO:colcon.colcon_core.shell:Creating package descriptor '/home/keisoku/ros2_studies/install/my_messages/share/my_messages/package.dsv'
[0.727s] INFO:colcon.colcon_core.shell:Creating package script '/home/keisoku/ros2_studies/install/my_messages/share/my_messages/package.sh'
[0.727s] INFO:colcon.colcon_core.shell:Creating package script '/home/keisoku/ros2_studies/install/my_messages/share/my_messages/package.bash'
[0.728s] INFO:colcon.colcon_core.shell:Creating package script '/home/keisoku/ros2_studies/install/my_messages/share/my_messages/package.zsh'
[0.728s] Level 1:colcon.colcon_core.environment:create_file_with_runtime_dependencies(/home/keisoku/ros2_studies/install/my_messages/share/colcon-core/packages/my_messages)
[0.738s] DEBUG:colcon.colcon_parallel_executor.executor.parallel:closing loop
[0.738s] DEBUG:colcon.colcon_parallel_executor.executor.parallel:loop closed
[0.738s] DEBUG:colcon.colcon_parallel_executor.executor.parallel:run_until_complete finished with '1'
[0.738s] DEBUG:colcon.colcon_core.event_reactor:joining thread
[0.742s] INFO:colcon.colcon_core.plugin_system:Skipping extension 'colcon_notification.desktop_notification.terminal_notifier': Not used on non-Darwin systems
[0.742s] INFO:colcon.colcon_core.plugin_system:Skipping extension 'colcon_notification.desktop_notification.win32': Not used on non-Windows systems
[0.742s] INFO:colcon.colcon_notification.desktop_notification:Sending desktop notification using 'notify2'
[0.751s] DEBUG:colcon.colcon_core.event_reactor:joined thread
[0.752s] INFO:colcon.colcon_core.shell:Creating prefix script '/home/keisoku/ros2_studies/install/local_setup.ps1'
[0.753s] INFO:colcon.colcon_core.shell:Creating prefix util module '/home/keisoku/ros2_studies/install/_local_setup_util_ps1.py'
[0.754s] INFO:colcon.colcon_core.shell:Creating prefix chain script '/home/keisoku/ros2_studies/install/setup.ps1'
[0.754s] INFO:colcon.colcon_core.shell:Creating prefix script '/home/keisoku/ros2_studies/install/local_setup.sh'
[0.755s] INFO:colcon.colcon_core.shell:Creating prefix util module '/home/keisoku/ros2_studies/install/_local_setup_util_sh.py'
[0.755s] INFO:colcon.colcon_core.shell:Creating prefix chain script '/home/keisoku/ros2_studies/install/setup.sh'
[0.756s] INFO:colcon.colcon_core.shell:Creating prefix script '/home/keisoku/ros2_studies/install/local_setup.bash'
[0.756s] INFO:colcon.colcon_core.shell:Creating prefix chain script '/home/keisoku/ros2_studies/install/setup.bash'
[0.757s] INFO:colcon.colcon_core.shell:Creating prefix script '/home/keisoku/ros2_studies/install/local_setup.zsh'
[0.757s] INFO:colcon.colcon_core.shell:Creating prefix chain script '/home/keisoku/ros2_studies/install/setup.zsh'
