[0.013s] Invoking command in '/home/keisoku/ros2_studies/build/minimal_timer': CMAKE_PREFIX_PATH=/opt/ros/humble /usr/bin/cmake --build /home/keisoku/ros2_studies/build/minimal_timer -- -j20 -l20
[0.040s] [100%] Built target timer_test
[0.047s] Invoked command in '/home/keisoku/ros2_studies/build/minimal_timer' returned '0': CMAKE_PREFIX_PATH=/opt/ros/humble /usr/bin/cmake --build /home/keisoku/ros2_studies/build/minimal_timer -- -j20 -l20
[0.066s] Invoking command in '/home/keisoku/ros2_studies/build/minimal_timer': CMAKE_PREFIX_PATH=/opt/ros/humble /usr/bin/cmake --install /home/keisoku/ros2_studies/build/minimal_timer
[0.073s] -- Install configuration: ""
[0.073s] -- Up-to-date: /home/keisoku/ros2_studies/install/minimal_timer/lib/minimal_timer/timer_test
[0.073s] -- Up-to-date: /home/keisoku/ros2_studies/install/minimal_timer/share/ament_index/resource_index/package_run_dependencies/minimal_timer
[0.074s] -- Up-to-date: /home/keisoku/ros2_studies/install/minimal_timer/share/ament_index/resource_index/parent_prefix_path/minimal_timer
[0.074s] -- Up-to-date: /home/keisoku/ros2_studies/install/minimal_timer/share/minimal_timer/environment/ament_prefix_path.sh
[0.074s] -- Up-to-date: /home/keisoku/ros2_studies/install/minimal_timer/share/minimal_timer/environment/ament_prefix_path.dsv
[0.075s] -- Up-to-date: /home/keisoku/ros2_studies/install/minimal_timer/share/minimal_timer/environment/path.sh
[0.075s] -- Up-to-date: /home/keisoku/ros2_studies/install/minimal_timer/share/minimal_timer/environment/path.dsv
[0.075s] -- Up-to-date: /home/keisoku/ros2_studies/install/minimal_timer/share/minimal_timer/local_setup.bash
[0.075s] -- Up-to-date: /home/keisoku/ros2_studies/install/minimal_timer/share/minimal_timer/local_setup.sh
[0.075s] -- Up-to-date: /home/keisoku/ros2_studies/install/minimal_timer/share/minimal_timer/local_setup.zsh
[0.075s] -- Up-to-date: /home/keisoku/ros2_studies/install/minimal_timer/share/minimal_timer/local_setup.dsv
[0.075s] -- Installing: /home/keisoku/ros2_studies/install/minimal_timer/share/minimal_timer/package.dsv
[0.075s] -- Up-to-date: /home/keisoku/ros2_studies/install/minimal_timer/share/ament_index/resource_index/packages/minimal_timer
[0.075s] -- Up-to-date: /home/keisoku/ros2_studies/install/minimal_timer/share/minimal_timer/cmake/minimal_timerConfig.cmake
[0.075s] -- Up-to-date: /home/keisoku/ros2_studies/install/minimal_timer/share/minimal_timer/cmake/minimal_timerConfig-version.cmake
[0.075s] -- Up-to-date: /home/keisoku/ros2_studies/install/minimal_timer/share/minimal_timer/package.xml
[0.098s] Invoked command in '/home/keisoku/ros2_studies/build/minimal_timer' returned '0': CMAKE_PREFIX_PATH=/opt/ros/humble /usr/bin/cmake --install /home/keisoku/ros2_studies/build/minimal_timer
