-- The C compiler identification is GNU 11.3.0
-- The CXX compiler identification is GNU 11.3.0
-- Detecting C compiler ABI info
-- Detecting C compiler ABI info - done
-- Check for working C compiler: /usr/bin/cc - skipped
-- Detecting C compile features
-- Detecting C compile features - done
-- Detecting CXX compiler ABI info
-- Detecting CXX compiler ABI info - done
-- Check for working CXX compiler: /usr/bin/c++ - skipped
-- Detecting CXX compile features
-- Detecting CXX compile features - done
-- Found ament_cmake: 1.3.3 (/opt/ros/humble/share/ament_cmake/cmake)
-- Found Python3: /usr/bin/python3.10 (found version "3.10.6") found components: Interpreter 
-- Found rclcpp: 16.0.3 (/opt/ros/humble/share/rclcpp/cmake)
-- Found rosidl_generator_c: 3.1.4 (/opt/ros/humble/share/rosidl_generator_c/cmake)
-- Found rosidl_adapter: 3.1.4 (/opt/ros/humble/share/rosidl_adapter/cmake)
-- Found rosidl_generator_cpp: 3.1.4 (/opt/ros/humble/share/rosidl_generator_cpp/cmake)
-- Using all available rosidl_typesupport_c: rosidl_typesupport_fastrtps_c;rosidl_typesupport_introspection_c
-- Using all available rosidl_typesupport_cpp: rosidl_typesupport_fastrtps_cpp;rosidl_typesupport_introspection_cpp
-- Found rmw_implementation_cmake: 6.1.1 (/opt/ros/humble/share/rmw_implementation_cmake/cmake)
-- Found rmw_fastrtps_cpp: 6.2.2 (/opt/ros/humble/share/rmw_fastrtps_cpp/cmake)
-- Found OpenSSL: /usr/lib/x86_64-linux-gnu/libcrypto.so (found version "3.0.2")  
-- Found FastRTPS: /opt/ros/humble/include  
-- Using RMW implementation 'rmw_fastrtps_cpp' as default
-- Looking for pthread.h
-- Looking for pthread.h - found
-- Performing Test CMAKE_HAVE_LIBC_PTHREAD
-- Performing Test CMAKE_HAVE_LIBC_PTHREAD - Success
-- Found Threads: TRUE  
-- Configuring done
-- Generating done
-- Build files have been written to: /home/keisoku/ros2_studies/build/minimal_class_node
[ 33%] [32mBuilding CXX object CMakeFiles/minimal_node_test.dir/src/main.cpp.o[0m
[ 66%] [32mBuilding CXX object CMakeFiles/minimal_node_test.dir/src/minimal_node.cpp.o[0m
[100%] [32m[1mLinking CXX executable minimal_node_test[0m
[100%] Built target minimal_node_test
-- Install configuration: ""
-- Installing: /home/keisoku/ros2_studies/install/minimal_class_node/lib/minimal_class_node/minimal_node_test
-- Set runtime path of "/home/keisoku/ros2_studies/install/minimal_class_node/lib/minimal_class_node/minimal_node_test" to ""
-- Installing: /home/keisoku/ros2_studies/install/minimal_class_node/share/ament_index/resource_index/package_run_dependencies/minimal_class_node
-- Installing: /home/keisoku/ros2_studies/install/minimal_class_node/share/ament_index/resource_index/parent_prefix_path/minimal_class_node
-- Installing: /home/keisoku/ros2_studies/install/minimal_class_node/share/minimal_class_node/environment/ament_prefix_path.sh
-- Installing: /home/keisoku/ros2_studies/install/minimal_class_node/share/minimal_class_node/environment/ament_prefix_path.dsv
-- Installing: /home/keisoku/ros2_studies/install/minimal_class_node/share/minimal_class_node/environment/path.sh
-- Installing: /home/keisoku/ros2_studies/install/minimal_class_node/share/minimal_class_node/environment/path.dsv
-- Installing: /home/keisoku/ros2_studies/install/minimal_class_node/share/minimal_class_node/local_setup.bash
-- Installing: /home/keisoku/ros2_studies/install/minimal_class_node/share/minimal_class_node/local_setup.sh
-- Installing: /home/keisoku/ros2_studies/install/minimal_class_node/share/minimal_class_node/local_setup.zsh
-- Installing: /home/keisoku/ros2_studies/install/minimal_class_node/share/minimal_class_node/local_setup.dsv
-- Installing: /home/keisoku/ros2_studies/install/minimal_class_node/share/minimal_class_node/package.dsv
-- Installing: /home/keisoku/ros2_studies/install/minimal_class_node/share/ament_index/resource_index/packages/minimal_class_node
-- Installing: /home/keisoku/ros2_studies/install/minimal_class_node/share/minimal_class_node/cmake/minimal_class_nodeConfig.cmake
-- Installing: /home/keisoku/ros2_studies/install/minimal_class_node/share/minimal_class_node/cmake/minimal_class_nodeConfig-version.cmake
-- Installing: /home/keisoku/ros2_studies/install/minimal_class_node/share/minimal_class_node/package.xml
