[0.008s] Invoking command in '/home/keisoku/ros2_studies/build/minimal_class_node': CMAKE_PREFIX_PATH=/opt/ros/humble /usr/bin/cmake /home/keisoku/ros2_studies/src/minimal_class_node -DCMAKE_INSTALL_PREFIX=/home/keisoku/ros2_studies/install/minimal_class_node
[0.088s] -- The C compiler identification is GNU 11.3.0
[0.167s] -- The CXX compiler identification is GNU 11.3.0
[0.176s] -- Detecting C compiler ABI info
[0.224s] -- Detecting C compiler ABI info - done
[0.231s] -- Check for working C compiler: /usr/bin/cc - skipped
[0.231s] -- Detecting C compile features
[0.232s] -- Detecting C compile features - done
[0.235s] -- Detecting CXX compiler ABI info
[0.287s] -- Detecting CXX compiler ABI info - done
[0.292s] -- Check for working CXX compiler: /usr/bin/c++ - skipped
[0.293s] -- Detecting CXX compile features
[0.293s] -- Detecting CXX compile features - done
[0.298s] -- Found ament_cmake: 1.3.3 (/opt/ros/humble/share/ament_cmake/cmake)
[0.405s] -- Found Python3: /usr/bin/python3.10 (found version "3.10.6") found components: Interpreter 
[0.470s] -- Found rclcpp: 16.0.3 (/opt/ros/humble/share/rclcpp/cmake)
[0.509s] -- Found rosidl_generator_c: 3.1.4 (/opt/ros/humble/share/rosidl_generator_c/cmake)
[0.514s] -- Found rosidl_adapter: 3.1.4 (/opt/ros/humble/share/rosidl_adapter/cmake)
[0.522s] -- Found rosidl_generator_cpp: 3.1.4 (/opt/ros/humble/share/rosidl_generator_cpp/cmake)
[0.535s] -- Using all available rosidl_typesupport_c: rosidl_typesupport_fastrtps_c;rosidl_typesupport_introspection_c
[0.553s] -- Using all available rosidl_typesupport_cpp: rosidl_typesupport_fastrtps_cpp;rosidl_typesupport_introspection_cpp
[0.614s] -- Found rmw_implementation_cmake: 6.1.1 (/opt/ros/humble/share/rmw_implementation_cmake/cmake)
[0.616s] -- Found rmw_fastrtps_cpp: 6.2.2 (/opt/ros/humble/share/rmw_fastrtps_cpp/cmake)
[0.681s] -- Found OpenSSL: /usr/lib/x86_64-linux-gnu/libcrypto.so (found version "3.0.2")  
[0.697s] -- Found FastRTPS: /opt/ros/humble/include  
[0.724s] -- Using RMW implementation 'rmw_fastrtps_cpp' as default
[0.733s] -- Looking for pthread.h
[0.771s] -- Looking for pthread.h - found
[0.771s] -- Performing Test CMAKE_HAVE_LIBC_PTHREAD
[0.811s] -- Performing Test CMAKE_HAVE_LIBC_PTHREAD - Success
[0.811s] -- Found Threads: TRUE  
[0.987s] -- Configuring done
[0.992s] -- Generating done
[0.993s] -- Build files have been written to: /home/keisoku/ros2_studies/build/minimal_class_node
[0.998s] Invoked command in '/home/keisoku/ros2_studies/build/minimal_class_node' returned '0': CMAKE_PREFIX_PATH=/opt/ros/humble /usr/bin/cmake /home/keisoku/ros2_studies/src/minimal_class_node -DCMAKE_INSTALL_PREFIX=/home/keisoku/ros2_studies/install/minimal_class_node
[0.999s] Invoking command in '/home/keisoku/ros2_studies/build/minimal_class_node': CMAKE_PREFIX_PATH=/opt/ros/humble /usr/bin/cmake --build /home/keisoku/ros2_studies/build/minimal_class_node -- -j20 -l20
[1.023s] [ 33%] [32mBuilding CXX object CMakeFiles/minimal_node_test.dir/src/main.cpp.o[0m
[1.023s] [ 66%] [32mBuilding CXX object CMakeFiles/minimal_node_test.dir/src/minimal_node.cpp.o[0m
[2.876s] [100%] [32m[1mLinking CXX executable minimal_node_test[0m
[2.954s] [100%] Built target minimal_node_test
[2.960s] Invoked command in '/home/keisoku/ros2_studies/build/minimal_class_node' returned '0': CMAKE_PREFIX_PATH=/opt/ros/humble /usr/bin/cmake --build /home/keisoku/ros2_studies/build/minimal_class_node -- -j20 -l20
[2.977s] Invoking command in '/home/keisoku/ros2_studies/build/minimal_class_node': CMAKE_PREFIX_PATH=/opt/ros/humble /usr/bin/cmake --install /home/keisoku/ros2_studies/build/minimal_class_node
[2.980s] -- Install configuration: ""
[2.980s] -- Installing: /home/keisoku/ros2_studies/install/minimal_class_node/lib/minimal_class_node/minimal_node_test
[2.981s] -- Set runtime path of "/home/keisoku/ros2_studies/install/minimal_class_node/lib/minimal_class_node/minimal_node_test" to ""
[2.981s] -- Installing: /home/keisoku/ros2_studies/install/minimal_class_node/share/ament_index/resource_index/package_run_dependencies/minimal_class_node
[2.981s] -- Installing: /home/keisoku/ros2_studies/install/minimal_class_node/share/ament_index/resource_index/parent_prefix_path/minimal_class_node
[2.981s] -- Installing: /home/keisoku/ros2_studies/install/minimal_class_node/share/minimal_class_node/environment/ament_prefix_path.sh
[2.981s] -- Installing: /home/keisoku/ros2_studies/install/minimal_class_node/share/minimal_class_node/environment/ament_prefix_path.dsv
[2.981s] -- Installing: /home/keisoku/ros2_studies/install/minimal_class_node/share/minimal_class_node/environment/path.sh
[2.981s] -- Installing: /home/keisoku/ros2_studies/install/minimal_class_node/share/minimal_class_node/environment/path.dsv
[2.981s] -- Installing: /home/keisoku/ros2_studies/install/minimal_class_node/share/minimal_class_node/local_setup.bash
[2.981s] -- Installing: /home/keisoku/ros2_studies/install/minimal_class_node/share/minimal_class_node/local_setup.sh
[2.981s] -- Installing: /home/keisoku/ros2_studies/install/minimal_class_node/share/minimal_class_node/local_setup.zsh
[2.981s] -- Installing: /home/keisoku/ros2_studies/install/minimal_class_node/share/minimal_class_node/local_setup.dsv
[2.981s] -- Installing: /home/keisoku/ros2_studies/install/minimal_class_node/share/minimal_class_node/package.dsv
[2.982s] -- Installing: /home/keisoku/ros2_studies/install/minimal_class_node/share/ament_index/resource_index/packages/minimal_class_node
[2.982s] -- Installing: /home/keisoku/ros2_studies/install/minimal_class_node/share/minimal_class_node/cmake/minimal_class_nodeConfig.cmake
[2.982s] -- Installing: /home/keisoku/ros2_studies/install/minimal_class_node/share/minimal_class_node/cmake/minimal_class_nodeConfig-version.cmake
[2.982s] -- Installing: /home/keisoku/ros2_studies/install/minimal_class_node/share/minimal_class_node/package.xml
[2.983s] Invoked command in '/home/keisoku/ros2_studies/build/minimal_class_node' returned '0': CMAKE_PREFIX_PATH=/opt/ros/humble /usr/bin/cmake --install /home/keisoku/ros2_studies/build/minimal_class_node
