[0.012s] Invoking command in '/home/keisoku/ros2_studies/build/my_messages': CMAKE_PREFIX_PATH=/opt/ros/humble /usr/bin/cmake /home/keisoku/ros2_studies/src/my_messages -DCMAKE_INSTALL_PREFIX=/home/keisoku/ros2_studies/install/my_messages
[0.043s] -- The C compiler identification is GNU 11.3.0
[0.077s] -- The CXX compiler identification is GNU 11.3.0
[0.083s] -- Detecting C compiler ABI info
[0.122s] -- Detecting C compiler ABI info - done
[0.128s] -- Check for working C compiler: /usr/bin/cc - skipped
[0.128s] -- Detecting C compile features
[0.128s] -- Detecting C compile features - done
[0.129s] -- Detecting CXX compiler ABI info
[0.174s] -- Detecting CXX compiler ABI info - done
[0.179s] -- Check for working CXX compiler: /usr/bin/c++ - skipped
[0.179s] -- Detecting CXX compile features
[0.180s] -- Detecting CXX compile features - done
[0.181s] -- Found ament_cmake: 1.3.3 (/opt/ros/humble/share/ament_cmake/cmake)
[0.291s] -- Found Python3: /usr/bin/python3.10 (found version "3.10.6") found components: Interpreter 
[0.344s] -- Found rosidl_default_generators: 1.2.0 (/opt/ros/humble/share/rosidl_default_generators/cmake)
[0.346s] -- Using all available rosidl_typesupport_c: rosidl_typesupport_fastrtps_c;rosidl_typesupport_introspection_c
[0.349s] -- Found rosidl_adapter: 3.1.4 (/opt/ros/humble/share/rosidl_adapter/cmake)
[0.373s] -- Using all available rosidl_typesupport_cpp: rosidl_typesupport_fastrtps_cpp;rosidl_typesupport_introspection_cpp
[0.396s] [31mCMake Error at CMakeLists.txt:20 (rosidl_ganerate_interfaces):
[0.396s]   Unknown CMake command "rosidl_ganerate_interfaces".
[0.396s] 
[0.396s] [0m
[0.397s] -- Configuring incomplete, errors occurred!
[0.397s] See also "/home/keisoku/ros2_studies/build/my_messages/CMakeFiles/CMakeOutput.log".
[0.399s] Invoked command in '/home/keisoku/ros2_studies/build/my_messages' returned '1': CMAKE_PREFIX_PATH=/opt/ros/humble /usr/bin/cmake /home/keisoku/ros2_studies/src/my_messages -DCMAKE_INSTALL_PREFIX=/home/keisoku/ros2_studies/install/my_messages
