[0.014s] Invoking command in '/home/keisoku/ros2_studies/build/minimal_publisher_class': CMAKE_PREFIX_PATH=${CMAKE_PREFIX_PATH}:/opt/ros/humble /usr/bin/cmake /home/keisoku/ros2_studies/src/minimal_publisher_class -DCMAKE_INSTALL_PREFIX=/home/keisoku/ros2_studies/install/minimal_publisher_class
[0.022s] -- Found ament_cmake: 1.3.3 (/opt/ros/humble/share/ament_cmake/cmake)
[0.117s] -- Found rclcpp: 16.0.3 (/opt/ros/humble/share/rclcpp/cmake)
[0.136s] -- Found rosidl_generator_c: 3.1.4 (/opt/ros/humble/share/rosidl_generator_c/cmake)
[0.138s] -- Found rosidl_adapter: 3.1.4 (/opt/ros/humble/share/rosidl_adapter/cmake)
[0.142s] -- Found rosidl_generator_cpp: 3.1.4 (/opt/ros/humble/share/rosidl_generator_cpp/cmake)
[0.150s] -- Using all available rosidl_typesupport_c: rosidl_typesupport_fastrtps_c;rosidl_typesupport_introspection_c
[0.161s] -- Using all available rosidl_typesupport_cpp: rosidl_typesupport_fastrtps_cpp;rosidl_typesupport_introspection_cpp
[0.204s] -- Found rmw_implementation_cmake: 6.1.1 (/opt/ros/humble/share/rmw_implementation_cmake/cmake)
[0.205s] -- Found rmw_fastrtps_cpp: 6.2.2 (/opt/ros/humble/share/rmw_fastrtps_cpp/cmake)
[0.280s] -- Using RMW implementation 'rmw_fastrtps_cpp' as default
[0.395s] -- Found example_interfaces: 0.9.3 (/opt/ros/humble/share/example_interfaces/cmake)
[0.494s] [31mCMake Error at /opt/ros/humble/share/ament_cmake_target_dependencies/cmake/ament_target_dependencies.cmake:77 (message):
[0.494s]   ament_target_dependencies() the passed package name
[0.494s]   'rclcpp[;example_interfaces' was not found before
[0.494s] Call Stack (most recent call first):
[0.494s]   CMakeLists.txt:17 (ament_target_dependencies)
[0.494s] 
[0.494s] [0m
[0.494s] -- Configuring incomplete, errors occurred!
[0.494s] See also "/home/keisoku/ros2_studies/build/minimal_publisher_class/CMakeFiles/CMakeOutput.log".
[0.498s] Invoked command in '/home/keisoku/ros2_studies/build/minimal_publisher_class' returned '1': CMAKE_PREFIX_PATH=${CMAKE_PREFIX_PATH}:/opt/ros/humble /usr/bin/cmake /home/keisoku/ros2_studies/src/minimal_publisher_class -DCMAKE_INSTALL_PREFIX=/home/keisoku/ros2_studies/install/minimal_publisher_class
