[0.006s] Invoking command in '/home/keisoku/ros2_studies/build/my_msg_class': CMAKE_PREFIX_PATH=/home/keisoku/ros2_studies/install/my_messages:/home/keisoku/ros2_studies/install/my_msg_class:/home/keisoku/ros2_studies/install/minimal_timer:/home/keisoku/ros2_studies/install/minimal_subscriber_class:/home/keisoku/ros2_studies/install/minimal_publisher_class:/home/keisoku/ros2_studies/install/minimal_class_node:/opt/ros/humble /usr/bin/cmake --build /home/keisoku/ros2_studies/build/my_msg_class -- -j20 -l20
[0.027s] [35m[1mConsolidate compiler generated dependencies of target my_pub_test[0m
[0.039s] [100%] Built target my_pub_test
[0.046s] Invoked command in '/home/keisoku/ros2_studies/build/my_msg_class' returned '0': CMAKE_PREFIX_PATH=/home/keisoku/ros2_studies/install/my_messages:/home/keisoku/ros2_studies/install/my_msg_class:/home/keisoku/ros2_studies/install/minimal_timer:/home/keisoku/ros2_studies/install/minimal_subscriber_class:/home/keisoku/ros2_studies/install/minimal_publisher_class:/home/keisoku/ros2_studies/install/minimal_class_node:/opt/ros/humble /usr/bin/cmake --build /home/keisoku/ros2_studies/build/my_msg_class -- -j20 -l20
[0.068s] Invoking command in '/home/keisoku/ros2_studies/build/my_msg_class': CMAKE_PREFIX_PATH=/home/keisoku/ros2_studies/install/my_messages:/home/keisoku/ros2_studies/install/my_msg_class:/home/keisoku/ros2_studies/install/minimal_timer:/home/keisoku/ros2_studies/install/minimal_subscriber_class:/home/keisoku/ros2_studies/install/minimal_publisher_class:/home/keisoku/ros2_studies/install/minimal_class_node:/opt/ros/humble /usr/bin/cmake --install /home/keisoku/ros2_studies/build/my_msg_class
[0.077s] -- Install configuration: ""
[0.078s] -- Up-to-date: /home/keisoku/ros2_studies/install/my_msg_class/lib/my_msg_class/my_pub_test
[0.078s] -- Up-to-date: /home/keisoku/ros2_studies/install/my_msg_class/share/ament_index/resource_index/package_run_dependencies/my_msg_class
[0.078s] -- Up-to-date: /home/keisoku/ros2_studies/install/my_msg_class/share/ament_index/resource_index/parent_prefix_path/my_msg_class
[0.078s] -- Up-to-date: /home/keisoku/ros2_studies/install/my_msg_class/share/my_msg_class/environment/ament_prefix_path.sh
[0.079s] -- Up-to-date: /home/keisoku/ros2_studies/install/my_msg_class/share/my_msg_class/environment/ament_prefix_path.dsv
[0.079s] -- Up-to-date: /home/keisoku/ros2_studies/install/my_msg_class/share/my_msg_class/environment/path.sh
[0.079s] -- Up-to-date: /home/keisoku/ros2_studies/install/my_msg_class/share/my_msg_class/environment/path.dsv
[0.079s] -- Up-to-date: /home/keisoku/ros2_studies/install/my_msg_class/share/my_msg_class/local_setup.bash
[0.079s] -- Up-to-date: /home/keisoku/ros2_studies/install/my_msg_class/share/my_msg_class/local_setup.sh
[0.079s] -- Up-to-date: /home/keisoku/ros2_studies/install/my_msg_class/share/my_msg_class/local_setup.zsh
[0.080s] -- Up-to-date: /home/keisoku/ros2_studies/install/my_msg_class/share/my_msg_class/local_setup.dsv
[0.080s] -- Installing: /home/keisoku/ros2_studies/install/my_msg_class/share/my_msg_class/package.dsv
[0.080s] -- Up-to-date: /home/keisoku/ros2_studies/install/my_msg_class/share/ament_index/resource_index/packages/my_msg_class
[0.080s] -- Up-to-date: /home/keisoku/ros2_studies/install/my_msg_class/share/my_msg_class/cmake/my_msg_classConfig.cmake
[0.080s] -- Up-to-date: /home/keisoku/ros2_studies/install/my_msg_class/share/my_msg_class/cmake/my_msg_classConfig-version.cmake
[0.080s] -- Up-to-date: /home/keisoku/ros2_studies/install/my_msg_class/share/my_msg_class/package.xml
[0.086s] Invoked command in '/home/keisoku/ros2_studies/build/my_msg_class' returned '0': CMAKE_PREFIX_PATH=/home/keisoku/ros2_studies/install/my_messages:/home/keisoku/ros2_studies/install/my_msg_class:/home/keisoku/ros2_studies/install/minimal_timer:/home/keisoku/ros2_studies/install/minimal_subscriber_class:/home/keisoku/ros2_studies/install/minimal_publisher_class:/home/keisoku/ros2_studies/install/minimal_class_node:/opt/ros/humble /usr/bin/cmake --install /home/keisoku/ros2_studies/build/my_msg_class
