[0.019s] Invoking command in '/home/keisoku/ros2_studies/build/my_messages': CMAKE_PREFIX_PATH=/opt/ros/humble /usr/bin/cmake --build /home/keisoku/ros2_studies/build/my_messages -- -j20 -l20
[0.046s] [  2%] Built target my_messages__cpp
[0.047s] [ 12%] Built target my_messages__rosidl_generator_c
[0.051s] [ 12%] Built target ament_cmake_python_copy_my_messages
[0.058s] [ 23%] Built target my_messages__rosidl_typesupport_cpp
[0.060s] [ 34%] Built target my_messages__rosidl_typesupport_fastrtps_cpp
[0.060s] [ 46%] Built target my_messages__rosidl_typesupport_introspection_c
[0.060s] [ 55%] Built target my_messages__rosidl_typesupport_fastrtps_c
[0.061s] [ 65%] Built target my_messages__rosidl_typesupport_introspection_cpp
[0.061s] [ 76%] Built target my_messages__rosidl_typesupport_c
[0.071s] [ 76%] Built target my_messages
[0.082s] [ 78%] Built target my_messages__py
[0.094s] [ 87%] Built target my_messages__rosidl_generator_py
[0.107s] [ 97%] Built target my_messages__rosidl_typesupport_fastrtps_c__pyext
[0.107s] [ 97%] Built target my_messages__rosidl_typesupport_c__pyext
[0.107s] [100%] Built target my_messages__rosidl_typesupport_introspection_c__pyext
[0.221s] running egg_info
[0.221s] writing my_messages.egg-info/PKG-INFO
[0.221s] writing dependency_links to my_messages.egg-info/dependency_links.txt
[0.221s] writing top-level names to my_messages.egg-info/top_level.txt
[0.223s] reading manifest file 'my_messages.egg-info/SOURCES.txt'
[0.223s] writing manifest file 'my_messages.egg-info/SOURCES.txt'
[0.238s] [100%] Built target ament_cmake_python_build_my_messages_egg
[0.244s] Invoked command in '/home/keisoku/ros2_studies/build/my_messages' returned '0': CMAKE_PREFIX_PATH=/opt/ros/humble /usr/bin/cmake --build /home/keisoku/ros2_studies/build/my_messages -- -j20 -l20
[0.285s] Invoking command in '/home/keisoku/ros2_studies/build/my_messages': CMAKE_PREFIX_PATH=/opt/ros/humble /usr/bin/cmake --install /home/keisoku/ros2_studies/build/my_messages
[0.289s] -- Install configuration: ""
[0.289s] -- Up-to-date: /home/keisoku/ros2_studies/install/my_messages/share/ament_index/resource_index/rosidl_interfaces/my_messages
[0.289s] -- Up-to-date: /home/keisoku/ros2_studies/install/my_messages/include/my_messages/my_messages
[0.289s] -- Up-to-date: /home/keisoku/ros2_studies/install/my_messages/include/my_messages/my_messages/msg
[0.289s] -- Up-to-date: /home/keisoku/ros2_studies/install/my_messages/include/my_messages/my_messages/msg/detail
[0.289s] -- Up-to-date: /home/keisoku/ros2_studies/install/my_messages/include/my_messages/my_messages/msg/detail/double_two_ints__functions.h
[0.289s] -- Up-to-date: /home/keisoku/ros2_studies/install/my_messages/include/my_messages/my_messages/msg/detail/double_two_ints__functions.c
[0.289s] -- Up-to-date: /home/keisoku/ros2_studies/install/my_messages/include/my_messages/my_messages/msg/detail/double_two_ints__type_support.h
[0.289s] -- Up-to-date: /home/keisoku/ros2_studies/install/my_messages/include/my_messages/my_messages/msg/detail/two_ints__type_support.h
[0.289s] -- Up-to-date: /home/keisoku/ros2_studies/install/my_messages/include/my_messages/my_messages/msg/detail/double_two_ints__struct.h
[0.289s] -- Up-to-date: /home/keisoku/ros2_studies/install/my_messages/include/my_messages/my_messages/msg/detail/two_ints__functions.h
[0.290s] -- Up-to-date: /home/keisoku/ros2_studies/install/my_messages/include/my_messages/my_messages/msg/detail/two_ints__functions.c
[0.290s] -- Up-to-date: /home/keisoku/ros2_studies/install/my_messages/include/my_messages/my_messages/msg/detail/two_ints__struct.h
[0.290s] -- Up-to-date: /home/keisoku/ros2_studies/install/my_messages/include/my_messages/my_messages/msg/double_two_ints.h
[0.290s] -- Up-to-date: /home/keisoku/ros2_studies/install/my_messages/include/my_messages/my_messages/msg/two_ints.h
[0.290s] -- Up-to-date: /home/keisoku/ros2_studies/install/my_messages/include/my_messages/my_messages/msg/rosidl_generator_c__visibility_control.h
[0.290s] -- Up-to-date: /home/keisoku/ros2_studies/install/my_messages/include/my_messages/my_messages/srv
[0.290s] -- Up-to-date: /home/keisoku/ros2_studies/install/my_messages/include/my_messages/my_messages/srv/detail
[0.290s] -- Up-to-date: /home/keisoku/ros2_studies/install/my_messages/include/my_messages/my_messages/srv/detail/calc_two_floats__functions.c
[0.290s] -- Up-to-date: /home/keisoku/ros2_studies/install/my_messages/include/my_messages/my_messages/srv/detail/calc_two_floats__struct.h
[0.290s] -- Up-to-date: /home/keisoku/ros2_studies/install/my_messages/include/my_messages/my_messages/srv/detail/calc_two_floats__functions.h
[0.290s] -- Up-to-date: /home/keisoku/ros2_studies/install/my_messages/include/my_messages/my_messages/srv/detail/calc_two_floats__type_support.h
[0.290s] -- Up-to-date: /home/keisoku/ros2_studies/install/my_messages/include/my_messages/my_messages/srv/calc_two_floats.h
[0.290s] -- Up-to-date: /home/keisoku/ros2_studies/install/my_messages/share/my_messages/environment/library_path.sh
[0.290s] -- Up-to-date: /home/keisoku/ros2_studies/install/my_messages/share/my_messages/environment/library_path.dsv
[0.290s] -- Up-to-date: /home/keisoku/ros2_studies/install/my_messages/lib/libmy_messages__rosidl_generator_c.so
[0.291s] -- Up-to-date: /home/keisoku/ros2_studies/install/my_messages/include/my_messages/my_messages
[0.291s] -- Up-to-date: /home/keisoku/ros2_studies/install/my_messages/include/my_messages/my_messages/msg
[0.291s] -- Up-to-date: /home/keisoku/ros2_studies/install/my_messages/include/my_messages/my_messages/msg/rosidl_typesupport_fastrtps_c__visibility_control.h
[0.291s] -- Up-to-date: /home/keisoku/ros2_studies/install/my_messages/include/my_messages/my_messages/msg/detail
[0.291s] -- Up-to-date: /home/keisoku/ros2_studies/install/my_messages/include/my_messages/my_messages/msg/detail/two_ints__rosidl_typesupport_fastrtps_c.h
[0.291s] -- Up-to-date: /home/keisoku/ros2_studies/install/my_messages/include/my_messages/my_messages/msg/detail/double_two_ints__rosidl_typesupport_fastrtps_c.h
[0.291s] -- Up-to-date: /home/keisoku/ros2_studies/install/my_messages/include/my_messages/my_messages/srv
[0.291s] -- Up-to-date: /home/keisoku/ros2_studies/install/my_messages/include/my_messages/my_messages/srv/detail
[0.291s] -- Up-to-date: /home/keisoku/ros2_studies/install/my_messages/include/my_messages/my_messages/srv/detail/calc_two_floats__rosidl_typesupport_fastrtps_c.h
[0.291s] -- Up-to-date: /home/keisoku/ros2_studies/install/my_messages/lib/libmy_messages__rosidl_typesupport_fastrtps_c.so
[0.291s] -- Up-to-date: /home/keisoku/ros2_studies/install/my_messages/include/my_messages/my_messages
[0.291s] -- Up-to-date: /home/keisoku/ros2_studies/install/my_messages/include/my_messages/my_messages/msg
[0.291s] -- Up-to-date: /home/keisoku/ros2_studies/install/my_messages/include/my_messages/my_messages/msg/detail
[0.291s] -- Up-to-date: /home/keisoku/ros2_studies/install/my_messages/include/my_messages/my_messages/msg/detail/two_ints__struct.hpp
[0.291s] -- Up-to-date: /home/keisoku/ros2_studies/install/my_messages/include/my_messages/my_messages/msg/detail/double_two_ints__builder.hpp
[0.291s] -- Up-to-date: /home/keisoku/ros2_studies/install/my_messages/include/my_messages/my_messages/msg/detail/double_two_ints__struct.hpp
[0.291s] -- Up-to-date: /home/keisoku/ros2_studies/install/my_messages/include/my_messages/my_messages/msg/detail/double_two_ints__traits.hpp
[0.292s] -- Up-to-date: /home/keisoku/ros2_studies/install/my_messages/include/my_messages/my_messages/msg/detail/two_ints__traits.hpp
[0.292s] -- Up-to-date: /home/keisoku/ros2_studies/install/my_messages/include/my_messages/my_messages/msg/detail/two_ints__builder.hpp
[0.292s] -- Up-to-date: /home/keisoku/ros2_studies/install/my_messages/include/my_messages/my_messages/msg/double_two_ints.hpp
[0.292s] -- Up-to-date: /home/keisoku/ros2_studies/install/my_messages/include/my_messages/my_messages/msg/two_ints.hpp
[0.292s] -- Up-to-date: /home/keisoku/ros2_studies/install/my_messages/include/my_messages/my_messages/srv
[0.292s] -- Up-to-date: /home/keisoku/ros2_studies/install/my_messages/include/my_messages/my_messages/srv/detail
[0.292s] -- Up-to-date: /home/keisoku/ros2_studies/install/my_messages/include/my_messages/my_messages/srv/detail/calc_two_floats__builder.hpp
[0.292s] -- Up-to-date: /home/keisoku/ros2_studies/install/my_messages/include/my_messages/my_messages/srv/detail/calc_two_floats__struct.hpp
[0.292s] -- Up-to-date: /home/keisoku/ros2_studies/install/my_messages/include/my_messages/my_messages/srv/detail/calc_two_floats__traits.hpp
[0.292s] -- Up-to-date: /home/keisoku/ros2_studies/install/my_messages/include/my_messages/my_messages/srv/calc_two_floats.hpp
[0.292s] -- Up-to-date: /home/keisoku/ros2_studies/install/my_messages/include/my_messages/my_messages
[0.292s] -- Up-to-date: /home/keisoku/ros2_studies/install/my_messages/include/my_messages/my_messages/msg
[0.292s] -- Up-to-date: /home/keisoku/ros2_studies/install/my_messages/include/my_messages/my_messages/msg/detail
[0.292s] -- Up-to-date: /home/keisoku/ros2_studies/install/my_messages/include/my_messages/my_messages/msg/detail/double_two_ints__rosidl_typesupport_fastrtps_cpp.hpp
[0.292s] -- Up-to-date: /home/keisoku/ros2_studies/install/my_messages/include/my_messages/my_messages/msg/detail/two_ints__rosidl_typesupport_fastrtps_cpp.hpp
[0.292s] -- Up-to-date: /home/keisoku/ros2_studies/install/my_messages/include/my_messages/my_messages/msg/detail/dds_fastrtps
[0.292s] -- Up-to-date: /home/keisoku/ros2_studies/install/my_messages/include/my_messages/my_messages/msg/rosidl_typesupport_fastrtps_cpp__visibility_control.h
[0.292s] -- Up-to-date: /home/keisoku/ros2_studies/install/my_messages/include/my_messages/my_messages/srv
[0.292s] -- Up-to-date: /home/keisoku/ros2_studies/install/my_messages/include/my_messages/my_messages/srv/detail
[0.292s] -- Up-to-date: /home/keisoku/ros2_studies/install/my_messages/include/my_messages/my_messages/srv/detail/calc_two_floats__rosidl_typesupport_fastrtps_cpp.hpp
[0.292s] -- Up-to-date: /home/keisoku/ros2_studies/install/my_messages/include/my_messages/my_messages/srv/detail/dds_fastrtps
[0.292s] -- Up-to-date: /home/keisoku/ros2_studies/install/my_messages/lib/libmy_messages__rosidl_typesupport_fastrtps_cpp.so
[0.293s] -- Up-to-date: /home/keisoku/ros2_studies/install/my_messages/include/my_messages/my_messages
[0.293s] -- Up-to-date: /home/keisoku/ros2_studies/install/my_messages/include/my_messages/my_messages/msg
[0.293s] -- Up-to-date: /home/keisoku/ros2_studies/install/my_messages/include/my_messages/my_messages/msg/detail
[0.293s] -- Up-to-date: /home/keisoku/ros2_studies/install/my_messages/include/my_messages/my_messages/msg/detail/two_ints__rosidl_typesupport_introspection_c.h
[0.293s] -- Up-to-date: /home/keisoku/ros2_studies/install/my_messages/include/my_messages/my_messages/msg/detail/two_ints__type_support.c
[0.293s] -- Up-to-date: /home/keisoku/ros2_studies/install/my_messages/include/my_messages/my_messages/msg/detail/double_two_ints__rosidl_typesupport_introspection_c.h
[0.293s] -- Up-to-date: /home/keisoku/ros2_studies/install/my_messages/include/my_messages/my_messages/msg/detail/double_two_ints__type_support.c
[0.293s] -- Up-to-date: /home/keisoku/ros2_studies/install/my_messages/include/my_messages/my_messages/msg/rosidl_typesupport_introspection_c__visibility_control.h
[0.293s] -- Up-to-date: /home/keisoku/ros2_studies/install/my_messages/include/my_messages/my_messages/srv
[0.293s] -- Up-to-date: /home/keisoku/ros2_studies/install/my_messages/include/my_messages/my_messages/srv/detail
[0.293s] -- Up-to-date: /home/keisoku/ros2_studies/install/my_messages/include/my_messages/my_messages/srv/detail/calc_two_floats__rosidl_typesupport_introspection_c.h
[0.293s] -- Up-to-date: /home/keisoku/ros2_studies/install/my_messages/include/my_messages/my_messages/srv/detail/calc_two_floats__type_support.c
[0.293s] -- Up-to-date: /home/keisoku/ros2_studies/install/my_messages/lib/libmy_messages__rosidl_typesupport_introspection_c.so
[0.293s] -- Up-to-date: /home/keisoku/ros2_studies/install/my_messages/lib/libmy_messages__rosidl_typesupport_c.so
[0.293s] -- Up-to-date: /home/keisoku/ros2_studies/install/my_messages/include/my_messages/my_messages
[0.293s] -- Up-to-date: /home/keisoku/ros2_studies/install/my_messages/include/my_messages/my_messages/msg
[0.293s] -- Up-to-date: /home/keisoku/ros2_studies/install/my_messages/include/my_messages/my_messages/msg/detail
[0.293s] -- Up-to-date: /home/keisoku/ros2_studies/install/my_messages/include/my_messages/my_messages/msg/detail/two_ints__type_support.cpp
[0.293s] -- Up-to-date: /home/keisoku/ros2_studies/install/my_messages/include/my_messages/my_messages/msg/detail/double_two_ints__type_support.cpp
[0.293s] -- Up-to-date: /home/keisoku/ros2_studies/install/my_messages/include/my_messages/my_messages/msg/detail/double_two_ints__rosidl_typesupport_introspection_cpp.hpp
[0.293s] -- Up-to-date: /home/keisoku/ros2_studies/install/my_messages/include/my_messages/my_messages/msg/detail/two_ints__rosidl_typesupport_introspection_cpp.hpp
[0.293s] -- Up-to-date: /home/keisoku/ros2_studies/install/my_messages/include/my_messages/my_messages/srv
[0.293s] -- Up-to-date: /home/keisoku/ros2_studies/install/my_messages/include/my_messages/my_messages/srv/detail
[0.294s] -- Up-to-date: /home/keisoku/ros2_studies/install/my_messages/include/my_messages/my_messages/srv/detail/calc_two_floats__type_support.cpp
[0.294s] -- Up-to-date: /home/keisoku/ros2_studies/install/my_messages/include/my_messages/my_messages/srv/detail/calc_two_floats__rosidl_typesupport_introspection_cpp.hpp
[0.294s] -- Up-to-date: /home/keisoku/ros2_studies/install/my_messages/lib/libmy_messages__rosidl_typesupport_introspection_cpp.so
[0.294s] -- Up-to-date: /home/keisoku/ros2_studies/install/my_messages/lib/libmy_messages__rosidl_typesupport_cpp.so
[0.294s] -- Up-to-date: /home/keisoku/ros2_studies/install/my_messages/share/my_messages/environment/pythonpath.sh
[0.294s] -- Up-to-date: /home/keisoku/ros2_studies/install/my_messages/share/my_messages/environment/pythonpath.dsv
[0.294s] -- Up-to-date: /home/keisoku/ros2_studies/install/my_messages/local/lib/python3.10/dist-packages/my_messages-0.0.0-py3.10.egg-info
[0.294s] -- Installing: /home/keisoku/ros2_studies/install/my_messages/local/lib/python3.10/dist-packages/my_messages-0.0.0-py3.10.egg-info/dependency_links.txt
[0.294s] -- Installing: /home/keisoku/ros2_studies/install/my_messages/local/lib/python3.10/dist-packages/my_messages-0.0.0-py3.10.egg-info/PKG-INFO
[0.294s] -- Installing: /home/keisoku/ros2_studies/install/my_messages/local/lib/python3.10/dist-packages/my_messages-0.0.0-py3.10.egg-info/top_level.txt
[0.294s] -- Installing: /home/keisoku/ros2_studies/install/my_messages/local/lib/python3.10/dist-packages/my_messages-0.0.0-py3.10.egg-info/SOURCES.txt
[0.294s] -- Up-to-date: /home/keisoku/ros2_studies/install/my_messages/local/lib/python3.10/dist-packages/my_messages
[0.294s] -- Up-to-date: /home/keisoku/ros2_studies/install/my_messages/local/lib/python3.10/dist-packages/my_messages/_my_messages_s.ep.rosidl_typesupport_c.c
[0.294s] -- Up-to-date: /home/keisoku/ros2_studies/install/my_messages/local/lib/python3.10/dist-packages/my_messages/__init__.py
[0.294s] -- Up-to-date: /home/keisoku/ros2_studies/install/my_messages/local/lib/python3.10/dist-packages/my_messages/msg
[0.294s] -- Up-to-date: /home/keisoku/ros2_studies/install/my_messages/local/lib/python3.10/dist-packages/my_messages/msg/__init__.py
[0.294s] -- Up-to-date: /home/keisoku/ros2_studies/install/my_messages/local/lib/python3.10/dist-packages/my_messages/msg/_double_two_ints_s.c
[0.294s] -- Up-to-date: /home/keisoku/ros2_studies/install/my_messages/local/lib/python3.10/dist-packages/my_messages/msg/_two_ints_s.c
[0.294s] -- Up-to-date: /home/keisoku/ros2_studies/install/my_messages/local/lib/python3.10/dist-packages/my_messages/msg/_two_ints.py
[0.294s] -- Up-to-date: /home/keisoku/ros2_studies/install/my_messages/local/lib/python3.10/dist-packages/my_messages/msg/_double_two_ints.py
[0.294s] -- Up-to-date: /home/keisoku/ros2_studies/install/my_messages/local/lib/python3.10/dist-packages/my_messages/libmy_messages__rosidl_generator_py.so
[0.294s] -- Up-to-date: /home/keisoku/ros2_studies/install/my_messages/local/lib/python3.10/dist-packages/my_messages/_my_messages_s.ep.rosidl_typesupport_fastrtps_c.c
[0.294s] -- Up-to-date: /home/keisoku/ros2_studies/install/my_messages/local/lib/python3.10/dist-packages/my_messages/my_messages_s__rosidl_typesupport_fastrtps_c.cpython-310-x86_64-linux-gnu.so
[0.294s] -- Up-to-date: /home/keisoku/ros2_studies/install/my_messages/local/lib/python3.10/dist-packages/my_messages/_my_messages_s.ep.rosidl_typesupport_introspection_c.c
[0.295s] -- Up-to-date: /home/keisoku/ros2_studies/install/my_messages/local/lib/python3.10/dist-packages/my_messages/srv
[0.295s] -- Up-to-date: /home/keisoku/ros2_studies/install/my_messages/local/lib/python3.10/dist-packages/my_messages/srv/_calc_two_floats.py
[0.295s] -- Up-to-date: /home/keisoku/ros2_studies/install/my_messages/local/lib/python3.10/dist-packages/my_messages/srv/__init__.py
[0.295s] -- Up-to-date: /home/keisoku/ros2_studies/install/my_messages/local/lib/python3.10/dist-packages/my_messages/srv/_calc_two_floats_s.c
[0.295s] -- Up-to-date: /home/keisoku/ros2_studies/install/my_messages/local/lib/python3.10/dist-packages/my_messages/my_messages_s__rosidl_typesupport_introspection_c.cpython-310-x86_64-linux-gnu.so
[0.295s] -- Up-to-date: /home/keisoku/ros2_studies/install/my_messages/local/lib/python3.10/dist-packages/my_messages/my_messages_s__rosidl_typesupport_c.cpython-310-x86_64-linux-gnu.so
[0.311s] Listing '/home/keisoku/ros2_studies/install/my_messages/local/lib/python3.10/dist-packages/my_messages'...
[0.311s] Listing '/home/keisoku/ros2_studies/install/my_messages/local/lib/python3.10/dist-packages/my_messages/msg'...
[0.311s] Listing '/home/keisoku/ros2_studies/install/my_messages/local/lib/python3.10/dist-packages/my_messages/srv'...
[0.313s] -- Up-to-date: /home/keisoku/ros2_studies/install/my_messages/local/lib/python3.10/dist-packages/my_messages/my_messages_s__rosidl_typesupport_fastrtps_c.cpython-310-x86_64-linux-gnu.so
[0.313s] -- Up-to-date: /home/keisoku/ros2_studies/install/my_messages/local/lib/python3.10/dist-packages/my_messages/my_messages_s__rosidl_typesupport_introspection_c.cpython-310-x86_64-linux-gnu.so
[0.313s] -- Up-to-date: /home/keisoku/ros2_studies/install/my_messages/local/lib/python3.10/dist-packages/my_messages/my_messages_s__rosidl_typesupport_c.cpython-310-x86_64-linux-gnu.so
[0.314s] -- Up-to-date: /home/keisoku/ros2_studies/install/my_messages/lib/libmy_messages__rosidl_generator_py.so
[0.314s] -- Up-to-date: /home/keisoku/ros2_studies/install/my_messages/share/my_messages/msg/TwoInts.idl
[0.314s] -- Up-to-date: /home/keisoku/ros2_studies/install/my_messages/share/my_messages/msg/DoubleTwoInts.idl
[0.314s] -- Up-to-date: /home/keisoku/ros2_studies/install/my_messages/share/my_messages/srv/CalcTwoFloats.idl
[0.314s] -- Up-to-date: /home/keisoku/ros2_studies/install/my_messages/share/my_messages/msg/TwoInts.msg
[0.314s] -- Up-to-date: /home/keisoku/ros2_studies/install/my_messages/share/my_messages/msg/DoubleTwoInts.msg
[0.314s] -- Up-to-date: /home/keisoku/ros2_studies/install/my_messages/share/my_messages/srv/CalcTwoFloats.srv
[0.314s] -- Up-to-date: /home/keisoku/ros2_studies/install/my_messages/share/my_messages/srv/CalcTwoFloats_Request.msg
[0.314s] -- Up-to-date: /home/keisoku/ros2_studies/install/my_messages/share/my_messages/srv/CalcTwoFloats_Response.msg
[0.314s] -- Up-to-date: /home/keisoku/ros2_studies/install/my_messages/share/ament_index/resource_index/package_run_dependencies/my_messages
[0.314s] -- Up-to-date: /home/keisoku/ros2_studies/install/my_messages/share/ament_index/resource_index/parent_prefix_path/my_messages
[0.314s] -- Up-to-date: /home/keisoku/ros2_studies/install/my_messages/share/my_messages/environment/ament_prefix_path.sh
[0.314s] -- Up-to-date: /home/keisoku/ros2_studies/install/my_messages/share/my_messages/environment/ament_prefix_path.dsv
[0.314s] -- Up-to-date: /home/keisoku/ros2_studies/install/my_messages/share/my_messages/environment/path.sh
[0.315s] -- Up-to-date: /home/keisoku/ros2_studies/install/my_messages/share/my_messages/environment/path.dsv
[0.315s] -- Up-to-date: /home/keisoku/ros2_studies/install/my_messages/share/my_messages/local_setup.bash
[0.315s] -- Up-to-date: /home/keisoku/ros2_studies/install/my_messages/share/my_messages/local_setup.sh
[0.315s] -- Up-to-date: /home/keisoku/ros2_studies/install/my_messages/share/my_messages/local_setup.zsh
[0.315s] -- Up-to-date: /home/keisoku/ros2_studies/install/my_messages/share/my_messages/local_setup.dsv
[0.315s] -- Installing: /home/keisoku/ros2_studies/install/my_messages/share/my_messages/package.dsv
[0.315s] -- Up-to-date: /home/keisoku/ros2_studies/install/my_messages/share/ament_index/resource_index/packages/my_messages
[0.315s] -- Up-to-date: /home/keisoku/ros2_studies/install/my_messages/share/my_messages/cmake/export_my_messages__rosidl_generator_cExport.cmake
[0.315s] -- Up-to-date: /home/keisoku/ros2_studies/install/my_messages/share/my_messages/cmake/export_my_messages__rosidl_generator_cExport-noconfig.cmake
[0.315s] -- Up-to-date: /home/keisoku/ros2_studies/install/my_messages/share/my_messages/cmake/export_my_messages__rosidl_typesupport_fastrtps_cExport.cmake
[0.315s] -- Up-to-date: /home/keisoku/ros2_studies/install/my_messages/share/my_messages/cmake/export_my_messages__rosidl_typesupport_fastrtps_cExport-noconfig.cmake
[0.315s] -- Up-to-date: /home/keisoku/ros2_studies/install/my_messages/share/my_messages/cmake/export_my_messages__rosidl_generator_cppExport.cmake
[0.315s] -- Up-to-date: /home/keisoku/ros2_studies/install/my_messages/share/my_messages/cmake/export_my_messages__rosidl_typesupport_fastrtps_cppExport.cmake
[0.315s] -- Up-to-date: /home/keisoku/ros2_studies/install/my_messages/share/my_messages/cmake/export_my_messages__rosidl_typesupport_fastrtps_cppExport-noconfig.cmake
[0.315s] -- Up-to-date: /home/keisoku/ros2_studies/install/my_messages/share/my_messages/cmake/my_messages__rosidl_typesupport_introspection_cExport.cmake
[0.315s] -- Up-to-date: /home/keisoku/ros2_studies/install/my_messages/share/my_messages/cmake/my_messages__rosidl_typesupport_introspection_cExport-noconfig.cmake
[0.315s] -- Up-to-date: /home/keisoku/ros2_studies/install/my_messages/share/my_messages/cmake/my_messages__rosidl_typesupport_cExport.cmake
[0.315s] -- Up-to-date: /home/keisoku/ros2_studies/install/my_messages/share/my_messages/cmake/my_messages__rosidl_typesupport_cExport-noconfig.cmake
[0.315s] -- Up-to-date: /home/keisoku/ros2_studies/install/my_messages/share/my_messages/cmake/my_messages__rosidl_typesupport_introspection_cppExport.cmake
[0.315s] -- Up-to-date: /home/keisoku/ros2_studies/install/my_messages/share/my_messages/cmake/my_messages__rosidl_typesupport_introspection_cppExport-noconfig.cmake
[0.316s] -- Up-to-date: /home/keisoku/ros2_studies/install/my_messages/share/my_messages/cmake/my_messages__rosidl_typesupport_cppExport.cmake
[0.316s] -- Up-to-date: /home/keisoku/ros2_studies/install/my_messages/share/my_messages/cmake/my_messages__rosidl_typesupport_cppExport-noconfig.cmake
[0.316s] -- Up-to-date: /home/keisoku/ros2_studies/install/my_messages/share/my_messages/cmake/export_my_messages__rosidl_generator_pyExport.cmake
[0.316s] -- Up-to-date: /home/keisoku/ros2_studies/install/my_messages/share/my_messages/cmake/export_my_messages__rosidl_generator_pyExport-noconfig.cmake
[0.316s] -- Up-to-date: /home/keisoku/ros2_studies/install/my_messages/share/my_messages/cmake/rosidl_cmake-extras.cmake
[0.316s] -- Up-to-date: /home/keisoku/ros2_studies/install/my_messages/share/my_messages/cmake/ament_cmake_export_dependencies-extras.cmake
[0.316s] -- Up-to-date: /home/keisoku/ros2_studies/install/my_messages/share/my_messages/cmake/ament_cmake_export_include_directories-extras.cmake
[0.316s] -- Up-to-date: /home/keisoku/ros2_studies/install/my_messages/share/my_messages/cmake/ament_cmake_export_libraries-extras.cmake
[0.316s] -- Up-to-date: /home/keisoku/ros2_studies/install/my_messages/share/my_messages/cmake/ament_cmake_export_targets-extras.cmake
[0.316s] -- Up-to-date: /home/keisoku/ros2_studies/install/my_messages/share/my_messages/cmake/rosidl_cmake_export_typesupport_targets-extras.cmake
[0.316s] -- Up-to-date: /home/keisoku/ros2_studies/install/my_messages/share/my_messages/cmake/rosidl_cmake_export_typesupport_libraries-extras.cmake
[0.316s] -- Up-to-date: /home/keisoku/ros2_studies/install/my_messages/share/my_messages/cmake/my_messagesConfig.cmake
[0.316s] -- Up-to-date: /home/keisoku/ros2_studies/install/my_messages/share/my_messages/cmake/my_messagesConfig-version.cmake
[0.318s] -- Up-to-date: /home/keisoku/ros2_studies/install/my_messages/share/my_messages/package.xml
[0.318s] Invoked command in '/home/keisoku/ros2_studies/build/my_messages' returned '0': CMAKE_PREFIX_PATH=/opt/ros/humble /usr/bin/cmake --install /home/keisoku/ros2_studies/build/my_messages
