-- Found ament_cmake: 1.3.3 (/opt/ros/humble/share/ament_cmake/cmake)
-- Found std_msgs: 4.2.3 (/opt/ros/humble/share/std_msgs/cmake)
-- Found rosidl_generator_c: 3.1.4 (/opt/ros/humble/share/rosidl_generator_c/cmake)
-- Found rosidl_adapter: 3.1.4 (/opt/ros/humble/share/rosidl_adapter/cmake)
-- Found rosidl_generator_cpp: 3.1.4 (/opt/ros/humble/share/rosidl_generator_cpp/cmake)
-- Using all available rosidl_typesupport_c: rosidl_typesupport_fastrtps_c;rosidl_typesupport_introspection_c
-- Using all available rosidl_typesupport_cpp: rosidl_typesupport_fastrtps_cpp;rosidl_typesupport_introspection_cpp
-- Found rosidl_default_generators: 1.2.0 (/opt/ros/humble/share/rosidl_default_generators/cmake)
-- Found ament_cmake_ros: 0.10.0 (/opt/ros/humble/share/ament_cmake_ros/cmake)
-- Using all available rosidl_typesupport_c: rosidl_typesupport_fastrtps_c;rosidl_typesupport_introspection_c
-- Using all available rosidl_typesupport_cpp: rosidl_typesupport_fastrtps_cpp;rosidl_typesupport_introspection_cpp
-- Found python_cmake_module: 0.10.0 (/opt/ros/humble/share/python_cmake_module/cmake)
-- Using PYTHON_EXECUTABLE: /usr/bin/python3
-- Using PYTHON_INCLUDE_DIRS: /usr/include/python3.10
-- Using PYTHON_LIBRARIES: /usr/lib/x86_64-linux-gnu/libpython3.10.so
-- Configuring done
-- Generating done
-- Build files have been written to: /home/keisoku/ros2_studies/build/my_messages
[  2%] [34m[1mGenerating C code for ROS interfaces[0m
[  4%] [34m[1mGenerating C++ code for ROS interfaces[0m
[  4%] Built target ament_cmake_python_copy_my_messages
running egg_info
writing my_messages.egg-info/PKG-INFO
writing dependency_links to my_messages.egg-info/dependency_links.txt
writing top-level names to my_messages.egg-info/top_level.txt
reading manifest file 'my_messages.egg-info/SOURCES.txt'
writing manifest file 'my_messages.egg-info/SOURCES.txt'
[  4%] Built target ament_cmake_python_build_my_messages_egg
[  4%] Built target my_messages__cpp
[35m[1mConsolidate compiler generated dependencies of target my_messages__rosidl_generator_c[0m
[  6%] [34m[1mGenerating C++ type support dispatch for ROS interfaces[0m
[  8%] [34m[1mGenerating C++ type support for eProsima Fast-RTPS[0m
[ 10%] [34m[1mGenerating C++ introspection for ROS interfaces[0m
[ 17%] [32mBuilding C object CMakeFiles/my_messages__rosidl_generator_c.dir/rosidl_generator_c/my_messages/msg/detail/two_ints__functions.c.o[0m
[ 17%] [32mBuilding C object CMakeFiles/my_messages__rosidl_generator_c.dir/rosidl_generator_c/my_messages/srv/detail/calc_two_floats__functions.c.o[0m
[ 17%] [32mBuilding C object CMakeFiles/my_messages__rosidl_generator_c.dir/rosidl_generator_c/my_messages/msg/detail/double_two_ints__functions.c.o[0m
[ 19%] [32m[1mLinking C shared library libmy_messages__rosidl_generator_c.so[0m
[ 19%] Built target my_messages__rosidl_generator_c
[ 25%] [34m[1mGenerating C introspection for ROS interfaces[0m
[ 25%] [34m[1mGenerating C type support dispatch for ROS interfaces[0m
[ 25%] [34m[1mGenerating C type support for eProsima Fast-RTPS[0m
[35m[1mConsolidate compiler generated dependencies of target my_messages__rosidl_typesupport_cpp[0m
[ 31%] [32mBuilding CXX object CMakeFiles/my_messages__rosidl_typesupport_cpp.dir/rosidl_typesupport_cpp/my_messages/msg/double_two_ints__type_support.cpp.o[0m
[ 31%] [32mBuilding CXX object CMakeFiles/my_messages__rosidl_typesupport_cpp.dir/rosidl_typesupport_cpp/my_messages/srv/calc_two_floats__type_support.cpp.o[0m
[ 31%] [32mBuilding CXX object CMakeFiles/my_messages__rosidl_typesupport_cpp.dir/rosidl_typesupport_cpp/my_messages/msg/two_ints__type_support.cpp.o[0m
[35m[1mConsolidate compiler generated dependencies of target my_messages__rosidl_typesupport_introspection_cpp[0m
[ 36%] [32mBuilding CXX object CMakeFiles/my_messages__rosidl_typesupport_introspection_cpp.dir/rosidl_typesupport_introspection_cpp/my_messages/msg/detail/double_two_ints__type_support.cpp.o[0m
[ 36%] [32mBuilding CXX object CMakeFiles/my_messages__rosidl_typesupport_introspection_cpp.dir/rosidl_typesupport_introspection_cpp/my_messages/srv/detail/calc_two_floats__type_support.cpp.o[0m
[ 38%] [32mBuilding CXX object CMakeFiles/my_messages__rosidl_typesupport_introspection_cpp.dir/rosidl_typesupport_introspection_cpp/my_messages/msg/detail/two_ints__type_support.cpp.o[0m
[35m[1mConsolidate compiler generated dependencies of target my_messages__rosidl_typesupport_fastrtps_cpp[0m
[ 40%] [32mBuilding CXX object CMakeFiles/my_messages__rosidl_typesupport_fastrtps_cpp.dir/rosidl_typesupport_fastrtps_cpp/my_messages/srv/detail/dds_fastrtps/calc_two_floats__type_support.cpp.o[0m
[ 44%] [32mBuilding CXX object CMakeFiles/my_messages__rosidl_typesupport_fastrtps_cpp.dir/rosidl_typesupport_fastrtps_cpp/my_messages/msg/detail/dds_fastrtps/double_two_ints__type_support.cpp.o[0m
[ 44%] [32mBuilding CXX object CMakeFiles/my_messages__rosidl_typesupport_fastrtps_cpp.dir/rosidl_typesupport_fastrtps_cpp/my_messages/msg/detail/dds_fastrtps/two_ints__type_support.cpp.o[0m
[35m[1mConsolidate compiler generated dependencies of target my_messages__rosidl_typesupport_c[0m
[ 51%] [32mBuilding CXX object CMakeFiles/my_messages__rosidl_typesupport_c.dir/rosidl_typesupport_c/my_messages/msg/two_ints__type_support.cpp.o[0m
[ 51%] [32mBuilding CXX object CMakeFiles/my_messages__rosidl_typesupport_c.dir/rosidl_typesupport_c/my_messages/srv/calc_two_floats__type_support.cpp.o[0m
[ 51%] [32mBuilding CXX object CMakeFiles/my_messages__rosidl_typesupport_c.dir/rosidl_typesupport_c/my_messages/msg/double_two_ints__type_support.cpp.o[0m
[35m[1mConsolidate compiler generated dependencies of target my_messages__rosidl_typesupport_introspection_c[0m
[ 53%] [32m[1mLinking CXX shared library libmy_messages__rosidl_typesupport_c.so[0m
[ 55%] [32mBuilding C object CMakeFiles/my_messages__rosidl_typesupport_introspection_c.dir/rosidl_typesupport_introspection_c/my_messages/msg/detail/double_two_ints__type_support.c.o[0m
[ 59%] [32mBuilding C object CMakeFiles/my_messages__rosidl_typesupport_introspection_c.dir/rosidl_typesupport_introspection_c/my_messages/msg/detail/two_ints__type_support.c.o[0m
[ 59%] [32mBuilding C object CMakeFiles/my_messages__rosidl_typesupport_introspection_c.dir/rosidl_typesupport_introspection_c/my_messages/srv/detail/calc_two_floats__type_support.c.o[0m
[35m[1mConsolidate compiler generated dependencies of target my_messages__rosidl_typesupport_fastrtps_c[0m
[ 61%] [32mBuilding CXX object CMakeFiles/my_messages__rosidl_typesupport_fastrtps_c.dir/rosidl_typesupport_fastrtps_c/my_messages/srv/detail/calc_two_floats__type_support_c.cpp.o[0m
[ 65%] [32mBuilding CXX object CMakeFiles/my_messages__rosidl_typesupport_fastrtps_c.dir/rosidl_typesupport_fastrtps_c/my_messages/msg/detail/double_two_ints__type_support_c.cpp.o[0m
[ 65%] [32mBuilding CXX object CMakeFiles/my_messages__rosidl_typesupport_fastrtps_c.dir/rosidl_typesupport_fastrtps_c/my_messages/msg/detail/two_ints__type_support_c.cpp.o[0m
[ 65%] Built target my_messages__rosidl_typesupport_c
[ 68%] [32m[1mLinking C shared library libmy_messages__rosidl_typesupport_introspection_c.so[0m
[ 68%] Built target my_messages__rosidl_typesupport_introspection_c
[ 70%] [32m[1mLinking CXX shared library libmy_messages__rosidl_typesupport_cpp.so[0m
[ 70%] Built target my_messages__rosidl_typesupport_cpp
[ 72%] [32m[1mLinking CXX shared library libmy_messages__rosidl_typesupport_introspection_cpp.so[0m
[ 72%] Built target my_messages__rosidl_typesupport_introspection_cpp
[ 74%] [32m[1mLinking CXX shared library libmy_messages__rosidl_typesupport_fastrtps_cpp.so[0m
[ 76%] [32m[1mLinking CXX shared library libmy_messages__rosidl_typesupport_fastrtps_c.so[0m
[ 76%] Built target my_messages__rosidl_typesupport_fastrtps_cpp
[ 76%] Built target my_messages__rosidl_typesupport_fastrtps_c
[ 76%] Built target my_messages
[ 78%] [34m[1mGenerating Python code for ROS interfaces[0m
[ 78%] Built target my_messages__py
[35m[1mConsolidate compiler generated dependencies of target my_messages__rosidl_generator_py[0m
[ 80%] [32mBuilding C object CMakeFiles/my_messages__rosidl_generator_py.dir/rosidl_generator_py/my_messages/msg/_two_ints_s.c.o[0m
[ 82%] [32mBuilding C object CMakeFiles/my_messages__rosidl_generator_py.dir/rosidl_generator_py/my_messages/msg/_double_two_ints_s.c.o[0m
[ 85%] [32mBuilding C object CMakeFiles/my_messages__rosidl_generator_py.dir/rosidl_generator_py/my_messages/srv/_calc_two_floats_s.c.o[0m
[ 87%] [32m[1mLinking C shared library rosidl_generator_py/my_messages/libmy_messages__rosidl_generator_py.so[0m
[ 87%] Built target my_messages__rosidl_generator_py
[35m[1mConsolidate compiler generated dependencies of target my_messages__rosidl_typesupport_introspection_c__pyext[0m
[35m[1mConsolidate compiler generated dependencies of target my_messages__rosidl_typesupport_fastrtps_c__pyext[0m
[35m[1mConsolidate compiler generated dependencies of target my_messages__rosidl_typesupport_c__pyext[0m
[ 93%] [32mBuilding C object CMakeFiles/my_messages__rosidl_typesupport_introspection_c__pyext.dir/rosidl_generator_py/my_messages/_my_messages_s.ep.rosidl_typesupport_introspection_c.c.o[0m
[ 93%] [32mBuilding C object CMakeFiles/my_messages__rosidl_typesupport_fastrtps_c__pyext.dir/rosidl_generator_py/my_messages/_my_messages_s.ep.rosidl_typesupport_fastrtps_c.c.o[0m
[ 93%] [32mBuilding C object CMakeFiles/my_messages__rosidl_typesupport_c__pyext.dir/rosidl_generator_py/my_messages/_my_messages_s.ep.rosidl_typesupport_c.c.o[0m
[100%] [32m[1mLinking C shared library rosidl_generator_py/my_messages/my_messages_s__rosidl_typesupport_introspection_c.cpython-310-x86_64-linux-gnu.so[0m
[100%] [32m[1mLinking C shared library rosidl_generator_py/my_messages/my_messages_s__rosidl_typesupport_fastrtps_c.cpython-310-x86_64-linux-gnu.so[0m
[100%] [32m[1mLinking C shared library rosidl_generator_py/my_messages/my_messages_s__rosidl_typesupport_c.cpython-310-x86_64-linux-gnu.so[0m
[100%] Built target my_messages__rosidl_typesupport_introspection_c__pyext
[100%] Built target my_messages__rosidl_typesupport_fastrtps_c__pyext
[100%] Built target my_messages__rosidl_typesupport_c__pyext
-- Install configuration: ""
-- Installing: /home/keisoku/ros2_studies/install/my_messages/share/ament_index/resource_index/rosidl_interfaces/my_messages
-- Up-to-date: /home/keisoku/ros2_studies/install/my_messages/include/my_messages/my_messages
-- Up-to-date: /home/keisoku/ros2_studies/install/my_messages/include/my_messages/my_messages/msg
-- Up-to-date: /home/keisoku/ros2_studies/install/my_messages/include/my_messages/my_messages/msg/detail
-- Installing: /home/keisoku/ros2_studies/install/my_messages/include/my_messages/my_messages/msg/detail/double_two_ints__functions.h
-- Installing: /home/keisoku/ros2_studies/install/my_messages/include/my_messages/my_messages/msg/detail/double_two_ints__functions.c
-- Installing: /home/keisoku/ros2_studies/install/my_messages/include/my_messages/my_messages/msg/detail/double_two_ints__type_support.h
-- Installing: /home/keisoku/ros2_studies/install/my_messages/include/my_messages/my_messages/msg/detail/two_ints__type_support.h
-- Installing: /home/keisoku/ros2_studies/install/my_messages/include/my_messages/my_messages/msg/detail/double_two_ints__struct.h
-- Installing: /home/keisoku/ros2_studies/install/my_messages/include/my_messages/my_messages/msg/detail/two_ints__functions.h
-- Installing: /home/keisoku/ros2_studies/install/my_messages/include/my_messages/my_messages/msg/detail/two_ints__functions.c
-- Installing: /home/keisoku/ros2_studies/install/my_messages/include/my_messages/my_messages/msg/detail/two_ints__struct.h
-- Installing: /home/keisoku/ros2_studies/install/my_messages/include/my_messages/my_messages/msg/double_two_ints.h
-- Installing: /home/keisoku/ros2_studies/install/my_messages/include/my_messages/my_messages/msg/two_ints.h
-- Up-to-date: /home/keisoku/ros2_studies/install/my_messages/include/my_messages/my_messages/msg/rosidl_generator_c__visibility_control.h
-- Up-to-date: /home/keisoku/ros2_studies/install/my_messages/include/my_messages/my_messages/srv
-- Up-to-date: /home/keisoku/ros2_studies/install/my_messages/include/my_messages/my_messages/srv/detail
-- Installing: /home/keisoku/ros2_studies/install/my_messages/include/my_messages/my_messages/srv/detail/calc_two_floats__functions.c
-- Installing: /home/keisoku/ros2_studies/install/my_messages/include/my_messages/my_messages/srv/detail/calc_two_floats__struct.h
-- Installing: /home/keisoku/ros2_studies/install/my_messages/include/my_messages/my_messages/srv/detail/calc_two_floats__functions.h
-- Installing: /home/keisoku/ros2_studies/install/my_messages/include/my_messages/my_messages/srv/detail/calc_two_floats__type_support.h
-- Installing: /home/keisoku/ros2_studies/install/my_messages/include/my_messages/my_messages/srv/calc_two_floats.h
-- Up-to-date: /home/keisoku/ros2_studies/install/my_messages/share/my_messages/environment/library_path.sh
-- Installing: /home/keisoku/ros2_studies/install/my_messages/share/my_messages/environment/library_path.dsv
-- Installing: /home/keisoku/ros2_studies/install/my_messages/lib/libmy_messages__rosidl_generator_c.so
-- Set runtime path of "/home/keisoku/ros2_studies/install/my_messages/lib/libmy_messages__rosidl_generator_c.so" to ""
-- Up-to-date: /home/keisoku/ros2_studies/install/my_messages/include/my_messages/my_messages
-- Up-to-date: /home/keisoku/ros2_studies/install/my_messages/include/my_messages/my_messages/msg
-- Up-to-date: /home/keisoku/ros2_studies/install/my_messages/include/my_messages/my_messages/msg/rosidl_typesupport_fastrtps_c__visibility_control.h
-- Up-to-date: /home/keisoku/ros2_studies/install/my_messages/include/my_messages/my_messages/msg/detail
-- Installing: /home/keisoku/ros2_studies/install/my_messages/include/my_messages/my_messages/msg/detail/two_ints__rosidl_typesupport_fastrtps_c.h
-- Installing: /home/keisoku/ros2_studies/install/my_messages/include/my_messages/my_messages/msg/detail/double_two_ints__rosidl_typesupport_fastrtps_c.h
-- Up-to-date: /home/keisoku/ros2_studies/install/my_messages/include/my_messages/my_messages/srv
-- Up-to-date: /home/keisoku/ros2_studies/install/my_messages/include/my_messages/my_messages/srv/detail
-- Installing: /home/keisoku/ros2_studies/install/my_messages/include/my_messages/my_messages/srv/detail/calc_two_floats__rosidl_typesupport_fastrtps_c.h
-- Installing: /home/keisoku/ros2_studies/install/my_messages/lib/libmy_messages__rosidl_typesupport_fastrtps_c.so
-- Set runtime path of "/home/keisoku/ros2_studies/install/my_messages/lib/libmy_messages__rosidl_typesupport_fastrtps_c.so" to ""
-- Up-to-date: /home/keisoku/ros2_studies/install/my_messages/include/my_messages/my_messages
-- Up-to-date: /home/keisoku/ros2_studies/install/my_messages/include/my_messages/my_messages/msg
-- Up-to-date: /home/keisoku/ros2_studies/install/my_messages/include/my_messages/my_messages/msg/detail
-- Installing: /home/keisoku/ros2_studies/install/my_messages/include/my_messages/my_messages/msg/detail/two_ints__struct.hpp
-- Installing: /home/keisoku/ros2_studies/install/my_messages/include/my_messages/my_messages/msg/detail/double_two_ints__builder.hpp
-- Installing: /home/keisoku/ros2_studies/install/my_messages/include/my_messages/my_messages/msg/detail/double_two_ints__struct.hpp
-- Installing: /home/keisoku/ros2_studies/install/my_messages/include/my_messages/my_messages/msg/detail/double_two_ints__traits.hpp
-- Installing: /home/keisoku/ros2_studies/install/my_messages/include/my_messages/my_messages/msg/detail/two_ints__traits.hpp
-- Installing: /home/keisoku/ros2_studies/install/my_messages/include/my_messages/my_messages/msg/detail/two_ints__builder.hpp
-- Installing: /home/keisoku/ros2_studies/install/my_messages/include/my_messages/my_messages/msg/double_two_ints.hpp
-- Installing: /home/keisoku/ros2_studies/install/my_messages/include/my_messages/my_messages/msg/two_ints.hpp
-- Up-to-date: /home/keisoku/ros2_studies/install/my_messages/include/my_messages/my_messages/srv
-- Up-to-date: /home/keisoku/ros2_studies/install/my_messages/include/my_messages/my_messages/srv/detail
-- Installing: /home/keisoku/ros2_studies/install/my_messages/include/my_messages/my_messages/srv/detail/calc_two_floats__builder.hpp
-- Installing: /home/keisoku/ros2_studies/install/my_messages/include/my_messages/my_messages/srv/detail/calc_two_floats__struct.hpp
-- Installing: /home/keisoku/ros2_studies/install/my_messages/include/my_messages/my_messages/srv/detail/calc_two_floats__traits.hpp
-- Installing: /home/keisoku/ros2_studies/install/my_messages/include/my_messages/my_messages/srv/calc_two_floats.hpp
-- Up-to-date: /home/keisoku/ros2_studies/install/my_messages/include/my_messages/my_messages
-- Up-to-date: /home/keisoku/ros2_studies/install/my_messages/include/my_messages/my_messages/msg
-- Up-to-date: /home/keisoku/ros2_studies/install/my_messages/include/my_messages/my_messages/msg/detail
-- Installing: /home/keisoku/ros2_studies/install/my_messages/include/my_messages/my_messages/msg/detail/double_two_ints__rosidl_typesupport_fastrtps_cpp.hpp
-- Installing: /home/keisoku/ros2_studies/install/my_messages/include/my_messages/my_messages/msg/detail/two_ints__rosidl_typesupport_fastrtps_cpp.hpp
-- Up-to-date: /home/keisoku/ros2_studies/install/my_messages/include/my_messages/my_messages/msg/detail/dds_fastrtps
-- Up-to-date: /home/keisoku/ros2_studies/install/my_messages/include/my_messages/my_messages/msg/rosidl_typesupport_fastrtps_cpp__visibility_control.h
-- Up-to-date: /home/keisoku/ros2_studies/install/my_messages/include/my_messages/my_messages/srv
-- Up-to-date: /home/keisoku/ros2_studies/install/my_messages/include/my_messages/my_messages/srv/detail
-- Installing: /home/keisoku/ros2_studies/install/my_messages/include/my_messages/my_messages/srv/detail/calc_two_floats__rosidl_typesupport_fastrtps_cpp.hpp
-- Up-to-date: /home/keisoku/ros2_studies/install/my_messages/include/my_messages/my_messages/srv/detail/dds_fastrtps
-- Installing: /home/keisoku/ros2_studies/install/my_messages/lib/libmy_messages__rosidl_typesupport_fastrtps_cpp.so
-- Set runtime path of "/home/keisoku/ros2_studies/install/my_messages/lib/libmy_messages__rosidl_typesupport_fastrtps_cpp.so" to ""
-- Up-to-date: /home/keisoku/ros2_studies/install/my_messages/include/my_messages/my_messages
-- Up-to-date: /home/keisoku/ros2_studies/install/my_messages/include/my_messages/my_messages/msg
-- Up-to-date: /home/keisoku/ros2_studies/install/my_messages/include/my_messages/my_messages/msg/detail
-- Installing: /home/keisoku/ros2_studies/install/my_messages/include/my_messages/my_messages/msg/detail/two_ints__rosidl_typesupport_introspection_c.h
-- Installing: /home/keisoku/ros2_studies/install/my_messages/include/my_messages/my_messages/msg/detail/two_ints__type_support.c
-- Installing: /home/keisoku/ros2_studies/install/my_messages/include/my_messages/my_messages/msg/detail/double_two_ints__rosidl_typesupport_introspection_c.h
-- Installing: /home/keisoku/ros2_studies/install/my_messages/include/my_messages/my_messages/msg/detail/double_two_ints__type_support.c
-- Up-to-date: /home/keisoku/ros2_studies/install/my_messages/include/my_messages/my_messages/msg/rosidl_typesupport_introspection_c__visibility_control.h
-- Up-to-date: /home/keisoku/ros2_studies/install/my_messages/include/my_messages/my_messages/srv
-- Up-to-date: /home/keisoku/ros2_studies/install/my_messages/include/my_messages/my_messages/srv/detail
-- Installing: /home/keisoku/ros2_studies/install/my_messages/include/my_messages/my_messages/srv/detail/calc_two_floats__rosidl_typesupport_introspection_c.h
-- Installing: /home/keisoku/ros2_studies/install/my_messages/include/my_messages/my_messages/srv/detail/calc_two_floats__type_support.c
-- Installing: /home/keisoku/ros2_studies/install/my_messages/lib/libmy_messages__rosidl_typesupport_introspection_c.so
-- Set runtime path of "/home/keisoku/ros2_studies/install/my_messages/lib/libmy_messages__rosidl_typesupport_introspection_c.so" to ""
-- Installing: /home/keisoku/ros2_studies/install/my_messages/lib/libmy_messages__rosidl_typesupport_c.so
-- Set runtime path of "/home/keisoku/ros2_studies/install/my_messages/lib/libmy_messages__rosidl_typesupport_c.so" to ""
-- Up-to-date: /home/keisoku/ros2_studies/install/my_messages/include/my_messages/my_messages
-- Up-to-date: /home/keisoku/ros2_studies/install/my_messages/include/my_messages/my_messages/msg
-- Up-to-date: /home/keisoku/ros2_studies/install/my_messages/include/my_messages/my_messages/msg/detail
-- Installing: /home/keisoku/ros2_studies/install/my_messages/include/my_messages/my_messages/msg/detail/two_ints__type_support.cpp
-- Installing: /home/keisoku/ros2_studies/install/my_messages/include/my_messages/my_messages/msg/detail/double_two_ints__type_support.cpp
-- Installing: /home/keisoku/ros2_studies/install/my_messages/include/my_messages/my_messages/msg/detail/double_two_ints__rosidl_typesupport_introspection_cpp.hpp
-- Installing: /home/keisoku/ros2_studies/install/my_messages/include/my_messages/my_messages/msg/detail/two_ints__rosidl_typesupport_introspection_cpp.hpp
-- Up-to-date: /home/keisoku/ros2_studies/install/my_messages/include/my_messages/my_messages/srv
-- Up-to-date: /home/keisoku/ros2_studies/install/my_messages/include/my_messages/my_messages/srv/detail
-- Installing: /home/keisoku/ros2_studies/install/my_messages/include/my_messages/my_messages/srv/detail/calc_two_floats__type_support.cpp
-- Installing: /home/keisoku/ros2_studies/install/my_messages/include/my_messages/my_messages/srv/detail/calc_two_floats__rosidl_typesupport_introspection_cpp.hpp
-- Installing: /home/keisoku/ros2_studies/install/my_messages/lib/libmy_messages__rosidl_typesupport_introspection_cpp.so
-- Set runtime path of "/home/keisoku/ros2_studies/install/my_messages/lib/libmy_messages__rosidl_typesupport_introspection_cpp.so" to ""
-- Installing: /home/keisoku/ros2_studies/install/my_messages/lib/libmy_messages__rosidl_typesupport_cpp.so
-- Set runtime path of "/home/keisoku/ros2_studies/install/my_messages/lib/libmy_messages__rosidl_typesupport_cpp.so" to ""
-- Up-to-date: /home/keisoku/ros2_studies/install/my_messages/share/my_messages/environment/pythonpath.sh
-- Installing: /home/keisoku/ros2_studies/install/my_messages/share/my_messages/environment/pythonpath.dsv
-- Up-to-date: /home/keisoku/ros2_studies/install/my_messages/local/lib/python3.10/dist-packages/my_messages-0.0.0-py3.10.egg-info
-- Installing: /home/keisoku/ros2_studies/install/my_messages/local/lib/python3.10/dist-packages/my_messages-0.0.0-py3.10.egg-info/dependency_links.txt
-- Installing: /home/keisoku/ros2_studies/install/my_messages/local/lib/python3.10/dist-packages/my_messages-0.0.0-py3.10.egg-info/PKG-INFO
-- Installing: /home/keisoku/ros2_studies/install/my_messages/local/lib/python3.10/dist-packages/my_messages-0.0.0-py3.10.egg-info/top_level.txt
-- Installing: /home/keisoku/ros2_studies/install/my_messages/local/lib/python3.10/dist-packages/my_messages-0.0.0-py3.10.egg-info/SOURCES.txt
-- Up-to-date: /home/keisoku/ros2_studies/install/my_messages/local/lib/python3.10/dist-packages/my_messages
-- Installing: /home/keisoku/ros2_studies/install/my_messages/local/lib/python3.10/dist-packages/my_messages/_my_messages_s.ep.rosidl_typesupport_c.c
-- Installing: /home/keisoku/ros2_studies/install/my_messages/local/lib/python3.10/dist-packages/my_messages/__init__.py
-- Up-to-date: /home/keisoku/ros2_studies/install/my_messages/local/lib/python3.10/dist-packages/my_messages/msg
-- Installing: /home/keisoku/ros2_studies/install/my_messages/local/lib/python3.10/dist-packages/my_messages/msg/__init__.py
-- Installing: /home/keisoku/ros2_studies/install/my_messages/local/lib/python3.10/dist-packages/my_messages/msg/_double_two_ints_s.c
-- Installing: /home/keisoku/ros2_studies/install/my_messages/local/lib/python3.10/dist-packages/my_messages/msg/_two_ints_s.c
-- Installing: /home/keisoku/ros2_studies/install/my_messages/local/lib/python3.10/dist-packages/my_messages/msg/_two_ints.py
-- Installing: /home/keisoku/ros2_studies/install/my_messages/local/lib/python3.10/dist-packages/my_messages/msg/_double_two_ints.py
-- Installing: /home/keisoku/ros2_studies/install/my_messages/local/lib/python3.10/dist-packages/my_messages/libmy_messages__rosidl_generator_py.so
-- Installing: /home/keisoku/ros2_studies/install/my_messages/local/lib/python3.10/dist-packages/my_messages/_my_messages_s.ep.rosidl_typesupport_fastrtps_c.c
-- Installing: /home/keisoku/ros2_studies/install/my_messages/local/lib/python3.10/dist-packages/my_messages/my_messages_s__rosidl_typesupport_fastrtps_c.cpython-310-x86_64-linux-gnu.so
-- Installing: /home/keisoku/ros2_studies/install/my_messages/local/lib/python3.10/dist-packages/my_messages/_my_messages_s.ep.rosidl_typesupport_introspection_c.c
-- Up-to-date: /home/keisoku/ros2_studies/install/my_messages/local/lib/python3.10/dist-packages/my_messages/srv
-- Installing: /home/keisoku/ros2_studies/install/my_messages/local/lib/python3.10/dist-packages/my_messages/srv/_calc_two_floats.py
-- Installing: /home/keisoku/ros2_studies/install/my_messages/local/lib/python3.10/dist-packages/my_messages/srv/__init__.py
-- Installing: /home/keisoku/ros2_studies/install/my_messages/local/lib/python3.10/dist-packages/my_messages/srv/_calc_two_floats_s.c
-- Installing: /home/keisoku/ros2_studies/install/my_messages/local/lib/python3.10/dist-packages/my_messages/my_messages_s__rosidl_typesupport_introspection_c.cpython-310-x86_64-linux-gnu.so
-- Installing: /home/keisoku/ros2_studies/install/my_messages/local/lib/python3.10/dist-packages/my_messages/my_messages_s__rosidl_typesupport_c.cpython-310-x86_64-linux-gnu.so
Listing '/home/keisoku/ros2_studies/install/my_messages/local/lib/python3.10/dist-packages/my_messages'...
Compiling '/home/keisoku/ros2_studies/install/my_messages/local/lib/python3.10/dist-packages/my_messages/__init__.py'...
Listing '/home/keisoku/ros2_studies/install/my_messages/local/lib/python3.10/dist-packages/my_messages/msg'...
Compiling '/home/keisoku/ros2_studies/install/my_messages/local/lib/python3.10/dist-packages/my_messages/msg/__init__.py'...
Compiling '/home/keisoku/ros2_studies/install/my_messages/local/lib/python3.10/dist-packages/my_messages/msg/_double_two_ints.py'...
Compiling '/home/keisoku/ros2_studies/install/my_messages/local/lib/python3.10/dist-packages/my_messages/msg/_two_ints.py'...
Listing '/home/keisoku/ros2_studies/install/my_messages/local/lib/python3.10/dist-packages/my_messages/srv'...
Compiling '/home/keisoku/ros2_studies/install/my_messages/local/lib/python3.10/dist-packages/my_messages/srv/__init__.py'...
Compiling '/home/keisoku/ros2_studies/install/my_messages/local/lib/python3.10/dist-packages/my_messages/srv/_calc_two_floats.py'...
-- Installing: /home/keisoku/ros2_studies/install/my_messages/local/lib/python3.10/dist-packages/my_messages/my_messages_s__rosidl_typesupport_fastrtps_c.cpython-310-x86_64-linux-gnu.so
-- Set runtime path of "/home/keisoku/ros2_studies/install/my_messages/local/lib/python3.10/dist-packages/my_messages/my_messages_s__rosidl_typesupport_fastrtps_c.cpython-310-x86_64-linux-gnu.so" to ""
-- Installing: /home/keisoku/ros2_studies/install/my_messages/local/lib/python3.10/dist-packages/my_messages/my_messages_s__rosidl_typesupport_introspection_c.cpython-310-x86_64-linux-gnu.so
-- Set runtime path of "/home/keisoku/ros2_studies/install/my_messages/local/lib/python3.10/dist-packages/my_messages/my_messages_s__rosidl_typesupport_introspection_c.cpython-310-x86_64-linux-gnu.so" to ""
-- Installing: /home/keisoku/ros2_studies/install/my_messages/local/lib/python3.10/dist-packages/my_messages/my_messages_s__rosidl_typesupport_c.cpython-310-x86_64-linux-gnu.so
-- Set runtime path of "/home/keisoku/ros2_studies/install/my_messages/local/lib/python3.10/dist-packages/my_messages/my_messages_s__rosidl_typesupport_c.cpython-310-x86_64-linux-gnu.so" to ""
-- Installing: /home/keisoku/ros2_studies/install/my_messages/lib/libmy_messages__rosidl_generator_py.so
-- Set runtime path of "/home/keisoku/ros2_studies/install/my_messages/lib/libmy_messages__rosidl_generator_py.so" to ""
-- Up-to-date: /home/keisoku/ros2_studies/install/my_messages/share/my_messages/msg/TwoInts.idl
-- Installing: /home/keisoku/ros2_studies/install/my_messages/share/my_messages/msg/DoubleTwoInts.idl
-- Up-to-date: /home/keisoku/ros2_studies/install/my_messages/share/my_messages/srv/CalcTwoFloats.idl
-- Up-to-date: /home/keisoku/ros2_studies/install/my_messages/share/my_messages/msg/TwoInts.msg
-- Installing: /home/keisoku/ros2_studies/install/my_messages/share/my_messages/msg/DoubleTwoInts.msg
-- Up-to-date: /home/keisoku/ros2_studies/install/my_messages/share/my_messages/srv/CalcTwoFloats.srv
-- Up-to-date: /home/keisoku/ros2_studies/install/my_messages/share/my_messages/srv/CalcTwoFloats_Request.msg
-- Up-to-date: /home/keisoku/ros2_studies/install/my_messages/share/my_messages/srv/CalcTwoFloats_Response.msg
-- Up-to-date: /home/keisoku/ros2_studies/install/my_messages/share/ament_index/resource_index/package_run_dependencies/my_messages
-- Up-to-date: /home/keisoku/ros2_studies/install/my_messages/share/ament_index/resource_index/parent_prefix_path/my_messages
-- Up-to-date: /home/keisoku/ros2_studies/install/my_messages/share/my_messages/environment/ament_prefix_path.sh
-- Installing: /home/keisoku/ros2_studies/install/my_messages/share/my_messages/environment/ament_prefix_path.dsv
-- Up-to-date: /home/keisoku/ros2_studies/install/my_messages/share/my_messages/environment/path.sh
-- Installing: /home/keisoku/ros2_studies/install/my_messages/share/my_messages/environment/path.dsv
-- Up-to-date: /home/keisoku/ros2_studies/install/my_messages/share/my_messages/local_setup.bash
-- Up-to-date: /home/keisoku/ros2_studies/install/my_messages/share/my_messages/local_setup.sh
-- Up-to-date: /home/keisoku/ros2_studies/install/my_messages/share/my_messages/local_setup.zsh
-- Installing: /home/keisoku/ros2_studies/install/my_messages/share/my_messages/local_setup.dsv
-- Installing: /home/keisoku/ros2_studies/install/my_messages/share/my_messages/package.dsv
-- Up-to-date: /home/keisoku/ros2_studies/install/my_messages/share/ament_index/resource_index/packages/my_messages
-- Old export file "/home/keisoku/ros2_studies/install/my_messages/share/my_messages/cmake/export_my_messages__rosidl_generator_cExport.cmake" will be replaced.  Removing files [/home/keisoku/ros2_studies/install/my_messages/share/my_messages/cmake/export_my_messages__rosidl_generator_cExport-noconfig.cmake].
-- Installing: /home/keisoku/ros2_studies/install/my_messages/share/my_messages/cmake/export_my_messages__rosidl_generator_cExport.cmake
-- Installing: /home/keisoku/ros2_studies/install/my_messages/share/my_messages/cmake/export_my_messages__rosidl_generator_cExport-noconfig.cmake
-- Old export file "/home/keisoku/ros2_studies/install/my_messages/share/my_messages/cmake/export_my_messages__rosidl_typesupport_fastrtps_cExport.cmake" will be replaced.  Removing files [/home/keisoku/ros2_studies/install/my_messages/share/my_messages/cmake/export_my_messages__rosidl_typesupport_fastrtps_cExport-noconfig.cmake].
-- Installing: /home/keisoku/ros2_studies/install/my_messages/share/my_messages/cmake/export_my_messages__rosidl_typesupport_fastrtps_cExport.cmake
-- Installing: /home/keisoku/ros2_studies/install/my_messages/share/my_messages/cmake/export_my_messages__rosidl_typesupport_fastrtps_cExport-noconfig.cmake
-- Installing: /home/keisoku/ros2_studies/install/my_messages/share/my_messages/cmake/export_my_messages__rosidl_generator_cppExport.cmake
-- Old export file "/home/keisoku/ros2_studies/install/my_messages/share/my_messages/cmake/export_my_messages__rosidl_typesupport_fastrtps_cppExport.cmake" will be replaced.  Removing files [/home/keisoku/ros2_studies/install/my_messages/share/my_messages/cmake/export_my_messages__rosidl_typesupport_fastrtps_cppExport-noconfig.cmake].
-- Installing: /home/keisoku/ros2_studies/install/my_messages/share/my_messages/cmake/export_my_messages__rosidl_typesupport_fastrtps_cppExport.cmake
-- Installing: /home/keisoku/ros2_studies/install/my_messages/share/my_messages/cmake/export_my_messages__rosidl_typesupport_fastrtps_cppExport-noconfig.cmake
-- Old export file "/home/keisoku/ros2_studies/install/my_messages/share/my_messages/cmake/my_messages__rosidl_typesupport_introspection_cExport.cmake" will be replaced.  Removing files [/home/keisoku/ros2_studies/install/my_messages/share/my_messages/cmake/my_messages__rosidl_typesupport_introspection_cExport-noconfig.cmake].
-- Installing: /home/keisoku/ros2_studies/install/my_messages/share/my_messages/cmake/my_messages__rosidl_typesupport_introspection_cExport.cmake
-- Installing: /home/keisoku/ros2_studies/install/my_messages/share/my_messages/cmake/my_messages__rosidl_typesupport_introspection_cExport-noconfig.cmake
-- Old export file "/home/keisoku/ros2_studies/install/my_messages/share/my_messages/cmake/my_messages__rosidl_typesupport_cExport.cmake" will be replaced.  Removing files [/home/keisoku/ros2_studies/install/my_messages/share/my_messages/cmake/my_messages__rosidl_typesupport_cExport-noconfig.cmake].
-- Installing: /home/keisoku/ros2_studies/install/my_messages/share/my_messages/cmake/my_messages__rosidl_typesupport_cExport.cmake
-- Installing: /home/keisoku/ros2_studies/install/my_messages/share/my_messages/cmake/my_messages__rosidl_typesupport_cExport-noconfig.cmake
-- Old export file "/home/keisoku/ros2_studies/install/my_messages/share/my_messages/cmake/my_messages__rosidl_typesupport_introspection_cppExport.cmake" will be replaced.  Removing files [/home/keisoku/ros2_studies/install/my_messages/share/my_messages/cmake/my_messages__rosidl_typesupport_introspection_cppExport-noconfig.cmake].
-- Installing: /home/keisoku/ros2_studies/install/my_messages/share/my_messages/cmake/my_messages__rosidl_typesupport_introspection_cppExport.cmake
-- Installing: /home/keisoku/ros2_studies/install/my_messages/share/my_messages/cmake/my_messages__rosidl_typesupport_introspection_cppExport-noconfig.cmake
-- Old export file "/home/keisoku/ros2_studies/install/my_messages/share/my_messages/cmake/my_messages__rosidl_typesupport_cppExport.cmake" will be replaced.  Removing files [/home/keisoku/ros2_studies/install/my_messages/share/my_messages/cmake/my_messages__rosidl_typesupport_cppExport-noconfig.cmake].
-- Installing: /home/keisoku/ros2_studies/install/my_messages/share/my_messages/cmake/my_messages__rosidl_typesupport_cppExport.cmake
-- Installing: /home/keisoku/ros2_studies/install/my_messages/share/my_messages/cmake/my_messages__rosidl_typesupport_cppExport-noconfig.cmake
-- Old export file "/home/keisoku/ros2_studies/install/my_messages/share/my_messages/cmake/export_my_messages__rosidl_generator_pyExport.cmake" will be replaced.  Removing files [/home/keisoku/ros2_studies/install/my_messages/share/my_messages/cmake/export_my_messages__rosidl_generator_pyExport-noconfig.cmake].
-- Installing: /home/keisoku/ros2_studies/install/my_messages/share/my_messages/cmake/export_my_messages__rosidl_generator_pyExport.cmake
-- Installing: /home/keisoku/ros2_studies/install/my_messages/share/my_messages/cmake/export_my_messages__rosidl_generator_pyExport-noconfig.cmake
-- Installing: /home/keisoku/ros2_studies/install/my_messages/share/my_messages/cmake/rosidl_cmake-extras.cmake
-- Installing: /home/keisoku/ros2_studies/install/my_messages/share/my_messages/cmake/ament_cmake_export_dependencies-extras.cmake
-- Up-to-date: /home/keisoku/ros2_studies/install/my_messages/share/my_messages/cmake/ament_cmake_export_include_directories-extras.cmake
-- Up-to-date: /home/keisoku/ros2_studies/install/my_messages/share/my_messages/cmake/ament_cmake_export_libraries-extras.cmake
-- Installing: /home/keisoku/ros2_studies/install/my_messages/share/my_messages/cmake/ament_cmake_export_targets-extras.cmake
-- Installing: /home/keisoku/ros2_studies/install/my_messages/share/my_messages/cmake/rosidl_cmake_export_typesupport_targets-extras.cmake
-- Up-to-date: /home/keisoku/ros2_studies/install/my_messages/share/my_messages/cmake/rosidl_cmake_export_typesupport_libraries-extras.cmake
-- Installing: /home/keisoku/ros2_studies/install/my_messages/share/my_messages/cmake/my_messagesConfig.cmake
-- Up-to-date: /home/keisoku/ros2_studies/install/my_messages/share/my_messages/cmake/my_messagesConfig-version.cmake
-- Up-to-date: /home/keisoku/ros2_studies/install/my_messages/share/my_messages/package.xml
