[0.014s] Invoking command in '/home/keisoku/ros2_studies/build/my_messages': CMAKE_PREFIX_PATH=/opt/ros/humble /usr/bin/cmake --build /home/keisoku/ros2_studies/build/my_messages -- -j20 -l20
[0.027s] -- Found ament_cmake: 1.3.3 (/opt/ros/humble/share/ament_cmake/cmake)
[0.127s] -- Found std_msgs: 4.2.3 (/opt/ros/humble/share/std_msgs/cmake)
[0.144s] -- Found rosidl_generator_c: 3.1.4 (/opt/ros/humble/share/rosidl_generator_c/cmake)
[0.146s] -- Found rosidl_adapter: 3.1.4 (/opt/ros/humble/share/rosidl_adapter/cmake)
[0.150s] -- Found rosidl_generator_cpp: 3.1.4 (/opt/ros/humble/share/rosidl_generator_cpp/cmake)
[0.158s] -- Using all available rosidl_typesupport_c: rosidl_typesupport_fastrtps_c;rosidl_typesupport_introspection_c
[0.169s] -- Using all available rosidl_typesupport_cpp: rosidl_typesupport_fastrtps_cpp;rosidl_typesupport_introspection_cpp
[0.210s] -- Found rosidl_default_generators: 1.2.0 (/opt/ros/humble/share/rosidl_default_generators/cmake)
[0.383s] -- Found ament_cmake_ros: 0.10.0 (/opt/ros/humble/share/ament_cmake_ros/cmake)
[0.600s] -- Using all available rosidl_typesupport_c: rosidl_typesupport_fastrtps_c;rosidl_typesupport_introspection_c
[0.686s] -- Using all available rosidl_typesupport_cpp: rosidl_typesupport_fastrtps_cpp;rosidl_typesupport_introspection_cpp
[0.700s] -- Found python_cmake_module: 0.10.0 (/opt/ros/humble/share/python_cmake_module/cmake)
[0.713s] -- Using PYTHON_EXECUTABLE: /usr/bin/python3
[0.713s] -- Using PYTHON_INCLUDE_DIRS: /usr/include/python3.10
[0.714s] -- Using PYTHON_LIBRARIES: /usr/lib/x86_64-linux-gnu/libpython3.10.so
[0.733s] -- Configuring done
[0.755s] -- Generating done
[0.757s] -- Build files have been written to: /home/keisoku/ros2_studies/build/my_messages
[0.770s] [  2%] [34m[1mGenerating C code for ROS interfaces[0m
[0.775s] [  4%] [34m[1mGenerating C++ code for ROS interfaces[0m
[0.780s] [  4%] Built target ament_cmake_python_copy_my_messages
[0.934s] running egg_info
[0.934s] writing my_messages.egg-info/PKG-INFO
[0.935s] writing dependency_links to my_messages.egg-info/dependency_links.txt
[0.935s] writing top-level names to my_messages.egg-info/top_level.txt
[0.936s] reading manifest file 'my_messages.egg-info/SOURCES.txt'
[0.936s] writing manifest file 'my_messages.egg-info/SOURCES.txt'
[0.951s] [  4%] Built target ament_cmake_python_build_my_messages_egg
[1.005s] [  4%] Built target my_messages__cpp
[1.009s] [35m[1mConsolidate compiler generated dependencies of target my_messages__rosidl_generator_c[0m
[1.010s] [  6%] [34m[1mGenerating C++ type support dispatch for ROS interfaces[0m
[1.010s] [  8%] [34m[1mGenerating C++ type support for eProsima Fast-RTPS[0m
[1.010s] [ 10%] [34m[1mGenerating C++ introspection for ROS interfaces[0m
[1.015s] [ 17%] [32mBuilding C object CMakeFiles/my_messages__rosidl_generator_c.dir/rosidl_generator_c/my_messages/msg/detail/two_ints__functions.c.o[0m
[1.015s] [ 17%] [32mBuilding C object CMakeFiles/my_messages__rosidl_generator_c.dir/rosidl_generator_c/my_messages/srv/detail/calc_two_floats__functions.c.o[0m
[1.015s] [ 17%] [32mBuilding C object CMakeFiles/my_messages__rosidl_generator_c.dir/rosidl_generator_c/my_messages/msg/detail/double_two_ints__functions.c.o[0m
[1.050s] [ 19%] [32m[1mLinking C shared library libmy_messages__rosidl_generator_c.so[0m
[1.071s] [ 19%] Built target my_messages__rosidl_generator_c
[1.076s] [ 25%] [34m[1mGenerating C introspection for ROS interfaces[0m
[1.077s] [ 25%] [34m[1mGenerating C type support dispatch for ROS interfaces[0m
[1.077s] [ 25%] [34m[1mGenerating C type support for eProsima Fast-RTPS[0m
[1.184s] [35m[1mConsolidate compiler generated dependencies of target my_messages__rosidl_typesupport_cpp[0m
[1.191s] [ 31%] [32mBuilding CXX object CMakeFiles/my_messages__rosidl_typesupport_cpp.dir/rosidl_typesupport_cpp/my_messages/msg/double_two_ints__type_support.cpp.o[0m
[1.191s] [ 31%] [32mBuilding CXX object CMakeFiles/my_messages__rosidl_typesupport_cpp.dir/rosidl_typesupport_cpp/my_messages/srv/calc_two_floats__type_support.cpp.o[0m
[1.191s] [ 31%] [32mBuilding CXX object CMakeFiles/my_messages__rosidl_typesupport_cpp.dir/rosidl_typesupport_cpp/my_messages/msg/two_ints__type_support.cpp.o[0m
[1.210s] [35m[1mConsolidate compiler generated dependencies of target my_messages__rosidl_typesupport_introspection_cpp[0m
[1.218s] [ 36%] [32mBuilding CXX object CMakeFiles/my_messages__rosidl_typesupport_introspection_cpp.dir/rosidl_typesupport_introspection_cpp/my_messages/msg/detail/double_two_ints__type_support.cpp.o[0m
[1.218s] [ 36%] [32mBuilding CXX object CMakeFiles/my_messages__rosidl_typesupport_introspection_cpp.dir/rosidl_typesupport_introspection_cpp/my_messages/srv/detail/calc_two_floats__type_support.cpp.o[0m
[1.218s] [ 38%] [32mBuilding CXX object CMakeFiles/my_messages__rosidl_typesupport_introspection_cpp.dir/rosidl_typesupport_introspection_cpp/my_messages/msg/detail/two_ints__type_support.cpp.o[0m
[1.233s] [35m[1mConsolidate compiler generated dependencies of target my_messages__rosidl_typesupport_fastrtps_cpp[0m
[1.241s] [ 40%] [32mBuilding CXX object CMakeFiles/my_messages__rosidl_typesupport_fastrtps_cpp.dir/rosidl_typesupport_fastrtps_cpp/my_messages/srv/detail/dds_fastrtps/calc_two_floats__type_support.cpp.o[0m
[1.243s] [ 44%] [32mBuilding CXX object CMakeFiles/my_messages__rosidl_typesupport_fastrtps_cpp.dir/rosidl_typesupport_fastrtps_cpp/my_messages/msg/detail/dds_fastrtps/double_two_ints__type_support.cpp.o[0m
[1.243s] [ 44%] [32mBuilding CXX object CMakeFiles/my_messages__rosidl_typesupport_fastrtps_cpp.dir/rosidl_typesupport_fastrtps_cpp/my_messages/msg/detail/dds_fastrtps/two_ints__type_support.cpp.o[0m
[1.258s] [35m[1mConsolidate compiler generated dependencies of target my_messages__rosidl_typesupport_c[0m
[1.268s] [ 51%] [32mBuilding CXX object CMakeFiles/my_messages__rosidl_typesupport_c.dir/rosidl_typesupport_c/my_messages/msg/two_ints__type_support.cpp.o[0m
[1.268s] [ 51%] [32mBuilding CXX object CMakeFiles/my_messages__rosidl_typesupport_c.dir/rosidl_typesupport_c/my_messages/srv/calc_two_floats__type_support.cpp.o[0m
[1.269s] [ 51%] [32mBuilding CXX object CMakeFiles/my_messages__rosidl_typesupport_c.dir/rosidl_typesupport_c/my_messages/msg/double_two_ints__type_support.cpp.o[0m
[1.294s] [35m[1mConsolidate compiler generated dependencies of target my_messages__rosidl_typesupport_introspection_c[0m
[1.298s] [ 53%] [32m[1mLinking CXX shared library libmy_messages__rosidl_typesupport_c.so[0m
[1.303s] [ 55%] [32mBuilding C object CMakeFiles/my_messages__rosidl_typesupport_introspection_c.dir/rosidl_typesupport_introspection_c/my_messages/msg/detail/double_two_ints__type_support.c.o[0m
[1.304s] [ 59%] [32mBuilding C object CMakeFiles/my_messages__rosidl_typesupport_introspection_c.dir/rosidl_typesupport_introspection_c/my_messages/msg/detail/two_ints__type_support.c.o[0m
[1.304s] [ 59%] [32mBuilding C object CMakeFiles/my_messages__rosidl_typesupport_introspection_c.dir/rosidl_typesupport_introspection_c/my_messages/srv/detail/calc_two_floats__type_support.c.o[0m
[1.307s] [35m[1mConsolidate compiler generated dependencies of target my_messages__rosidl_typesupport_fastrtps_c[0m
[1.316s] [ 61%] [32mBuilding CXX object CMakeFiles/my_messages__rosidl_typesupport_fastrtps_c.dir/rosidl_typesupport_fastrtps_c/my_messages/srv/detail/calc_two_floats__type_support_c.cpp.o[0m
[1.317s] [ 65%] [32mBuilding CXX object CMakeFiles/my_messages__rosidl_typesupport_fastrtps_c.dir/rosidl_typesupport_fastrtps_c/my_messages/msg/detail/double_two_ints__type_support_c.cpp.o[0m
[1.318s] [ 65%] [32mBuilding CXX object CMakeFiles/my_messages__rosidl_typesupport_fastrtps_c.dir/rosidl_typesupport_fastrtps_c/my_messages/msg/detail/two_ints__type_support_c.cpp.o[0m
[1.335s] [ 65%] Built target my_messages__rosidl_typesupport_c
[1.339s] [ 68%] [32m[1mLinking C shared library libmy_messages__rosidl_typesupport_introspection_c.so[0m
[1.359s] [ 68%] Built target my_messages__rosidl_typesupport_introspection_c
[1.434s] [ 70%] [32m[1mLinking CXX shared library libmy_messages__rosidl_typesupport_cpp.so[0m
[1.462s] [ 70%] Built target my_messages__rosidl_typesupport_cpp
[1.508s] [ 72%] [32m[1mLinking CXX shared library libmy_messages__rosidl_typesupport_introspection_cpp.so[0m
[1.547s] [ 72%] Built target my_messages__rosidl_typesupport_introspection_cpp
[1.594s] [ 74%] [32m[1mLinking CXX shared library libmy_messages__rosidl_typesupport_fastrtps_cpp.so[0m
[1.598s] [ 76%] [32m[1mLinking CXX shared library libmy_messages__rosidl_typesupport_fastrtps_c.so[0m
[1.639s] [ 76%] Built target my_messages__rosidl_typesupport_fastrtps_cpp
[1.641s] [ 76%] Built target my_messages__rosidl_typesupport_fastrtps_c
[1.651s] [ 76%] Built target my_messages
[1.662s] [ 78%] [34m[1mGenerating Python code for ROS interfaces[0m
[1.995s] [ 78%] Built target my_messages__py
[2.000s] [35m[1mConsolidate compiler generated dependencies of target my_messages__rosidl_generator_py[0m
[2.007s] [ 80%] [32mBuilding C object CMakeFiles/my_messages__rosidl_generator_py.dir/rosidl_generator_py/my_messages/msg/_two_ints_s.c.o[0m
[2.007s] [ 82%] [32mBuilding C object CMakeFiles/my_messages__rosidl_generator_py.dir/rosidl_generator_py/my_messages/msg/_double_two_ints_s.c.o[0m
[2.007s] [ 85%] [32mBuilding C object CMakeFiles/my_messages__rosidl_generator_py.dir/rosidl_generator_py/my_messages/srv/_calc_two_floats_s.c.o[0m
[2.072s] [ 87%] [32m[1mLinking C shared library rosidl_generator_py/my_messages/libmy_messages__rosidl_generator_py.so[0m
[2.094s] [ 87%] Built target my_messages__rosidl_generator_py
[2.099s] [35m[1mConsolidate compiler generated dependencies of target my_messages__rosidl_typesupport_introspection_c__pyext[0m
[2.099s] [35m[1mConsolidate compiler generated dependencies of target my_messages__rosidl_typesupport_fastrtps_c__pyext[0m
[2.099s] [35m[1mConsolidate compiler generated dependencies of target my_messages__rosidl_typesupport_c__pyext[0m
[2.106s] [ 93%] [32mBuilding C object CMakeFiles/my_messages__rosidl_typesupport_introspection_c__pyext.dir/rosidl_generator_py/my_messages/_my_messages_s.ep.rosidl_typesupport_introspection_c.c.o[0m
[2.106s] [ 93%] [32mBuilding C object CMakeFiles/my_messages__rosidl_typesupport_fastrtps_c__pyext.dir/rosidl_generator_py/my_messages/_my_messages_s.ep.rosidl_typesupport_fastrtps_c.c.o[0m
[2.106s] [ 93%] [32mBuilding C object CMakeFiles/my_messages__rosidl_typesupport_c__pyext.dir/rosidl_generator_py/my_messages/_my_messages_s.ep.rosidl_typesupport_c.c.o[0m
[2.170s] [100%] [32m[1mLinking C shared library rosidl_generator_py/my_messages/my_messages_s__rosidl_typesupport_introspection_c.cpython-310-x86_64-linux-gnu.so[0m
[2.170s] [100%] [32m[1mLinking C shared library rosidl_generator_py/my_messages/my_messages_s__rosidl_typesupport_fastrtps_c.cpython-310-x86_64-linux-gnu.so[0m
[2.170s] [100%] [32m[1mLinking C shared library rosidl_generator_py/my_messages/my_messages_s__rosidl_typesupport_c.cpython-310-x86_64-linux-gnu.so[0m
[2.192s] [100%] Built target my_messages__rosidl_typesupport_introspection_c__pyext
[2.192s] [100%] Built target my_messages__rosidl_typesupport_fastrtps_c__pyext
[2.192s] [100%] Built target my_messages__rosidl_typesupport_c__pyext
[2.198s] Invoked command in '/home/keisoku/ros2_studies/build/my_messages' returned '0': CMAKE_PREFIX_PATH=/opt/ros/humble /usr/bin/cmake --build /home/keisoku/ros2_studies/build/my_messages -- -j20 -l20
[2.241s] Invoking command in '/home/keisoku/ros2_studies/build/my_messages': CMAKE_PREFIX_PATH=/opt/ros/humble /usr/bin/cmake --install /home/keisoku/ros2_studies/build/my_messages
[2.245s] -- Install configuration: ""
[2.246s] -- Installing: /home/keisoku/ros2_studies/install/my_messages/share/ament_index/resource_index/rosidl_interfaces/my_messages
[2.246s] -- Up-to-date: /home/keisoku/ros2_studies/install/my_messages/include/my_messages/my_messages
[2.246s] -- Up-to-date: /home/keisoku/ros2_studies/install/my_messages/include/my_messages/my_messages/msg
[2.246s] -- Up-to-date: /home/keisoku/ros2_studies/install/my_messages/include/my_messages/my_messages/msg/detail
[2.246s] -- Installing: /home/keisoku/ros2_studies/install/my_messages/include/my_messages/my_messages/msg/detail/double_two_ints__functions.h
[2.246s] -- Installing: /home/keisoku/ros2_studies/install/my_messages/include/my_messages/my_messages/msg/detail/double_two_ints__functions.c
[2.246s] -- Installing: /home/keisoku/ros2_studies/install/my_messages/include/my_messages/my_messages/msg/detail/double_two_ints__type_support.h
[2.246s] -- Installing: /home/keisoku/ros2_studies/install/my_messages/include/my_messages/my_messages/msg/detail/two_ints__type_support.h
[2.246s] -- Installing: /home/keisoku/ros2_studies/install/my_messages/include/my_messages/my_messages/msg/detail/double_two_ints__struct.h
[2.246s] -- Installing: /home/keisoku/ros2_studies/install/my_messages/include/my_messages/my_messages/msg/detail/two_ints__functions.h
[2.246s] -- Installing: /home/keisoku/ros2_studies/install/my_messages/include/my_messages/my_messages/msg/detail/two_ints__functions.c
[2.246s] -- Installing: /home/keisoku/ros2_studies/install/my_messages/include/my_messages/my_messages/msg/detail/two_ints__struct.h
[2.247s] -- Installing: /home/keisoku/ros2_studies/install/my_messages/include/my_messages/my_messages/msg/double_two_ints.h
[2.247s] -- Installing: /home/keisoku/ros2_studies/install/my_messages/include/my_messages/my_messages/msg/two_ints.h
[2.247s] -- Up-to-date: /home/keisoku/ros2_studies/install/my_messages/include/my_messages/my_messages/msg/rosidl_generator_c__visibility_control.h
[2.247s] -- Up-to-date: /home/keisoku/ros2_studies/install/my_messages/include/my_messages/my_messages/srv
[2.247s] -- Up-to-date: /home/keisoku/ros2_studies/install/my_messages/include/my_messages/my_messages/srv/detail
[2.247s] -- Installing: /home/keisoku/ros2_studies/install/my_messages/include/my_messages/my_messages/srv/detail/calc_two_floats__functions.c
[2.247s] -- Installing: /home/keisoku/ros2_studies/install/my_messages/include/my_messages/my_messages/srv/detail/calc_two_floats__struct.h
[2.247s] -- Installing: /home/keisoku/ros2_studies/install/my_messages/include/my_messages/my_messages/srv/detail/calc_two_floats__functions.h
[2.247s] -- Installing: /home/keisoku/ros2_studies/install/my_messages/include/my_messages/my_messages/srv/detail/calc_two_floats__type_support.h
[2.247s] -- Installing: /home/keisoku/ros2_studies/install/my_messages/include/my_messages/my_messages/srv/calc_two_floats.h
[2.247s] -- Up-to-date: /home/keisoku/ros2_studies/install/my_messages/share/my_messages/environment/library_path.sh
[2.247s] -- Installing: /home/keisoku/ros2_studies/install/my_messages/share/my_messages/environment/library_path.dsv
[2.247s] -- Installing: /home/keisoku/ros2_studies/install/my_messages/lib/libmy_messages__rosidl_generator_c.so
[2.247s] -- Set runtime path of "/home/keisoku/ros2_studies/install/my_messages/lib/libmy_messages__rosidl_generator_c.so" to ""
[2.247s] -- Up-to-date: /home/keisoku/ros2_studies/install/my_messages/include/my_messages/my_messages
[2.248s] -- Up-to-date: /home/keisoku/ros2_studies/install/my_messages/include/my_messages/my_messages/msg
[2.248s] -- Up-to-date: /home/keisoku/ros2_studies/install/my_messages/include/my_messages/my_messages/msg/rosidl_typesupport_fastrtps_c__visibility_control.h
[2.248s] -- Up-to-date: /home/keisoku/ros2_studies/install/my_messages/include/my_messages/my_messages/msg/detail
[2.248s] -- Installing: /home/keisoku/ros2_studies/install/my_messages/include/my_messages/my_messages/msg/detail/two_ints__rosidl_typesupport_fastrtps_c.h
[2.248s] -- Installing: /home/keisoku/ros2_studies/install/my_messages/include/my_messages/my_messages/msg/detail/double_two_ints__rosidl_typesupport_fastrtps_c.h
[2.248s] -- Up-to-date: /home/keisoku/ros2_studies/install/my_messages/include/my_messages/my_messages/srv
[2.248s] -- Up-to-date: /home/keisoku/ros2_studies/install/my_messages/include/my_messages/my_messages/srv/detail
[2.248s] -- Installing: /home/keisoku/ros2_studies/install/my_messages/include/my_messages/my_messages/srv/detail/calc_two_floats__rosidl_typesupport_fastrtps_c.h
[2.248s] -- Installing: /home/keisoku/ros2_studies/install/my_messages/lib/libmy_messages__rosidl_typesupport_fastrtps_c.so
[2.248s] -- Set runtime path of "/home/keisoku/ros2_studies/install/my_messages/lib/libmy_messages__rosidl_typesupport_fastrtps_c.so" to ""
[2.248s] -- Up-to-date: /home/keisoku/ros2_studies/install/my_messages/include/my_messages/my_messages
[2.248s] -- Up-to-date: /home/keisoku/ros2_studies/install/my_messages/include/my_messages/my_messages/msg
[2.248s] -- Up-to-date: /home/keisoku/ros2_studies/install/my_messages/include/my_messages/my_messages/msg/detail
[2.248s] -- Installing: /home/keisoku/ros2_studies/install/my_messages/include/my_messages/my_messages/msg/detail/two_ints__struct.hpp
[2.248s] -- Installing: /home/keisoku/ros2_studies/install/my_messages/include/my_messages/my_messages/msg/detail/double_two_ints__builder.hpp
[2.248s] -- Installing: /home/keisoku/ros2_studies/install/my_messages/include/my_messages/my_messages/msg/detail/double_two_ints__struct.hpp
[2.248s] -- Installing: /home/keisoku/ros2_studies/install/my_messages/include/my_messages/my_messages/msg/detail/double_two_ints__traits.hpp
[2.248s] -- Installing: /home/keisoku/ros2_studies/install/my_messages/include/my_messages/my_messages/msg/detail/two_ints__traits.hpp
[2.249s] -- Installing: /home/keisoku/ros2_studies/install/my_messages/include/my_messages/my_messages/msg/detail/two_ints__builder.hpp
[2.249s] -- Installing: /home/keisoku/ros2_studies/install/my_messages/include/my_messages/my_messages/msg/double_two_ints.hpp
[2.249s] -- Installing: /home/keisoku/ros2_studies/install/my_messages/include/my_messages/my_messages/msg/two_ints.hpp
[2.249s] -- Up-to-date: /home/keisoku/ros2_studies/install/my_messages/include/my_messages/my_messages/srv
[2.249s] -- Up-to-date: /home/keisoku/ros2_studies/install/my_messages/include/my_messages/my_messages/srv/detail
[2.249s] -- Installing: /home/keisoku/ros2_studies/install/my_messages/include/my_messages/my_messages/srv/detail/calc_two_floats__builder.hpp
[2.249s] -- Installing: /home/keisoku/ros2_studies/install/my_messages/include/my_messages/my_messages/srv/detail/calc_two_floats__struct.hpp
[2.249s] -- Installing: /home/keisoku/ros2_studies/install/my_messages/include/my_messages/my_messages/srv/detail/calc_two_floats__traits.hpp
[2.249s] -- Installing: /home/keisoku/ros2_studies/install/my_messages/include/my_messages/my_messages/srv/calc_two_floats.hpp
[2.249s] -- Up-to-date: /home/keisoku/ros2_studies/install/my_messages/include/my_messages/my_messages
[2.249s] -- Up-to-date: /home/keisoku/ros2_studies/install/my_messages/include/my_messages/my_messages/msg
[2.249s] -- Up-to-date: /home/keisoku/ros2_studies/install/my_messages/include/my_messages/my_messages/msg/detail
[2.249s] -- Installing: /home/keisoku/ros2_studies/install/my_messages/include/my_messages/my_messages/msg/detail/double_two_ints__rosidl_typesupport_fastrtps_cpp.hpp
[2.249s] -- Installing: /home/keisoku/ros2_studies/install/my_messages/include/my_messages/my_messages/msg/detail/two_ints__rosidl_typesupport_fastrtps_cpp.hpp
[2.249s] -- Up-to-date: /home/keisoku/ros2_studies/install/my_messages/include/my_messages/my_messages/msg/detail/dds_fastrtps
[2.249s] -- Up-to-date: /home/keisoku/ros2_studies/install/my_messages/include/my_messages/my_messages/msg/rosidl_typesupport_fastrtps_cpp__visibility_control.h
[2.249s] -- Up-to-date: /home/keisoku/ros2_studies/install/my_messages/include/my_messages/my_messages/srv
[2.249s] -- Up-to-date: /home/keisoku/ros2_studies/install/my_messages/include/my_messages/my_messages/srv/detail
[2.249s] -- Installing: /home/keisoku/ros2_studies/install/my_messages/include/my_messages/my_messages/srv/detail/calc_two_floats__rosidl_typesupport_fastrtps_cpp.hpp
[2.250s] -- Up-to-date: /home/keisoku/ros2_studies/install/my_messages/include/my_messages/my_messages/srv/detail/dds_fastrtps
[2.250s] -- Installing: /home/keisoku/ros2_studies/install/my_messages/lib/libmy_messages__rosidl_typesupport_fastrtps_cpp.so
[2.250s] -- Set runtime path of "/home/keisoku/ros2_studies/install/my_messages/lib/libmy_messages__rosidl_typesupport_fastrtps_cpp.so" to ""
[2.250s] -- Up-to-date: /home/keisoku/ros2_studies/install/my_messages/include/my_messages/my_messages
[2.250s] -- Up-to-date: /home/keisoku/ros2_studies/install/my_messages/include/my_messages/my_messages/msg
[2.250s] -- Up-to-date: /home/keisoku/ros2_studies/install/my_messages/include/my_messages/my_messages/msg/detail
[2.250s] -- Installing: /home/keisoku/ros2_studies/install/my_messages/include/my_messages/my_messages/msg/detail/two_ints__rosidl_typesupport_introspection_c.h
[2.250s] -- Installing: /home/keisoku/ros2_studies/install/my_messages/include/my_messages/my_messages/msg/detail/two_ints__type_support.c
[2.250s] -- Installing: /home/keisoku/ros2_studies/install/my_messages/include/my_messages/my_messages/msg/detail/double_two_ints__rosidl_typesupport_introspection_c.h
[2.250s] -- Installing: /home/keisoku/ros2_studies/install/my_messages/include/my_messages/my_messages/msg/detail/double_two_ints__type_support.c
[2.250s] -- Up-to-date: /home/keisoku/ros2_studies/install/my_messages/include/my_messages/my_messages/msg/rosidl_typesupport_introspection_c__visibility_control.h
[2.250s] -- Up-to-date: /home/keisoku/ros2_studies/install/my_messages/include/my_messages/my_messages/srv
[2.250s] -- Up-to-date: /home/keisoku/ros2_studies/install/my_messages/include/my_messages/my_messages/srv/detail
[2.250s] -- Installing: /home/keisoku/ros2_studies/install/my_messages/include/my_messages/my_messages/srv/detail/calc_two_floats__rosidl_typesupport_introspection_c.h
[2.250s] -- Installing: /home/keisoku/ros2_studies/install/my_messages/include/my_messages/my_messages/srv/detail/calc_two_floats__type_support.c
[2.250s] -- Installing: /home/keisoku/ros2_studies/install/my_messages/lib/libmy_messages__rosidl_typesupport_introspection_c.so
[2.250s] -- Set runtime path of "/home/keisoku/ros2_studies/install/my_messages/lib/libmy_messages__rosidl_typesupport_introspection_c.so" to ""
[2.250s] -- Installing: /home/keisoku/ros2_studies/install/my_messages/lib/libmy_messages__rosidl_typesupport_c.so
[2.250s] -- Set runtime path of "/home/keisoku/ros2_studies/install/my_messages/lib/libmy_messages__rosidl_typesupport_c.so" to ""
[2.250s] -- Up-to-date: /home/keisoku/ros2_studies/install/my_messages/include/my_messages/my_messages
[2.251s] -- Up-to-date: /home/keisoku/ros2_studies/install/my_messages/include/my_messages/my_messages/msg
[2.251s] -- Up-to-date: /home/keisoku/ros2_studies/install/my_messages/include/my_messages/my_messages/msg/detail
[2.251s] -- Installing: /home/keisoku/ros2_studies/install/my_messages/include/my_messages/my_messages/msg/detail/two_ints__type_support.cpp
[2.251s] -- Installing: /home/keisoku/ros2_studies/install/my_messages/include/my_messages/my_messages/msg/detail/double_two_ints__type_support.cpp
[2.251s] -- Installing: /home/keisoku/ros2_studies/install/my_messages/include/my_messages/my_messages/msg/detail/double_two_ints__rosidl_typesupport_introspection_cpp.hpp
[2.251s] -- Installing: /home/keisoku/ros2_studies/install/my_messages/include/my_messages/my_messages/msg/detail/two_ints__rosidl_typesupport_introspection_cpp.hpp
[2.251s] -- Up-to-date: /home/keisoku/ros2_studies/install/my_messages/include/my_messages/my_messages/srv
[2.251s] -- Up-to-date: /home/keisoku/ros2_studies/install/my_messages/include/my_messages/my_messages/srv/detail
[2.251s] -- Installing: /home/keisoku/ros2_studies/install/my_messages/include/my_messages/my_messages/srv/detail/calc_two_floats__type_support.cpp
[2.251s] -- Installing: /home/keisoku/ros2_studies/install/my_messages/include/my_messages/my_messages/srv/detail/calc_two_floats__rosidl_typesupport_introspection_cpp.hpp
[2.251s] -- Installing: /home/keisoku/ros2_studies/install/my_messages/lib/libmy_messages__rosidl_typesupport_introspection_cpp.so
[2.251s] -- Set runtime path of "/home/keisoku/ros2_studies/install/my_messages/lib/libmy_messages__rosidl_typesupport_introspection_cpp.so" to ""
[2.251s] -- Installing: /home/keisoku/ros2_studies/install/my_messages/lib/libmy_messages__rosidl_typesupport_cpp.so
[2.251s] -- Set runtime path of "/home/keisoku/ros2_studies/install/my_messages/lib/libmy_messages__rosidl_typesupport_cpp.so" to ""
[2.251s] -- Up-to-date: /home/keisoku/ros2_studies/install/my_messages/share/my_messages/environment/pythonpath.sh
[2.251s] -- Installing: /home/keisoku/ros2_studies/install/my_messages/share/my_messages/environment/pythonpath.dsv
[2.252s] -- Up-to-date: /home/keisoku/ros2_studies/install/my_messages/local/lib/python3.10/dist-packages/my_messages-0.0.0-py3.10.egg-info
[2.252s] -- Installing: /home/keisoku/ros2_studies/install/my_messages/local/lib/python3.10/dist-packages/my_messages-0.0.0-py3.10.egg-info/dependency_links.txt
[2.252s] -- Installing: /home/keisoku/ros2_studies/install/my_messages/local/lib/python3.10/dist-packages/my_messages-0.0.0-py3.10.egg-info/PKG-INFO
[2.252s] -- Installing: /home/keisoku/ros2_studies/install/my_messages/local/lib/python3.10/dist-packages/my_messages-0.0.0-py3.10.egg-info/top_level.txt
[2.252s] -- Installing: /home/keisoku/ros2_studies/install/my_messages/local/lib/python3.10/dist-packages/my_messages-0.0.0-py3.10.egg-info/SOURCES.txt
[2.252s] -- Up-to-date: /home/keisoku/ros2_studies/install/my_messages/local/lib/python3.10/dist-packages/my_messages
[2.252s] -- Installing: /home/keisoku/ros2_studies/install/my_messages/local/lib/python3.10/dist-packages/my_messages/_my_messages_s.ep.rosidl_typesupport_c.c
[2.252s] -- Installing: /home/keisoku/ros2_studies/install/my_messages/local/lib/python3.10/dist-packages/my_messages/__init__.py
[2.252s] -- Up-to-date: /home/keisoku/ros2_studies/install/my_messages/local/lib/python3.10/dist-packages/my_messages/msg
[2.252s] -- Installing: /home/keisoku/ros2_studies/install/my_messages/local/lib/python3.10/dist-packages/my_messages/msg/__init__.py
[2.252s] -- Installing: /home/keisoku/ros2_studies/install/my_messages/local/lib/python3.10/dist-packages/my_messages/msg/_double_two_ints_s.c
[2.252s] -- Installing: /home/keisoku/ros2_studies/install/my_messages/local/lib/python3.10/dist-packages/my_messages/msg/_two_ints_s.c
[2.252s] -- Installing: /home/keisoku/ros2_studies/install/my_messages/local/lib/python3.10/dist-packages/my_messages/msg/_two_ints.py
[2.252s] -- Installing: /home/keisoku/ros2_studies/install/my_messages/local/lib/python3.10/dist-packages/my_messages/msg/_double_two_ints.py
[2.252s] -- Installing: /home/keisoku/ros2_studies/install/my_messages/local/lib/python3.10/dist-packages/my_messages/libmy_messages__rosidl_generator_py.so
[2.252s] -- Installing: /home/keisoku/ros2_studies/install/my_messages/local/lib/python3.10/dist-packages/my_messages/_my_messages_s.ep.rosidl_typesupport_fastrtps_c.c
[2.252s] -- Installing: /home/keisoku/ros2_studies/install/my_messages/local/lib/python3.10/dist-packages/my_messages/my_messages_s__rosidl_typesupport_fastrtps_c.cpython-310-x86_64-linux-gnu.so
[2.252s] -- Installing: /home/keisoku/ros2_studies/install/my_messages/local/lib/python3.10/dist-packages/my_messages/_my_messages_s.ep.rosidl_typesupport_introspection_c.c
[2.253s] -- Up-to-date: /home/keisoku/ros2_studies/install/my_messages/local/lib/python3.10/dist-packages/my_messages/srv
[2.253s] -- Installing: /home/keisoku/ros2_studies/install/my_messages/local/lib/python3.10/dist-packages/my_messages/srv/_calc_two_floats.py
[2.253s] -- Installing: /home/keisoku/ros2_studies/install/my_messages/local/lib/python3.10/dist-packages/my_messages/srv/__init__.py
[2.253s] -- Installing: /home/keisoku/ros2_studies/install/my_messages/local/lib/python3.10/dist-packages/my_messages/srv/_calc_two_floats_s.c
[2.253s] -- Installing: /home/keisoku/ros2_studies/install/my_messages/local/lib/python3.10/dist-packages/my_messages/my_messages_s__rosidl_typesupport_introspection_c.cpython-310-x86_64-linux-gnu.so
[2.253s] -- Installing: /home/keisoku/ros2_studies/install/my_messages/local/lib/python3.10/dist-packages/my_messages/my_messages_s__rosidl_typesupport_c.cpython-310-x86_64-linux-gnu.so
[2.276s] Listing '/home/keisoku/ros2_studies/install/my_messages/local/lib/python3.10/dist-packages/my_messages'...
[2.276s] Compiling '/home/keisoku/ros2_studies/install/my_messages/local/lib/python3.10/dist-packages/my_messages/__init__.py'...
[2.276s] Listing '/home/keisoku/ros2_studies/install/my_messages/local/lib/python3.10/dist-packages/my_messages/msg'...
[2.276s] Compiling '/home/keisoku/ros2_studies/install/my_messages/local/lib/python3.10/dist-packages/my_messages/msg/__init__.py'...
[2.276s] Compiling '/home/keisoku/ros2_studies/install/my_messages/local/lib/python3.10/dist-packages/my_messages/msg/_double_two_ints.py'...
[2.276s] Compiling '/home/keisoku/ros2_studies/install/my_messages/local/lib/python3.10/dist-packages/my_messages/msg/_two_ints.py'...
[2.276s] Listing '/home/keisoku/ros2_studies/install/my_messages/local/lib/python3.10/dist-packages/my_messages/srv'...
[2.276s] Compiling '/home/keisoku/ros2_studies/install/my_messages/local/lib/python3.10/dist-packages/my_messages/srv/__init__.py'...
[2.276s] Compiling '/home/keisoku/ros2_studies/install/my_messages/local/lib/python3.10/dist-packages/my_messages/srv/_calc_two_floats.py'...
[2.278s] -- Installing: /home/keisoku/ros2_studies/install/my_messages/local/lib/python3.10/dist-packages/my_messages/my_messages_s__rosidl_typesupport_fastrtps_c.cpython-310-x86_64-linux-gnu.so
[2.279s] -- Set runtime path of "/home/keisoku/ros2_studies/install/my_messages/local/lib/python3.10/dist-packages/my_messages/my_messages_s__rosidl_typesupport_fastrtps_c.cpython-310-x86_64-linux-gnu.so" to ""
[2.279s] -- Installing: /home/keisoku/ros2_studies/install/my_messages/local/lib/python3.10/dist-packages/my_messages/my_messages_s__rosidl_typesupport_introspection_c.cpython-310-x86_64-linux-gnu.so
[2.279s] -- Set runtime path of "/home/keisoku/ros2_studies/install/my_messages/local/lib/python3.10/dist-packages/my_messages/my_messages_s__rosidl_typesupport_introspection_c.cpython-310-x86_64-linux-gnu.so" to ""
[2.279s] -- Installing: /home/keisoku/ros2_studies/install/my_messages/local/lib/python3.10/dist-packages/my_messages/my_messages_s__rosidl_typesupport_c.cpython-310-x86_64-linux-gnu.so
[2.279s] -- Set runtime path of "/home/keisoku/ros2_studies/install/my_messages/local/lib/python3.10/dist-packages/my_messages/my_messages_s__rosidl_typesupport_c.cpython-310-x86_64-linux-gnu.so" to ""
[2.279s] -- Installing: /home/keisoku/ros2_studies/install/my_messages/lib/libmy_messages__rosidl_generator_py.so
[2.279s] -- Set runtime path of "/home/keisoku/ros2_studies/install/my_messages/lib/libmy_messages__rosidl_generator_py.so" to ""
[2.279s] -- Up-to-date: /home/keisoku/ros2_studies/install/my_messages/share/my_messages/msg/TwoInts.idl
[2.279s] -- Installing: /home/keisoku/ros2_studies/install/my_messages/share/my_messages/msg/DoubleTwoInts.idl
[2.279s] -- Up-to-date: /home/keisoku/ros2_studies/install/my_messages/share/my_messages/srv/CalcTwoFloats.idl
[2.279s] -- Up-to-date: /home/keisoku/ros2_studies/install/my_messages/share/my_messages/msg/TwoInts.msg
[2.279s] -- Installing: /home/keisoku/ros2_studies/install/my_messages/share/my_messages/msg/DoubleTwoInts.msg
[2.280s] -- Up-to-date: /home/keisoku/ros2_studies/install/my_messages/share/my_messages/srv/CalcTwoFloats.srv
[2.280s] -- Up-to-date: /home/keisoku/ros2_studies/install/my_messages/share/my_messages/srv/CalcTwoFloats_Request.msg
[2.280s] -- Up-to-date: /home/keisoku/ros2_studies/install/my_messages/share/my_messages/srv/CalcTwoFloats_Response.msg
[2.280s] -- Up-to-date: /home/keisoku/ros2_studies/install/my_messages/share/ament_index/resource_index/package_run_dependencies/my_messages
[2.280s] -- Up-to-date: /home/keisoku/ros2_studies/install/my_messages/share/ament_index/resource_index/parent_prefix_path/my_messages
[2.280s] -- Up-to-date: /home/keisoku/ros2_studies/install/my_messages/share/my_messages/environment/ament_prefix_path.sh
[2.280s] -- Installing: /home/keisoku/ros2_studies/install/my_messages/share/my_messages/environment/ament_prefix_path.dsv
[2.280s] -- Up-to-date: /home/keisoku/ros2_studies/install/my_messages/share/my_messages/environment/path.sh
[2.280s] -- Installing: /home/keisoku/ros2_studies/install/my_messages/share/my_messages/environment/path.dsv
[2.280s] -- Up-to-date: /home/keisoku/ros2_studies/install/my_messages/share/my_messages/local_setup.bash
[2.280s] -- Up-to-date: /home/keisoku/ros2_studies/install/my_messages/share/my_messages/local_setup.sh
[2.280s] -- Up-to-date: /home/keisoku/ros2_studies/install/my_messages/share/my_messages/local_setup.zsh
[2.280s] -- Installing: /home/keisoku/ros2_studies/install/my_messages/share/my_messages/local_setup.dsv
[2.280s] -- Installing: /home/keisoku/ros2_studies/install/my_messages/share/my_messages/package.dsv
[2.280s] -- Up-to-date: /home/keisoku/ros2_studies/install/my_messages/share/ament_index/resource_index/packages/my_messages
[2.280s] -- Old export file "/home/keisoku/ros2_studies/install/my_messages/share/my_messages/cmake/export_my_messages__rosidl_generator_cExport.cmake" will be replaced.  Removing files [/home/keisoku/ros2_studies/install/my_messages/share/my_messages/cmake/export_my_messages__rosidl_generator_cExport-noconfig.cmake].
[2.280s] -- Installing: /home/keisoku/ros2_studies/install/my_messages/share/my_messages/cmake/export_my_messages__rosidl_generator_cExport.cmake
[2.280s] -- Installing: /home/keisoku/ros2_studies/install/my_messages/share/my_messages/cmake/export_my_messages__rosidl_generator_cExport-noconfig.cmake
[2.281s] -- Old export file "/home/keisoku/ros2_studies/install/my_messages/share/my_messages/cmake/export_my_messages__rosidl_typesupport_fastrtps_cExport.cmake" will be replaced.  Removing files [/home/keisoku/ros2_studies/install/my_messages/share/my_messages/cmake/export_my_messages__rosidl_typesupport_fastrtps_cExport-noconfig.cmake].
[2.281s] -- Installing: /home/keisoku/ros2_studies/install/my_messages/share/my_messages/cmake/export_my_messages__rosidl_typesupport_fastrtps_cExport.cmake
[2.281s] -- Installing: /home/keisoku/ros2_studies/install/my_messages/share/my_messages/cmake/export_my_messages__rosidl_typesupport_fastrtps_cExport-noconfig.cmake
[2.281s] -- Installing: /home/keisoku/ros2_studies/install/my_messages/share/my_messages/cmake/export_my_messages__rosidl_generator_cppExport.cmake
[2.281s] -- Old export file "/home/keisoku/ros2_studies/install/my_messages/share/my_messages/cmake/export_my_messages__rosidl_typesupport_fastrtps_cppExport.cmake" will be replaced.  Removing files [/home/keisoku/ros2_studies/install/my_messages/share/my_messages/cmake/export_my_messages__rosidl_typesupport_fastrtps_cppExport-noconfig.cmake].
[2.281s] -- Installing: /home/keisoku/ros2_studies/install/my_messages/share/my_messages/cmake/export_my_messages__rosidl_typesupport_fastrtps_cppExport.cmake
[2.281s] -- Installing: /home/keisoku/ros2_studies/install/my_messages/share/my_messages/cmake/export_my_messages__rosidl_typesupport_fastrtps_cppExport-noconfig.cmake
[2.281s] -- Old export file "/home/keisoku/ros2_studies/install/my_messages/share/my_messages/cmake/my_messages__rosidl_typesupport_introspection_cExport.cmake" will be replaced.  Removing files [/home/keisoku/ros2_studies/install/my_messages/share/my_messages/cmake/my_messages__rosidl_typesupport_introspection_cExport-noconfig.cmake].
[2.281s] -- Installing: /home/keisoku/ros2_studies/install/my_messages/share/my_messages/cmake/my_messages__rosidl_typesupport_introspection_cExport.cmake
[2.281s] -- Installing: /home/keisoku/ros2_studies/install/my_messages/share/my_messages/cmake/my_messages__rosidl_typesupport_introspection_cExport-noconfig.cmake
[2.281s] -- Old export file "/home/keisoku/ros2_studies/install/my_messages/share/my_messages/cmake/my_messages__rosidl_typesupport_cExport.cmake" will be replaced.  Removing files [/home/keisoku/ros2_studies/install/my_messages/share/my_messages/cmake/my_messages__rosidl_typesupport_cExport-noconfig.cmake].
[2.281s] -- Installing: /home/keisoku/ros2_studies/install/my_messages/share/my_messages/cmake/my_messages__rosidl_typesupport_cExport.cmake
[2.281s] -- Installing: /home/keisoku/ros2_studies/install/my_messages/share/my_messages/cmake/my_messages__rosidl_typesupport_cExport-noconfig.cmake
[2.282s] -- Old export file "/home/keisoku/ros2_studies/install/my_messages/share/my_messages/cmake/my_messages__rosidl_typesupport_introspection_cppExport.cmake" will be replaced.  Removing files [/home/keisoku/ros2_studies/install/my_messages/share/my_messages/cmake/my_messages__rosidl_typesupport_introspection_cppExport-noconfig.cmake].
[2.282s] -- Installing: /home/keisoku/ros2_studies/install/my_messages/share/my_messages/cmake/my_messages__rosidl_typesupport_introspection_cppExport.cmake
[2.282s] -- Installing: /home/keisoku/ros2_studies/install/my_messages/share/my_messages/cmake/my_messages__rosidl_typesupport_introspection_cppExport-noconfig.cmake
[2.282s] -- Old export file "/home/keisoku/ros2_studies/install/my_messages/share/my_messages/cmake/my_messages__rosidl_typesupport_cppExport.cmake" will be replaced.  Removing files [/home/keisoku/ros2_studies/install/my_messages/share/my_messages/cmake/my_messages__rosidl_typesupport_cppExport-noconfig.cmake].
[2.282s] -- Installing: /home/keisoku/ros2_studies/install/my_messages/share/my_messages/cmake/my_messages__rosidl_typesupport_cppExport.cmake
[2.282s] -- Installing: /home/keisoku/ros2_studies/install/my_messages/share/my_messages/cmake/my_messages__rosidl_typesupport_cppExport-noconfig.cmake
[2.282s] -- Old export file "/home/keisoku/ros2_studies/install/my_messages/share/my_messages/cmake/export_my_messages__rosidl_generator_pyExport.cmake" will be replaced.  Removing files [/home/keisoku/ros2_studies/install/my_messages/share/my_messages/cmake/export_my_messages__rosidl_generator_pyExport-noconfig.cmake].
[2.282s] -- Installing: /home/keisoku/ros2_studies/install/my_messages/share/my_messages/cmake/export_my_messages__rosidl_generator_pyExport.cmake
[2.282s] -- Installing: /home/keisoku/ros2_studies/install/my_messages/share/my_messages/cmake/export_my_messages__rosidl_generator_pyExport-noconfig.cmake
[2.282s] -- Installing: /home/keisoku/ros2_studies/install/my_messages/share/my_messages/cmake/rosidl_cmake-extras.cmake
[2.282s] -- Installing: /home/keisoku/ros2_studies/install/my_messages/share/my_messages/cmake/ament_cmake_export_dependencies-extras.cmake
[2.282s] -- Up-to-date: /home/keisoku/ros2_studies/install/my_messages/share/my_messages/cmake/ament_cmake_export_include_directories-extras.cmake
[2.282s] -- Up-to-date: /home/keisoku/ros2_studies/install/my_messages/share/my_messages/cmake/ament_cmake_export_libraries-extras.cmake
[2.282s] -- Installing: /home/keisoku/ros2_studies/install/my_messages/share/my_messages/cmake/ament_cmake_export_targets-extras.cmake
[2.282s] -- Installing: /home/keisoku/ros2_studies/install/my_messages/share/my_messages/cmake/rosidl_cmake_export_typesupport_targets-extras.cmake
[2.283s] -- Up-to-date: /home/keisoku/ros2_studies/install/my_messages/share/my_messages/cmake/rosidl_cmake_export_typesupport_libraries-extras.cmake
[2.283s] -- Installing: /home/keisoku/ros2_studies/install/my_messages/share/my_messages/cmake/my_messagesConfig.cmake
[2.283s] -- Up-to-date: /home/keisoku/ros2_studies/install/my_messages/share/my_messages/cmake/my_messagesConfig-version.cmake
[2.283s] -- Up-to-date: /home/keisoku/ros2_studies/install/my_messages/share/my_messages/package.xml
[2.285s] Invoked command in '/home/keisoku/ros2_studies/build/my_messages' returned '0': CMAKE_PREFIX_PATH=/opt/ros/humble /usr/bin/cmake --install /home/keisoku/ros2_studies/build/my_messages
