[  2%] Built target my_messages__cpp
[ 12%] Built target my_messages__rosidl_generator_c
[ 12%] Built target ament_cmake_python_copy_my_messages
[ 23%] Built target my_messages__rosidl_typesupport_introspection_cpp
[ 34%] Built target my_messages__rosidl_typesupport_cpp
[ 44%] Built target my_messages__rosidl_typesupport_fastrtps_cpp
[ 55%] Built target my_messages__rosidl_typesupport_fastrtps_c
[ 65%] Built target my_messages__rosidl_typesupport_c
[ 76%] Built target my_messages__rosidl_typesupport_introspection_c
[ 76%] Built target my_messages
[ 78%] Built target my_messages__py
[ 87%] Built target my_messages__rosidl_generator_py
[100%] Built target my_messages__rosidl_typesupport_introspection_c__pyext
[100%] Built target my_messages__rosidl_typesupport_c__pyext
[100%] Built target my_messages__rosidl_typesupport_fastrtps_c__pyext
running egg_info
writing my_messages.egg-info/PKG-INFO
writing dependency_links to my_messages.egg-info/dependency_links.txt
writing top-level names to my_messages.egg-info/top_level.txt
reading manifest file 'my_messages.egg-info/SOURCES.txt'
writing manifest file 'my_messages.egg-info/SOURCES.txt'
[100%] Built target ament_cmake_python_build_my_messages_egg
-- Install configuration: ""
-- Up-to-date: /home/keisoku/ros2_studies/install/my_messages/share/ament_index/resource_index/rosidl_interfaces/my_messages
-- Up-to-date: /home/keisoku/ros2_studies/install/my_messages/include/my_messages/my_messages
-- Up-to-date: /home/keisoku/ros2_studies/install/my_messages/include/my_messages/my_messages/msg
-- Up-to-date: /home/keisoku/ros2_studies/install/my_messages/include/my_messages/my_messages/msg/detail
-- Up-to-date: /home/keisoku/ros2_studies/install/my_messages/include/my_messages/my_messages/msg/detail/double_two_ints__functions.h
-- Up-to-date: /home/keisoku/ros2_studies/install/my_messages/include/my_messages/my_messages/msg/detail/double_two_ints__functions.c
-- Up-to-date: /home/keisoku/ros2_studies/install/my_messages/include/my_messages/my_messages/msg/detail/double_two_ints__type_support.h
-- Up-to-date: /home/keisoku/ros2_studies/install/my_messages/include/my_messages/my_messages/msg/detail/two_ints__type_support.h
-- Up-to-date: /home/keisoku/ros2_studies/install/my_messages/include/my_messages/my_messages/msg/detail/double_two_ints__struct.h
-- Up-to-date: /home/keisoku/ros2_studies/install/my_messages/include/my_messages/my_messages/msg/detail/two_ints__functions.h
-- Up-to-date: /home/keisoku/ros2_studies/install/my_messages/include/my_messages/my_messages/msg/detail/two_ints__functions.c
-- Up-to-date: /home/keisoku/ros2_studies/install/my_messages/include/my_messages/my_messages/msg/detail/two_ints__struct.h
-- Up-to-date: /home/keisoku/ros2_studies/install/my_messages/include/my_messages/my_messages/msg/double_two_ints.h
-- Up-to-date: /home/keisoku/ros2_studies/install/my_messages/include/my_messages/my_messages/msg/two_ints.h
-- Up-to-date: /home/keisoku/ros2_studies/install/my_messages/include/my_messages/my_messages/msg/rosidl_generator_c__visibility_control.h
-- Up-to-date: /home/keisoku/ros2_studies/install/my_messages/include/my_messages/my_messages/srv
-- Up-to-date: /home/keisoku/ros2_studies/install/my_messages/include/my_messages/my_messages/srv/detail
-- Up-to-date: /home/keisoku/ros2_studies/install/my_messages/include/my_messages/my_messages/srv/detail/calc_two_floats__functions.c
-- Up-to-date: /home/keisoku/ros2_studies/install/my_messages/include/my_messages/my_messages/srv/detail/calc_two_floats__struct.h
-- Up-to-date: /home/keisoku/ros2_studies/install/my_messages/include/my_messages/my_messages/srv/detail/calc_two_floats__functions.h
-- Up-to-date: /home/keisoku/ros2_studies/install/my_messages/include/my_messages/my_messages/srv/detail/calc_two_floats__type_support.h
-- Up-to-date: /home/keisoku/ros2_studies/install/my_messages/include/my_messages/my_messages/srv/calc_two_floats.h
-- Up-to-date: /home/keisoku/ros2_studies/install/my_messages/share/my_messages/environment/library_path.sh
-- Up-to-date: /home/keisoku/ros2_studies/install/my_messages/share/my_messages/environment/library_path.dsv
-- Up-to-date: /home/keisoku/ros2_studies/install/my_messages/lib/libmy_messages__rosidl_generator_c.so
-- Up-to-date: /home/keisoku/ros2_studies/install/my_messages/include/my_messages/my_messages
-- Up-to-date: /home/keisoku/ros2_studies/install/my_messages/include/my_messages/my_messages/msg
-- Up-to-date: /home/keisoku/ros2_studies/install/my_messages/include/my_messages/my_messages/msg/rosidl_typesupport_fastrtps_c__visibility_control.h
-- Up-to-date: /home/keisoku/ros2_studies/install/my_messages/include/my_messages/my_messages/msg/detail
-- Up-to-date: /home/keisoku/ros2_studies/install/my_messages/include/my_messages/my_messages/msg/detail/two_ints__rosidl_typesupport_fastrtps_c.h
-- Up-to-date: /home/keisoku/ros2_studies/install/my_messages/include/my_messages/my_messages/msg/detail/double_two_ints__rosidl_typesupport_fastrtps_c.h
-- Up-to-date: /home/keisoku/ros2_studies/install/my_messages/include/my_messages/my_messages/srv
-- Up-to-date: /home/keisoku/ros2_studies/install/my_messages/include/my_messages/my_messages/srv/detail
-- Up-to-date: /home/keisoku/ros2_studies/install/my_messages/include/my_messages/my_messages/srv/detail/calc_two_floats__rosidl_typesupport_fastrtps_c.h
-- Up-to-date: /home/keisoku/ros2_studies/install/my_messages/lib/libmy_messages__rosidl_typesupport_fastrtps_c.so
-- Up-to-date: /home/keisoku/ros2_studies/install/my_messages/include/my_messages/my_messages
-- Up-to-date: /home/keisoku/ros2_studies/install/my_messages/include/my_messages/my_messages/msg
-- Up-to-date: /home/keisoku/ros2_studies/install/my_messages/include/my_messages/my_messages/msg/detail
-- Up-to-date: /home/keisoku/ros2_studies/install/my_messages/include/my_messages/my_messages/msg/detail/two_ints__struct.hpp
-- Up-to-date: /home/keisoku/ros2_studies/install/my_messages/include/my_messages/my_messages/msg/detail/double_two_ints__builder.hpp
-- Up-to-date: /home/keisoku/ros2_studies/install/my_messages/include/my_messages/my_messages/msg/detail/double_two_ints__struct.hpp
-- Up-to-date: /home/keisoku/ros2_studies/install/my_messages/include/my_messages/my_messages/msg/detail/double_two_ints__traits.hpp
-- Up-to-date: /home/keisoku/ros2_studies/install/my_messages/include/my_messages/my_messages/msg/detail/two_ints__traits.hpp
-- Up-to-date: /home/keisoku/ros2_studies/install/my_messages/include/my_messages/my_messages/msg/detail/two_ints__builder.hpp
-- Up-to-date: /home/keisoku/ros2_studies/install/my_messages/include/my_messages/my_messages/msg/double_two_ints.hpp
-- Up-to-date: /home/keisoku/ros2_studies/install/my_messages/include/my_messages/my_messages/msg/two_ints.hpp
-- Up-to-date: /home/keisoku/ros2_studies/install/my_messages/include/my_messages/my_messages/srv
-- Up-to-date: /home/keisoku/ros2_studies/install/my_messages/include/my_messages/my_messages/srv/detail
-- Up-to-date: /home/keisoku/ros2_studies/install/my_messages/include/my_messages/my_messages/srv/detail/calc_two_floats__builder.hpp
-- Up-to-date: /home/keisoku/ros2_studies/install/my_messages/include/my_messages/my_messages/srv/detail/calc_two_floats__struct.hpp
-- Up-to-date: /home/keisoku/ros2_studies/install/my_messages/include/my_messages/my_messages/srv/detail/calc_two_floats__traits.hpp
-- Up-to-date: /home/keisoku/ros2_studies/install/my_messages/include/my_messages/my_messages/srv/calc_two_floats.hpp
-- Up-to-date: /home/keisoku/ros2_studies/install/my_messages/include/my_messages/my_messages
-- Up-to-date: /home/keisoku/ros2_studies/install/my_messages/include/my_messages/my_messages/msg
-- Up-to-date: /home/keisoku/ros2_studies/install/my_messages/include/my_messages/my_messages/msg/detail
-- Up-to-date: /home/keisoku/ros2_studies/install/my_messages/include/my_messages/my_messages/msg/detail/double_two_ints__rosidl_typesupport_fastrtps_cpp.hpp
-- Up-to-date: /home/keisoku/ros2_studies/install/my_messages/include/my_messages/my_messages/msg/detail/two_ints__rosidl_typesupport_fastrtps_cpp.hpp
-- Up-to-date: /home/keisoku/ros2_studies/install/my_messages/include/my_messages/my_messages/msg/detail/dds_fastrtps
-- Up-to-date: /home/keisoku/ros2_studies/install/my_messages/include/my_messages/my_messages/msg/rosidl_typesupport_fastrtps_cpp__visibility_control.h
-- Up-to-date: /home/keisoku/ros2_studies/install/my_messages/include/my_messages/my_messages/srv
-- Up-to-date: /home/keisoku/ros2_studies/install/my_messages/include/my_messages/my_messages/srv/detail
-- Up-to-date: /home/keisoku/ros2_studies/install/my_messages/include/my_messages/my_messages/srv/detail/calc_two_floats__rosidl_typesupport_fastrtps_cpp.hpp
-- Up-to-date: /home/keisoku/ros2_studies/install/my_messages/include/my_messages/my_messages/srv/detail/dds_fastrtps
-- Up-to-date: /home/keisoku/ros2_studies/install/my_messages/lib/libmy_messages__rosidl_typesupport_fastrtps_cpp.so
-- Up-to-date: /home/keisoku/ros2_studies/install/my_messages/include/my_messages/my_messages
-- Up-to-date: /home/keisoku/ros2_studies/install/my_messages/include/my_messages/my_messages/msg
-- Up-to-date: /home/keisoku/ros2_studies/install/my_messages/include/my_messages/my_messages/msg/detail
-- Up-to-date: /home/keisoku/ros2_studies/install/my_messages/include/my_messages/my_messages/msg/detail/two_ints__rosidl_typesupport_introspection_c.h
-- Up-to-date: /home/keisoku/ros2_studies/install/my_messages/include/my_messages/my_messages/msg/detail/two_ints__type_support.c
-- Up-to-date: /home/keisoku/ros2_studies/install/my_messages/include/my_messages/my_messages/msg/detail/double_two_ints__rosidl_typesupport_introspection_c.h
-- Up-to-date: /home/keisoku/ros2_studies/install/my_messages/include/my_messages/my_messages/msg/detail/double_two_ints__type_support.c
-- Up-to-date: /home/keisoku/ros2_studies/install/my_messages/include/my_messages/my_messages/msg/rosidl_typesupport_introspection_c__visibility_control.h
-- Up-to-date: /home/keisoku/ros2_studies/install/my_messages/include/my_messages/my_messages/srv
-- Up-to-date: /home/keisoku/ros2_studies/install/my_messages/include/my_messages/my_messages/srv/detail
-- Up-to-date: /home/keisoku/ros2_studies/install/my_messages/include/my_messages/my_messages/srv/detail/calc_two_floats__rosidl_typesupport_introspection_c.h
-- Up-to-date: /home/keisoku/ros2_studies/install/my_messages/include/my_messages/my_messages/srv/detail/calc_two_floats__type_support.c
-- Up-to-date: /home/keisoku/ros2_studies/install/my_messages/lib/libmy_messages__rosidl_typesupport_introspection_c.so
-- Up-to-date: /home/keisoku/ros2_studies/install/my_messages/lib/libmy_messages__rosidl_typesupport_c.so
-- Up-to-date: /home/keisoku/ros2_studies/install/my_messages/include/my_messages/my_messages
-- Up-to-date: /home/keisoku/ros2_studies/install/my_messages/include/my_messages/my_messages/msg
-- Up-to-date: /home/keisoku/ros2_studies/install/my_messages/include/my_messages/my_messages/msg/detail
-- Up-to-date: /home/keisoku/ros2_studies/install/my_messages/include/my_messages/my_messages/msg/detail/two_ints__type_support.cpp
-- Up-to-date: /home/keisoku/ros2_studies/install/my_messages/include/my_messages/my_messages/msg/detail/double_two_ints__type_support.cpp
-- Up-to-date: /home/keisoku/ros2_studies/install/my_messages/include/my_messages/my_messages/msg/detail/double_two_ints__rosidl_typesupport_introspection_cpp.hpp
-- Up-to-date: /home/keisoku/ros2_studies/install/my_messages/include/my_messages/my_messages/msg/detail/two_ints__rosidl_typesupport_introspection_cpp.hpp
-- Up-to-date: /home/keisoku/ros2_studies/install/my_messages/include/my_messages/my_messages/srv
-- Up-to-date: /home/keisoku/ros2_studies/install/my_messages/include/my_messages/my_messages/srv/detail
-- Up-to-date: /home/keisoku/ros2_studies/install/my_messages/include/my_messages/my_messages/srv/detail/calc_two_floats__type_support.cpp
-- Up-to-date: /home/keisoku/ros2_studies/install/my_messages/include/my_messages/my_messages/srv/detail/calc_two_floats__rosidl_typesupport_introspection_cpp.hpp
-- Up-to-date: /home/keisoku/ros2_studies/install/my_messages/lib/libmy_messages__rosidl_typesupport_introspection_cpp.so
-- Up-to-date: /home/keisoku/ros2_studies/install/my_messages/lib/libmy_messages__rosidl_typesupport_cpp.so
-- Up-to-date: /home/keisoku/ros2_studies/install/my_messages/share/my_messages/environment/pythonpath.sh
-- Up-to-date: /home/keisoku/ros2_studies/install/my_messages/share/my_messages/environment/pythonpath.dsv
-- Up-to-date: /home/keisoku/ros2_studies/install/my_messages/local/lib/python3.10/dist-packages/my_messages-0.0.0-py3.10.egg-info
-- Installing: /home/keisoku/ros2_studies/install/my_messages/local/lib/python3.10/dist-packages/my_messages-0.0.0-py3.10.egg-info/dependency_links.txt
-- Installing: /home/keisoku/ros2_studies/install/my_messages/local/lib/python3.10/dist-packages/my_messages-0.0.0-py3.10.egg-info/PKG-INFO
-- Installing: /home/keisoku/ros2_studies/install/my_messages/local/lib/python3.10/dist-packages/my_messages-0.0.0-py3.10.egg-info/top_level.txt
-- Installing: /home/keisoku/ros2_studies/install/my_messages/local/lib/python3.10/dist-packages/my_messages-0.0.0-py3.10.egg-info/SOURCES.txt
-- Up-to-date: /home/keisoku/ros2_studies/install/my_messages/local/lib/python3.10/dist-packages/my_messages
-- Up-to-date: /home/keisoku/ros2_studies/install/my_messages/local/lib/python3.10/dist-packages/my_messages/_my_messages_s.ep.rosidl_typesupport_c.c
-- Up-to-date: /home/keisoku/ros2_studies/install/my_messages/local/lib/python3.10/dist-packages/my_messages/__init__.py
-- Up-to-date: /home/keisoku/ros2_studies/install/my_messages/local/lib/python3.10/dist-packages/my_messages/msg
-- Up-to-date: /home/keisoku/ros2_studies/install/my_messages/local/lib/python3.10/dist-packages/my_messages/msg/__init__.py
-- Up-to-date: /home/keisoku/ros2_studies/install/my_messages/local/lib/python3.10/dist-packages/my_messages/msg/_double_two_ints_s.c
-- Up-to-date: /home/keisoku/ros2_studies/install/my_messages/local/lib/python3.10/dist-packages/my_messages/msg/_two_ints_s.c
-- Up-to-date: /home/keisoku/ros2_studies/install/my_messages/local/lib/python3.10/dist-packages/my_messages/msg/_two_ints.py
-- Up-to-date: /home/keisoku/ros2_studies/install/my_messages/local/lib/python3.10/dist-packages/my_messages/msg/_double_two_ints.py
-- Up-to-date: /home/keisoku/ros2_studies/install/my_messages/local/lib/python3.10/dist-packages/my_messages/libmy_messages__rosidl_generator_py.so
-- Up-to-date: /home/keisoku/ros2_studies/install/my_messages/local/lib/python3.10/dist-packages/my_messages/_my_messages_s.ep.rosidl_typesupport_fastrtps_c.c
-- Up-to-date: /home/keisoku/ros2_studies/install/my_messages/local/lib/python3.10/dist-packages/my_messages/my_messages_s__rosidl_typesupport_fastrtps_c.cpython-310-x86_64-linux-gnu.so
-- Up-to-date: /home/keisoku/ros2_studies/install/my_messages/local/lib/python3.10/dist-packages/my_messages/_my_messages_s.ep.rosidl_typesupport_introspection_c.c
-- Up-to-date: /home/keisoku/ros2_studies/install/my_messages/local/lib/python3.10/dist-packages/my_messages/srv
-- Up-to-date: /home/keisoku/ros2_studies/install/my_messages/local/lib/python3.10/dist-packages/my_messages/srv/_calc_two_floats.py
-- Up-to-date: /home/keisoku/ros2_studies/install/my_messages/local/lib/python3.10/dist-packages/my_messages/srv/__init__.py
-- Up-to-date: /home/keisoku/ros2_studies/install/my_messages/local/lib/python3.10/dist-packages/my_messages/srv/_calc_two_floats_s.c
-- Up-to-date: /home/keisoku/ros2_studies/install/my_messages/local/lib/python3.10/dist-packages/my_messages/my_messages_s__rosidl_typesupport_introspection_c.cpython-310-x86_64-linux-gnu.so
-- Up-to-date: /home/keisoku/ros2_studies/install/my_messages/local/lib/python3.10/dist-packages/my_messages/my_messages_s__rosidl_typesupport_c.cpython-310-x86_64-linux-gnu.so
Listing '/home/keisoku/ros2_studies/install/my_messages/local/lib/python3.10/dist-packages/my_messages'...
Listing '/home/keisoku/ros2_studies/install/my_messages/local/lib/python3.10/dist-packages/my_messages/msg'...
Listing '/home/keisoku/ros2_studies/install/my_messages/local/lib/python3.10/dist-packages/my_messages/srv'...
-- Up-to-date: /home/keisoku/ros2_studies/install/my_messages/local/lib/python3.10/dist-packages/my_messages/my_messages_s__rosidl_typesupport_fastrtps_c.cpython-310-x86_64-linux-gnu.so
-- Up-to-date: /home/keisoku/ros2_studies/install/my_messages/local/lib/python3.10/dist-packages/my_messages/my_messages_s__rosidl_typesupport_introspection_c.cpython-310-x86_64-linux-gnu.so
-- Up-to-date: /home/keisoku/ros2_studies/install/my_messages/local/lib/python3.10/dist-packages/my_messages/my_messages_s__rosidl_typesupport_c.cpython-310-x86_64-linux-gnu.so
-- Up-to-date: /home/keisoku/ros2_studies/install/my_messages/lib/libmy_messages__rosidl_generator_py.so
-- Up-to-date: /home/keisoku/ros2_studies/install/my_messages/share/my_messages/msg/TwoInts.idl
-- Up-to-date: /home/keisoku/ros2_studies/install/my_messages/share/my_messages/msg/DoubleTwoInts.idl
-- Up-to-date: /home/keisoku/ros2_studies/install/my_messages/share/my_messages/srv/CalcTwoFloats.idl
-- Up-to-date: /home/keisoku/ros2_studies/install/my_messages/share/my_messages/msg/TwoInts.msg
-- Up-to-date: /home/keisoku/ros2_studies/install/my_messages/share/my_messages/msg/DoubleTwoInts.msg
-- Up-to-date: /home/keisoku/ros2_studies/install/my_messages/share/my_messages/srv/CalcTwoFloats.srv
-- Up-to-date: /home/keisoku/ros2_studies/install/my_messages/share/my_messages/srv/CalcTwoFloats_Request.msg
-- Up-to-date: /home/keisoku/ros2_studies/install/my_messages/share/my_messages/srv/CalcTwoFloats_Response.msg
-- Up-to-date: /home/keisoku/ros2_studies/install/my_messages/share/ament_index/resource_index/package_run_dependencies/my_messages
-- Up-to-date: /home/keisoku/ros2_studies/install/my_messages/share/ament_index/resource_index/parent_prefix_path/my_messages
-- Up-to-date: /home/keisoku/ros2_studies/install/my_messages/share/my_messages/environment/ament_prefix_path.sh
-- Up-to-date: /home/keisoku/ros2_studies/install/my_messages/share/my_messages/environment/ament_prefix_path.dsv
-- Up-to-date: /home/keisoku/ros2_studies/install/my_messages/share/my_messages/environment/path.sh
-- Up-to-date: /home/keisoku/ros2_studies/install/my_messages/share/my_messages/environment/path.dsv
-- Up-to-date: /home/keisoku/ros2_studies/install/my_messages/share/my_messages/local_setup.bash
-- Up-to-date: /home/keisoku/ros2_studies/install/my_messages/share/my_messages/local_setup.sh
-- Up-to-date: /home/keisoku/ros2_studies/install/my_messages/share/my_messages/local_setup.zsh
-- Up-to-date: /home/keisoku/ros2_studies/install/my_messages/share/my_messages/local_setup.dsv
-- Installing: /home/keisoku/ros2_studies/install/my_messages/share/my_messages/package.dsv
-- Up-to-date: /home/keisoku/ros2_studies/install/my_messages/share/ament_index/resource_index/packages/my_messages
-- Up-to-date: /home/keisoku/ros2_studies/install/my_messages/share/my_messages/cmake/export_my_messages__rosidl_generator_cExport.cmake
-- Up-to-date: /home/keisoku/ros2_studies/install/my_messages/share/my_messages/cmake/export_my_messages__rosidl_generator_cExport-noconfig.cmake
-- Up-to-date: /home/keisoku/ros2_studies/install/my_messages/share/my_messages/cmake/export_my_messages__rosidl_typesupport_fastrtps_cExport.cmake
-- Up-to-date: /home/keisoku/ros2_studies/install/my_messages/share/my_messages/cmake/export_my_messages__rosidl_typesupport_fastrtps_cExport-noconfig.cmake
-- Up-to-date: /home/keisoku/ros2_studies/install/my_messages/share/my_messages/cmake/export_my_messages__rosidl_generator_cppExport.cmake
-- Up-to-date: /home/keisoku/ros2_studies/install/my_messages/share/my_messages/cmake/export_my_messages__rosidl_typesupport_fastrtps_cppExport.cmake
-- Up-to-date: /home/keisoku/ros2_studies/install/my_messages/share/my_messages/cmake/export_my_messages__rosidl_typesupport_fastrtps_cppExport-noconfig.cmake
-- Up-to-date: /home/keisoku/ros2_studies/install/my_messages/share/my_messages/cmake/my_messages__rosidl_typesupport_introspection_cExport.cmake
-- Up-to-date: /home/keisoku/ros2_studies/install/my_messages/share/my_messages/cmake/my_messages__rosidl_typesupport_introspection_cExport-noconfig.cmake
-- Up-to-date: /home/keisoku/ros2_studies/install/my_messages/share/my_messages/cmake/my_messages__rosidl_typesupport_cExport.cmake
-- Up-to-date: /home/keisoku/ros2_studies/install/my_messages/share/my_messages/cmake/my_messages__rosidl_typesupport_cExport-noconfig.cmake
-- Up-to-date: /home/keisoku/ros2_studies/install/my_messages/share/my_messages/cmake/my_messages__rosidl_typesupport_introspection_cppExport.cmake
-- Up-to-date: /home/keisoku/ros2_studies/install/my_messages/share/my_messages/cmake/my_messages__rosidl_typesupport_introspection_cppExport-noconfig.cmake
-- Up-to-date: /home/keisoku/ros2_studies/install/my_messages/share/my_messages/cmake/my_messages__rosidl_typesupport_cppExport.cmake
-- Up-to-date: /home/keisoku/ros2_studies/install/my_messages/share/my_messages/cmake/my_messages__rosidl_typesupport_cppExport-noconfig.cmake
-- Up-to-date: /home/keisoku/ros2_studies/install/my_messages/share/my_messages/cmake/export_my_messages__rosidl_generator_pyExport.cmake
-- Up-to-date: /home/keisoku/ros2_studies/install/my_messages/share/my_messages/cmake/export_my_messages__rosidl_generator_pyExport-noconfig.cmake
-- Up-to-date: /home/keisoku/ros2_studies/install/my_messages/share/my_messages/cmake/rosidl_cmake-extras.cmake
-- Up-to-date: /home/keisoku/ros2_studies/install/my_messages/share/my_messages/cmake/ament_cmake_export_dependencies-extras.cmake
-- Up-to-date: /home/keisoku/ros2_studies/install/my_messages/share/my_messages/cmake/ament_cmake_export_include_directories-extras.cmake
-- Up-to-date: /home/keisoku/ros2_studies/install/my_messages/share/my_messages/cmake/ament_cmake_export_libraries-extras.cmake
-- Up-to-date: /home/keisoku/ros2_studies/install/my_messages/share/my_messages/cmake/ament_cmake_export_targets-extras.cmake
-- Up-to-date: /home/keisoku/ros2_studies/install/my_messages/share/my_messages/cmake/rosidl_cmake_export_typesupport_targets-extras.cmake
-- Up-to-date: /home/keisoku/ros2_studies/install/my_messages/share/my_messages/cmake/rosidl_cmake_export_typesupport_libraries-extras.cmake
-- Up-to-date: /home/keisoku/ros2_studies/install/my_messages/share/my_messages/cmake/my_messagesConfig.cmake
-- Up-to-date: /home/keisoku/ros2_studies/install/my_messages/share/my_messages/cmake/my_messagesConfig-version.cmake
-- Up-to-date: /home/keisoku/ros2_studies/install/my_messages/share/my_messages/package.xml
