[0.206s] DEBUG:colcon:Command line arguments: ['/usr/bin/colcon', 'build']
[0.206s] DEBUG:colcon:Parsed command line arguments: Namespace(log_base=None, log_level=None, verb_name='build', build_base='build', install_base='install', merge_install=False, symlink_install=False, test_result_base=None, continue_on_error=False, executor='parallel', parallel_workers=20, event_handlers=None, ignore_user_meta=False, metas=['./colcon.meta'], base_paths=['.'], packages_ignore=None, packages_ignore_regex=None, paths=None, packages_up_to=None, packages_up_to_regex=None, packages_above=None, packages_above_and_dependencies=None, packages_above_depth=None, packages_select_by_dep=None, packages_skip_by_dep=None, packages_skip_up_to=None, packages_select_build_failed=False, packages_skip_build_finished=False, packages_select_test_failures=False, packages_skip_test_passed=False, packages_select=None, packages_skip=None, packages_select_regex=None, packages_skip_regex=None, packages_start=None, packages_end=None, allow_overriding=[], cmake_args=None, cmake_target=None, cmake_target_skip_unavailable=False, cmake_clean_cache=False, cmake_clean_first=False, cmake_force_configure=False, ament_cmake_args=None, catkin_cmake_args=None, catkin_skip_building_tests=False, verb_parser=<colcon_defaults.argument_parser.defaults.DefaultArgumentsDecorator object at 0x7f229544ef20>, verb_extension=<colcon_core.verb.build.BuildVerb object at 0x7f2295c505e0>, main=<bound method BuildVerb.main of <colcon_core.verb.build.BuildVerb object at 0x7f2295c505e0>>)
[0.225s] Level 1:colcon.colcon_core.package_discovery:discover_packages(colcon_meta) check parameters
[0.225s] Level 1:colcon.colcon_core.package_discovery:discover_packages(recursive) check parameters
[0.225s] Level 1:colcon.colcon_core.package_discovery:discover_packages(ignore) check parameters
[0.225s] Level 1:colcon.colcon_core.package_discovery:discover_packages(path) check parameters
[0.225s] Level 1:colcon.colcon_core.package_discovery:discover_packages(colcon_meta) discover
[0.225s] Level 1:colcon.colcon_core.package_discovery:discover_packages(recursive) discover
[0.225s] INFO:colcon.colcon_core.package_discovery:Crawling recursively for packages in '/home/keisoku/ros2_studies'
[0.225s] Level 1:colcon.colcon_core.package_identification:_identify(.) by extensions ['ignore', 'ignore_ament_install']
[0.225s] Level 1:colcon.colcon_core.package_identification:_identify(.) by extension 'ignore'
[0.225s] Level 1:colcon.colcon_core.package_identification:_identify(.) by extension 'ignore_ament_install'
[0.225s] Level 1:colcon.colcon_core.package_identification:_identify(.) by extensions ['colcon_pkg']
[0.225s] Level 1:colcon.colcon_core.package_identification:_identify(.) by extension 'colcon_pkg'
[0.225s] Level 1:colcon.colcon_core.package_identification:_identify(.) by extensions ['colcon_meta']
[0.225s] Level 1:colcon.colcon_core.package_identification:_identify(.) by extension 'colcon_meta'
[0.225s] Level 1:colcon.colcon_core.package_identification:_identify(.) by extensions ['ros']
[0.225s] Level 1:colcon.colcon_core.package_identification:_identify(.) by extension 'ros'
[0.232s] Level 1:colcon.colcon_core.package_identification:_identify(.) by extensions ['cmake', 'python']
[0.232s] Level 1:colcon.colcon_core.package_identification:_identify(.) by extension 'cmake'
[0.232s] Level 1:colcon.colcon_core.package_identification:_identify(.) by extension 'python'
[0.232s] Level 1:colcon.colcon_core.package_identification:_identify(.) by extensions ['python_setup_py']
[0.232s] Level 1:colcon.colcon_core.package_identification:_identify(.) by extension 'python_setup_py'
[0.233s] Level 1:colcon.colcon_core.package_identification:_identify(build) by extensions ['ignore', 'ignore_ament_install']
[0.233s] Level 1:colcon.colcon_core.package_identification:_identify(build) by extension 'ignore'
[0.233s] Level 1:colcon.colcon_core.package_identification:_identify(build) ignored
[0.233s] Level 1:colcon.colcon_core.package_identification:_identify(install) by extensions ['ignore', 'ignore_ament_install']
[0.233s] Level 1:colcon.colcon_core.package_identification:_identify(install) by extension 'ignore'
[0.233s] Level 1:colcon.colcon_core.package_identification:_identify(install) ignored
[0.233s] Level 1:colcon.colcon_core.package_identification:_identify(log) by extensions ['ignore', 'ignore_ament_install']
[0.233s] Level 1:colcon.colcon_core.package_identification:_identify(log) by extension 'ignore'
[0.233s] Level 1:colcon.colcon_core.package_identification:_identify(log) ignored
[0.233s] Level 1:colcon.colcon_core.package_identification:_identify(src) by extensions ['ignore', 'ignore_ament_install']
[0.233s] Level 1:colcon.colcon_core.package_identification:_identify(src) by extension 'ignore'
[0.233s] Level 1:colcon.colcon_core.package_identification:_identify(src) by extension 'ignore_ament_install'
[0.233s] Level 1:colcon.colcon_core.package_identification:_identify(src) by extensions ['colcon_pkg']
[0.233s] Level 1:colcon.colcon_core.package_identification:_identify(src) by extension 'colcon_pkg'
[0.233s] Level 1:colcon.colcon_core.package_identification:_identify(src) by extensions ['colcon_meta']
[0.233s] Level 1:colcon.colcon_core.package_identification:_identify(src) by extension 'colcon_meta'
[0.233s] Level 1:colcon.colcon_core.package_identification:_identify(src) by extensions ['ros']
[0.233s] Level 1:colcon.colcon_core.package_identification:_identify(src) by extension 'ros'
[0.233s] Level 1:colcon.colcon_core.package_identification:_identify(src) by extensions ['cmake', 'python']
[0.233s] Level 1:colcon.colcon_core.package_identification:_identify(src) by extension 'cmake'
[0.233s] Level 1:colcon.colcon_core.package_identification:_identify(src) by extension 'python'
[0.233s] Level 1:colcon.colcon_core.package_identification:_identify(src) by extensions ['python_setup_py']
[0.233s] Level 1:colcon.colcon_core.package_identification:_identify(src) by extension 'python_setup_py'
[0.233s] Level 1:colcon.colcon_core.package_identification:_identify(src/minimal_class_node) by extensions ['ignore', 'ignore_ament_install']
[0.234s] Level 1:colcon.colcon_core.package_identification:_identify(src/minimal_class_node) by extension 'ignore'
[0.234s] Level 1:colcon.colcon_core.package_identification:_identify(src/minimal_class_node) by extension 'ignore_ament_install'
[0.234s] Level 1:colcon.colcon_core.package_identification:_identify(src/minimal_class_node) by extensions ['colcon_pkg']
[0.234s] Level 1:colcon.colcon_core.package_identification:_identify(src/minimal_class_node) by extension 'colcon_pkg'
[0.234s] Level 1:colcon.colcon_core.package_identification:_identify(src/minimal_class_node) by extensions ['colcon_meta']
[0.234s] Level 1:colcon.colcon_core.package_identification:_identify(src/minimal_class_node) by extension 'colcon_meta'
[0.234s] Level 1:colcon.colcon_core.package_identification:_identify(src/minimal_class_node) by extensions ['ros']
[0.234s] Level 1:colcon.colcon_core.package_identification:_identify(src/minimal_class_node) by extension 'ros'
[0.235s] DEBUG:colcon.colcon_core.package_identification:Package 'src/minimal_class_node' with type 'ros.ament_cmake' and name 'minimal_class_node'
[0.235s] Level 1:colcon.colcon_core.package_identification:_identify(src/minimal_publisher_class) by extensions ['ignore', 'ignore_ament_install']
[0.235s] Level 1:colcon.colcon_core.package_identification:_identify(src/minimal_publisher_class) by extension 'ignore'
[0.235s] Level 1:colcon.colcon_core.package_identification:_identify(src/minimal_publisher_class) by extension 'ignore_ament_install'
[0.235s] Level 1:colcon.colcon_core.package_identification:_identify(src/minimal_publisher_class) by extensions ['colcon_pkg']
[0.235s] Level 1:colcon.colcon_core.package_identification:_identify(src/minimal_publisher_class) by extension 'colcon_pkg'
[0.236s] Level 1:colcon.colcon_core.package_identification:_identify(src/minimal_publisher_class) by extensions ['colcon_meta']
[0.236s] Level 1:colcon.colcon_core.package_identification:_identify(src/minimal_publisher_class) by extension 'colcon_meta'
[0.236s] Level 1:colcon.colcon_core.package_identification:_identify(src/minimal_publisher_class) by extensions ['ros']
[0.236s] Level 1:colcon.colcon_core.package_identification:_identify(src/minimal_publisher_class) by extension 'ros'
[0.236s] DEBUG:colcon.colcon_core.package_identification:Package 'src/minimal_publisher_class' with type 'ros.ament_cmake' and name 'minimal_publisher_class'
[0.236s] Level 1:colcon.colcon_core.package_identification:_identify(src/minimal_subscriber_class) by extensions ['ignore', 'ignore_ament_install']
[0.236s] Level 1:colcon.colcon_core.package_identification:_identify(src/minimal_subscriber_class) by extension 'ignore'
[0.236s] Level 1:colcon.colcon_core.package_identification:_identify(src/minimal_subscriber_class) by extension 'ignore_ament_install'
[0.236s] Level 1:colcon.colcon_core.package_identification:_identify(src/minimal_subscriber_class) by extensions ['colcon_pkg']
[0.236s] Level 1:colcon.colcon_core.package_identification:_identify(src/minimal_subscriber_class) by extension 'colcon_pkg'
[0.236s] Level 1:colcon.colcon_core.package_identification:_identify(src/minimal_subscriber_class) by extensions ['colcon_meta']
[0.236s] Level 1:colcon.colcon_core.package_identification:_identify(src/minimal_subscriber_class) by extension 'colcon_meta'
[0.236s] Level 1:colcon.colcon_core.package_identification:_identify(src/minimal_subscriber_class) by extensions ['ros']
[0.236s] Level 1:colcon.colcon_core.package_identification:_identify(src/minimal_subscriber_class) by extension 'ros'
[0.237s] DEBUG:colcon.colcon_core.package_identification:Package 'src/minimal_subscriber_class' with type 'ros.ament_cmake' and name 'minimal_subscriber_class'
[0.237s] Level 1:colcon.colcon_core.package_identification:_identify(src/minimal_timer) by extensions ['ignore', 'ignore_ament_install']
[0.237s] Level 1:colcon.colcon_core.package_identification:_identify(src/minimal_timer) by extension 'ignore'
[0.237s] Level 1:colcon.colcon_core.package_identification:_identify(src/minimal_timer) by extension 'ignore_ament_install'
[0.237s] Level 1:colcon.colcon_core.package_identification:_identify(src/minimal_timer) by extensions ['colcon_pkg']
[0.237s] Level 1:colcon.colcon_core.package_identification:_identify(src/minimal_timer) by extension 'colcon_pkg'
[0.237s] Level 1:colcon.colcon_core.package_identification:_identify(src/minimal_timer) by extensions ['colcon_meta']
[0.237s] Level 1:colcon.colcon_core.package_identification:_identify(src/minimal_timer) by extension 'colcon_meta'
[0.237s] Level 1:colcon.colcon_core.package_identification:_identify(src/minimal_timer) by extensions ['ros']
[0.237s] Level 1:colcon.colcon_core.package_identification:_identify(src/minimal_timer) by extension 'ros'
[0.237s] DEBUG:colcon.colcon_core.package_identification:Package 'src/minimal_timer' with type 'ros.ament_cmake' and name 'minimal_timer'
[0.237s] Level 1:colcon.colcon_core.package_discovery:discover_packages(recursive) using defaults
[0.237s] Level 1:colcon.colcon_core.package_discovery:discover_packages(ignore) discover
[0.237s] Level 1:colcon.colcon_core.package_discovery:discover_packages(ignore) using defaults
[0.237s] Level 1:colcon.colcon_core.package_discovery:discover_packages(path) discover
[0.238s] Level 1:colcon.colcon_core.package_discovery:discover_packages(path) using defaults
[0.252s] Level 1:colcon.colcon_core.package_discovery:discover_packages(prefix_path) check parameters
[0.252s] Level 1:colcon.colcon_core.package_discovery:discover_packages(prefix_path) discover
[0.253s] WARNING:colcon.colcon_ros.prefix_path.ament:The path '/home/keisoku/ros2_studies/install/minimal_subscriber_class_node' in the environment variable AMENT_PREFIX_PATH doesn't exist
[0.253s] WARNING:colcon.colcon_ros.prefix_path.catkin:The path '/home/keisoku/ros2_studies/install/minimal_subscriber_class_node' in the environment variable CMAKE_PREFIX_PATH doesn't exist
[0.254s] DEBUG:colcon.colcon_installed_package_information.package_discovery:Found 4 installed packages in /home/keisoku/ros2_studies/install
[0.255s] DEBUG:colcon.colcon_installed_package_information.package_discovery:Found 326 installed packages in /opt/ros/humble
[0.256s] Level 1:colcon.colcon_core.package_discovery:discover_packages(prefix_path) using defaults
[0.301s] Level 5:colcon.colcon_core.verb:set package 'minimal_class_node' build argument 'cmake_args' from command line to 'None'
[0.301s] Level 5:colcon.colcon_core.verb:set package 'minimal_class_node' build argument 'cmake_target' from command line to 'None'
[0.301s] Level 5:colcon.colcon_core.verb:set package 'minimal_class_node' build argument 'cmake_target_skip_unavailable' from command line to 'False'
[0.302s] Level 5:colcon.colcon_core.verb:set package 'minimal_class_node' build argument 'cmake_clean_cache' from command line to 'False'
[0.302s] Level 5:colcon.colcon_core.verb:set package 'minimal_class_node' build argument 'cmake_clean_first' from command line to 'False'
[0.302s] Level 5:colcon.colcon_core.verb:set package 'minimal_class_node' build argument 'cmake_force_configure' from command line to 'False'
[0.302s] Level 5:colcon.colcon_core.verb:set package 'minimal_class_node' build argument 'ament_cmake_args' from command line to 'None'
[0.302s] Level 5:colcon.colcon_core.verb:set package 'minimal_class_node' build argument 'catkin_cmake_args' from command line to 'None'
[0.302s] Level 5:colcon.colcon_core.verb:set package 'minimal_class_node' build argument 'catkin_skip_building_tests' from command line to 'False'
[0.302s] DEBUG:colcon.colcon_core.verb:Building package 'minimal_class_node' with the following arguments: {'ament_cmake_args': None, 'build_base': '/home/keisoku/ros2_studies/build/minimal_class_node', 'catkin_cmake_args': None, 'catkin_skip_building_tests': False, 'cmake_args': None, 'cmake_clean_cache': False, 'cmake_clean_first': False, 'cmake_force_configure': False, 'cmake_target': None, 'cmake_target_skip_unavailable': False, 'install_base': '/home/keisoku/ros2_studies/install/minimal_class_node', 'merge_install': False, 'path': '/home/keisoku/ros2_studies/src/minimal_class_node', 'symlink_install': False, 'test_result_base': None}
[0.302s] Level 5:colcon.colcon_core.verb:set package 'minimal_publisher_class' build argument 'cmake_args' from command line to 'None'
[0.302s] Level 5:colcon.colcon_core.verb:set package 'minimal_publisher_class' build argument 'cmake_target' from command line to 'None'
[0.302s] Level 5:colcon.colcon_core.verb:set package 'minimal_publisher_class' build argument 'cmake_target_skip_unavailable' from command line to 'False'
[0.302s] Level 5:colcon.colcon_core.verb:set package 'minimal_publisher_class' build argument 'cmake_clean_cache' from command line to 'False'
[0.302s] Level 5:colcon.colcon_core.verb:set package 'minimal_publisher_class' build argument 'cmake_clean_first' from command line to 'False'
[0.302s] Level 5:colcon.colcon_core.verb:set package 'minimal_publisher_class' build argument 'cmake_force_configure' from command line to 'False'
[0.302s] Level 5:colcon.colcon_core.verb:set package 'minimal_publisher_class' build argument 'ament_cmake_args' from command line to 'None'
[0.302s] Level 5:colcon.colcon_core.verb:set package 'minimal_publisher_class' build argument 'catkin_cmake_args' from command line to 'None'
[0.302s] Level 5:colcon.colcon_core.verb:set package 'minimal_publisher_class' build argument 'catkin_skip_building_tests' from command line to 'False'
[0.302s] DEBUG:colcon.colcon_core.verb:Building package 'minimal_publisher_class' with the following arguments: {'ament_cmake_args': None, 'build_base': '/home/keisoku/ros2_studies/build/minimal_publisher_class', 'catkin_cmake_args': None, 'catkin_skip_building_tests': False, 'cmake_args': None, 'cmake_clean_cache': False, 'cmake_clean_first': False, 'cmake_force_configure': False, 'cmake_target': None, 'cmake_target_skip_unavailable': False, 'install_base': '/home/keisoku/ros2_studies/install/minimal_publisher_class', 'merge_install': False, 'path': '/home/keisoku/ros2_studies/src/minimal_publisher_class', 'symlink_install': False, 'test_result_base': None}
[0.303s] Level 5:colcon.colcon_core.verb:set package 'minimal_subscriber_class' build argument 'cmake_args' from command line to 'None'
[0.303s] Level 5:colcon.colcon_core.verb:set package 'minimal_subscriber_class' build argument 'cmake_target' from command line to 'None'
[0.303s] Level 5:colcon.colcon_core.verb:set package 'minimal_subscriber_class' build argument 'cmake_target_skip_unavailable' from command line to 'False'
[0.303s] Level 5:colcon.colcon_core.verb:set package 'minimal_subscriber_class' build argument 'cmake_clean_cache' from command line to 'False'
[0.303s] Level 5:colcon.colcon_core.verb:set package 'minimal_subscriber_class' build argument 'cmake_clean_first' from command line to 'False'
[0.303s] Level 5:colcon.colcon_core.verb:set package 'minimal_subscriber_class' build argument 'cmake_force_configure' from command line to 'False'
[0.303s] Level 5:colcon.colcon_core.verb:set package 'minimal_subscriber_class' build argument 'ament_cmake_args' from command line to 'None'
[0.303s] Level 5:colcon.colcon_core.verb:set package 'minimal_subscriber_class' build argument 'catkin_cmake_args' from command line to 'None'
[0.303s] Level 5:colcon.colcon_core.verb:set package 'minimal_subscriber_class' build argument 'catkin_skip_building_tests' from command line to 'False'
[0.303s] DEBUG:colcon.colcon_core.verb:Building package 'minimal_subscriber_class' with the following arguments: {'ament_cmake_args': None, 'build_base': '/home/keisoku/ros2_studies/build/minimal_subscriber_class', 'catkin_cmake_args': None, 'catkin_skip_building_tests': False, 'cmake_args': None, 'cmake_clean_cache': False, 'cmake_clean_first': False, 'cmake_force_configure': False, 'cmake_target': None, 'cmake_target_skip_unavailable': False, 'install_base': '/home/keisoku/ros2_studies/install/minimal_subscriber_class', 'merge_install': False, 'path': '/home/keisoku/ros2_studies/src/minimal_subscriber_class', 'symlink_install': False, 'test_result_base': None}
[0.304s] Level 5:colcon.colcon_core.verb:set package 'minimal_timer' build argument 'cmake_args' from command line to 'None'
[0.304s] Level 5:colcon.colcon_core.verb:set package 'minimal_timer' build argument 'cmake_target' from command line to 'None'
[0.304s] Level 5:colcon.colcon_core.verb:set package 'minimal_timer' build argument 'cmake_target_skip_unavailable' from command line to 'False'
[0.304s] Level 5:colcon.colcon_core.verb:set package 'minimal_timer' build argument 'cmake_clean_cache' from command line to 'False'
[0.304s] Level 5:colcon.colcon_core.verb:set package 'minimal_timer' build argument 'cmake_clean_first' from command line to 'False'
[0.304s] Level 5:colcon.colcon_core.verb:set package 'minimal_timer' build argument 'cmake_force_configure' from command line to 'False'
[0.304s] Level 5:colcon.colcon_core.verb:set package 'minimal_timer' build argument 'ament_cmake_args' from command line to 'None'
[0.304s] Level 5:colcon.colcon_core.verb:set package 'minimal_timer' build argument 'catkin_cmake_args' from command line to 'None'
[0.304s] Level 5:colcon.colcon_core.verb:set package 'minimal_timer' build argument 'catkin_skip_building_tests' from command line to 'False'
[0.304s] DEBUG:colcon.colcon_core.verb:Building package 'minimal_timer' with the following arguments: {'ament_cmake_args': None, 'build_base': '/home/keisoku/ros2_studies/build/minimal_timer', 'catkin_cmake_args': None, 'catkin_skip_building_tests': False, 'cmake_args': None, 'cmake_clean_cache': False, 'cmake_clean_first': False, 'cmake_force_configure': False, 'cmake_target': None, 'cmake_target_skip_unavailable': False, 'install_base': '/home/keisoku/ros2_studies/install/minimal_timer', 'merge_install': False, 'path': '/home/keisoku/ros2_studies/src/minimal_timer', 'symlink_install': False, 'test_result_base': None}
[0.304s] INFO:colcon.colcon_core.executor:Executing jobs using 'parallel' executor
[0.306s] DEBUG:colcon.colcon_parallel_executor.executor.parallel:run_until_complete
[0.307s] INFO:colcon.colcon_ros.task.ament_cmake.build:Building ROS package in '/home/keisoku/ros2_studies/src/minimal_class_node' with build type 'ament_cmake'
[0.307s] INFO:colcon.colcon_cmake.task.cmake.build:Building CMake package in '/home/keisoku/ros2_studies/src/minimal_class_node'
[0.309s] INFO:colcon.colcon_core.plugin_system:Skipping extension 'colcon_core.shell.bat': Not used on non-Windows systems
[0.309s] INFO:colcon.colcon_core.shell:Skip shell extension 'powershell' for command environment: Not usable outside of PowerShell
[0.310s] DEBUG:colcon.colcon_core.shell:Skip shell extension 'dsv' for command environment
[0.313s] INFO:colcon.colcon_ros.task.ament_cmake.build:Building ROS package in '/home/keisoku/ros2_studies/src/minimal_publisher_class' with build type 'ament_cmake'
[0.313s] INFO:colcon.colcon_cmake.task.cmake.build:Building CMake package in '/home/keisoku/ros2_studies/src/minimal_publisher_class'
[0.314s] INFO:colcon.colcon_core.shell:Skip shell extension 'powershell' for command environment: Not usable outside of PowerShell
[0.314s] DEBUG:colcon.colcon_core.shell:Skip shell extension 'dsv' for command environment
[0.316s] INFO:colcon.colcon_ros.task.ament_cmake.build:Building ROS package in '/home/keisoku/ros2_studies/src/minimal_subscriber_class' with build type 'ament_cmake'
[0.316s] INFO:colcon.colcon_cmake.task.cmake.build:Building CMake package in '/home/keisoku/ros2_studies/src/minimal_subscriber_class'
[0.317s] INFO:colcon.colcon_core.shell:Skip shell extension 'powershell' for command environment: Not usable outside of PowerShell
[0.317s] DEBUG:colcon.colcon_core.shell:Skip shell extension 'dsv' for command environment
[0.320s] INFO:colcon.colcon_ros.task.ament_cmake.build:Building ROS package in '/home/keisoku/ros2_studies/src/minimal_timer' with build type 'ament_cmake'
[0.320s] INFO:colcon.colcon_cmake.task.cmake.build:Building CMake package in '/home/keisoku/ros2_studies/src/minimal_timer'
[0.321s] INFO:colcon.colcon_core.shell:Skip shell extension 'powershell' for command environment: Not usable outside of PowerShell
[0.321s] DEBUG:colcon.colcon_core.shell:Skip shell extension 'dsv' for command environment
[0.327s] DEBUG:colcon.colcon_core.event_handler.log_command:Invoking command in '/home/keisoku/ros2_studies/build/minimal_class_node': CMAKE_PREFIX_PATH=${CMAKE_PREFIX_PATH}:/opt/ros/humble /usr/bin/cmake --build /home/keisoku/ros2_studies/build/minimal_class_node -- -j20 -l20
[0.328s] DEBUG:colcon.colcon_core.event_handler.log_command:Invoking command in '/home/keisoku/ros2_studies/build/minimal_publisher_class': CMAKE_PREFIX_PATH=${CMAKE_PREFIX_PATH}:/opt/ros/humble /usr/bin/cmake --build /home/keisoku/ros2_studies/build/minimal_publisher_class -- -j20 -l20
[0.331s] DEBUG:colcon.colcon_core.event_handler.log_command:Invoking command in '/home/keisoku/ros2_studies/build/minimal_subscriber_class': CMAKE_PREFIX_PATH=${CMAKE_PREFIX_PATH}:/opt/ros/humble /usr/bin/cmake --build /home/keisoku/ros2_studies/build/minimal_subscriber_class -- -j20 -l20
[0.333s] DEBUG:colcon.colcon_core.event_handler.log_command:Invoking command in '/home/keisoku/ros2_studies/build/minimal_timer': CMAKE_PREFIX_PATH=${CMAKE_PREFIX_PATH}:/opt/ros/humble /usr/bin/cmake --build /home/keisoku/ros2_studies/build/minimal_timer -- -j20 -l20
[0.362s] DEBUG:colcon.colcon_core.event_handler.log_command:Invoked command in '/home/keisoku/ros2_studies/build/minimal_class_node' returned '0': CMAKE_PREFIX_PATH=${CMAKE_PREFIX_PATH}:/opt/ros/humble /usr/bin/cmake --build /home/keisoku/ros2_studies/build/minimal_class_node -- -j20 -l20
[0.367s] DEBUG:colcon.colcon_core.event_handler.log_command:Invoked command in '/home/keisoku/ros2_studies/build/minimal_publisher_class' returned '0': CMAKE_PREFIX_PATH=${CMAKE_PREFIX_PATH}:/opt/ros/humble /usr/bin/cmake --build /home/keisoku/ros2_studies/build/minimal_publisher_class -- -j20 -l20
[0.367s] DEBUG:colcon.colcon_core.event_handler.log_command:Invoked command in '/home/keisoku/ros2_studies/build/minimal_timer' returned '0': CMAKE_PREFIX_PATH=${CMAKE_PREFIX_PATH}:/opt/ros/humble /usr/bin/cmake --build /home/keisoku/ros2_studies/build/minimal_timer -- -j20 -l20
[0.368s] DEBUG:colcon.colcon_core.event_handler.log_command:Invoked command in '/home/keisoku/ros2_studies/build/minimal_subscriber_class' returned '0': CMAKE_PREFIX_PATH=${CMAKE_PREFIX_PATH}:/opt/ros/humble /usr/bin/cmake --build /home/keisoku/ros2_studies/build/minimal_subscriber_class -- -j20 -l20
[0.380s] DEBUG:colcon.colcon_core.event_handler.log_command:Invoking command in '/home/keisoku/ros2_studies/build/minimal_class_node': CMAKE_PREFIX_PATH=${CMAKE_PREFIX_PATH}:/opt/ros/humble /usr/bin/cmake --install /home/keisoku/ros2_studies/build/minimal_class_node
[0.382s] DEBUG:colcon.colcon_core.event_handler.log_command:Invoking command in '/home/keisoku/ros2_studies/build/minimal_subscriber_class': CMAKE_PREFIX_PATH=${CMAKE_PREFIX_PATH}:/opt/ros/humble /usr/bin/cmake --install /home/keisoku/ros2_studies/build/minimal_subscriber_class
[0.382s] DEBUG:colcon.colcon_core.event_handler.log_command:Invoking command in '/home/keisoku/ros2_studies/build/minimal_timer': CMAKE_PREFIX_PATH=${CMAKE_PREFIX_PATH}:/opt/ros/humble /usr/bin/cmake --install /home/keisoku/ros2_studies/build/minimal_timer
[0.383s] DEBUG:colcon.colcon_core.event_handler.log_command:Invoking command in '/home/keisoku/ros2_studies/build/minimal_publisher_class': CMAKE_PREFIX_PATH=${CMAKE_PREFIX_PATH}:/opt/ros/humble /usr/bin/cmake --install /home/keisoku/ros2_studies/build/minimal_publisher_class
[0.386s] Level 1:colcon.colcon_core.environment:create_environment_scripts_only(minimal_class_node)
[0.388s] DEBUG:colcon.colcon_core.event_handler.log_command:Invoked command in '/home/keisoku/ros2_studies/build/minimal_class_node' returned '0': CMAKE_PREFIX_PATH=${CMAKE_PREFIX_PATH}:/opt/ros/humble /usr/bin/cmake --install /home/keisoku/ros2_studies/build/minimal_class_node
[0.392s] Level 1:colcon.colcon_core.environment:checking '/home/keisoku/ros2_studies/install/minimal_class_node' for CMake module files
[0.392s] Level 1:colcon.colcon_core.environment:checking '/home/keisoku/ros2_studies/install/minimal_class_node' for CMake config files
[0.392s] Level 1:colcon.colcon_core.shell:create_environment_hook('minimal_class_node', 'cmake_prefix_path')
[0.393s] INFO:colcon.colcon_core.shell:Creating environment hook '/home/keisoku/ros2_studies/install/minimal_class_node/share/minimal_class_node/hook/cmake_prefix_path.ps1'
[0.393s] INFO:colcon.colcon_core.shell:Creating environment descriptor '/home/keisoku/ros2_studies/install/minimal_class_node/share/minimal_class_node/hook/cmake_prefix_path.dsv'
[0.394s] INFO:colcon.colcon_core.shell:Creating environment hook '/home/keisoku/ros2_studies/install/minimal_class_node/share/minimal_class_node/hook/cmake_prefix_path.sh'
[0.394s] Level 1:colcon.colcon_core.environment:checking '/home/keisoku/ros2_studies/install/minimal_class_node/lib'
[0.394s] Level 1:colcon.colcon_core.environment:checking '/home/keisoku/ros2_studies/install/minimal_class_node/bin'
[0.394s] Level 1:colcon.colcon_core.environment:checking '/home/keisoku/ros2_studies/install/minimal_class_node/lib/pkgconfig/minimal_class_node.pc'
[0.395s] Level 1:colcon.colcon_core.environment:checking '/home/keisoku/ros2_studies/install/minimal_class_node/lib/python3.10/site-packages'
[0.395s] Level 1:colcon.colcon_core.environment:checking '/home/keisoku/ros2_studies/install/minimal_class_node/bin'
[0.396s] INFO:colcon.colcon_core.shell:Creating package script '/home/keisoku/ros2_studies/install/minimal_class_node/share/minimal_class_node/package.ps1'
[0.396s] INFO:colcon.colcon_core.shell:Creating package descriptor '/home/keisoku/ros2_studies/install/minimal_class_node/share/minimal_class_node/package.dsv'
[0.396s] INFO:colcon.colcon_core.shell:Creating package script '/home/keisoku/ros2_studies/install/minimal_class_node/share/minimal_class_node/package.sh'
[0.397s] INFO:colcon.colcon_core.shell:Creating package script '/home/keisoku/ros2_studies/install/minimal_class_node/share/minimal_class_node/package.bash'
[0.397s] INFO:colcon.colcon_core.shell:Creating package script '/home/keisoku/ros2_studies/install/minimal_class_node/share/minimal_class_node/package.zsh'
[0.398s] Level 1:colcon.colcon_core.environment:create_file_with_runtime_dependencies(/home/keisoku/ros2_studies/install/minimal_class_node/share/colcon-core/packages/minimal_class_node)
[0.399s] Level 1:colcon.colcon_core.environment:create_environment_scripts_only(minimal_subscriber_class)
[0.400s] Level 1:colcon.colcon_core.environment:checking '/home/keisoku/ros2_studies/install/minimal_subscriber_class' for CMake module files
[0.400s] DEBUG:colcon.colcon_core.event_handler.log_command:Invoked command in '/home/keisoku/ros2_studies/build/minimal_subscriber_class' returned '0': CMAKE_PREFIX_PATH=${CMAKE_PREFIX_PATH}:/opt/ros/humble /usr/bin/cmake --install /home/keisoku/ros2_studies/build/minimal_subscriber_class
[0.401s] Level 1:colcon.colcon_core.environment:checking '/home/keisoku/ros2_studies/install/minimal_subscriber_class' for CMake config files
[0.401s] Level 1:colcon.colcon_core.shell:create_environment_hook('minimal_subscriber_class', 'cmake_prefix_path')
[0.402s] INFO:colcon.colcon_core.shell:Creating environment hook '/home/keisoku/ros2_studies/install/minimal_subscriber_class/share/minimal_subscriber_class/hook/cmake_prefix_path.ps1'
[0.402s] INFO:colcon.colcon_core.shell:Creating environment descriptor '/home/keisoku/ros2_studies/install/minimal_subscriber_class/share/minimal_subscriber_class/hook/cmake_prefix_path.dsv'
[0.402s] INFO:colcon.colcon_core.shell:Creating environment hook '/home/keisoku/ros2_studies/install/minimal_subscriber_class/share/minimal_subscriber_class/hook/cmake_prefix_path.sh'
[0.402s] Level 1:colcon.colcon_core.environment:checking '/home/keisoku/ros2_studies/install/minimal_subscriber_class/lib'
[0.402s] Level 1:colcon.colcon_core.environment:checking '/home/keisoku/ros2_studies/install/minimal_subscriber_class/bin'
[0.403s] Level 1:colcon.colcon_core.environment:checking '/home/keisoku/ros2_studies/install/minimal_subscriber_class/lib/pkgconfig/minimal_subscriber_class.pc'
[0.403s] Level 1:colcon.colcon_core.environment:checking '/home/keisoku/ros2_studies/install/minimal_subscriber_class/lib/python3.10/site-packages'
[0.403s] Level 1:colcon.colcon_core.environment:checking '/home/keisoku/ros2_studies/install/minimal_subscriber_class/bin'
[0.404s] INFO:colcon.colcon_core.shell:Creating package script '/home/keisoku/ros2_studies/install/minimal_subscriber_class/share/minimal_subscriber_class/package.ps1'
[0.404s] INFO:colcon.colcon_core.shell:Creating package descriptor '/home/keisoku/ros2_studies/install/minimal_subscriber_class/share/minimal_subscriber_class/package.dsv'
[0.404s] INFO:colcon.colcon_core.shell:Creating package script '/home/keisoku/ros2_studies/install/minimal_subscriber_class/share/minimal_subscriber_class/package.sh'
[0.404s] INFO:colcon.colcon_core.shell:Creating package script '/home/keisoku/ros2_studies/install/minimal_subscriber_class/share/minimal_subscriber_class/package.bash'
[0.405s] INFO:colcon.colcon_core.shell:Creating package script '/home/keisoku/ros2_studies/install/minimal_subscriber_class/share/minimal_subscriber_class/package.zsh'
[0.405s] Level 1:colcon.colcon_core.environment:create_file_with_runtime_dependencies(/home/keisoku/ros2_studies/install/minimal_subscriber_class/share/colcon-core/packages/minimal_subscriber_class)
[0.405s] Level 1:colcon.colcon_core.environment:create_environment_scripts_only(minimal_publisher_class)
[0.407s] Level 1:colcon.colcon_core.environment:checking '/home/keisoku/ros2_studies/install/minimal_publisher_class' for CMake module files
[0.407s] DEBUG:colcon.colcon_core.event_handler.log_command:Invoked command in '/home/keisoku/ros2_studies/build/minimal_publisher_class' returned '0': CMAKE_PREFIX_PATH=${CMAKE_PREFIX_PATH}:/opt/ros/humble /usr/bin/cmake --install /home/keisoku/ros2_studies/build/minimal_publisher_class
[0.407s] Level 1:colcon.colcon_core.environment:checking '/home/keisoku/ros2_studies/install/minimal_publisher_class' for CMake config files
[0.407s] Level 1:colcon.colcon_core.shell:create_environment_hook('minimal_publisher_class', 'cmake_prefix_path')
[0.408s] INFO:colcon.colcon_core.shell:Creating environment hook '/home/keisoku/ros2_studies/install/minimal_publisher_class/share/minimal_publisher_class/hook/cmake_prefix_path.ps1'
[0.408s] INFO:colcon.colcon_core.shell:Creating environment descriptor '/home/keisoku/ros2_studies/install/minimal_publisher_class/share/minimal_publisher_class/hook/cmake_prefix_path.dsv'
[0.409s] INFO:colcon.colcon_core.shell:Creating environment hook '/home/keisoku/ros2_studies/install/minimal_publisher_class/share/minimal_publisher_class/hook/cmake_prefix_path.sh'
[0.409s] Level 1:colcon.colcon_core.environment:checking '/home/keisoku/ros2_studies/install/minimal_publisher_class/lib'
[0.409s] Level 1:colcon.colcon_core.environment:checking '/home/keisoku/ros2_studies/install/minimal_publisher_class/bin'
[0.409s] Level 1:colcon.colcon_core.environment:checking '/home/keisoku/ros2_studies/install/minimal_publisher_class/lib/pkgconfig/minimal_publisher_class.pc'
[0.409s] Level 1:colcon.colcon_core.environment:checking '/home/keisoku/ros2_studies/install/minimal_publisher_class/lib/python3.10/site-packages'
[0.409s] Level 1:colcon.colcon_core.environment:checking '/home/keisoku/ros2_studies/install/minimal_publisher_class/bin'
[0.410s] INFO:colcon.colcon_core.shell:Creating package script '/home/keisoku/ros2_studies/install/minimal_publisher_class/share/minimal_publisher_class/package.ps1'
[0.411s] INFO:colcon.colcon_core.shell:Creating package descriptor '/home/keisoku/ros2_studies/install/minimal_publisher_class/share/minimal_publisher_class/package.dsv'
[0.411s] INFO:colcon.colcon_core.shell:Creating package script '/home/keisoku/ros2_studies/install/minimal_publisher_class/share/minimal_publisher_class/package.sh'
[0.411s] INFO:colcon.colcon_core.shell:Creating package script '/home/keisoku/ros2_studies/install/minimal_publisher_class/share/minimal_publisher_class/package.bash'
[0.411s] INFO:colcon.colcon_core.shell:Creating package script '/home/keisoku/ros2_studies/install/minimal_publisher_class/share/minimal_publisher_class/package.zsh'
[0.411s] Level 1:colcon.colcon_core.environment:create_file_with_runtime_dependencies(/home/keisoku/ros2_studies/install/minimal_publisher_class/share/colcon-core/packages/minimal_publisher_class)
[0.412s] Level 1:colcon.colcon_core.environment:create_environment_scripts_only(minimal_timer)
[0.413s] Level 1:colcon.colcon_core.environment:checking '/home/keisoku/ros2_studies/install/minimal_timer' for CMake module files
[0.413s] DEBUG:colcon.colcon_core.event_handler.log_command:Invoked command in '/home/keisoku/ros2_studies/build/minimal_timer' returned '0': CMAKE_PREFIX_PATH=${CMAKE_PREFIX_PATH}:/opt/ros/humble /usr/bin/cmake --install /home/keisoku/ros2_studies/build/minimal_timer
[0.414s] Level 1:colcon.colcon_core.environment:checking '/home/keisoku/ros2_studies/install/minimal_timer' for CMake config files
[0.414s] Level 1:colcon.colcon_core.shell:create_environment_hook('minimal_timer', 'cmake_prefix_path')
[0.415s] INFO:colcon.colcon_core.shell:Creating environment hook '/home/keisoku/ros2_studies/install/minimal_timer/share/minimal_timer/hook/cmake_prefix_path.ps1'
[0.415s] INFO:colcon.colcon_core.shell:Creating environment descriptor '/home/keisoku/ros2_studies/install/minimal_timer/share/minimal_timer/hook/cmake_prefix_path.dsv'
[0.415s] INFO:colcon.colcon_core.shell:Creating environment hook '/home/keisoku/ros2_studies/install/minimal_timer/share/minimal_timer/hook/cmake_prefix_path.sh'
[0.415s] Level 1:colcon.colcon_core.environment:checking '/home/keisoku/ros2_studies/install/minimal_timer/lib'
[0.415s] Level 1:colcon.colcon_core.environment:checking '/home/keisoku/ros2_studies/install/minimal_timer/bin'
[0.415s] Level 1:colcon.colcon_core.environment:checking '/home/keisoku/ros2_studies/install/minimal_timer/lib/pkgconfig/minimal_timer.pc'
[0.415s] Level 1:colcon.colcon_core.environment:checking '/home/keisoku/ros2_studies/install/minimal_timer/lib/python3.10/site-packages'
[0.416s] Level 1:colcon.colcon_core.environment:checking '/home/keisoku/ros2_studies/install/minimal_timer/bin'
[0.416s] INFO:colcon.colcon_core.shell:Creating package script '/home/keisoku/ros2_studies/install/minimal_timer/share/minimal_timer/package.ps1'
[0.417s] INFO:colcon.colcon_core.shell:Creating package descriptor '/home/keisoku/ros2_studies/install/minimal_timer/share/minimal_timer/package.dsv'
[0.417s] INFO:colcon.colcon_core.shell:Creating package script '/home/keisoku/ros2_studies/install/minimal_timer/share/minimal_timer/package.sh'
[0.417s] INFO:colcon.colcon_core.shell:Creating package script '/home/keisoku/ros2_studies/install/minimal_timer/share/minimal_timer/package.bash'
[0.417s] INFO:colcon.colcon_core.shell:Creating package script '/home/keisoku/ros2_studies/install/minimal_timer/share/minimal_timer/package.zsh'
[0.418s] Level 1:colcon.colcon_core.environment:create_file_with_runtime_dependencies(/home/keisoku/ros2_studies/install/minimal_timer/share/colcon-core/packages/minimal_timer)
[0.420s] Level 1:colcon.colcon_core.environment:create_environment_scripts_only(minimal_class_node)
[0.421s] Level 1:colcon.colcon_core.environment:checking '/home/keisoku/ros2_studies/install/minimal_class_node' for CMake module files
[0.421s] Level 1:colcon.colcon_core.environment:checking '/home/keisoku/ros2_studies/install/minimal_class_node' for CMake config files
[0.422s] Level 1:colcon.colcon_core.shell:create_environment_hook('minimal_class_node', 'cmake_prefix_path')
[0.422s] INFO:colcon.colcon_core.shell:Creating environment hook '/home/keisoku/ros2_studies/install/minimal_class_node/share/minimal_class_node/hook/cmake_prefix_path.ps1'
[0.423s] INFO:colcon.colcon_core.shell:Creating environment descriptor '/home/keisoku/ros2_studies/install/minimal_class_node/share/minimal_class_node/hook/cmake_prefix_path.dsv'
[0.423s] INFO:colcon.colcon_core.shell:Creating environment hook '/home/keisoku/ros2_studies/install/minimal_class_node/share/minimal_class_node/hook/cmake_prefix_path.sh'
[0.423s] Level 1:colcon.colcon_core.environment:checking '/home/keisoku/ros2_studies/install/minimal_class_node/lib'
[0.423s] Level 1:colcon.colcon_core.environment:checking '/home/keisoku/ros2_studies/install/minimal_class_node/bin'
[0.423s] Level 1:colcon.colcon_core.environment:checking '/home/keisoku/ros2_studies/install/minimal_class_node/lib/pkgconfig/minimal_class_node.pc'
[0.423s] Level 1:colcon.colcon_core.environment:checking '/home/keisoku/ros2_studies/install/minimal_class_node/lib/python3.10/site-packages'
[0.423s] Level 1:colcon.colcon_core.environment:checking '/home/keisoku/ros2_studies/install/minimal_class_node/bin'
[0.424s] INFO:colcon.colcon_core.shell:Creating package script '/home/keisoku/ros2_studies/install/minimal_class_node/share/minimal_class_node/package.ps1'
[0.425s] INFO:colcon.colcon_core.shell:Creating package descriptor '/home/keisoku/ros2_studies/install/minimal_class_node/share/minimal_class_node/package.dsv'
[0.425s] INFO:colcon.colcon_core.shell:Creating package script '/home/keisoku/ros2_studies/install/minimal_class_node/share/minimal_class_node/package.sh'
[0.425s] INFO:colcon.colcon_core.shell:Creating package script '/home/keisoku/ros2_studies/install/minimal_class_node/share/minimal_class_node/package.bash'
[0.425s] INFO:colcon.colcon_core.shell:Creating package script '/home/keisoku/ros2_studies/install/minimal_class_node/share/minimal_class_node/package.zsh'
[0.426s] Level 1:colcon.colcon_core.environment:create_file_with_runtime_dependencies(/home/keisoku/ros2_studies/install/minimal_class_node/share/colcon-core/packages/minimal_class_node)
[0.427s] Level 1:colcon.colcon_core.environment:create_environment_scripts_only(minimal_subscriber_class)
[0.428s] Level 1:colcon.colcon_core.environment:checking '/home/keisoku/ros2_studies/install/minimal_subscriber_class' for CMake module files
[0.429s] Level 1:colcon.colcon_core.environment:checking '/home/keisoku/ros2_studies/install/minimal_subscriber_class' for CMake config files
[0.429s] Level 1:colcon.colcon_core.shell:create_environment_hook('minimal_subscriber_class', 'cmake_prefix_path')
[0.430s] INFO:colcon.colcon_core.shell:Creating environment hook '/home/keisoku/ros2_studies/install/minimal_subscriber_class/share/minimal_subscriber_class/hook/cmake_prefix_path.ps1'
[0.430s] INFO:colcon.colcon_core.shell:Creating environment descriptor '/home/keisoku/ros2_studies/install/minimal_subscriber_class/share/minimal_subscriber_class/hook/cmake_prefix_path.dsv'
[0.430s] INFO:colcon.colcon_core.shell:Creating environment hook '/home/keisoku/ros2_studies/install/minimal_subscriber_class/share/minimal_subscriber_class/hook/cmake_prefix_path.sh'
[0.430s] Level 1:colcon.colcon_core.environment:checking '/home/keisoku/ros2_studies/install/minimal_subscriber_class/lib'
[0.430s] Level 1:colcon.colcon_core.environment:checking '/home/keisoku/ros2_studies/install/minimal_subscriber_class/bin'
[0.430s] Level 1:colcon.colcon_core.environment:checking '/home/keisoku/ros2_studies/install/minimal_subscriber_class/lib/pkgconfig/minimal_subscriber_class.pc'
[0.430s] Level 1:colcon.colcon_core.environment:checking '/home/keisoku/ros2_studies/install/minimal_subscriber_class/lib/python3.10/site-packages'
[0.431s] Level 1:colcon.colcon_core.environment:checking '/home/keisoku/ros2_studies/install/minimal_subscriber_class/bin'
[0.431s] INFO:colcon.colcon_core.shell:Creating package script '/home/keisoku/ros2_studies/install/minimal_subscriber_class/share/minimal_subscriber_class/package.ps1'
[0.432s] INFO:colcon.colcon_core.shell:Creating package descriptor '/home/keisoku/ros2_studies/install/minimal_subscriber_class/share/minimal_subscriber_class/package.dsv'
[0.432s] INFO:colcon.colcon_core.shell:Creating package script '/home/keisoku/ros2_studies/install/minimal_subscriber_class/share/minimal_subscriber_class/package.sh'
[0.432s] INFO:colcon.colcon_core.shell:Creating package script '/home/keisoku/ros2_studies/install/minimal_subscriber_class/share/minimal_subscriber_class/package.bash'
[0.433s] INFO:colcon.colcon_core.shell:Creating package script '/home/keisoku/ros2_studies/install/minimal_subscriber_class/share/minimal_subscriber_class/package.zsh'
[0.433s] Level 1:colcon.colcon_core.environment:create_file_with_runtime_dependencies(/home/keisoku/ros2_studies/install/minimal_subscriber_class/share/colcon-core/packages/minimal_subscriber_class)
[0.434s] Level 1:colcon.colcon_core.environment:create_environment_scripts_only(minimal_publisher_class)
[0.436s] Level 1:colcon.colcon_core.environment:checking '/home/keisoku/ros2_studies/install/minimal_publisher_class' for CMake module files
[0.436s] Level 1:colcon.colcon_core.environment:checking '/home/keisoku/ros2_studies/install/minimal_publisher_class' for CMake config files
[0.436s] Level 1:colcon.colcon_core.shell:create_environment_hook('minimal_publisher_class', 'cmake_prefix_path')
[0.437s] INFO:colcon.colcon_core.shell:Creating environment hook '/home/keisoku/ros2_studies/install/minimal_publisher_class/share/minimal_publisher_class/hook/cmake_prefix_path.ps1'
[0.437s] INFO:colcon.colcon_core.shell:Creating environment descriptor '/home/keisoku/ros2_studies/install/minimal_publisher_class/share/minimal_publisher_class/hook/cmake_prefix_path.dsv'
[0.437s] INFO:colcon.colcon_core.shell:Creating environment hook '/home/keisoku/ros2_studies/install/minimal_publisher_class/share/minimal_publisher_class/hook/cmake_prefix_path.sh'
[0.438s] Level 1:colcon.colcon_core.environment:checking '/home/keisoku/ros2_studies/install/minimal_publisher_class/lib'
[0.438s] Level 1:colcon.colcon_core.environment:checking '/home/keisoku/ros2_studies/install/minimal_publisher_class/bin'
[0.438s] Level 1:colcon.colcon_core.environment:checking '/home/keisoku/ros2_studies/install/minimal_publisher_class/lib/pkgconfig/minimal_publisher_class.pc'
[0.438s] Level 1:colcon.colcon_core.environment:checking '/home/keisoku/ros2_studies/install/minimal_publisher_class/lib/python3.10/site-packages'
[0.438s] Level 1:colcon.colcon_core.environment:checking '/home/keisoku/ros2_studies/install/minimal_publisher_class/bin'
[0.439s] INFO:colcon.colcon_core.shell:Creating package script '/home/keisoku/ros2_studies/install/minimal_publisher_class/share/minimal_publisher_class/package.ps1'
[0.439s] INFO:colcon.colcon_core.shell:Creating package descriptor '/home/keisoku/ros2_studies/install/minimal_publisher_class/share/minimal_publisher_class/package.dsv'
[0.440s] INFO:colcon.colcon_core.shell:Creating package script '/home/keisoku/ros2_studies/install/minimal_publisher_class/share/minimal_publisher_class/package.sh'
[0.440s] INFO:colcon.colcon_core.shell:Creating package script '/home/keisoku/ros2_studies/install/minimal_publisher_class/share/minimal_publisher_class/package.bash'
[0.440s] INFO:colcon.colcon_core.shell:Creating package script '/home/keisoku/ros2_studies/install/minimal_publisher_class/share/minimal_publisher_class/package.zsh'
[0.440s] Level 1:colcon.colcon_core.environment:create_file_with_runtime_dependencies(/home/keisoku/ros2_studies/install/minimal_publisher_class/share/colcon-core/packages/minimal_publisher_class)
[0.441s] Level 1:colcon.colcon_core.environment:create_environment_scripts_only(minimal_timer)
[0.443s] Level 1:colcon.colcon_core.environment:checking '/home/keisoku/ros2_studies/install/minimal_timer' for CMake module files
[0.443s] Level 1:colcon.colcon_core.environment:checking '/home/keisoku/ros2_studies/install/minimal_timer' for CMake config files
[0.443s] Level 1:colcon.colcon_core.shell:create_environment_hook('minimal_timer', 'cmake_prefix_path')
[0.444s] INFO:colcon.colcon_core.shell:Creating environment hook '/home/keisoku/ros2_studies/install/minimal_timer/share/minimal_timer/hook/cmake_prefix_path.ps1'
[0.444s] INFO:colcon.colcon_core.shell:Creating environment descriptor '/home/keisoku/ros2_studies/install/minimal_timer/share/minimal_timer/hook/cmake_prefix_path.dsv'
[0.444s] INFO:colcon.colcon_core.shell:Creating environment hook '/home/keisoku/ros2_studies/install/minimal_timer/share/minimal_timer/hook/cmake_prefix_path.sh'
[0.445s] Level 1:colcon.colcon_core.environment:checking '/home/keisoku/ros2_studies/install/minimal_timer/lib'
[0.445s] Level 1:colcon.colcon_core.environment:checking '/home/keisoku/ros2_studies/install/minimal_timer/bin'
[0.445s] Level 1:colcon.colcon_core.environment:checking '/home/keisoku/ros2_studies/install/minimal_timer/lib/pkgconfig/minimal_timer.pc'
[0.445s] Level 1:colcon.colcon_core.environment:checking '/home/keisoku/ros2_studies/install/minimal_timer/lib/python3.10/site-packages'
[0.445s] Level 1:colcon.colcon_core.environment:checking '/home/keisoku/ros2_studies/install/minimal_timer/bin'
[0.446s] INFO:colcon.colcon_core.shell:Creating package script '/home/keisoku/ros2_studies/install/minimal_timer/share/minimal_timer/package.ps1'
[0.446s] INFO:colcon.colcon_core.shell:Creating package descriptor '/home/keisoku/ros2_studies/install/minimal_timer/share/minimal_timer/package.dsv'
[0.446s] INFO:colcon.colcon_core.shell:Creating package script '/home/keisoku/ros2_studies/install/minimal_timer/share/minimal_timer/package.sh'
[0.447s] INFO:colcon.colcon_core.shell:Creating package script '/home/keisoku/ros2_studies/install/minimal_timer/share/minimal_timer/package.bash'
[0.447s] INFO:colcon.colcon_core.shell:Creating package script '/home/keisoku/ros2_studies/install/minimal_timer/share/minimal_timer/package.zsh'
[0.447s] Level 1:colcon.colcon_core.environment:create_file_with_runtime_dependencies(/home/keisoku/ros2_studies/install/minimal_timer/share/colcon-core/packages/minimal_timer)
[0.447s] DEBUG:colcon.colcon_parallel_executor.executor.parallel:closing loop
[0.447s] DEBUG:colcon.colcon_parallel_executor.executor.parallel:loop closed
[0.447s] DEBUG:colcon.colcon_parallel_executor.executor.parallel:run_until_complete finished with '0'
[0.447s] DEBUG:colcon.colcon_core.event_reactor:joining thread
[0.451s] INFO:colcon.colcon_core.plugin_system:Skipping extension 'colcon_notification.desktop_notification.terminal_notifier': Not used on non-Darwin systems
[0.451s] INFO:colcon.colcon_core.plugin_system:Skipping extension 'colcon_notification.desktop_notification.win32': Not used on non-Windows systems
[0.451s] INFO:colcon.colcon_notification.desktop_notification:Sending desktop notification using 'notify2'
[0.459s] DEBUG:colcon.colcon_core.event_reactor:joined thread
[0.460s] INFO:colcon.colcon_core.shell:Creating prefix script '/home/keisoku/ros2_studies/install/local_setup.ps1'
[0.460s] INFO:colcon.colcon_core.shell:Creating prefix util module '/home/keisoku/ros2_studies/install/_local_setup_util_ps1.py'
[0.461s] INFO:colcon.colcon_core.shell:Creating prefix chain script '/home/keisoku/ros2_studies/install/setup.ps1'
[0.462s] INFO:colcon.colcon_core.shell:Creating prefix script '/home/keisoku/ros2_studies/install/local_setup.sh'
[0.462s] INFO:colcon.colcon_core.shell:Creating prefix util module '/home/keisoku/ros2_studies/install/_local_setup_util_sh.py'
[0.462s] INFO:colcon.colcon_core.shell:Creating prefix chain script '/home/keisoku/ros2_studies/install/setup.sh'
[0.463s] INFO:colcon.colcon_core.shell:Creating prefix script '/home/keisoku/ros2_studies/install/local_setup.bash'
[0.464s] INFO:colcon.colcon_core.shell:Creating prefix chain script '/home/keisoku/ros2_studies/install/setup.bash'
[0.465s] INFO:colcon.colcon_core.shell:Creating prefix script '/home/keisoku/ros2_studies/install/local_setup.zsh'
[0.465s] INFO:colcon.colcon_core.shell:Creating prefix chain script '/home/keisoku/ros2_studies/install/setup.zsh'
